17:02:15.468 [main] WARN  o.s.modules.utils.Reflections - AccountService$$EnhancerByCGLIB$$9b8242cc's superclass not ParameterizedType
17:02:17.109 [main] WARN  o.s.modules.utils.Reflections - MenuService$$EnhancerByCGLIB$$8e0caa6c's superclass not ParameterizedType
17:05:27.562 [main] WARN  o.s.modules.utils.Reflections - AccountService$$EnhancerByCGLIB$$573f879's superclass not ParameterizedType
17:05:29.203 [main] WARN  o.s.modules.utils.Reflections - MenuService$$EnhancerByCGLIB$$f7fe6019's superclass not ParameterizedType
17:06:59.765 [main] WARN  o.s.modules.utils.Reflections - AccountService$$EnhancerByCGLIB$$8c9b12cc's superclass not ParameterizedType
17:07:01.343 [main] WARN  o.s.modules.utils.Reflections - MenuService$$EnhancerByCGLIB$$7f257a6c's superclass not ParameterizedType
17:11:00.484 [main] INFO  o.s.web.context.ContextLoader - Root WebApplicationContext: initialization started
17:11:00.671 [main] INFO  o.s.w.c.s.XmlWebApplicationContext - Refreshing Root WebApplicationContext: startup date [Thu Apr 24 17:11:00 CST 2014]; root of context hierarchy
17:11:00.781 [main] INFO  o.s.b.f.xml.XmlBeanDefinitionReader - Loading XML bean definitions from URL [file:/D:/project/jgzf/trunk/code/jgzf/webapp/WEB-INF/classes/applicationContext.xml]
17:11:02.453 [main] INFO  o.s.b.f.xml.XmlBeanDefinitionReader - Loading XML bean definitions from URL [file:/D:/project/jgzf/trunk/code/jgzf/webapp/WEB-INF/classes/applicationContext-shiro.xml]
17:11:02.796 [main] INFO  o.s.c.s.PropertySourcesPlaceholderConfigurer - Loading properties file from URL [file:/D:/project/jgzf/trunk/code/jgzf/webapp/WEB-INF/classes/application.properties]
17:11:03.015 [main] INFO  o.s.w.c.s.XmlWebApplicationContext - Bean 'dataSource' of type [class org.apache.tomcat.jdbc.pool.DataSource] is not eligible for getting processed by all BeanPostProcessors (for example: not eligible for auto-proxying)
17:11:03.750 [main] INFO  o.s.w.c.s.XmlWebApplicationContext - Bean 'org.springside.modules.persistence.Hibernates#c88d40' of type [class java.lang.String] is not eligible for getting processed by all BeanPostProcessors (for example: not eligible for auto-proxying)
17:11:03.750 [main] INFO  o.s.w.c.s.XmlWebApplicationContext - Bean 'hibernateJpaVendorAdapter' of type [class org.springframework.orm.jpa.vendor.HibernateJpaVendorAdapter] is not eligible for getting processed by all BeanPostProcessors (for example: not eligible for auto-proxying)
17:11:03.843 [main] INFO  o.s.o.j.LocalContainerEntityManagerFactoryBean - Building JPA container EntityManagerFactory for persistence unit 'default'
17:11:08.234 [main] INFO  o.s.w.c.s.XmlWebApplicationContext - Bean 'entityManagerFactory' of type [class org.springframework.orm.jpa.LocalContainerEntityManagerFactoryBean] is not eligible for getting processed by all BeanPostProcessors (for example: not eligible for auto-proxying)
17:11:08.375 [main] INFO  o.s.w.c.s.XmlWebApplicationContext - Bean 'org.springframework.transaction.annotation.AnnotationTransactionAttributeSource#0' of type [class org.springframework.transaction.annotation.AnnotationTransactionAttributeSource] is not eligible for getting processed by all BeanPostProcessors (for example: not eligible for auto-proxying)
17:11:08.390 [main] INFO  o.s.w.c.s.XmlWebApplicationContext - Bean 'org.springframework.transaction.config.internalTransactionAdvisor' of type [class org.springframework.transaction.interceptor.BeanFactoryTransactionAttributeSourceAdvisor] is not eligible for getting processed by all BeanPostProcessors (for example: not eligible for auto-proxying)
17:11:08.593 [main] INFO  o.s.w.c.s.XmlWebApplicationContext - Bean '(inner bean)' of type [class org.springframework.beans.factory.config.PropertiesFactoryBean] is not eligible for getting processed by all BeanPostProcessors (for example: not eligible for auto-proxying)
17:11:08.593 [main] INFO  o.s.w.c.s.XmlWebApplicationContext - Bean '(inner bean)' of type [class java.util.Properties] is not eligible for getting processed by all BeanPostProcessors (for example: not eligible for auto-proxying)
17:11:08.609 [main] INFO  o.s.w.c.s.XmlWebApplicationContext - Bean '(inner bean)' of type [class org.springframework.data.repository.core.support.PropertiesBasedNamedQueries] is not eligible for getting processed by all BeanPostProcessors (for example: not eligible for auto-proxying)
17:11:08.609 [main] INFO  o.s.w.c.s.XmlWebApplicationContext - Bean 'entityManagerFactory' of type [class com.sun.proxy.$Proxy43] is not eligible for getting processed by all BeanPostProcessors (for example: not eligible for auto-proxying)
17:11:08.656 [main] INFO  o.s.w.c.s.XmlWebApplicationContext - Bean '(inner bean)#1' of type [class com.sun.proxy.$Proxy47] is not eligible for getting processed by all BeanPostProcessors (for example: not eligible for auto-proxying)
17:11:08.875 [main] INFO  o.s.w.c.s.XmlWebApplicationContext - Bean 'userDao' of type [class org.springframework.data.jpa.repository.support.JpaRepositoryFactoryBean] is not eligible for getting processed by all BeanPostProcessors (for example: not eligible for auto-proxying)
17:11:09.500 [main] INFO  o.s.w.c.s.XmlWebApplicationContext - Bean 'userDao' of type [class com.sun.proxy.$Proxy51] is not eligible for getting processed by all BeanPostProcessors (for example: not eligible for auto-proxying)
17:11:09.656 [main] INFO  o.s.w.c.s.XmlWebApplicationContext - Bean 'accountService' of type [class com.epublic.sys.service.AccountService] is not eligible for getting processed by all BeanPostProcessors (for example: not eligible for auto-proxying)
17:11:09.875 [main] INFO  o.s.w.c.s.XmlWebApplicationContext - Bean 'org.springframework.transaction.interceptor.TransactionInterceptor#0' of type [class org.springframework.transaction.interceptor.TransactionInterceptor] is not eligible for getting processed by all BeanPostProcessors (for example: not eligible for auto-proxying)
17:11:09.937 [main] WARN  o.s.modules.utils.Reflections - AccountService$$EnhancerByCGLIB$$417bf0cc's superclass not ParameterizedType
17:11:09.937 [main] INFO  o.a.shiro.realm.AuthorizingRealm - No cache or cacheManager properties have been set.  Authorization cache cannot be obtained.
17:11:09.937 [main] INFO  o.s.w.c.s.XmlWebApplicationContext - Bean 'shiroDbRealm' of type [class com.epublic.sys.service.ShiroDbRealm] is not eligible for getting processed by all BeanPostProcessors (for example: not eligible for auto-proxying)
17:11:10.109 [main] INFO  o.s.w.c.s.XmlWebApplicationContext - Bean 'shiroEhcacheManager' of type [class org.apache.shiro.cache.ehcache.EhCacheManager] is not eligible for getting processed by all BeanPostProcessors (for example: not eligible for auto-proxying)
17:11:10.109 [main] INFO  o.a.s.cache.ehcache.EhCacheManager - Cache with name 'com.epublic.sys.service.ShiroDbRealm.authorizationCache' does not yet exist.  Creating now.
17:11:10.187 [main] INFO  o.a.s.cache.ehcache.EhCacheManager - Added EhCache named [com.epublic.sys.service.ShiroDbRealm.authorizationCache]
17:11:10.187 [main] INFO  o.s.w.c.s.XmlWebApplicationContext - Bean 'securityManager' of type [class org.apache.shiro.web.mgt.DefaultWebSecurityManager] is not eligible for getting processed by all BeanPostProcessors (for example: not eligible for auto-proxying)
17:11:10.218 [main] INFO  o.s.b.f.s.DefaultListableBeanFactory - Pre-instantiating singletons in org.springframework.beans.factory.support.DefaultListableBeanFactory@1b84bea: defining beans [documentService,policeService,unitService,frmCodeService,wfddService,wfnrService,widgetsDao,accountService,menuService,widgetsService,wftcgzdService,org.springframework.context.annotation.internalConfigurationAnnotationProcessor,org.springframework.context.annotation.internalAutowiredAnnotationProcessor,org.springframework.context.annotation.internalRequiredAnnotationProcessor,org.springframework.context.annotation.internalCommonAnnotationProcessor,org.springframework.context.annotation.internalPersistenceAnnotationProcessor,entityManagerFactory,hibernateJpaVendorAdapter,wftcgzdDao,documentDao,constDao,roleDao,policeDao,wfnrDao,frmCodeDao,userDao,unitDao,wfddDao,menuDao,org.springframework.data.repository.core.support.RepositoryInterfaceAwareBeanPostProcessor#0,org.springframework.dao.annotation.PersistenceExceptionTranslationPostProcessor#0,transactionManager,org.springframework.aop.config.internalAutoProxyCreator,org.springframework.transaction.annotation.AnnotationTransactionAttributeSource#0,org.springframework.transaction.interceptor.TransactionInterceptor#0,org.springframework.transaction.config.internalTransactionAdvisor,validator,defaultCacheManager,sessionCache,messageCache,org.springframework.context.support.PropertySourcesPlaceholderConfigurer#0,dataSource,namedParameterJdbcTemplate,securityManager,shiroDbRealm,captchaFormAuthenticationFilter,shiroFilter,shiroEhcacheManager,lifecycleBeanPostProcessor,org.springframework.context.annotation.ConfigurationClassPostProcessor.importAwareProcessor]; root of factory hierarchy
17:11:10.421 [main] INFO  o.s.web.context.ContextLoader - Root WebApplicationContext: initialization completed in 9921 ms
17:11:10.734 [main] INFO  o.s.web.servlet.DispatcherServlet - FrameworkServlet 'springServlet': initialization started
17:11:10.734 [main] INFO  o.s.w.c.s.XmlWebApplicationContext - Refreshing WebApplicationContext for namespace 'springServlet-servlet': startup date [Thu Apr 24 17:11:10 CST 2014]; parent: Root WebApplicationContext
17:11:10.750 [main] INFO  o.s.b.f.xml.XmlBeanDefinitionReader - Loading XML bean definitions from ServletContext resource [/WEB-INF/spring-mvc.xml]
17:11:11.171 [main] INFO  o.s.b.f.s.DefaultListableBeanFactory - Pre-instantiating singletons in org.springframework.beans.factory.support.DefaultListableBeanFactory@201ac: defining beans [frmCodeController,wfddController,wfnrController,documentController,policeController,unitController,genController,indexController,loginController,logoutController,menuController,urlController,userController,widgetsController,wftcgzdController,org.springframework.context.annotation.internalConfigurationAnnotationProcessor,org.springframework.context.annotation.internalAutowiredAnnotationProcessor,org.springframework.context.annotation.internalRequiredAnnotationProcessor,org.springframework.context.annotation.internalCommonAnnotationProcessor,org.springframework.context.annotation.internalPersistenceAnnotationProcessor,mvcContentNegotiationManager,org.springframework.web.servlet.mvc.method.annotation.RequestMappingHandlerMapping#0,org.springframework.format.support.FormattingConversionServiceFactoryBean#0,org.springframework.validation.beanvalidation.LocalValidatorFactoryBean#0,org.springframework.web.servlet.mvc.method.annotation.RequestMappingHandlerAdapter#0,org.springframework.web.servlet.handler.MappedInterceptor#0,org.springframework.web.servlet.mvc.method.annotation.ExceptionHandlerExceptionResolver#0,org.springframework.web.servlet.mvc.annotation.ResponseStatusExceptionResolver#0,org.springframework.web.servlet.mvc.support.DefaultHandlerExceptionResolver#0,org.springframework.web.servlet.handler.BeanNameUrlHandlerMapping,org.springframework.web.servlet.mvc.HttpRequestHandlerAdapter,org.springframework.web.servlet.mvc.SimpleControllerHandlerAdapter,org.springframework.web.servlet.view.InternalResourceViewResolver#0,org.springframework.web.servlet.resource.DefaultServletHttpRequestHandler#0,org.springframework.web.servlet.handler.SimpleUrlHandlerMapping#0,org.springframework.web.servlet.config.viewControllerHandlerMapping,org.springframework.web.servlet.handler.MappedInterceptor#1,org.springframework.web.servlet.handler.SimpleMappingExceptionResolver#0,org.springframework.context.annotation.ConfigurationClassPostProcessor.importAwareProcessor]; parent: org.springframework.beans.factory.support.DefaultListableBeanFactory@1b84bea
17:11:11.765 [main] WARN  o.s.modules.utils.Reflections - MenuService$$EnhancerByCGLIB$$3406586c's superclass not ParameterizedType
17:11:12.109 [main] INFO  o.s.w.s.m.m.a.RequestMappingHandlerMapping - Mapped "{[/frmCode/index],methods=[],params=[],headers=[],consumes=[],produces=[],custom=[]}" onto public java.lang.String com.epublic.controller.FrmCodeController.index()
17:11:12.109 [main] INFO  o.s.w.s.m.m.a.RequestMappingHandlerMapping - Mapped "{[/frmCode/saveOrUpdate],methods=[],params=[],headers=[],consumes=[],produces=[],custom=[]}" onto public com.toolkit.extjs.ExtMessage com.epublic.controller.FrmCodeController.saveOrUpdate(com.epublic.entity.FrmCode)
17:11:12.109 [main] INFO  o.s.w.s.m.m.a.RequestMappingHandlerMapping - Mapped "{[/frmCode/page],methods=[],params=[],headers=[],consumes=[],produces=[],custom=[]}" onto public com.toolkit.core.MapBean com.epublic.controller.FrmCodeController.page(java.lang.Long,java.lang.Integer,java.lang.Integer)
17:11:12.109 [main] INFO  o.s.w.s.m.m.a.RequestMappingHandlerMapping - Mapped "{[/frmCode/deletes],methods=[],params=[],headers=[],consumes=[],produces=[],custom=[]}" onto public com.toolkit.extjs.ExtMessage com.epublic.controller.FrmCodeController.deletes(java.lang.Long[])
17:11:12.109 [main] INFO  o.s.w.s.m.m.a.RequestMappingHandlerMapping - Mapped "{[/frmCode/saveEditGrid],methods=[],params=[],headers=[],consumes=[],produces=[],custom=[]}" onto public com.toolkit.extjs.ExtMessage com.epublic.controller.FrmCodeController.saveEditGrid(java.lang.String)
17:11:12.109 [main] INFO  o.s.w.s.m.m.a.RequestMappingHandlerMapping - Mapped "{[/wfdd/index],methods=[],params=[],headers=[],consumes=[],produces=[],custom=[]}" onto public java.lang.String com.epublic.controller.WfddController.index()
17:11:12.109 [main] INFO  o.s.w.s.m.m.a.RequestMappingHandlerMapping - Mapped "{[/wfdd/saveOrUpdate],methods=[],params=[],headers=[],consumes=[],produces=[],custom=[]}" onto public com.toolkit.extjs.ExtMessage com.epublic.controller.WfddController.saveOrUpdate(com.epublic.entity.Wfdd)
17:11:12.109 [main] INFO  o.s.w.s.m.m.a.RequestMappingHandlerMapping - Mapped "{[/wfdd/page],methods=[],params=[],headers=[],consumes=[],produces=[],custom=[]}" onto public com.toolkit.core.MapBean com.epublic.controller.WfddController.page(java.lang.Long,java.lang.Integer,java.lang.Integer)
17:11:12.109 [main] INFO  o.s.w.s.m.m.a.RequestMappingHandlerMapping - Mapped "{[/wfdd/deletes],methods=[],params=[],headers=[],consumes=[],produces=[],custom=[]}" onto public com.toolkit.extjs.ExtMessage com.epublic.controller.WfddController.deletes(java.lang.Long[])
17:11:12.109 [main] INFO  o.s.w.s.m.m.a.RequestMappingHandlerMapping - Mapped "{[/wfdd/saveEditGrid],methods=[],params=[],headers=[],consumes=[],produces=[],custom=[]}" onto public com.toolkit.extjs.ExtMessage com.epublic.controller.WfddController.saveEditGrid(java.lang.String)
17:11:12.109 [main] INFO  o.s.w.s.m.m.a.RequestMappingHandlerMapping - Mapped "{[/wfnr/index],methods=[],params=[],headers=[],consumes=[],produces=[],custom=[]}" onto public java.lang.String com.epublic.controller.WfnrController.index()
17:11:12.109 [main] INFO  o.s.w.s.m.m.a.RequestMappingHandlerMapping - Mapped "{[/wfnr/saveOrUpdate],methods=[],params=[],headers=[],consumes=[],produces=[],custom=[]}" onto public com.toolkit.extjs.ExtMessage com.epublic.controller.WfnrController.saveOrUpdate(com.epublic.entity.Wfnr)
17:11:12.109 [main] INFO  o.s.w.s.m.m.a.RequestMappingHandlerMapping - Mapped "{[/wfnr/page],methods=[],params=[],headers=[],consumes=[],produces=[],custom=[]}" onto public com.toolkit.core.MapBean com.epublic.controller.WfnrController.page(java.lang.Long,java.lang.Integer,java.lang.Integer)
17:11:12.109 [main] INFO  o.s.w.s.m.m.a.RequestMappingHandlerMapping - Mapped "{[/wfnr/deletes],methods=[],params=[],headers=[],consumes=[],produces=[],custom=[]}" onto public com.toolkit.extjs.ExtMessage com.epublic.controller.WfnrController.deletes(java.lang.Long[])
17:11:12.109 [main] INFO  o.s.w.s.m.m.a.RequestMappingHandlerMapping - Mapped "{[/wfnr/saveEditGrid],methods=[],params=[],headers=[],consumes=[],produces=[],custom=[]}" onto public com.toolkit.extjs.ExtMessage com.epublic.controller.WfnrController.saveEditGrid(java.lang.String)
17:11:12.125 [main] INFO  o.s.w.s.m.m.a.RequestMappingHandlerMapping - Mapped "{[/document/index],methods=[],params=[],headers=[],consumes=[],produces=[],custom=[]}" onto public java.lang.String com.epublic.police.controller.DocumentController.index()
17:11:12.125 [main] INFO  o.s.w.s.m.m.a.RequestMappingHandlerMapping - Mapped "{[/document/saveOrUpdate],methods=[],params=[],headers=[],consumes=[],produces=[],custom=[]}" onto public com.toolkit.extjs.ExtMessage com.epublic.police.controller.DocumentController.saveOrUpdate(com.epublic.entity.Document)
17:11:12.125 [main] INFO  o.s.w.s.m.m.a.RequestMappingHandlerMapping - Mapped "{[/document/page],methods=[],params=[],headers=[],consumes=[],produces=[],custom=[]}" onto public com.toolkit.core.MapBean com.epublic.police.controller.DocumentController.page(java.lang.Long,java.lang.Integer,java.lang.Integer)
17:11:12.125 [main] INFO  o.s.w.s.m.m.a.RequestMappingHandlerMapping - Mapped "{[/document/deletes],methods=[],params=[],headers=[],consumes=[],produces=[],custom=[]}" onto public com.toolkit.extjs.ExtMessage com.epublic.police.controller.DocumentController.deletes(java.lang.Long[])
17:11:12.125 [main] INFO  o.s.w.s.m.m.a.RequestMappingHandlerMapping - Mapped "{[/document/saveEditGrid],methods=[],params=[],headers=[],consumes=[],produces=[],custom=[]}" onto public com.toolkit.extjs.ExtMessage com.epublic.police.controller.DocumentController.saveEditGrid(java.lang.String)
17:11:12.125 [main] INFO  o.s.w.s.m.m.a.RequestMappingHandlerMapping - Mapped "{[/police/index],methods=[],params=[],headers=[],consumes=[],produces=[],custom=[]}" onto public java.lang.String com.epublic.police.controller.PoliceController.index()
17:11:12.125 [main] INFO  o.s.w.s.m.m.a.RequestMappingHandlerMapping - Mapped "{[/police/saveOrUpdate],methods=[],params=[],headers=[],consumes=[],produces=[],custom=[]}" onto public com.toolkit.extjs.ExtMessage com.epublic.police.controller.PoliceController.saveOrUpdate(com.epublic.entity.Police)
17:11:12.125 [main] INFO  o.s.w.s.m.m.a.RequestMappingHandlerMapping - Mapped "{[/police/page],methods=[],params=[],headers=[],consumes=[],produces=[],custom=[]}" onto public com.toolkit.core.MapBean com.epublic.police.controller.PoliceController.page(java.lang.Long,java.lang.Integer,java.lang.Integer)
17:11:12.125 [main] INFO  o.s.w.s.m.m.a.RequestMappingHandlerMapping - Mapped "{[/police/deletes],methods=[],params=[],headers=[],consumes=[],produces=[],custom=[]}" onto public com.toolkit.extjs.ExtMessage com.epublic.police.controller.PoliceController.deletes(java.lang.Long[])
17:11:12.125 [main] INFO  o.s.w.s.m.m.a.RequestMappingHandlerMapping - Mapped "{[/police/saveEditGrid],methods=[],params=[],headers=[],consumes=[],produces=[],custom=[]}" onto public com.toolkit.extjs.ExtMessage com.epublic.police.controller.PoliceController.saveEditGrid(java.lang.String)
17:11:12.125 [main] INFO  o.s.w.s.m.m.a.RequestMappingHandlerMapping - Mapped "{[/unit/index],methods=[],params=[],headers=[],consumes=[],produces=[],custom=[]}" onto public java.lang.String com.epublic.police.controller.UnitController.index()
17:11:12.125 [main] INFO  o.s.w.s.m.m.a.RequestMappingHandlerMapping - Mapped "{[/unit/saveOrUpdate],methods=[],params=[],headers=[],consumes=[],produces=[],custom=[]}" onto public com.toolkit.extjs.ExtMessage com.epublic.police.controller.UnitController.saveOrUpdate(com.epublic.entity.Unit)
17:11:12.125 [main] INFO  o.s.w.s.m.m.a.RequestMappingHandlerMapping - Mapped "{[/unit/page],methods=[],params=[],headers=[],consumes=[],produces=[],custom=[]}" onto public com.toolkit.core.MapBean com.epublic.police.controller.UnitController.page(java.lang.Long,java.lang.Integer,java.lang.Integer)
17:11:12.125 [main] INFO  o.s.w.s.m.m.a.RequestMappingHandlerMapping - Mapped "{[/unit/deletes],methods=[],params=[],headers=[],consumes=[],produces=[],custom=[]}" onto public com.toolkit.extjs.ExtMessage com.epublic.police.controller.UnitController.deletes(java.lang.Long[])
17:11:12.125 [main] INFO  o.s.w.s.m.m.a.RequestMappingHandlerMapping - Mapped "{[/unit/saveEditGrid],methods=[],params=[],headers=[],consumes=[],produces=[],custom=[]}" onto public com.toolkit.extjs.ExtMessage com.epublic.police.controller.UnitController.saveEditGrid(java.lang.String)
17:11:12.125 [main] INFO  o.s.w.s.m.m.a.RequestMappingHandlerMapping - Mapped "{[/sys/gen/genCode],methods=[POST],params=[],headers=[],consumes=[],produces=[],custom=[]}" onto public com.toolkit.extjs.ExtMessage com.epublic.sys.controller.GenController.genCode()
17:11:12.125 [main] INFO  o.s.w.s.m.m.a.RequestMappingHandlerMapping - Mapped "{[/sys/gen/genMasterSubCode],methods=[POST],params=[],headers=[],consumes=[],produces=[],custom=[]}" onto public com.toolkit.extjs.ExtMessage com.epublic.sys.controller.GenController.genMasterSubCode()
17:11:12.125 [main] INFO  o.s.w.s.m.m.a.RequestMappingHandlerMapping - Mapped "{[/sys/gen/tableExist],methods=[POST],params=[],headers=[],consumes=[],produces=[],custom=[]}" onto public com.toolkit.extjs.ExtMessage com.epublic.sys.controller.GenController.tableExist()
17:11:12.140 [main] INFO  o.s.w.s.m.m.a.RequestMappingHandlerMapping - Mapped "{[/index/{ns1}/{ns2}],methods=[],params=[],headers=[],consumes=[],produces=[],custom=[]}" onto public java.lang.String com.epublic.sys.controller.IndexController.index(java.lang.String,java.lang.String)
17:11:12.140 [main] INFO  o.s.w.s.m.m.a.RequestMappingHandlerMapping - Mapped "{[/index/{ns}],methods=[],params=[],headers=[],consumes=[],produces=[],custom=[]}" onto public java.lang.String com.epublic.sys.controller.IndexController.index(java.lang.String)
17:11:12.140 [main] INFO  o.s.w.s.m.m.a.RequestMappingHandlerMapping - Mapped "{[/index],methods=[],params=[],headers=[],consumes=[],produces=[],custom=[]}" onto public java.lang.String com.epublic.sys.controller.IndexController.index(org.springframework.ui.Model)
17:11:12.140 [main] INFO  o.s.w.s.m.m.a.RequestMappingHandlerMapping - Mapped "{[/login],methods=[POST],params=[],headers=[],consumes=[],produces=[],custom=[]}" onto public java.lang.String com.epublic.sys.controller.LoginController.fail(java.lang.String,org.springframework.ui.Model)
17:11:12.140 [main] INFO  o.s.w.s.m.m.a.RequestMappingHandlerMapping - Mapped "{[/login],methods=[GET],params=[],headers=[],consumes=[],produces=[],custom=[]}" onto public java.lang.String com.epublic.sys.controller.LoginController.login()
17:11:12.140 [main] INFO  o.s.w.s.m.m.a.RequestMappingHandlerMapping - Mapped "{[/logout],methods=[GET],params=[],headers=[],consumes=[],produces=[],custom=[]}" onto public java.lang.String com.epublic.sys.controller.LogoutController.logout()
17:11:12.140 [main] INFO  o.s.w.s.m.m.a.RequestMappingHandlerMapping - Mapped "{[/sys/menu/index],methods=[],params=[],headers=[],consumes=[],produces=[],custom=[]}" onto public java.lang.String com.epublic.sys.controller.MenuController.index()
17:11:12.140 [main] INFO  o.s.w.s.m.m.a.RequestMappingHandlerMapping - Mapped "{[/sys/menu/saveOrUpdate],methods=[],params=[],headers=[],consumes=[],produces=[],custom=[]}" onto public com.toolkit.extjs.ExtMessage com.epublic.sys.controller.MenuController.saveOrUpdate(com.epublic.entity.Menu) throws java.lang.Exception
17:11:12.140 [main] INFO  o.s.w.s.m.m.a.RequestMappingHandlerMapping - Mapped "{[/sys/menu/page],methods=[],params=[],headers=[],consumes=[],produces=[],custom=[]}" onto public com.toolkit.core.MapBean com.epublic.sys.controller.MenuController.page(java.lang.Long,java.lang.Integer,java.lang.Integer)
17:11:12.140 [main] INFO  o.s.w.s.m.m.a.RequestMappingHandlerMapping - Mapped "{[/sys/menu/findLeftMenuTree],methods=[],params=[],headers=[],consumes=[],produces=[],custom=[]}" onto public java.util.List<com.epublic.entity.Menu> com.epublic.sys.controller.MenuController.findLeftMenuTree(java.lang.Long)
17:11:12.140 [main] INFO  o.s.w.s.m.m.a.RequestMappingHandlerMapping - Mapped "{[/sys/menu/deletes],methods=[],params=[],headers=[],consumes=[],produces=[],custom=[]}" onto public com.toolkit.extjs.ExtMessage com.epublic.sys.controller.MenuController.deletes(java.lang.Long[])
17:11:12.140 [main] INFO  o.s.w.s.m.m.a.RequestMappingHandlerMapping - Mapped "{[/sys/menu/getMenuTree],methods=[],params=[],headers=[],consumes=[],produces=[],custom=[]}" onto public java.util.List<com.epublic.entity.Menu> com.epublic.sys.controller.MenuController.getMenuTree(java.lang.Long)
17:11:12.140 [main] INFO  o.s.w.s.m.m.a.RequestMappingHandlerMapping - Mapped "{[/sys/menu/saveEditGrid],methods=[],params=[],headers=[],consumes=[],produces=[],custom=[]}" onto public com.toolkit.extjs.ExtMessage com.epublic.sys.controller.MenuController.saveEditGrid(java.lang.String)
17:11:12.140 [main] INFO  o.s.w.s.m.m.a.RequestMappingHandlerMapping - Mapped "{[/to/{ns1}/{ns2}/{ns3}],methods=[],params=[],headers=[],consumes=[],produces=[],custom=[]}" onto public java.lang.String com.epublic.sys.controller.UrlController.index(java.lang.String,java.lang.String,java.lang.String)
17:11:12.140 [main] INFO  o.s.w.s.m.m.a.RequestMappingHandlerMapping - Mapped "{[/to/{ns1}/{ns2}],methods=[],params=[],headers=[],consumes=[],produces=[],custom=[]}" onto public java.lang.String com.epublic.sys.controller.UrlController.index(java.lang.String,java.lang.String)
17:11:12.140 [main] INFO  o.s.w.s.m.m.a.RequestMappingHandlerMapping - Mapped "{[/to/{ns}],methods=[],params=[],headers=[],consumes=[],produces=[],custom=[]}" onto public java.lang.String com.epublic.sys.controller.UrlController.index(java.lang.String)
17:11:12.156 [main] INFO  o.s.w.s.m.m.a.RequestMappingHandlerMapping - Mapped "{[/sys/user/index],methods=[],params=[],headers=[],consumes=[],produces=[],custom=[]}" onto public java.lang.String com.epublic.sys.controller.UserController.index()
17:11:12.156 [main] INFO  o.s.w.s.m.m.a.RequestMappingHandlerMapping - Mapped "{[/sys/user/saveOrUpdate],methods=[],params=[],headers=[],consumes=[],produces=[],custom=[]}" onto public com.toolkit.extjs.ExtMessage com.epublic.sys.controller.UserController.saveOrUpdate(com.epublic.entity.User)
17:11:12.156 [main] INFO  o.s.w.s.m.m.a.RequestMappingHandlerMapping - Mapped "{[/sys/user/page],methods=[],params=[],headers=[],consumes=[],produces=[],custom=[]}" onto public com.toolkit.core.MapBean com.epublic.sys.controller.UserController.page(java.lang.Long,java.lang.Integer,java.lang.Integer)
17:11:12.156 [main] INFO  o.s.w.s.m.m.a.RequestMappingHandlerMapping - Mapped "{[/sys/user/userPwd],methods=[],params=[],headers=[],consumes=[],produces=[],custom=[]}" onto public java.lang.String com.epublic.sys.controller.UserController.userPwd()
17:11:12.156 [main] INFO  o.s.w.s.m.m.a.RequestMappingHandlerMapping - Mapped "{[/sys/user/deletes],methods=[],params=[],headers=[],consumes=[],produces=[],custom=[]}" onto public com.toolkit.extjs.ExtMessage com.epublic.sys.controller.UserController.deletes(java.lang.Long[])
17:11:12.156 [main] INFO  o.s.w.s.m.m.a.RequestMappingHandlerMapping - Mapped "{[/sys/user/saveEditGrid],methods=[],params=[],headers=[],consumes=[],produces=[],custom=[]}" onto public com.toolkit.extjs.ExtMessage com.epublic.sys.controller.UserController.saveEditGrid(java.lang.String)
17:11:12.156 [main] INFO  o.s.w.s.m.m.a.RequestMappingHandlerMapping - Mapped "{[/sys/user/changePassword],methods=[],params=[],headers=[],consumes=[],produces=[],custom=[]}" onto public com.toolkit.extjs.ExtMessage com.epublic.sys.controller.UserController.changePassword(java.lang.String,java.lang.String)
17:11:12.156 [main] INFO  o.s.w.s.m.m.a.RequestMappingHandlerMapping - Mapped "{[/sys/widgets/excel],methods=[],params=[],headers=[],consumes=[],produces=[],custom=[]}" onto public void com.epublic.sys.controller.WidgetsController.excel(javax.servlet.http.HttpServletRequest,javax.servlet.http.HttpServletResponse)
17:11:12.156 [main] INFO  o.s.w.s.m.m.a.RequestMappingHandlerMapping - Mapped "{[/sys/widgets/getCombo],methods=[],params=[],headers=[],consumes=[],produces=[],custom=[]}" onto public com.toolkit.extjs.ExtMessage com.epublic.sys.controller.WidgetsController.getCombo()
17:11:12.171 [main] INFO  o.s.w.s.m.m.a.RequestMappingHandlerMapping - Mapped "{[/wt/tzd/index],methods=[],params=[],headers=[],consumes=[],produces=[],custom=[]}" onto public java.lang.String com.epublic.wt.controller.WftcgzdController.index()
17:11:12.171 [main] INFO  o.s.w.s.m.m.a.RequestMappingHandlerMapping - Mapped "{[/wt/tzd/view],methods=[],params=[],headers=[],consumes=[],produces=[],custom=[]}" onto public java.lang.String com.epublic.wt.controller.WftcgzdController.view(java.lang.String,javax.servlet.http.HttpServletRequest,javax.servlet.http.HttpServletResponse,org.springframework.ui.ModelMap)
17:11:12.171 [main] INFO  o.s.w.s.m.m.a.RequestMappingHandlerMapping - Mapped "{[/wt/tzd/saveOrUpdate],methods=[],params=[],headers=[],consumes=[],produces=[],custom=[]}" onto public com.toolkit.extjs.ExtMessage com.epublic.wt.controller.WftcgzdController.saveOrUpdate(com.epublic.wt.entity.Wftcgzd)
17:11:12.171 [main] INFO  o.s.w.s.m.m.a.RequestMappingHandlerMapping - Mapped "{[/wt/tzd/page],methods=[],params=[],headers=[],consumes=[],produces=[],custom=[]}" onto public com.toolkit.core.MapBean com.epublic.wt.controller.WftcgzdController.page(java.lang.Integer,java.lang.Integer,com.epublic.wt.entity.Wftcgzd)
17:11:12.171 [main] INFO  o.s.w.s.m.m.a.RequestMappingHandlerMapping - Mapped "{[/wt/tzd/checkView],methods=[],params=[],headers=[],consumes=[],produces=[],custom=[]}" onto public java.lang.String com.epublic.wt.controller.WftcgzdController.checkView(java.lang.String,javax.servlet.http.HttpServletRequest,javax.servlet.http.HttpServletResponse,org.springframework.ui.ModelMap)
17:11:12.171 [main] INFO  o.s.w.s.m.m.a.RequestMappingHandlerMapping - Mapped "{[/wt/tzd/viewPic],methods=[],params=[],headers=[],consumes=[],produces=[],custom=[]}" onto public void com.epublic.wt.controller.WftcgzdController.viewPic(javax.servlet.http.HttpServletResponse,java.lang.String,int) throws java.lang.Exception
17:11:12.171 [main] INFO  o.s.w.s.m.m.a.RequestMappingHandlerMapping - Mapped "{[/wt/tzd/deletes],methods=[],params=[],headers=[],consumes=[],produces=[],custom=[]}" onto public com.toolkit.extjs.ExtMessage com.epublic.wt.controller.WftcgzdController.deletes(java.lang.String[])
17:11:13.437 [main] INFO  o.s.w.s.h.SimpleUrlHandlerMapping - Mapped URL path [/**] onto handler 'org.springframework.web.servlet.resource.DefaultServletHttpRequestHandler#0'
17:11:13.468 [main] INFO  o.s.w.s.h.SimpleUrlHandlerMapping - Root mapping to handler of type [class org.springframework.web.servlet.mvc.ParameterizableViewController]
17:11:13.578 [main] INFO  o.s.web.servlet.DispatcherServlet - FrameworkServlet 'springServlet': initialization completed in 2844 ms
17:23:28.484 [main] INFO  o.s.web.context.ContextLoader - Root WebApplicationContext: initialization started
17:23:28.671 [main] INFO  o.s.w.c.s.XmlWebApplicationContext - Refreshing Root WebApplicationContext: startup date [Thu Apr 24 17:23:28 CST 2014]; root of context hierarchy
17:23:28.812 [main] INFO  o.s.b.f.xml.XmlBeanDefinitionReader - Loading XML bean definitions from URL [file:/D:/project/jgzf/trunk/code/jgzf/webapp/WEB-INF/classes/applicationContext.xml]
17:23:30.500 [main] INFO  o.s.b.f.xml.XmlBeanDefinitionReader - Loading XML bean definitions from URL [file:/D:/project/jgzf/trunk/code/jgzf/webapp/WEB-INF/classes/applicationContext-shiro.xml]
17:23:30.859 [main] INFO  o.s.c.s.PropertySourcesPlaceholderConfigurer - Loading properties file from URL [file:/D:/project/jgzf/trunk/code/jgzf/webapp/WEB-INF/classes/application.properties]
17:23:31.078 [main] INFO  o.s.w.c.s.XmlWebApplicationContext - Bean 'dataSource' of type [class org.apache.tomcat.jdbc.pool.DataSource] is not eligible for getting processed by all BeanPostProcessors (for example: not eligible for auto-proxying)
17:23:31.781 [main] INFO  o.s.w.c.s.XmlWebApplicationContext - Bean 'org.springside.modules.persistence.Hibernates#8c4895' of type [class java.lang.String] is not eligible for getting processed by all BeanPostProcessors (for example: not eligible for auto-proxying)
17:23:31.781 [main] INFO  o.s.w.c.s.XmlWebApplicationContext - Bean 'hibernateJpaVendorAdapter' of type [class org.springframework.orm.jpa.vendor.HibernateJpaVendorAdapter] is not eligible for getting processed by all BeanPostProcessors (for example: not eligible for auto-proxying)
17:23:31.875 [main] INFO  o.s.o.j.LocalContainerEntityManagerFactoryBean - Building JPA container EntityManagerFactory for persistence unit 'default'
17:23:36.312 [main] INFO  o.s.w.c.s.XmlWebApplicationContext - Bean 'entityManagerFactory' of type [class org.springframework.orm.jpa.LocalContainerEntityManagerFactoryBean] is not eligible for getting processed by all BeanPostProcessors (for example: not eligible for auto-proxying)
17:23:36.468 [main] INFO  o.s.w.c.s.XmlWebApplicationContext - Bean 'org.springframework.transaction.annotation.AnnotationTransactionAttributeSource#0' of type [class org.springframework.transaction.annotation.AnnotationTransactionAttributeSource] is not eligible for getting processed by all BeanPostProcessors (for example: not eligible for auto-proxying)
17:23:36.468 [main] INFO  o.s.w.c.s.XmlWebApplicationContext - Bean 'org.springframework.transaction.config.internalTransactionAdvisor' of type [class org.springframework.transaction.interceptor.BeanFactoryTransactionAttributeSourceAdvisor] is not eligible for getting processed by all BeanPostProcessors (for example: not eligible for auto-proxying)
17:23:36.734 [main] INFO  o.s.w.c.s.XmlWebApplicationContext - Bean '(inner bean)' of type [class org.springframework.beans.factory.config.PropertiesFactoryBean] is not eligible for getting processed by all BeanPostProcessors (for example: not eligible for auto-proxying)
17:23:36.734 [main] INFO  o.s.w.c.s.XmlWebApplicationContext - Bean '(inner bean)' of type [class java.util.Properties] is not eligible for getting processed by all BeanPostProcessors (for example: not eligible for auto-proxying)
17:23:36.765 [main] INFO  o.s.w.c.s.XmlWebApplicationContext - Bean '(inner bean)' of type [class org.springframework.data.repository.core.support.PropertiesBasedNamedQueries] is not eligible for getting processed by all BeanPostProcessors (for example: not eligible for auto-proxying)
17:23:36.765 [main] INFO  o.s.w.c.s.XmlWebApplicationContext - Bean 'entityManagerFactory' of type [class com.sun.proxy.$Proxy43] is not eligible for getting processed by all BeanPostProcessors (for example: not eligible for auto-proxying)
17:23:36.812 [main] INFO  o.s.w.c.s.XmlWebApplicationContext - Bean '(inner bean)#1' of type [class com.sun.proxy.$Proxy47] is not eligible for getting processed by all BeanPostProcessors (for example: not eligible for auto-proxying)
17:23:37.031 [main] INFO  o.s.w.c.s.XmlWebApplicationContext - Bean 'userDao' of type [class org.springframework.data.jpa.repository.support.JpaRepositoryFactoryBean] is not eligible for getting processed by all BeanPostProcessors (for example: not eligible for auto-proxying)
17:23:37.671 [main] INFO  o.s.w.c.s.XmlWebApplicationContext - Bean 'userDao' of type [class com.sun.proxy.$Proxy51] is not eligible for getting processed by all BeanPostProcessors (for example: not eligible for auto-proxying)
17:23:37.812 [main] INFO  o.s.w.c.s.XmlWebApplicationContext - Bean 'accountService' of type [class com.epublic.sys.service.AccountService] is not eligible for getting processed by all BeanPostProcessors (for example: not eligible for auto-proxying)
17:23:38.000 [main] INFO  o.s.w.c.s.XmlWebApplicationContext - Bean 'org.springframework.transaction.interceptor.TransactionInterceptor#0' of type [class org.springframework.transaction.interceptor.TransactionInterceptor] is not eligible for getting processed by all BeanPostProcessors (for example: not eligible for auto-proxying)
17:23:38.062 [main] WARN  o.s.modules.utils.Reflections - AccountService$$EnhancerByCGLIB$$62505ce7's superclass not ParameterizedType
17:23:38.062 [main] INFO  o.a.shiro.realm.AuthorizingRealm - No cache or cacheManager properties have been set.  Authorization cache cannot be obtained.
17:23:38.062 [main] INFO  o.s.w.c.s.XmlWebApplicationContext - Bean 'shiroDbRealm' of type [class com.epublic.sys.service.ShiroDbRealm] is not eligible for getting processed by all BeanPostProcessors (for example: not eligible for auto-proxying)
17:23:38.218 [main] INFO  o.s.w.c.s.XmlWebApplicationContext - Bean 'shiroEhcacheManager' of type [class org.apache.shiro.cache.ehcache.EhCacheManager] is not eligible for getting processed by all BeanPostProcessors (for example: not eligible for auto-proxying)
17:23:38.218 [main] INFO  o.a.s.cache.ehcache.EhCacheManager - Cache with name 'com.epublic.sys.service.ShiroDbRealm.authorizationCache' does not yet exist.  Creating now.
17:23:38.296 [main] INFO  o.a.s.cache.ehcache.EhCacheManager - Added EhCache named [com.epublic.sys.service.ShiroDbRealm.authorizationCache]
17:23:38.296 [main] INFO  o.s.w.c.s.XmlWebApplicationContext - Bean 'securityManager' of type [class org.apache.shiro.web.mgt.DefaultWebSecurityManager] is not eligible for getting processed by all BeanPostProcessors (for example: not eligible for auto-proxying)
17:23:38.328 [main] INFO  o.s.b.f.s.DefaultListableBeanFactory - Pre-instantiating singletons in org.springframework.beans.factory.support.DefaultListableBeanFactory@bbbf9: defining beans [documentService,policeService,unitService,frmCodeService,wfddService,wfnrService,widgetsDao,accountService,menuService,widgetsService,wftcgzdService,org.springframework.context.annotation.internalConfigurationAnnotationProcessor,org.springframework.context.annotation.internalAutowiredAnnotationProcessor,org.springframework.context.annotation.internalRequiredAnnotationProcessor,org.springframework.context.annotation.internalCommonAnnotationProcessor,org.springframework.context.annotation.internalPersistenceAnnotationProcessor,entityManagerFactory,hibernateJpaVendorAdapter,frmCodeDao,unitDao,constDao,roleDao,policeDao,userDao,wftcgzdDao,menuDao,documentDao,wfnrDao,wfddDao,org.springframework.data.repository.core.support.RepositoryInterfaceAwareBeanPostProcessor#0,org.springframework.dao.annotation.PersistenceExceptionTranslationPostProcessor#0,transactionManager,org.springframework.aop.config.internalAutoProxyCreator,org.springframework.transaction.annotation.AnnotationTransactionAttributeSource#0,org.springframework.transaction.interceptor.TransactionInterceptor#0,org.springframework.transaction.config.internalTransactionAdvisor,validator,defaultCacheManager,sessionCache,messageCache,org.springframework.context.support.PropertySourcesPlaceholderConfigurer#0,dataSource,namedParameterJdbcTemplate,securityManager,shiroDbRealm,captchaFormAuthenticationFilter,shiroFilter,shiroEhcacheManager,lifecycleBeanPostProcessor,org.springframework.context.annotation.ConfigurationClassPostProcessor.importAwareProcessor]; root of factory hierarchy
17:23:38.500 [main] INFO  o.s.web.context.ContextLoader - Root WebApplicationContext: initialization completed in 10016 ms
17:23:38.765 [main] INFO  o.s.web.servlet.DispatcherServlet - FrameworkServlet 'springServlet': initialization started
17:23:38.765 [main] INFO  o.s.w.c.s.XmlWebApplicationContext - Refreshing WebApplicationContext for namespace 'springServlet-servlet': startup date [Thu Apr 24 17:23:38 CST 2014]; parent: Root WebApplicationContext
17:23:38.765 [main] INFO  o.s.b.f.xml.XmlBeanDefinitionReader - Loading XML bean definitions from ServletContext resource [/WEB-INF/spring-mvc.xml]
17:23:39.171 [main] INFO  o.s.b.f.s.DefaultListableBeanFactory - Pre-instantiating singletons in org.springframework.beans.factory.support.DefaultListableBeanFactory@1d686fc: defining beans [frmCodeController,wfddController,wfnrController,documentController,policeController,unitController,genController,indexController,loginController,logoutController,menuController,urlController,userController,widgetsController,wftcgzdController,org.springframework.context.annotation.internalConfigurationAnnotationProcessor,org.springframework.context.annotation.internalAutowiredAnnotationProcessor,org.springframework.context.annotation.internalRequiredAnnotationProcessor,org.springframework.context.annotation.internalCommonAnnotationProcessor,org.springframework.context.annotation.internalPersistenceAnnotationProcessor,mvcContentNegotiationManager,org.springframework.web.servlet.mvc.method.annotation.RequestMappingHandlerMapping#0,org.springframework.format.support.FormattingConversionServiceFactoryBean#0,org.springframework.validation.beanvalidation.LocalValidatorFactoryBean#0,org.springframework.web.servlet.mvc.method.annotation.RequestMappingHandlerAdapter#0,org.springframework.web.servlet.handler.MappedInterceptor#0,org.springframework.web.servlet.mvc.method.annotation.ExceptionHandlerExceptionResolver#0,org.springframework.web.servlet.mvc.annotation.ResponseStatusExceptionResolver#0,org.springframework.web.servlet.mvc.support.DefaultHandlerExceptionResolver#0,org.springframework.web.servlet.handler.BeanNameUrlHandlerMapping,org.springframework.web.servlet.mvc.HttpRequestHandlerAdapter,org.springframework.web.servlet.mvc.SimpleControllerHandlerAdapter,org.springframework.web.servlet.view.InternalResourceViewResolver#0,org.springframework.web.servlet.resource.DefaultServletHttpRequestHandler#0,org.springframework.web.servlet.handler.SimpleUrlHandlerMapping#0,org.springframework.web.servlet.config.viewControllerHandlerMapping,org.springframework.web.servlet.handler.MappedInterceptor#1,org.springframework.web.servlet.handler.SimpleMappingExceptionResolver#0,org.springframework.context.annotation.ConfigurationClassPostProcessor.importAwareProcessor]; parent: org.springframework.beans.factory.support.DefaultListableBeanFactory@bbbf9
17:23:39.843 [main] WARN  o.s.modules.utils.Reflections - MenuService$$EnhancerByCGLIB$$54dac487's superclass not ParameterizedType
17:23:40.437 [main] INFO  o.s.w.s.m.m.a.RequestMappingHandlerMapping - Mapped "{[/frmCode/index],methods=[],params=[],headers=[],consumes=[],produces=[],custom=[]}" onto public java.lang.String com.epublic.controller.FrmCodeController.index()
17:23:40.437 [main] INFO  o.s.w.s.m.m.a.RequestMappingHandlerMapping - Mapped "{[/frmCode/page],methods=[],params=[],headers=[],consumes=[],produces=[],custom=[]}" onto public com.toolkit.core.MapBean com.epublic.controller.FrmCodeController.page(java.lang.Long,java.lang.Integer,java.lang.Integer)
17:23:40.437 [main] INFO  o.s.w.s.m.m.a.RequestMappingHandlerMapping - Mapped "{[/frmCode/saveOrUpdate],methods=[],params=[],headers=[],consumes=[],produces=[],custom=[]}" onto public com.toolkit.extjs.ExtMessage com.epublic.controller.FrmCodeController.saveOrUpdate(com.epublic.entity.FrmCode)
17:23:40.437 [main] INFO  o.s.w.s.m.m.a.RequestMappingHandlerMapping - Mapped "{[/frmCode/deletes],methods=[],params=[],headers=[],consumes=[],produces=[],custom=[]}" onto public com.toolkit.extjs.ExtMessage com.epublic.controller.FrmCodeController.deletes(java.lang.Long[])
17:23:40.437 [main] INFO  o.s.w.s.m.m.a.RequestMappingHandlerMapping - Mapped "{[/frmCode/saveEditGrid],methods=[],params=[],headers=[],consumes=[],produces=[],custom=[]}" onto public com.toolkit.extjs.ExtMessage com.epublic.controller.FrmCodeController.saveEditGrid(java.lang.String)
17:23:40.437 [main] INFO  o.s.w.s.m.m.a.RequestMappingHandlerMapping - Mapped "{[/wfdd/index],methods=[],params=[],headers=[],consumes=[],produces=[],custom=[]}" onto public java.lang.String com.epublic.controller.WfddController.index()
17:23:40.437 [main] INFO  o.s.w.s.m.m.a.RequestMappingHandlerMapping - Mapped "{[/wfdd/page],methods=[],params=[],headers=[],consumes=[],produces=[],custom=[]}" onto public com.toolkit.core.MapBean com.epublic.controller.WfddController.page(java.lang.Long,java.lang.Integer,java.lang.Integer)
17:23:40.437 [main] INFO  o.s.w.s.m.m.a.RequestMappingHandlerMapping - Mapped "{[/wfdd/saveOrUpdate],methods=[],params=[],headers=[],consumes=[],produces=[],custom=[]}" onto public com.toolkit.extjs.ExtMessage com.epublic.controller.WfddController.saveOrUpdate(com.epublic.entity.Wfdd)
17:23:40.437 [main] INFO  o.s.w.s.m.m.a.RequestMappingHandlerMapping - Mapped "{[/wfdd/deletes],methods=[],params=[],headers=[],consumes=[],produces=[],custom=[]}" onto public com.toolkit.extjs.ExtMessage com.epublic.controller.WfddController.deletes(java.lang.Long[])
17:23:40.437 [main] INFO  o.s.w.s.m.m.a.RequestMappingHandlerMapping - Mapped "{[/wfdd/saveEditGrid],methods=[],params=[],headers=[],consumes=[],produces=[],custom=[]}" onto public com.toolkit.extjs.ExtMessage com.epublic.controller.WfddController.saveEditGrid(java.lang.String)
17:23:40.437 [main] INFO  o.s.w.s.m.m.a.RequestMappingHandlerMapping - Mapped "{[/wfnr/index],methods=[],params=[],headers=[],consumes=[],produces=[],custom=[]}" onto public java.lang.String com.epublic.controller.WfnrController.index()
17:23:40.437 [main] INFO  o.s.w.s.m.m.a.RequestMappingHandlerMapping - Mapped "{[/wfnr/page],methods=[],params=[],headers=[],consumes=[],produces=[],custom=[]}" onto public com.toolkit.core.MapBean com.epublic.controller.WfnrController.page(java.lang.Long,java.lang.Integer,java.lang.Integer)
17:23:40.437 [main] INFO  o.s.w.s.m.m.a.RequestMappingHandlerMapping - Mapped "{[/wfnr/saveOrUpdate],methods=[],params=[],headers=[],consumes=[],produces=[],custom=[]}" onto public com.toolkit.extjs.ExtMessage com.epublic.controller.WfnrController.saveOrUpdate(com.epublic.entity.Wfnr)
17:23:40.437 [main] INFO  o.s.w.s.m.m.a.RequestMappingHandlerMapping - Mapped "{[/wfnr/deletes],methods=[],params=[],headers=[],consumes=[],produces=[],custom=[]}" onto public com.toolkit.extjs.ExtMessage com.epublic.controller.WfnrController.deletes(java.lang.Long[])
17:23:40.437 [main] INFO  o.s.w.s.m.m.a.RequestMappingHandlerMapping - Mapped "{[/wfnr/saveEditGrid],methods=[],params=[],headers=[],consumes=[],produces=[],custom=[]}" onto public com.toolkit.extjs.ExtMessage com.epublic.controller.WfnrController.saveEditGrid(java.lang.String)
17:23:40.453 [main] INFO  o.s.w.s.m.m.a.RequestMappingHandlerMapping - Mapped "{[/document/index],methods=[],params=[],headers=[],consumes=[],produces=[],custom=[]}" onto public java.lang.String com.epublic.police.controller.DocumentController.index()
17:23:40.453 [main] INFO  o.s.w.s.m.m.a.RequestMappingHandlerMapping - Mapped "{[/document/page],methods=[],params=[],headers=[],consumes=[],produces=[],custom=[]}" onto public com.toolkit.core.MapBean com.epublic.police.controller.DocumentController.page(java.lang.Long,java.lang.Integer,java.lang.Integer)
17:23:40.453 [main] INFO  o.s.w.s.m.m.a.RequestMappingHandlerMapping - Mapped "{[/document/saveOrUpdate],methods=[],params=[],headers=[],consumes=[],produces=[],custom=[]}" onto public com.toolkit.extjs.ExtMessage com.epublic.police.controller.DocumentController.saveOrUpdate(com.epublic.entity.Document)
17:23:40.453 [main] INFO  o.s.w.s.m.m.a.RequestMappingHandlerMapping - Mapped "{[/document/deletes],methods=[],params=[],headers=[],consumes=[],produces=[],custom=[]}" onto public com.toolkit.extjs.ExtMessage com.epublic.police.controller.DocumentController.deletes(java.lang.Long[])
17:23:40.453 [main] INFO  o.s.w.s.m.m.a.RequestMappingHandlerMapping - Mapped "{[/document/saveEditGrid],methods=[],params=[],headers=[],consumes=[],produces=[],custom=[]}" onto public com.toolkit.extjs.ExtMessage com.epublic.police.controller.DocumentController.saveEditGrid(java.lang.String)
17:23:40.453 [main] INFO  o.s.w.s.m.m.a.RequestMappingHandlerMapping - Mapped "{[/police/index],methods=[],params=[],headers=[],consumes=[],produces=[],custom=[]}" onto public java.lang.String com.epublic.police.controller.PoliceController.index()
17:23:40.453 [main] INFO  o.s.w.s.m.m.a.RequestMappingHandlerMapping - Mapped "{[/police/page],methods=[],params=[],headers=[],consumes=[],produces=[],custom=[]}" onto public com.toolkit.core.MapBean com.epublic.police.controller.PoliceController.page(java.lang.Long,java.lang.Integer,java.lang.Integer)
17:23:40.453 [main] INFO  o.s.w.s.m.m.a.RequestMappingHandlerMapping - Mapped "{[/police/saveOrUpdate],methods=[],params=[],headers=[],consumes=[],produces=[],custom=[]}" onto public com.toolkit.extjs.ExtMessage com.epublic.police.controller.PoliceController.saveOrUpdate(com.epublic.entity.Police)
17:23:40.453 [main] INFO  o.s.w.s.m.m.a.RequestMappingHandlerMapping - Mapped "{[/police/deletes],methods=[],params=[],headers=[],consumes=[],produces=[],custom=[]}" onto public com.toolkit.extjs.ExtMessage com.epublic.police.controller.PoliceController.deletes(java.lang.Long[])
17:23:40.453 [main] INFO  o.s.w.s.m.m.a.RequestMappingHandlerMapping - Mapped "{[/police/saveEditGrid],methods=[],params=[],headers=[],consumes=[],produces=[],custom=[]}" onto public com.toolkit.extjs.ExtMessage com.epublic.police.controller.PoliceController.saveEditGrid(java.lang.String)
17:23:40.453 [main] INFO  o.s.w.s.m.m.a.RequestMappingHandlerMapping - Mapped "{[/unit/index],methods=[],params=[],headers=[],consumes=[],produces=[],custom=[]}" onto public java.lang.String com.epublic.police.controller.UnitController.index()
17:23:40.453 [main] INFO  o.s.w.s.m.m.a.RequestMappingHandlerMapping - Mapped "{[/unit/page],methods=[],params=[],headers=[],consumes=[],produces=[],custom=[]}" onto public com.toolkit.core.MapBean com.epublic.police.controller.UnitController.page(java.lang.Long,java.lang.Integer,java.lang.Integer)
17:23:40.453 [main] INFO  o.s.w.s.m.m.a.RequestMappingHandlerMapping - Mapped "{[/unit/saveOrUpdate],methods=[],params=[],headers=[],consumes=[],produces=[],custom=[]}" onto public com.toolkit.extjs.ExtMessage com.epublic.police.controller.UnitController.saveOrUpdate(com.epublic.entity.Unit)
17:23:40.453 [main] INFO  o.s.w.s.m.m.a.RequestMappingHandlerMapping - Mapped "{[/unit/deletes],methods=[],params=[],headers=[],consumes=[],produces=[],custom=[]}" onto public com.toolkit.extjs.ExtMessage com.epublic.police.controller.UnitController.deletes(java.lang.Long[])
17:23:40.453 [main] INFO  o.s.w.s.m.m.a.RequestMappingHandlerMapping - Mapped "{[/unit/saveEditGrid],methods=[],params=[],headers=[],consumes=[],produces=[],custom=[]}" onto public com.toolkit.extjs.ExtMessage com.epublic.police.controller.UnitController.saveEditGrid(java.lang.String)
17:23:40.468 [main] INFO  o.s.w.s.m.m.a.RequestMappingHandlerMapping - Mapped "{[/sys/gen/genCode],methods=[POST],params=[],headers=[],consumes=[],produces=[],custom=[]}" onto public com.toolkit.extjs.ExtMessage com.epublic.sys.controller.GenController.genCode()
17:23:40.531 [main] INFO  o.s.w.s.m.m.a.RequestMappingHandlerMapping - Mapped "{[/sys/gen/genMasterSubCode],methods=[POST],params=[],headers=[],consumes=[],produces=[],custom=[]}" onto public com.toolkit.extjs.ExtMessage com.epublic.sys.controller.GenController.genMasterSubCode()
17:23:40.531 [main] INFO  o.s.w.s.m.m.a.RequestMappingHandlerMapping - Mapped "{[/sys/gen/tableExist],methods=[POST],params=[],headers=[],consumes=[],produces=[],custom=[]}" onto public com.toolkit.extjs.ExtMessage com.epublic.sys.controller.GenController.tableExist()
17:23:40.531 [main] INFO  o.s.w.s.m.m.a.RequestMappingHandlerMapping - Mapped "{[/index/{ns1}/{ns2}],methods=[],params=[],headers=[],consumes=[],produces=[],custom=[]}" onto public java.lang.String com.epublic.sys.controller.IndexController.index(java.lang.String,java.lang.String)
17:23:40.531 [main] INFO  o.s.w.s.m.m.a.RequestMappingHandlerMapping - Mapped "{[/index/{ns}],methods=[],params=[],headers=[],consumes=[],produces=[],custom=[]}" onto public java.lang.String com.epublic.sys.controller.IndexController.index(java.lang.String)
17:23:40.531 [main] INFO  o.s.w.s.m.m.a.RequestMappingHandlerMapping - Mapped "{[/index],methods=[],params=[],headers=[],consumes=[],produces=[],custom=[]}" onto public java.lang.String com.epublic.sys.controller.IndexController.index(org.springframework.ui.Model)
17:23:40.531 [main] INFO  o.s.w.s.m.m.a.RequestMappingHandlerMapping - Mapped "{[/login],methods=[POST],params=[],headers=[],consumes=[],produces=[],custom=[]}" onto public java.lang.String com.epublic.sys.controller.LoginController.fail(java.lang.String,org.springframework.ui.Model)
17:23:40.531 [main] INFO  o.s.w.s.m.m.a.RequestMappingHandlerMapping - Mapped "{[/login],methods=[GET],params=[],headers=[],consumes=[],produces=[],custom=[]}" onto public java.lang.String com.epublic.sys.controller.LoginController.login()
17:23:40.531 [main] INFO  o.s.w.s.m.m.a.RequestMappingHandlerMapping - Mapped "{[/logout],methods=[GET],params=[],headers=[],consumes=[],produces=[],custom=[]}" onto public java.lang.String com.epublic.sys.controller.LogoutController.logout()
17:23:40.531 [main] INFO  o.s.w.s.m.m.a.RequestMappingHandlerMapping - Mapped "{[/sys/menu/index],methods=[],params=[],headers=[],consumes=[],produces=[],custom=[]}" onto public java.lang.String com.epublic.sys.controller.MenuController.index()
17:23:40.531 [main] INFO  o.s.w.s.m.m.a.RequestMappingHandlerMapping - Mapped "{[/sys/menu/page],methods=[],params=[],headers=[],consumes=[],produces=[],custom=[]}" onto public com.toolkit.core.MapBean com.epublic.sys.controller.MenuController.page(java.lang.Long,java.lang.Integer,java.lang.Integer)
17:23:40.531 [main] INFO  o.s.w.s.m.m.a.RequestMappingHandlerMapping - Mapped "{[/sys/menu/saveOrUpdate],methods=[],params=[],headers=[],consumes=[],produces=[],custom=[]}" onto public com.toolkit.extjs.ExtMessage com.epublic.sys.controller.MenuController.saveOrUpdate(com.epublic.entity.Menu) throws java.lang.Exception
17:23:40.531 [main] INFO  o.s.w.s.m.m.a.RequestMappingHandlerMapping - Mapped "{[/sys/menu/findLeftMenuTree],methods=[],params=[],headers=[],consumes=[],produces=[],custom=[]}" onto public java.util.List<com.epublic.entity.Menu> com.epublic.sys.controller.MenuController.findLeftMenuTree(java.lang.Long)
17:23:40.531 [main] INFO  o.s.w.s.m.m.a.RequestMappingHandlerMapping - Mapped "{[/sys/menu/deletes],methods=[],params=[],headers=[],consumes=[],produces=[],custom=[]}" onto public com.toolkit.extjs.ExtMessage com.epublic.sys.controller.MenuController.deletes(java.lang.Long[])
17:23:40.531 [main] INFO  o.s.w.s.m.m.a.RequestMappingHandlerMapping - Mapped "{[/sys/menu/getMenuTree],methods=[],params=[],headers=[],consumes=[],produces=[],custom=[]}" onto public java.util.List<com.epublic.entity.Menu> com.epublic.sys.controller.MenuController.getMenuTree(java.lang.Long)
17:23:40.531 [main] INFO  o.s.w.s.m.m.a.RequestMappingHandlerMapping - Mapped "{[/sys/menu/saveEditGrid],methods=[],params=[],headers=[],consumes=[],produces=[],custom=[]}" onto public com.toolkit.extjs.ExtMessage com.epublic.sys.controller.MenuController.saveEditGrid(java.lang.String)
17:23:40.546 [main] INFO  o.s.w.s.m.m.a.RequestMappingHandlerMapping - Mapped "{[/to/{ns1}/{ns2}/{ns3}],methods=[],params=[],headers=[],consumes=[],produces=[],custom=[]}" onto public java.lang.String com.epublic.sys.controller.UrlController.index(java.lang.String,java.lang.String,java.lang.String)
17:23:40.546 [main] INFO  o.s.w.s.m.m.a.RequestMappingHandlerMapping - Mapped "{[/to/{ns1}/{ns2}],methods=[],params=[],headers=[],consumes=[],produces=[],custom=[]}" onto public java.lang.String com.epublic.sys.controller.UrlController.index(java.lang.String,java.lang.String)
17:23:40.546 [main] INFO  o.s.w.s.m.m.a.RequestMappingHandlerMapping - Mapped "{[/to/{ns}],methods=[],params=[],headers=[],consumes=[],produces=[],custom=[]}" onto public java.lang.String com.epublic.sys.controller.UrlController.index(java.lang.String)
17:23:40.546 [main] INFO  o.s.w.s.m.m.a.RequestMappingHandlerMapping - Mapped "{[/sys/user/index],methods=[],params=[],headers=[],consumes=[],produces=[],custom=[]}" onto public java.lang.String com.epublic.sys.controller.UserController.index()
17:23:40.546 [main] INFO  o.s.w.s.m.m.a.RequestMappingHandlerMapping - Mapped "{[/sys/user/page],methods=[],params=[],headers=[],consumes=[],produces=[],custom=[]}" onto public com.toolkit.core.MapBean com.epublic.sys.controller.UserController.page(java.lang.Long,java.lang.Integer,java.lang.Integer)
17:23:40.546 [main] INFO  o.s.w.s.m.m.a.RequestMappingHandlerMapping - Mapped "{[/sys/user/saveOrUpdate],methods=[],params=[],headers=[],consumes=[],produces=[],custom=[]}" onto public com.toolkit.extjs.ExtMessage com.epublic.sys.controller.UserController.saveOrUpdate(com.epublic.entity.User)
17:23:40.546 [main] INFO  o.s.w.s.m.m.a.RequestMappingHandlerMapping - Mapped "{[/sys/user/userPwd],methods=[],params=[],headers=[],consumes=[],produces=[],custom=[]}" onto public java.lang.String com.epublic.sys.controller.UserController.userPwd()
17:23:40.546 [main] INFO  o.s.w.s.m.m.a.RequestMappingHandlerMapping - Mapped "{[/sys/user/deletes],methods=[],params=[],headers=[],consumes=[],produces=[],custom=[]}" onto public com.toolkit.extjs.ExtMessage com.epublic.sys.controller.UserController.deletes(java.lang.Long[])
17:23:40.546 [main] INFO  o.s.w.s.m.m.a.RequestMappingHandlerMapping - Mapped "{[/sys/user/saveEditGrid],methods=[],params=[],headers=[],consumes=[],produces=[],custom=[]}" onto public com.toolkit.extjs.ExtMessage com.epublic.sys.controller.UserController.saveEditGrid(java.lang.String)
17:23:40.546 [main] INFO  o.s.w.s.m.m.a.RequestMappingHandlerMapping - Mapped "{[/sys/user/changePassword],methods=[],params=[],headers=[],consumes=[],produces=[],custom=[]}" onto public com.toolkit.extjs.ExtMessage com.epublic.sys.controller.UserController.changePassword(java.lang.String,java.lang.String)
17:23:40.546 [main] INFO  o.s.w.s.m.m.a.RequestMappingHandlerMapping - Mapped "{[/sys/widgets/excel],methods=[],params=[],headers=[],consumes=[],produces=[],custom=[]}" onto public void com.epublic.sys.controller.WidgetsController.excel(javax.servlet.http.HttpServletRequest,javax.servlet.http.HttpServletResponse)
17:23:40.546 [main] INFO  o.s.w.s.m.m.a.RequestMappingHandlerMapping - Mapped "{[/sys/widgets/getCombo],methods=[],params=[],headers=[],consumes=[],produces=[],custom=[]}" onto public com.toolkit.extjs.ExtMessage com.epublic.sys.controller.WidgetsController.getCombo()
17:23:40.546 [main] INFO  o.s.w.s.m.m.a.RequestMappingHandlerMapping - Mapped "{[/wt/tzd/index],methods=[],params=[],headers=[],consumes=[],produces=[],custom=[]}" onto public java.lang.String com.epublic.wt.controller.WftcgzdController.index()
17:23:40.546 [main] INFO  o.s.w.s.m.m.a.RequestMappingHandlerMapping - Mapped "{[/wt/tzd/view],methods=[],params=[],headers=[],consumes=[],produces=[],custom=[]}" onto public java.lang.String com.epublic.wt.controller.WftcgzdController.view(java.lang.String,javax.servlet.http.HttpServletRequest,javax.servlet.http.HttpServletResponse,org.springframework.ui.ModelMap)
17:23:40.546 [main] INFO  o.s.w.s.m.m.a.RequestMappingHandlerMapping - Mapped "{[/wt/tzd/page],methods=[],params=[],headers=[],consumes=[],produces=[],custom=[]}" onto public com.toolkit.core.MapBean com.epublic.wt.controller.WftcgzdController.page(java.lang.Integer,java.lang.Integer,com.epublic.wt.entity.Wftcgzd)
17:23:40.546 [main] INFO  o.s.w.s.m.m.a.RequestMappingHandlerMapping - Mapped "{[/wt/tzd/saveOrUpdate],methods=[],params=[],headers=[],consumes=[],produces=[],custom=[]}" onto public com.toolkit.extjs.ExtMessage com.epublic.wt.controller.WftcgzdController.saveOrUpdate(com.epublic.wt.entity.Wftcgzd)
17:23:40.562 [main] INFO  o.s.w.s.m.m.a.RequestMappingHandlerMapping - Mapped "{[/wt/tzd/checkView],methods=[],params=[],headers=[],consumes=[],produces=[],custom=[]}" onto public java.lang.String com.epublic.wt.controller.WftcgzdController.checkView(java.lang.String,javax.servlet.http.HttpServletRequest,javax.servlet.http.HttpServletResponse,org.springframework.ui.ModelMap)
17:23:40.562 [main] INFO  o.s.w.s.m.m.a.RequestMappingHandlerMapping - Mapped "{[/wt/tzd/viewPic],methods=[],params=[],headers=[],consumes=[],produces=[],custom=[]}" onto public void com.epublic.wt.controller.WftcgzdController.viewPic(javax.servlet.http.HttpServletResponse,java.lang.String,int) throws java.lang.Exception
17:23:40.562 [main] INFO  o.s.w.s.m.m.a.RequestMappingHandlerMapping - Mapped "{[/wt/tzd/deletes],methods=[],params=[],headers=[],consumes=[],produces=[],custom=[]}" onto public com.toolkit.extjs.ExtMessage com.epublic.wt.controller.WftcgzdController.deletes(java.lang.String[])
17:23:41.921 [main] INFO  o.s.w.s.h.SimpleUrlHandlerMapping - Mapped URL path [/**] onto handler 'org.springframework.web.servlet.resource.DefaultServletHttpRequestHandler#0'
17:23:41.953 [main] INFO  o.s.w.s.h.SimpleUrlHandlerMapping - Root mapping to handler of type [class org.springframework.web.servlet.mvc.ParameterizableViewController]
17:23:42.062 [main] INFO  o.s.web.servlet.DispatcherServlet - FrameworkServlet 'springServlet': initialization completed in 3297 ms
17:25:48.265 [main] INFO  o.s.web.context.ContextLoader - Root WebApplicationContext: initialization started
17:25:48.453 [main] INFO  o.s.w.c.s.XmlWebApplicationContext - Refreshing Root WebApplicationContext: startup date [Thu Apr 24 17:25:48 CST 2014]; root of context hierarchy
17:25:48.578 [main] INFO  o.s.b.f.xml.XmlBeanDefinitionReader - Loading XML bean definitions from URL [file:/D:/project/jgzf/trunk/code/jgzf/webapp/WEB-INF/classes/applicationContext.xml]
17:25:50.312 [main] INFO  o.s.b.f.xml.XmlBeanDefinitionReader - Loading XML bean definitions from URL [file:/D:/project/jgzf/trunk/code/jgzf/webapp/WEB-INF/classes/applicationContext-shiro.xml]
17:25:50.671 [main] INFO  o.s.c.s.PropertySourcesPlaceholderConfigurer - Loading properties file from URL [file:/D:/project/jgzf/trunk/code/jgzf/webapp/WEB-INF/classes/application.properties]
17:25:50.890 [main] INFO  o.s.w.c.s.XmlWebApplicationContext - Bean 'dataSource' of type [class org.apache.tomcat.jdbc.pool.DataSource] is not eligible for getting processed by all BeanPostProcessors (for example: not eligible for auto-proxying)
17:25:51.609 [main] INFO  o.s.w.c.s.XmlWebApplicationContext - Bean 'org.springside.modules.persistence.Hibernates#1f13ee4' of type [class java.lang.String] is not eligible for getting processed by all BeanPostProcessors (for example: not eligible for auto-proxying)
17:25:51.609 [main] INFO  o.s.w.c.s.XmlWebApplicationContext - Bean 'hibernateJpaVendorAdapter' of type [class org.springframework.orm.jpa.vendor.HibernateJpaVendorAdapter] is not eligible for getting processed by all BeanPostProcessors (for example: not eligible for auto-proxying)
17:25:51.718 [main] INFO  o.s.o.j.LocalContainerEntityManagerFactoryBean - Building JPA container EntityManagerFactory for persistence unit 'default'
17:25:56.296 [main] INFO  o.s.w.c.s.XmlWebApplicationContext - Bean 'entityManagerFactory' of type [class org.springframework.orm.jpa.LocalContainerEntityManagerFactoryBean] is not eligible for getting processed by all BeanPostProcessors (for example: not eligible for auto-proxying)
17:25:56.453 [main] INFO  o.s.w.c.s.XmlWebApplicationContext - Bean 'org.springframework.transaction.annotation.AnnotationTransactionAttributeSource#0' of type [class org.springframework.transaction.annotation.AnnotationTransactionAttributeSource] is not eligible for getting processed by all BeanPostProcessors (for example: not eligible for auto-proxying)
17:25:56.453 [main] INFO  o.s.w.c.s.XmlWebApplicationContext - Bean 'org.springframework.transaction.config.internalTransactionAdvisor' of type [class org.springframework.transaction.interceptor.BeanFactoryTransactionAttributeSourceAdvisor] is not eligible for getting processed by all BeanPostProcessors (for example: not eligible for auto-proxying)
17:25:56.656 [main] INFO  o.s.w.c.s.XmlWebApplicationContext - Bean '(inner bean)' of type [class org.springframework.beans.factory.config.PropertiesFactoryBean] is not eligible for getting processed by all BeanPostProcessors (for example: not eligible for auto-proxying)
17:25:56.656 [main] INFO  o.s.w.c.s.XmlWebApplicationContext - Bean '(inner bean)' of type [class java.util.Properties] is not eligible for getting processed by all BeanPostProcessors (for example: not eligible for auto-proxying)
17:25:56.671 [main] INFO  o.s.w.c.s.XmlWebApplicationContext - Bean '(inner bean)' of type [class org.springframework.data.repository.core.support.PropertiesBasedNamedQueries] is not eligible for getting processed by all BeanPostProcessors (for example: not eligible for auto-proxying)
17:25:56.687 [main] INFO  o.s.w.c.s.XmlWebApplicationContext - Bean 'entityManagerFactory' of type [class com.sun.proxy.$Proxy43] is not eligible for getting processed by all BeanPostProcessors (for example: not eligible for auto-proxying)
17:25:56.718 [main] INFO  o.s.w.c.s.XmlWebApplicationContext - Bean '(inner bean)#1' of type [class com.sun.proxy.$Proxy47] is not eligible for getting processed by all BeanPostProcessors (for example: not eligible for auto-proxying)
17:25:56.921 [main] INFO  o.s.w.c.s.XmlWebApplicationContext - Bean 'userDao' of type [class org.springframework.data.jpa.repository.support.JpaRepositoryFactoryBean] is not eligible for getting processed by all BeanPostProcessors (for example: not eligible for auto-proxying)
17:25:57.515 [main] INFO  o.s.w.c.s.XmlWebApplicationContext - Bean 'userDao' of type [class com.sun.proxy.$Proxy51] is not eligible for getting processed by all BeanPostProcessors (for example: not eligible for auto-proxying)
17:25:57.671 [main] INFO  o.s.w.c.s.XmlWebApplicationContext - Bean 'accountService' of type [class com.epublic.sys.service.AccountService] is not eligible for getting processed by all BeanPostProcessors (for example: not eligible for auto-proxying)
17:25:57.843 [main] INFO  o.s.w.c.s.XmlWebApplicationContext - Bean 'org.springframework.transaction.interceptor.TransactionInterceptor#0' of type [class org.springframework.transaction.interceptor.TransactionInterceptor] is not eligible for getting processed by all BeanPostProcessors (for example: not eligible for auto-proxying)
17:25:57.906 [main] WARN  o.s.modules.utils.Reflections - AccountService$$EnhancerByCGLIB$$bd86bea1's superclass not ParameterizedType
17:25:57.906 [main] INFO  o.a.shiro.realm.AuthorizingRealm - No cache or cacheManager properties have been set.  Authorization cache cannot be obtained.
17:25:57.906 [main] INFO  o.s.w.c.s.XmlWebApplicationContext - Bean 'shiroDbRealm' of type [class com.epublic.sys.service.ShiroDbRealm] is not eligible for getting processed by all BeanPostProcessors (for example: not eligible for auto-proxying)
17:25:58.062 [main] INFO  o.s.w.c.s.XmlWebApplicationContext - Bean 'shiroEhcacheManager' of type [class org.apache.shiro.cache.ehcache.EhCacheManager] is not eligible for getting processed by all BeanPostProcessors (for example: not eligible for auto-proxying)
17:25:58.062 [main] INFO  o.a.s.cache.ehcache.EhCacheManager - Cache with name 'com.epublic.sys.service.ShiroDbRealm.authorizationCache' does not yet exist.  Creating now.
17:25:58.125 [main] INFO  o.a.s.cache.ehcache.EhCacheManager - Added EhCache named [com.epublic.sys.service.ShiroDbRealm.authorizationCache]
17:25:58.125 [main] INFO  o.s.w.c.s.XmlWebApplicationContext - Bean 'securityManager' of type [class org.apache.shiro.web.mgt.DefaultWebSecurityManager] is not eligible for getting processed by all BeanPostProcessors (for example: not eligible for auto-proxying)
17:25:58.156 [main] INFO  o.s.b.f.s.DefaultListableBeanFactory - Pre-instantiating singletons in org.springframework.beans.factory.support.DefaultListableBeanFactory@62017d: defining beans [documentService,policeService,unitService,frmCodeService,wfddService,wfnrService,widgetsDao,accountService,menuService,widgetsService,wftcgzdService,org.springframework.context.annotation.internalConfigurationAnnotationProcessor,org.springframework.context.annotation.internalAutowiredAnnotationProcessor,org.springframework.context.annotation.internalRequiredAnnotationProcessor,org.springframework.context.annotation.internalCommonAnnotationProcessor,org.springframework.context.annotation.internalPersistenceAnnotationProcessor,entityManagerFactory,hibernateJpaVendorAdapter,unitDao,roleDao,userDao,wfnrDao,wfddDao,menuDao,wftcgzdDao,constDao,policeDao,frmCodeDao,documentDao,org.springframework.data.repository.core.support.RepositoryInterfaceAwareBeanPostProcessor#0,org.springframework.dao.annotation.PersistenceExceptionTranslationPostProcessor#0,transactionManager,org.springframework.aop.config.internalAutoProxyCreator,org.springframework.transaction.annotation.AnnotationTransactionAttributeSource#0,org.springframework.transaction.interceptor.TransactionInterceptor#0,org.springframework.transaction.config.internalTransactionAdvisor,validator,defaultCacheManager,sessionCache,messageCache,org.springframework.context.support.PropertySourcesPlaceholderConfigurer#0,dataSource,namedParameterJdbcTemplate,securityManager,shiroDbRealm,captchaFormAuthenticationFilter,shiroFilter,shiroEhcacheManager,lifecycleBeanPostProcessor,org.springframework.context.annotation.ConfigurationClassPostProcessor.importAwareProcessor]; root of factory hierarchy
17:25:58.296 [main] INFO  o.s.web.context.ContextLoader - Root WebApplicationContext: initialization completed in 10015 ms
17:25:58.546 [main] INFO  o.s.web.servlet.DispatcherServlet - FrameworkServlet 'springServlet': initialization started
17:25:58.546 [main] INFO  o.s.w.c.s.XmlWebApplicationContext - Refreshing WebApplicationContext for namespace 'springServlet-servlet': startup date [Thu Apr 24 17:25:58 CST 2014]; parent: Root WebApplicationContext
17:25:58.546 [main] INFO  o.s.b.f.xml.XmlBeanDefinitionReader - Loading XML bean definitions from ServletContext resource [/WEB-INF/spring-mvc.xml]
17:25:58.937 [main] INFO  o.s.b.f.s.DefaultListableBeanFactory - Pre-instantiating singletons in org.springframework.beans.factory.support.DefaultListableBeanFactory@1fa2813: defining beans [frmCodeController,wfddController,wfnrController,documentController,policeController,unitController,genController,indexController,loginController,logoutController,menuController,urlController,userController,widgetsController,wftcgzdController,org.springframework.context.annotation.internalConfigurationAnnotationProcessor,org.springframework.context.annotation.internalAutowiredAnnotationProcessor,org.springframework.context.annotation.internalRequiredAnnotationProcessor,org.springframework.context.annotation.internalCommonAnnotationProcessor,org.springframework.context.annotation.internalPersistenceAnnotationProcessor,mvcContentNegotiationManager,org.springframework.web.servlet.mvc.method.annotation.RequestMappingHandlerMapping#0,org.springframework.format.support.FormattingConversionServiceFactoryBean#0,org.springframework.validation.beanvalidation.LocalValidatorFactoryBean#0,org.springframework.web.servlet.mvc.method.annotation.RequestMappingHandlerAdapter#0,org.springframework.web.servlet.handler.MappedInterceptor#0,org.springframework.web.servlet.mvc.method.annotation.ExceptionHandlerExceptionResolver#0,org.springframework.web.servlet.mvc.annotation.ResponseStatusExceptionResolver#0,org.springframework.web.servlet.mvc.support.DefaultHandlerExceptionResolver#0,org.springframework.web.servlet.handler.BeanNameUrlHandlerMapping,org.springframework.web.servlet.mvc.HttpRequestHandlerAdapter,org.springframework.web.servlet.mvc.SimpleControllerHandlerAdapter,org.springframework.web.servlet.view.InternalResourceViewResolver#0,org.springframework.web.servlet.resource.DefaultServletHttpRequestHandler#0,org.springframework.web.servlet.handler.SimpleUrlHandlerMapping#0,org.springframework.web.servlet.config.viewControllerHandlerMapping,org.springframework.web.servlet.handler.MappedInterceptor#1,org.springframework.web.servlet.handler.SimpleMappingExceptionResolver#0,org.springframework.context.annotation.ConfigurationClassPostProcessor.importAwareProcessor]; parent: org.springframework.beans.factory.support.DefaultListableBeanFactory@62017d
17:25:59.500 [main] WARN  o.s.modules.utils.Reflections - MenuService$$EnhancerByCGLIB$$b0112641's superclass not ParameterizedType
17:25:59.843 [main] INFO  o.s.w.s.m.m.a.RequestMappingHandlerMapping - Mapped "{[/frmCode/index],methods=[],params=[],headers=[],consumes=[],produces=[],custom=[]}" onto public java.lang.String com.epublic.controller.FrmCodeController.index()
17:25:59.843 [main] INFO  o.s.w.s.m.m.a.RequestMappingHandlerMapping - Mapped "{[/frmCode/page],methods=[],params=[],headers=[],consumes=[],produces=[],custom=[]}" onto public com.toolkit.core.MapBean com.epublic.controller.FrmCodeController.page(java.lang.Long,java.lang.Integer,java.lang.Integer)
17:25:59.843 [main] INFO  o.s.w.s.m.m.a.RequestMappingHandlerMapping - Mapped "{[/frmCode/saveOrUpdate],methods=[],params=[],headers=[],consumes=[],produces=[],custom=[]}" onto public com.toolkit.extjs.ExtMessage com.epublic.controller.FrmCodeController.saveOrUpdate(com.epublic.entity.FrmCode)
17:25:59.843 [main] INFO  o.s.w.s.m.m.a.RequestMappingHandlerMapping - Mapped "{[/frmCode/deletes],methods=[],params=[],headers=[],consumes=[],produces=[],custom=[]}" onto public com.toolkit.extjs.ExtMessage com.epublic.controller.FrmCodeController.deletes(java.lang.Long[])
17:25:59.843 [main] INFO  o.s.w.s.m.m.a.RequestMappingHandlerMapping - Mapped "{[/frmCode/saveEditGrid],methods=[],params=[],headers=[],consumes=[],produces=[],custom=[]}" onto public com.toolkit.extjs.ExtMessage com.epublic.controller.FrmCodeController.saveEditGrid(java.lang.String)
17:25:59.843 [main] INFO  o.s.w.s.m.m.a.RequestMappingHandlerMapping - Mapped "{[/wfdd/index],methods=[],params=[],headers=[],consumes=[],produces=[],custom=[]}" onto public java.lang.String com.epublic.controller.WfddController.index()
17:25:59.843 [main] INFO  o.s.w.s.m.m.a.RequestMappingHandlerMapping - Mapped "{[/wfdd/page],methods=[],params=[],headers=[],consumes=[],produces=[],custom=[]}" onto public com.toolkit.core.MapBean com.epublic.controller.WfddController.page(java.lang.Long,java.lang.Integer,java.lang.Integer)
17:25:59.843 [main] INFO  o.s.w.s.m.m.a.RequestMappingHandlerMapping - Mapped "{[/wfdd/saveOrUpdate],methods=[],params=[],headers=[],consumes=[],produces=[],custom=[]}" onto public com.toolkit.extjs.ExtMessage com.epublic.controller.WfddController.saveOrUpdate(com.epublic.entity.Wfdd)
17:25:59.843 [main] INFO  o.s.w.s.m.m.a.RequestMappingHandlerMapping - Mapped "{[/wfdd/deletes],methods=[],params=[],headers=[],consumes=[],produces=[],custom=[]}" onto public com.toolkit.extjs.ExtMessage com.epublic.controller.WfddController.deletes(java.lang.Long[])
17:25:59.843 [main] INFO  o.s.w.s.m.m.a.RequestMappingHandlerMapping - Mapped "{[/wfdd/saveEditGrid],methods=[],params=[],headers=[],consumes=[],produces=[],custom=[]}" onto public com.toolkit.extjs.ExtMessage com.epublic.controller.WfddController.saveEditGrid(java.lang.String)
17:25:59.843 [main] INFO  o.s.w.s.m.m.a.RequestMappingHandlerMapping - Mapped "{[/wfnr/index],methods=[],params=[],headers=[],consumes=[],produces=[],custom=[]}" onto public java.lang.String com.epublic.controller.WfnrController.index()
17:25:59.843 [main] INFO  o.s.w.s.m.m.a.RequestMappingHandlerMapping - Mapped "{[/wfnr/page],methods=[],params=[],headers=[],consumes=[],produces=[],custom=[]}" onto public com.toolkit.core.MapBean com.epublic.controller.WfnrController.page(java.lang.Long,java.lang.Integer,java.lang.Integer)
17:25:59.843 [main] INFO  o.s.w.s.m.m.a.RequestMappingHandlerMapping - Mapped "{[/wfnr/saveOrUpdate],methods=[],params=[],headers=[],consumes=[],produces=[],custom=[]}" onto public com.toolkit.extjs.ExtMessage com.epublic.controller.WfnrController.saveOrUpdate(com.epublic.entity.Wfnr)
17:25:59.843 [main] INFO  o.s.w.s.m.m.a.RequestMappingHandlerMapping - Mapped "{[/wfnr/deletes],methods=[],params=[],headers=[],consumes=[],produces=[],custom=[]}" onto public com.toolkit.extjs.ExtMessage com.epublic.controller.WfnrController.deletes(java.lang.Long[])
17:25:59.843 [main] INFO  o.s.w.s.m.m.a.RequestMappingHandlerMapping - Mapped "{[/wfnr/saveEditGrid],methods=[],params=[],headers=[],consumes=[],produces=[],custom=[]}" onto public com.toolkit.extjs.ExtMessage com.epublic.controller.WfnrController.saveEditGrid(java.lang.String)
17:25:59.843 [main] INFO  o.s.w.s.m.m.a.RequestMappingHandlerMapping - Mapped "{[/document/index],methods=[],params=[],headers=[],consumes=[],produces=[],custom=[]}" onto public java.lang.String com.epublic.police.controller.DocumentController.index()
17:25:59.859 [main] INFO  o.s.w.s.m.m.a.RequestMappingHandlerMapping - Mapped "{[/document/page],methods=[],params=[],headers=[],consumes=[],produces=[],custom=[]}" onto public com.toolkit.core.MapBean com.epublic.police.controller.DocumentController.page(java.lang.Long,java.lang.Integer,java.lang.Integer)
17:25:59.859 [main] INFO  o.s.w.s.m.m.a.RequestMappingHandlerMapping - Mapped "{[/document/saveOrUpdate],methods=[],params=[],headers=[],consumes=[],produces=[],custom=[]}" onto public com.toolkit.extjs.ExtMessage com.epublic.police.controller.DocumentController.saveOrUpdate(com.epublic.entity.Document)
17:25:59.859 [main] INFO  o.s.w.s.m.m.a.RequestMappingHandlerMapping - Mapped "{[/document/deletes],methods=[],params=[],headers=[],consumes=[],produces=[],custom=[]}" onto public com.toolkit.extjs.ExtMessage com.epublic.police.controller.DocumentController.deletes(java.lang.Long[])
17:25:59.859 [main] INFO  o.s.w.s.m.m.a.RequestMappingHandlerMapping - Mapped "{[/document/saveEditGrid],methods=[],params=[],headers=[],consumes=[],produces=[],custom=[]}" onto public com.toolkit.extjs.ExtMessage com.epublic.police.controller.DocumentController.saveEditGrid(java.lang.String)
17:25:59.859 [main] INFO  o.s.w.s.m.m.a.RequestMappingHandlerMapping - Mapped "{[/police/index],methods=[],params=[],headers=[],consumes=[],produces=[],custom=[]}" onto public java.lang.String com.epublic.police.controller.PoliceController.index()
17:25:59.859 [main] INFO  o.s.w.s.m.m.a.RequestMappingHandlerMapping - Mapped "{[/police/page],methods=[],params=[],headers=[],consumes=[],produces=[],custom=[]}" onto public com.toolkit.core.MapBean com.epublic.police.controller.PoliceController.page(java.lang.Long,java.lang.Integer,java.lang.Integer)
17:25:59.859 [main] INFO  o.s.w.s.m.m.a.RequestMappingHandlerMapping - Mapped "{[/police/saveOrUpdate],methods=[],params=[],headers=[],consumes=[],produces=[],custom=[]}" onto public com.toolkit.extjs.ExtMessage com.epublic.police.controller.PoliceController.saveOrUpdate(com.epublic.entity.Police)
17:25:59.859 [main] INFO  o.s.w.s.m.m.a.RequestMappingHandlerMapping - Mapped "{[/police/deletes],methods=[],params=[],headers=[],consumes=[],produces=[],custom=[]}" onto public com.toolkit.extjs.ExtMessage com.epublic.police.controller.PoliceController.deletes(java.lang.Long[])
17:25:59.859 [main] INFO  o.s.w.s.m.m.a.RequestMappingHandlerMapping - Mapped "{[/police/saveEditGrid],methods=[],params=[],headers=[],consumes=[],produces=[],custom=[]}" onto public com.toolkit.extjs.ExtMessage com.epublic.police.controller.PoliceController.saveEditGrid(java.lang.String)
17:25:59.859 [main] INFO  o.s.w.s.m.m.a.RequestMappingHandlerMapping - Mapped "{[/unit/index],methods=[],params=[],headers=[],consumes=[],produces=[],custom=[]}" onto public java.lang.String com.epublic.police.controller.UnitController.index()
17:25:59.859 [main] INFO  o.s.w.s.m.m.a.RequestMappingHandlerMapping - Mapped "{[/unit/page],methods=[],params=[],headers=[],consumes=[],produces=[],custom=[]}" onto public com.toolkit.core.MapBean com.epublic.police.controller.UnitController.page(java.lang.Long,java.lang.Integer,java.lang.Integer)
17:25:59.859 [main] INFO  o.s.w.s.m.m.a.RequestMappingHandlerMapping - Mapped "{[/unit/saveOrUpdate],methods=[],params=[],headers=[],consumes=[],produces=[],custom=[]}" onto public com.toolkit.extjs.ExtMessage com.epublic.police.controller.UnitController.saveOrUpdate(com.epublic.entity.Unit)
17:25:59.859 [main] INFO  o.s.w.s.m.m.a.RequestMappingHandlerMapping - Mapped "{[/unit/deletes],methods=[],params=[],headers=[],consumes=[],produces=[],custom=[]}" onto public com.toolkit.extjs.ExtMessage com.epublic.police.controller.UnitController.deletes(java.lang.Long[])
17:25:59.859 [main] INFO  o.s.w.s.m.m.a.RequestMappingHandlerMapping - Mapped "{[/unit/saveEditGrid],methods=[],params=[],headers=[],consumes=[],produces=[],custom=[]}" onto public com.toolkit.extjs.ExtMessage com.epublic.police.controller.UnitController.saveEditGrid(java.lang.String)
17:25:59.875 [main] INFO  o.s.w.s.m.m.a.RequestMappingHandlerMapping - Mapped "{[/sys/gen/genCode],methods=[POST],params=[],headers=[],consumes=[],produces=[],custom=[]}" onto public com.toolkit.extjs.ExtMessage com.epublic.sys.controller.GenController.genCode()
17:25:59.875 [main] INFO  o.s.w.s.m.m.a.RequestMappingHandlerMapping - Mapped "{[/sys/gen/genMasterSubCode],methods=[POST],params=[],headers=[],consumes=[],produces=[],custom=[]}" onto public com.toolkit.extjs.ExtMessage com.epublic.sys.controller.GenController.genMasterSubCode()
17:25:59.875 [main] INFO  o.s.w.s.m.m.a.RequestMappingHandlerMapping - Mapped "{[/sys/gen/tableExist],methods=[POST],params=[],headers=[],consumes=[],produces=[],custom=[]}" onto public com.toolkit.extjs.ExtMessage com.epublic.sys.controller.GenController.tableExist()
17:25:59.875 [main] INFO  o.s.w.s.m.m.a.RequestMappingHandlerMapping - Mapped "{[/index/{ns1}/{ns2}],methods=[],params=[],headers=[],consumes=[],produces=[],custom=[]}" onto public java.lang.String com.epublic.sys.controller.IndexController.index(java.lang.String,java.lang.String)
17:25:59.875 [main] INFO  o.s.w.s.m.m.a.RequestMappingHandlerMapping - Mapped "{[/index/{ns}],methods=[],params=[],headers=[],consumes=[],produces=[],custom=[]}" onto public java.lang.String com.epublic.sys.controller.IndexController.index(java.lang.String)
17:25:59.875 [main] INFO  o.s.w.s.m.m.a.RequestMappingHandlerMapping - Mapped "{[/index],methods=[],params=[],headers=[],consumes=[],produces=[],custom=[]}" onto public java.lang.String com.epublic.sys.controller.IndexController.index(org.springframework.ui.Model)
17:25:59.875 [main] INFO  o.s.w.s.m.m.a.RequestMappingHandlerMapping - Mapped "{[/login],methods=[POST],params=[],headers=[],consumes=[],produces=[],custom=[]}" onto public java.lang.String com.epublic.sys.controller.LoginController.fail(java.lang.String,org.springframework.ui.Model)
17:25:59.875 [main] INFO  o.s.w.s.m.m.a.RequestMappingHandlerMapping - Mapped "{[/login],methods=[GET],params=[],headers=[],consumes=[],produces=[],custom=[]}" onto public java.lang.String com.epublic.sys.controller.LoginController.login()
17:25:59.875 [main] INFO  o.s.w.s.m.m.a.RequestMappingHandlerMapping - Mapped "{[/logout],methods=[GET],params=[],headers=[],consumes=[],produces=[],custom=[]}" onto public java.lang.String com.epublic.sys.controller.LogoutController.logout()
17:25:59.875 [main] INFO  o.s.w.s.m.m.a.RequestMappingHandlerMapping - Mapped "{[/sys/menu/index],methods=[],params=[],headers=[],consumes=[],produces=[],custom=[]}" onto public java.lang.String com.epublic.sys.controller.MenuController.index()
17:25:59.890 [main] INFO  o.s.w.s.m.m.a.RequestMappingHandlerMapping - Mapped "{[/sys/menu/page],methods=[],params=[],headers=[],consumes=[],produces=[],custom=[]}" onto public com.toolkit.core.MapBean com.epublic.sys.controller.MenuController.page(java.lang.Long,java.lang.Integer,java.lang.Integer)
17:25:59.890 [main] INFO  o.s.w.s.m.m.a.RequestMappingHandlerMapping - Mapped "{[/sys/menu/saveOrUpdate],methods=[],params=[],headers=[],consumes=[],produces=[],custom=[]}" onto public com.toolkit.extjs.ExtMessage com.epublic.sys.controller.MenuController.saveOrUpdate(com.epublic.entity.Menu) throws java.lang.Exception
17:25:59.890 [main] INFO  o.s.w.s.m.m.a.RequestMappingHandlerMapping - Mapped "{[/sys/menu/findLeftMenuTree],methods=[],params=[],headers=[],consumes=[],produces=[],custom=[]}" onto public java.util.List<com.epublic.entity.Menu> com.epublic.sys.controller.MenuController.findLeftMenuTree(java.lang.Long)
17:25:59.890 [main] INFO  o.s.w.s.m.m.a.RequestMappingHandlerMapping - Mapped "{[/sys/menu/deletes],methods=[],params=[],headers=[],consumes=[],produces=[],custom=[]}" onto public com.toolkit.extjs.ExtMessage com.epublic.sys.controller.MenuController.deletes(java.lang.Long[])
17:25:59.890 [main] INFO  o.s.w.s.m.m.a.RequestMappingHandlerMapping - Mapped "{[/sys/menu/getMenuTree],methods=[],params=[],headers=[],consumes=[],produces=[],custom=[]}" onto public java.util.List<com.epublic.entity.Menu> com.epublic.sys.controller.MenuController.getMenuTree(java.lang.Long)
17:25:59.890 [main] INFO  o.s.w.s.m.m.a.RequestMappingHandlerMapping - Mapped "{[/sys/menu/saveEditGrid],methods=[],params=[],headers=[],consumes=[],produces=[],custom=[]}" onto public com.toolkit.extjs.ExtMessage com.epublic.sys.controller.MenuController.saveEditGrid(java.lang.String)
17:25:59.937 [main] INFO  o.s.w.s.m.m.a.RequestMappingHandlerMapping - Mapped "{[/to/{ns1}/{ns2}/{ns3}],methods=[],params=[],headers=[],consumes=[],produces=[],custom=[]}" onto public java.lang.String com.epublic.sys.controller.UrlController.index(java.lang.String,java.lang.String,java.lang.String)
17:25:59.937 [main] INFO  o.s.w.s.m.m.a.RequestMappingHandlerMapping - Mapped "{[/to/{ns1}/{ns2}],methods=[],params=[],headers=[],consumes=[],produces=[],custom=[]}" onto public java.lang.String com.epublic.sys.controller.UrlController.index(java.lang.String,java.lang.String)
17:25:59.937 [main] INFO  o.s.w.s.m.m.a.RequestMappingHandlerMapping - Mapped "{[/to/{ns}],methods=[],params=[],headers=[],consumes=[],produces=[],custom=[]}" onto public java.lang.String com.epublic.sys.controller.UrlController.index(java.lang.String)
17:25:59.937 [main] INFO  o.s.w.s.m.m.a.RequestMappingHandlerMapping - Mapped "{[/sys/user/index],methods=[],params=[],headers=[],consumes=[],produces=[],custom=[]}" onto public java.lang.String com.epublic.sys.controller.UserController.index()
17:25:59.937 [main] INFO  o.s.w.s.m.m.a.RequestMappingHandlerMapping - Mapped "{[/sys/user/page],methods=[],params=[],headers=[],consumes=[],produces=[],custom=[]}" onto public com.toolkit.core.MapBean com.epublic.sys.controller.UserController.page(java.lang.Long,java.lang.Integer,java.lang.Integer)
17:25:59.937 [main] INFO  o.s.w.s.m.m.a.RequestMappingHandlerMapping - Mapped "{[/sys/user/saveOrUpdate],methods=[],params=[],headers=[],consumes=[],produces=[],custom=[]}" onto public com.toolkit.extjs.ExtMessage com.epublic.sys.controller.UserController.saveOrUpdate(com.epublic.entity.User)
17:25:59.937 [main] INFO  o.s.w.s.m.m.a.RequestMappingHandlerMapping - Mapped "{[/sys/user/userPwd],methods=[],params=[],headers=[],consumes=[],produces=[],custom=[]}" onto public java.lang.String com.epublic.sys.controller.UserController.userPwd()
17:25:59.937 [main] INFO  o.s.w.s.m.m.a.RequestMappingHandlerMapping - Mapped "{[/sys/user/deletes],methods=[],params=[],headers=[],consumes=[],produces=[],custom=[]}" onto public com.toolkit.extjs.ExtMessage com.epublic.sys.controller.UserController.deletes(java.lang.Long[])
17:25:59.937 [main] INFO  o.s.w.s.m.m.a.RequestMappingHandlerMapping - Mapped "{[/sys/user/saveEditGrid],methods=[],params=[],headers=[],consumes=[],produces=[],custom=[]}" onto public com.toolkit.extjs.ExtMessage com.epublic.sys.controller.UserController.saveEditGrid(java.lang.String)
17:25:59.937 [main] INFO  o.s.w.s.m.m.a.RequestMappingHandlerMapping - Mapped "{[/sys/user/changePassword],methods=[],params=[],headers=[],consumes=[],produces=[],custom=[]}" onto public com.toolkit.extjs.ExtMessage com.epublic.sys.controller.UserController.changePassword(java.lang.String,java.lang.String)
17:25:59.937 [main] INFO  o.s.w.s.m.m.a.RequestMappingHandlerMapping - Mapped "{[/sys/widgets/excel],methods=[],params=[],headers=[],consumes=[],produces=[],custom=[]}" onto public void com.epublic.sys.controller.WidgetsController.excel(javax.servlet.http.HttpServletRequest,javax.servlet.http.HttpServletResponse)
17:25:59.937 [main] INFO  o.s.w.s.m.m.a.RequestMappingHandlerMapping - Mapped "{[/sys/widgets/getCombo],methods=[],params=[],headers=[],consumes=[],produces=[],custom=[]}" onto public com.toolkit.extjs.ExtMessage com.epublic.sys.controller.WidgetsController.getCombo()
17:25:59.937 [main] INFO  o.s.w.s.m.m.a.RequestMappingHandlerMapping - Mapped "{[/wt/tzd/index],methods=[],params=[],headers=[],consumes=[],produces=[],custom=[]}" onto public java.lang.String com.epublic.wt.controller.WftcgzdController.index()
17:25:59.937 [main] INFO  o.s.w.s.m.m.a.RequestMappingHandlerMapping - Mapped "{[/wt/tzd/view],methods=[],params=[],headers=[],consumes=[],produces=[],custom=[]}" onto public java.lang.String com.epublic.wt.controller.WftcgzdController.view(java.lang.String,javax.servlet.http.HttpServletRequest,javax.servlet.http.HttpServletResponse,org.springframework.ui.ModelMap)
17:25:59.937 [main] INFO  o.s.w.s.m.m.a.RequestMappingHandlerMapping - Mapped "{[/wt/tzd/page],methods=[],params=[],headers=[],consumes=[],produces=[],custom=[]}" onto public com.toolkit.core.MapBean com.epublic.wt.controller.WftcgzdController.page(java.lang.Integer,java.lang.Integer,com.epublic.wt.entity.Wftcgzd)
17:25:59.937 [main] INFO  o.s.w.s.m.m.a.RequestMappingHandlerMapping - Mapped "{[/wt/tzd/saveOrUpdate],methods=[],params=[],headers=[],consumes=[],produces=[],custom=[]}" onto public com.toolkit.extjs.ExtMessage com.epublic.wt.controller.WftcgzdController.saveOrUpdate(com.epublic.wt.entity.Wftcgzd)
17:25:59.937 [main] INFO  o.s.w.s.m.m.a.RequestMappingHandlerMapping - Mapped "{[/wt/tzd/checkView],methods=[],params=[],headers=[],consumes=[],produces=[],custom=[]}" onto public java.lang.String com.epublic.wt.controller.WftcgzdController.checkView(java.lang.String,javax.servlet.http.HttpServletRequest,javax.servlet.http.HttpServletResponse,org.springframework.ui.ModelMap)
17:25:59.937 [main] INFO  o.s.w.s.m.m.a.RequestMappingHandlerMapping - Mapped "{[/wt/tzd/viewPic],methods=[],params=[],headers=[],consumes=[],produces=[],custom=[]}" onto public void com.epublic.wt.controller.WftcgzdController.viewPic(javax.servlet.http.HttpServletResponse,java.lang.String,int) throws java.lang.Exception
17:25:59.937 [main] INFO  o.s.w.s.m.m.a.RequestMappingHandlerMapping - Mapped "{[/wt/tzd/deletes],methods=[],params=[],headers=[],consumes=[],produces=[],custom=[]}" onto public com.toolkit.extjs.ExtMessage com.epublic.wt.controller.WftcgzdController.deletes(java.lang.String[])
17:26:01.187 [main] INFO  o.s.w.s.h.SimpleUrlHandlerMapping - Mapped URL path [/**] onto handler 'org.springframework.web.servlet.resource.DefaultServletHttpRequestHandler#0'
17:26:01.234 [main] INFO  o.s.w.s.h.SimpleUrlHandlerMapping - Root mapping to handler of type [class org.springframework.web.servlet.mvc.ParameterizableViewController]
17:26:01.328 [main] INFO  o.s.web.servlet.DispatcherServlet - FrameworkServlet 'springServlet': initialization completed in 2782 ms
