10:40:15.406 [main] WARN  o.s.modules.utils.Reflections - AccountService$$EnhancerByCGLIB$$cab1848b's superclass not ParameterizedType
10:40:16.343 [main] WARN  o.s.modules.utils.Reflections - MenuService$$EnhancerByCGLIB$$bd3bec2b's superclass not ParameterizedType
10:40:42.156 [1203021@qtp-17538308-2] ERROR 500.jsp - null
org.mortbay.jetty.EofException: null
	at org.mortbay.jetty.HttpGenerator.flush(HttpGenerator.java:789) ~[jetty-6.1.25.jar:6.1.25]
	at org.mortbay.jetty.HttpGenerator.complete(HttpGenerator.java:676) ~[jetty-6.1.25.jar:6.1.25]
	at org.mortbay.jetty.HttpConnection.commitResponse(HttpConnection.java:653) [jetty-6.1.25.jar:6.1.25]
	at org.mortbay.jetty.HttpConnection$Output.sendContent(HttpConnection.java:1097) ~[jetty-6.1.25.jar:6.1.25]
	at org.mortbay.jetty.servlet.DefaultServlet.sendData(DefaultServlet.java:710) ~[jetty-6.1.25.jar:6.1.25]
	at org.mortbay.jetty.servlet.DefaultServlet.doGet(DefaultServlet.java:454) ~[jetty-6.1.25.jar:6.1.25]
	at javax.servlet.http.HttpServlet.service(HttpServlet.java:621) [servlet-api.jar:na]
	at javax.servlet.http.HttpServlet.service(HttpServlet.java:728) [servlet-api.jar:na]
	at org.mortbay.jetty.servlet.ServletHolder.handle(ServletHolder.java:511) [jetty-6.1.25.jar:6.1.25]
	at org.mortbay.jetty.servlet.ServletHandler.handle(ServletHandler.java:390) [jetty-6.1.25.jar:6.1.25]
	at org.mortbay.jetty.security.SecurityHandler.handle(SecurityHandler.java:216) [jetty-6.1.25.jar:6.1.25]
	at org.mortbay.jetty.servlet.SessionHandler.handle(SessionHandler.java:182) [jetty-6.1.25.jar:6.1.25]
	at org.mortbay.jetty.handler.ContextHandler.handle(ContextHandler.java:765) [jetty-6.1.25.jar:6.1.25]
	at org.mortbay.jetty.webapp.WebAppContext.handle(WebAppContext.java:440) [jetty-6.1.25.jar:6.1.25]
	at org.mortbay.jetty.servlet.Dispatcher.forward(Dispatcher.java:224) ~[jetty-6.1.25.jar:6.1.25]
	at org.mortbay.jetty.servlet.Dispatcher.forward(Dispatcher.java:126) ~[jetty-6.1.25.jar:6.1.25]
	at org.springframework.web.servlet.resource.DefaultServletHttpRequestHandler.handleRequest(DefaultServletHttpRequestHandler.java:120) ~[spring-webmvc-3.2.3.RELEASE.jar:3.2.3.RELEASE]
	at org.springframework.web.servlet.mvc.HttpRequestHandlerAdapter.handle(HttpRequestHandlerAdapter.java:49) ~[spring-webmvc-3.2.3.RELEASE.jar:3.2.3.RELEASE]
	at org.springframework.web.servlet.DispatcherServlet.doDispatch(DispatcherServlet.java:925) [spring-webmvc-3.2.3.RELEASE.jar:3.2.3.RELEASE]
	at org.springframework.web.servlet.DispatcherServlet.doService(DispatcherServlet.java:856) [spring-webmvc-3.2.3.RELEASE.jar:3.2.3.RELEASE]
	at org.springframework.web.servlet.FrameworkServlet.processRequest(FrameworkServlet.java:936) [spring-webmvc-3.2.3.RELEASE.jar:3.2.3.RELEASE]
	at org.springframework.web.servlet.FrameworkServlet.doGet(FrameworkServlet.java:827) [spring-webmvc-3.2.3.RELEASE.jar:3.2.3.RELEASE]
	at javax.servlet.http.HttpServlet.service(HttpServlet.java:621) [servlet-api.jar:na]
	at org.springframework.web.servlet.FrameworkServlet.service(FrameworkServlet.java:812) [spring-webmvc-3.2.3.RELEASE.jar:3.2.3.RELEASE]
	at javax.servlet.http.HttpServlet.service(HttpServlet.java:728) [servlet-api.jar:na]
	at org.mortbay.jetty.servlet.ServletHolder.handle(ServletHolder.java:511) [jetty-6.1.25.jar:6.1.25]
	at org.mortbay.jetty.servlet.ServletHandler$CachedChain.doFilter(ServletHandler.java:1166) [jetty-6.1.25.jar:6.1.25]
	at com.opensymphony.sitemesh.webapp.SiteMeshFilter.doFilter(SiteMeshFilter.java:65) [sitemesh-2.4.2.jar:na]
	at org.mortbay.jetty.servlet.ServletHandler$CachedChain.doFilter(ServletHandler.java:1157) [jetty-6.1.25.jar:6.1.25]
	at org.apache.shiro.web.servlet.ProxiedFilterChain.doFilter(ProxiedFilterChain.java:61) [shiro-web-1.2.2.jar:1.2.2]
	at org.apache.shiro.web.servlet.AdviceFilter.executeChain(AdviceFilter.java:108) [shiro-web-1.2.2.jar:1.2.2]
	at org.apache.shiro.web.servlet.AdviceFilter.doFilterInternal(AdviceFilter.java:137) [shiro-web-1.2.2.jar:1.2.2]
	at org.apache.shiro.web.servlet.OncePerRequestFilter.doFilter(OncePerRequestFilter.java:125) [shiro-web-1.2.2.jar:1.2.2]
	at org.apache.shiro.web.servlet.ProxiedFilterChain.doFilter(ProxiedFilterChain.java:66) [shiro-web-1.2.2.jar:1.2.2]
	at org.apache.shiro.web.servlet.AbstractShiroFilter.executeChain(AbstractShiroFilter.java:449) [shiro-web-1.2.2.jar:1.2.2]
	at org.apache.shiro.web.servlet.AbstractShiroFilter$1.call(AbstractShiroFilter.java:365) [shiro-web-1.2.2.jar:1.2.2]
	at org.apache.shiro.subject.support.SubjectCallable.doCall(SubjectCallable.java:90) [shiro-core-1.2.2.jar:1.2.2]
	at org.apache.shiro.subject.support.SubjectCallable.call(SubjectCallable.java:83) [shiro-core-1.2.2.jar:1.2.2]
	at org.apache.shiro.subject.support.DelegatingSubject.execute(DelegatingSubject.java:383) [shiro-core-1.2.2.jar:1.2.2]
	at org.apache.shiro.web.servlet.AbstractShiroFilter.doFilterInternal(AbstractShiroFilter.java:362) [shiro-web-1.2.2.jar:1.2.2]
	at org.apache.shiro.web.servlet.OncePerRequestFilter.doFilter(OncePerRequestFilter.java:125) [shiro-web-1.2.2.jar:1.2.2]
	at org.springframework.web.filter.DelegatingFilterProxy.invokeDelegate(DelegatingFilterProxy.java:346) [spring-web-3.2.3.RELEASE.jar:3.2.3.RELEASE]
	at org.springframework.web.filter.DelegatingFilterProxy.doFilter(DelegatingFilterProxy.java:259) [spring-web-3.2.3.RELEASE.jar:3.2.3.RELEASE]
	at org.mortbay.jetty.servlet.ServletHandler$CachedChain.doFilter(ServletHandler.java:1157) [jetty-6.1.25.jar:6.1.25]
	at org.springframework.orm.jpa.support.OpenEntityManagerInViewFilter.doFilterInternal(OpenEntityManagerInViewFilter.java:180) [spring-orm-3.2.3.RELEASE.jar:3.2.3.RELEASE]
	at org.springframework.web.filter.OncePerRequestFilter.doFilter(OncePerRequestFilter.java:107) [spring-web-3.2.3.RELEASE.jar:3.2.3.RELEASE]
	at org.mortbay.jetty.servlet.ServletHandler$CachedChain.doFilter(ServletHandler.java:1157) [jetty-6.1.25.jar:6.1.25]
	at org.springframework.web.filter.CharacterEncodingFilter.doFilterInternal(CharacterEncodingFilter.java:88) [spring-web-3.2.3.RELEASE.jar:3.2.3.RELEASE]
	at org.springframework.web.filter.OncePerRequestFilter.doFilter(OncePerRequestFilter.java:107) [spring-web-3.2.3.RELEASE.jar:3.2.3.RELEASE]
	at org.mortbay.jetty.servlet.ServletHandler$CachedChain.doFilter(ServletHandler.java:1157) [jetty-6.1.25.jar:6.1.25]
	at org.mortbay.jetty.servlet.ServletHandler.handle(ServletHandler.java:388) [jetty-6.1.25.jar:6.1.25]
	at org.mortbay.jetty.security.SecurityHandler.handle(SecurityHandler.java:216) [jetty-6.1.25.jar:6.1.25]
	at org.mortbay.jetty.servlet.SessionHandler.handle(SessionHandler.java:182) [jetty-6.1.25.jar:6.1.25]
	at org.mortbay.jetty.handler.ContextHandler.handle(ContextHandler.java:765) [jetty-6.1.25.jar:6.1.25]
	at org.mortbay.jetty.webapp.WebAppContext.handle(WebAppContext.java:440) [jetty-6.1.25.jar:6.1.25]
	at org.mortbay.jetty.handler.HandlerWrapper.handle(HandlerWrapper.java:152) [jetty-6.1.25.jar:6.1.25]
	at org.mortbay.jetty.Server.handle(Server.java:326) [jetty-6.1.25.jar:6.1.25]
	at org.mortbay.jetty.HttpConnection.handleRequest(HttpConnection.java:542) [jetty-6.1.25.jar:6.1.25]
	at org.mortbay.jetty.HttpConnection$RequestHandler.headerComplete(HttpConnection.java:926) [jetty-6.1.25.jar:6.1.25]
	at org.mortbay.jetty.HttpParser.parseNext(HttpParser.java:549) [jetty-6.1.25.jar:6.1.25]
	at org.mortbay.jetty.HttpParser.parseAvailable(HttpParser.java:212) [jetty-6.1.25.jar:6.1.25]
	at org.mortbay.jetty.HttpConnection.handle(HttpConnection.java:404) [jetty-6.1.25.jar:6.1.25]
	at org.mortbay.jetty.bio.SocketConnector$Connection.run(SocketConnector.java:228) [jetty-6.1.25.jar:6.1.25]
	at org.mortbay.thread.QueuedThreadPool$PoolThread.run(QueuedThreadPool.java:582) [jetty-util-6.1.25.jar:6.1.25]
Caused by: java.net.SocketException: Connection reset by peer: socket write error
	at java.net.SocketOutputStream.socketWrite0(Native Method) ~[na:1.6.0_10-rc2]
	at java.net.SocketOutputStream.socketWrite(SocketOutputStream.java:92) ~[na:1.6.0_10-rc2]
	at java.net.SocketOutputStream.write(SocketOutputStream.java:136) ~[na:1.6.0_10-rc2]
	at org.mortbay.io.ByteArrayBuffer.writeTo(ByteArrayBuffer.java:368) ~[jetty-6.1.25.jar:6.1.25]
	at org.mortbay.io.bio.StreamEndPoint.flush(StreamEndPoint.java:122) ~[jetty-6.1.25.jar:6.1.25]
	at org.mortbay.io.bio.StreamEndPoint.flush(StreamEndPoint.java:142) ~[jetty-6.1.25.jar:6.1.25]
	at org.mortbay.jetty.HttpGenerator.flush(HttpGenerator.java:715) ~[jetty-6.1.25.jar:6.1.25]
	... 63 common frames omitted
10:42:33.656 [main] WARN  o.s.modules.utils.Reflections - AccountService$$EnhancerByCGLIB$$b7a0abaa's superclass not ParameterizedType
10:42:34.734 [main] WARN  o.s.modules.utils.Reflections - MenuService$$EnhancerByCGLIB$$aa2b134a's superclass not ParameterizedType
