09:35:33.750 [main] ERROR o.s.web.context.ContextLoader - Context initialization failed
org.springframework.beans.factory.BeanCreationException: Error creating bean with name 'shiroFilter' defined in URL [file:/D:/project/jgzf/trunk/code/jgzf/webapp/WEB-INF/classes/applicationContext-shiro.xml]: Cannot resolve reference to bean 'securityManager' while setting bean property 'securityManager'; nested exception is org.springframework.beans.factory.BeanCreationException: Error creating bean with name 'securityManager' defined in URL [file:/D:/project/jgzf/trunk/code/jgzf/webapp/WEB-INF/classes/applicationContext-shiro.xml]: Cannot resolve reference to bean 'shiroDbRealm' while setting bean property 'realm'; nested exception is org.springframework.beans.factory.BeanCreationException: Error creating bean with name 'shiroDbRealm' defined in URL [file:/D:/project/jgzf/trunk/code/jgzf/webapp/WEB-INF/classes/applicationContext-shiro.xml]: Cannot resolve reference to bean 'accountService' while setting bean property 'accountService'; nested exception is org.springframework.beans.factory.BeanCreationException: Error creating bean with name 'accountService': Injection of persistence dependencies failed; nested exception is org.springframework.beans.factory.CannotLoadBeanClassException: Cannot find class [com.epublic.dao.JdbcDao] for bean with name 'jdbcDao' defined in URL [file:/D:/project/jgzf/trunk/code/jgzf/webapp/WEB-INF/classes/applicationContext.xml]; nested exception is java.lang.ClassNotFoundException: com.epublic.dao.JdbcDao
	at org.springframework.beans.factory.support.BeanDefinitionValueResolver.resolveReference(BeanDefinitionValueResolver.java:329) ~[spring-beans-3.2.3.RELEASE.jar:3.2.3.RELEASE]
	at org.springframework.beans.factory.support.BeanDefinitionValueResolver.resolveValueIfNecessary(BeanDefinitionValueResolver.java:107) ~[spring-beans-3.2.3.RELEASE.jar:3.2.3.RELEASE]
	at org.springframework.beans.factory.support.AbstractAutowireCapableBeanFactory.applyPropertyValues(AbstractAutowireCapableBeanFactory.java:1387) ~[spring-beans-3.2.3.RELEASE.jar:3.2.3.RELEASE]
	at org.springframework.beans.factory.support.AbstractAutowireCapableBeanFactory.populateBean(AbstractAutowireCapableBeanFactory.java:1128) ~[spring-beans-3.2.3.RELEASE.jar:3.2.3.RELEASE]
	at org.springframework.beans.factory.support.AbstractAutowireCapableBeanFactory.doCreateBean(AbstractAutowireCapableBeanFactory.java:519) ~[spring-beans-3.2.3.RELEASE.jar:3.2.3.RELEASE]
	at org.springframework.beans.factory.support.AbstractAutowireCapableBeanFactory.createBean(AbstractAutowireCapableBeanFactory.java:458) ~[spring-beans-3.2.3.RELEASE.jar:3.2.3.RELEASE]
	at org.springframework.beans.factory.support.AbstractBeanFactory$1.getObject(AbstractBeanFactory.java:295) ~[spring-beans-3.2.3.RELEASE.jar:3.2.3.RELEASE]
	at org.springframework.beans.factory.support.DefaultSingletonBeanRegistry.getSingleton(DefaultSingletonBeanRegistry.java:223) ~[spring-beans-3.2.3.RELEASE.jar:3.2.3.RELEASE]
	at org.springframework.beans.factory.support.AbstractBeanFactory.doGetBean(AbstractBeanFactory.java:292) ~[spring-beans-3.2.3.RELEASE.jar:3.2.3.RELEASE]
	at org.springframework.beans.factory.support.AbstractBeanFactory.getBean(AbstractBeanFactory.java:198) ~[spring-beans-3.2.3.RELEASE.jar:3.2.3.RELEASE]
	at org.springframework.context.support.AbstractApplicationContext.registerBeanPostProcessors(AbstractApplicationContext.java:753) ~[spring-context-3.2.3.RELEASE.jar:3.2.3.RELEASE]
	at org.springframework.context.support.AbstractApplicationContext.refresh(AbstractApplicationContext.java:464) ~[spring-context-3.2.3.RELEASE.jar:3.2.3.RELEASE]
	at org.springframework.web.context.ContextLoader.configureAndRefreshWebApplicationContext(ContextLoader.java:389) ~[spring-web-3.2.3.RELEASE.jar:3.2.3.RELEASE]
	at org.springframework.web.context.ContextLoader.initWebApplicationContext(ContextLoader.java:294) ~[spring-web-3.2.3.RELEASE.jar:3.2.3.RELEASE]
	at org.springframework.web.context.ContextLoaderListener.contextInitialized(ContextLoaderListener.java:112) [spring-web-3.2.3.RELEASE.jar:3.2.3.RELEASE]
	at org.mortbay.jetty.handler.ContextHandler.startContext(ContextHandler.java:548) [jetty-6.1.25.jar:6.1.25]
	at org.mortbay.jetty.servlet.Context.startContext(Context.java:136) [jetty-6.1.25.jar:6.1.25]
	at org.mortbay.jetty.webapp.WebAppContext.startContext(WebAppContext.java:1272) [jetty-6.1.25.jar:6.1.25]
	at org.mortbay.jetty.handler.ContextHandler.doStart(ContextHandler.java:517) [jetty-6.1.25.jar:6.1.25]
	at org.mortbay.jetty.webapp.WebAppContext.doStart(WebAppContext.java:489) [jetty-6.1.25.jar:6.1.25]
	at org.mortbay.component.AbstractLifeCycle.start(AbstractLifeCycle.java:50) [jetty-util-6.1.25.jar:6.1.25]
	at org.mortbay.jetty.handler.HandlerWrapper.doStart(HandlerWrapper.java:130) [jetty-6.1.25.jar:6.1.25]
	at org.mortbay.jetty.Server.doStart(Server.java:224) [jetty-6.1.25.jar:6.1.25]
	at org.mortbay.component.AbstractLifeCycle.start(AbstractLifeCycle.java:50) [jetty-util-6.1.25.jar:6.1.25]
	at jetty.service.Jgzf.main(Jgzf.java:14) [bin/:na]
Caused by: org.springframework.beans.factory.BeanCreationException: Error creating bean with name 'securityManager' defined in URL [file:/D:/project/jgzf/trunk/code/jgzf/webapp/WEB-INF/classes/applicationContext-shiro.xml]: Cannot resolve reference to bean 'shiroDbRealm' while setting bean property 'realm'; nested exception is org.springframework.beans.factory.BeanCreationException: Error creating bean with name 'shiroDbRealm' defined in URL [file:/D:/project/jgzf/trunk/code/jgzf/webapp/WEB-INF/classes/applicationContext-shiro.xml]: Cannot resolve reference to bean 'accountService' while setting bean property 'accountService'; nested exception is org.springframework.beans.factory.BeanCreationException: Error creating bean with name 'accountService': Injection of persistence dependencies failed; nested exception is org.springframework.beans.factory.CannotLoadBeanClassException: Cannot find class [com.epublic.dao.JdbcDao] for bean with name 'jdbcDao' defined in URL [file:/D:/project/jgzf/trunk/code/jgzf/webapp/WEB-INF/classes/applicationContext.xml]; nested exception is java.lang.ClassNotFoundException: com.epublic.dao.JdbcDao
	at org.springframework.beans.factory.support.BeanDefinitionValueResolver.resolveReference(BeanDefinitionValueResolver.java:329) ~[spring-beans-3.2.3.RELEASE.jar:3.2.3.RELEASE]
	at org.springframework.beans.factory.support.BeanDefinitionValueResolver.resolveValueIfNecessary(BeanDefinitionValueResolver.java:107) ~[spring-beans-3.2.3.RELEASE.jar:3.2.3.RELEASE]
	at org.springframework.beans.factory.support.AbstractAutowireCapableBeanFactory.applyPropertyValues(AbstractAutowireCapableBeanFactory.java:1387) ~[spring-beans-3.2.3.RELEASE.jar:3.2.3.RELEASE]
	at org.springframework.beans.factory.support.AbstractAutowireCapableBeanFactory.populateBean(AbstractAutowireCapableBeanFactory.java:1128) ~[spring-beans-3.2.3.RELEASE.jar:3.2.3.RELEASE]
	at org.springframework.beans.factory.support.AbstractAutowireCapableBeanFactory.doCreateBean(AbstractAutowireCapableBeanFactory.java:519) ~[spring-beans-3.2.3.RELEASE.jar:3.2.3.RELEASE]
	at org.springframework.beans.factory.support.AbstractAutowireCapableBeanFactory.createBean(AbstractAutowireCapableBeanFactory.java:458) ~[spring-beans-3.2.3.RELEASE.jar:3.2.3.RELEASE]
	at org.springframework.beans.factory.support.AbstractBeanFactory$1.getObject(AbstractBeanFactory.java:295) ~[spring-beans-3.2.3.RELEASE.jar:3.2.3.RELEASE]
	at org.springframework.beans.factory.support.DefaultSingletonBeanRegistry.getSingleton(DefaultSingletonBeanRegistry.java:223) ~[spring-beans-3.2.3.RELEASE.jar:3.2.3.RELEASE]
	at org.springframework.beans.factory.support.AbstractBeanFactory.doGetBean(AbstractBeanFactory.java:292) ~[spring-beans-3.2.3.RELEASE.jar:3.2.3.RELEASE]
	at org.springframework.beans.factory.support.AbstractBeanFactory.getBean(AbstractBeanFactory.java:194) ~[spring-beans-3.2.3.RELEASE.jar:3.2.3.RELEASE]
	at org.springframework.beans.factory.support.BeanDefinitionValueResolver.resolveReference(BeanDefinitionValueResolver.java:323) ~[spring-beans-3.2.3.RELEASE.jar:3.2.3.RELEASE]
	... 24 common frames omitted
Caused by: org.springframework.beans.factory.BeanCreationException: Error creating bean with name 'shiroDbRealm' defined in URL [file:/D:/project/jgzf/trunk/code/jgzf/webapp/WEB-INF/classes/applicationContext-shiro.xml]: Cannot resolve reference to bean 'accountService' while setting bean property 'accountService'; nested exception is org.springframework.beans.factory.BeanCreationException: Error creating bean with name 'accountService': Injection of persistence dependencies failed; nested exception is org.springframework.beans.factory.CannotLoadBeanClassException: Cannot find class [com.epublic.dao.JdbcDao] for bean with name 'jdbcDao' defined in URL [file:/D:/project/jgzf/trunk/code/jgzf/webapp/WEB-INF/classes/applicationContext.xml]; nested exception is java.lang.ClassNotFoundException: com.epublic.dao.JdbcDao
	at org.springframework.beans.factory.support.BeanDefinitionValueResolver.resolveReference(BeanDefinitionValueResolver.java:329) ~[spring-beans-3.2.3.RELEASE.jar:3.2.3.RELEASE]
	at org.springframework.beans.factory.support.BeanDefinitionValueResolver.resolveValueIfNecessary(BeanDefinitionValueResolver.java:107) ~[spring-beans-3.2.3.RELEASE.jar:3.2.3.RELEASE]
	at org.springframework.beans.factory.support.AbstractAutowireCapableBeanFactory.applyPropertyValues(AbstractAutowireCapableBeanFactory.java:1387) ~[spring-beans-3.2.3.RELEASE.jar:3.2.3.RELEASE]
	at org.springframework.beans.factory.support.AbstractAutowireCapableBeanFactory.populateBean(AbstractAutowireCapableBeanFactory.java:1128) ~[spring-beans-3.2.3.RELEASE.jar:3.2.3.RELEASE]
	at org.springframework.beans.factory.support.AbstractAutowireCapableBeanFactory.doCreateBean(AbstractAutowireCapableBeanFactory.java:519) ~[spring-beans-3.2.3.RELEASE.jar:3.2.3.RELEASE]
	at org.springframework.beans.factory.support.AbstractAutowireCapableBeanFactory.createBean(AbstractAutowireCapableBeanFactory.java:458) ~[spring-beans-3.2.3.RELEASE.jar:3.2.3.RELEASE]
	at org.springframework.beans.factory.support.AbstractBeanFactory$1.getObject(AbstractBeanFactory.java:295) ~[spring-beans-3.2.3.RELEASE.jar:3.2.3.RELEASE]
	at org.springframework.beans.factory.support.DefaultSingletonBeanRegistry.getSingleton(DefaultSingletonBeanRegistry.java:223) ~[spring-beans-3.2.3.RELEASE.jar:3.2.3.RELEASE]
	at org.springframework.beans.factory.support.AbstractBeanFactory.doGetBean(AbstractBeanFactory.java:292) ~[spring-beans-3.2.3.RELEASE.jar:3.2.3.RELEASE]
	at org.springframework.beans.factory.support.AbstractBeanFactory.getBean(AbstractBeanFactory.java:194) ~[spring-beans-3.2.3.RELEASE.jar:3.2.3.RELEASE]
	at org.springframework.beans.factory.support.BeanDefinitionValueResolver.resolveReference(BeanDefinitionValueResolver.java:323) ~[spring-beans-3.2.3.RELEASE.jar:3.2.3.RELEASE]
	... 34 common frames omitted
Caused by: org.springframework.beans.factory.BeanCreationException: Error creating bean with name 'accountService': Injection of persistence dependencies failed; nested exception is org.springframework.beans.factory.CannotLoadBeanClassException: Cannot find class [com.epublic.dao.JdbcDao] for bean with name 'jdbcDao' defined in URL [file:/D:/project/jgzf/trunk/code/jgzf/webapp/WEB-INF/classes/applicationContext.xml]; nested exception is java.lang.ClassNotFoundException: com.epublic.dao.JdbcDao
	at org.springframework.orm.jpa.support.PersistenceAnnotationBeanPostProcessor.postProcessPropertyValues(PersistenceAnnotationBeanPostProcessor.java:343) ~[spring-orm-3.2.3.RELEASE.jar:3.2.3.RELEASE]
	at org.springframework.beans.factory.support.AbstractAutowireCapableBeanFactory.populateBean(AbstractAutowireCapableBeanFactory.java:1116) ~[spring-beans-3.2.3.RELEASE.jar:3.2.3.RELEASE]
	at org.springframework.beans.factory.support.AbstractAutowireCapableBeanFactory.doCreateBean(AbstractAutowireCapableBeanFactory.java:519) ~[spring-beans-3.2.3.RELEASE.jar:3.2.3.RELEASE]
	at org.springframework.beans.factory.support.AbstractAutowireCapableBeanFactory.createBean(AbstractAutowireCapableBeanFactory.java:458) ~[spring-beans-3.2.3.RELEASE.jar:3.2.3.RELEASE]
	at org.springframework.beans.factory.support.AbstractBeanFactory$1.getObject(AbstractBeanFactory.java:295) ~[spring-beans-3.2.3.RELEASE.jar:3.2.3.RELEASE]
	at org.springframework.beans.factory.support.DefaultSingletonBeanRegistry.getSingleton(DefaultSingletonBeanRegistry.java:223) ~[spring-beans-3.2.3.RELEASE.jar:3.2.3.RELEASE]
	at org.springframework.beans.factory.support.AbstractBeanFactory.doGetBean(AbstractBeanFactory.java:292) ~[spring-beans-3.2.3.RELEASE.jar:3.2.3.RELEASE]
	at org.springframework.beans.factory.support.AbstractBeanFactory.getBean(AbstractBeanFactory.java:194) ~[spring-beans-3.2.3.RELEASE.jar:3.2.3.RELEASE]
	at org.springframework.beans.factory.support.BeanDefinitionValueResolver.resolveReference(BeanDefinitionValueResolver.java:323) ~[spring-beans-3.2.3.RELEASE.jar:3.2.3.RELEASE]
	... 44 common frames omitted
Caused by: org.springframework.beans.factory.CannotLoadBeanClassException: Cannot find class [com.epublic.dao.JdbcDao] for bean with name 'jdbcDao' defined in URL [file:/D:/project/jgzf/trunk/code/jgzf/webapp/WEB-INF/classes/applicationContext.xml]; nested exception is java.lang.ClassNotFoundException: com.epublic.dao.JdbcDao
	at org.springframework.beans.factory.support.AbstractBeanFactory.resolveBeanClass(AbstractBeanFactory.java:1275) ~[spring-beans-3.2.3.RELEASE.jar:3.2.3.RELEASE]
	at org.springframework.beans.factory.support.AbstractAutowireCapableBeanFactory.predictBeanType(AbstractAutowireCapableBeanFactory.java:575) ~[spring-beans-3.2.3.RELEASE.jar:3.2.3.RELEASE]
	at org.springframework.beans.factory.support.AbstractBeanFactory.isFactoryBean(AbstractBeanFactory.java:1344) ~[spring-beans-3.2.3.RELEASE.jar:3.2.3.RELEASE]
	at org.springframework.beans.factory.support.DefaultListableBeanFactory.doGetBeanNamesForType(DefaultListableBeanFactory.java:356) ~[spring-beans-3.2.3.RELEASE.jar:3.2.3.RELEASE]
	at org.springframework.beans.factory.support.DefaultListableBeanFactory.getBeanNamesForType(DefaultListableBeanFactory.java:327) ~[spring-beans-3.2.3.RELEASE.jar:3.2.3.RELEASE]
	at org.springframework.beans.factory.support.DefaultListableBeanFactory.getBeanNamesForType(DefaultListableBeanFactory.java:322) ~[spring-beans-3.2.3.RELEASE.jar:3.2.3.RELEASE]
	at org.springframework.beans.factory.BeanFactoryUtils.beanNamesForTypeIncludingAncestors(BeanFactoryUtils.java:144) ~[spring-beans-3.2.3.RELEASE.jar:3.2.3.RELEASE]
	at org.springframework.orm.jpa.support.PersistenceAnnotationBeanPostProcessor.findDefaultEntityManagerFactory(PersistenceAnnotationBeanPostProcessor.java:527) ~[spring-orm-3.2.3.RELEASE.jar:3.2.3.RELEASE]
	at org.springframework.orm.jpa.support.PersistenceAnnotationBeanPostProcessor.findEntityManagerFactory(PersistenceAnnotationBeanPostProcessor.java:497) ~[spring-orm-3.2.3.RELEASE.jar:3.2.3.RELEASE]
	at org.springframework.orm.jpa.support.PersistenceAnnotationBeanPostProcessor$PersistenceElement.resolveEntityManager(PersistenceAnnotationBeanPostProcessor.java:660) ~[spring-orm-3.2.3.RELEASE.jar:3.2.3.RELEASE]
	at org.springframework.orm.jpa.support.PersistenceAnnotationBeanPostProcessor$PersistenceElement.getResourceToInject(PersistenceAnnotationBeanPostProcessor.java:631) ~[spring-orm-3.2.3.RELEASE.jar:3.2.3.RELEASE]
	at org.springframework.beans.factory.annotation.InjectionMetadata$InjectedElement.inject(InjectionMetadata.java:150) ~[spring-beans-3.2.3.RELEASE.jar:3.2.3.RELEASE]
	at org.springframework.beans.factory.annotation.InjectionMetadata.inject(InjectionMetadata.java:87) ~[spring-beans-3.2.3.RELEASE.jar:3.2.3.RELEASE]
	at org.springframework.orm.jpa.support.PersistenceAnnotationBeanPostProcessor.postProcessPropertyValues(PersistenceAnnotationBeanPostProcessor.java:340) ~[spring-orm-3.2.3.RELEASE.jar:3.2.3.RELEASE]
	... 52 common frames omitted
Caused by: java.lang.ClassNotFoundException: com.epublic.dao.JdbcDao
	at java.net.URLClassLoader$1.run(URLClassLoader.java:366) ~[na:1.7.0_40]
	at java.net.URLClassLoader$1.run(URLClassLoader.java:355) ~[na:1.7.0_40]
	at java.security.AccessController.doPrivileged(Native Method) ~[na:1.7.0_40]
	at java.net.URLClassLoader.findClass(URLClassLoader.java:354) ~[na:1.7.0_40]
	at java.lang.ClassLoader.loadClass(ClassLoader.java:424) ~[na:1.7.0_40]
	at sun.misc.Launcher$AppClassLoader.loadClass(Launcher.java:308) ~[na:1.7.0_40]
	at java.lang.ClassLoader.loadClass(ClassLoader.java:357) ~[na:1.7.0_40]
	at org.mortbay.jetty.webapp.WebAppClassLoader.loadClass(WebAppClassLoader.java:401) ~[jetty-6.1.25.jar:6.1.25]
	at org.mortbay.jetty.webapp.WebAppClassLoader.loadClass(WebAppClassLoader.java:363) ~[jetty-6.1.25.jar:6.1.25]
	at org.springframework.util.ClassUtils.forName(ClassUtils.java:260) ~[spring-core-3.2.3.RELEASE.jar:3.2.3.RELEASE]
	at org.springframework.beans.factory.support.AbstractBeanDefinition.resolveBeanClass(AbstractBeanDefinition.java:416) ~[spring-beans-3.2.3.RELEASE.jar:3.2.3.RELEASE]
	at org.springframework.beans.factory.support.AbstractBeanFactory.doResolveBeanClass(AbstractBeanFactory.java:1296) ~[spring-beans-3.2.3.RELEASE.jar:3.2.3.RELEASE]
	at org.springframework.beans.factory.support.AbstractBeanFactory.resolveBeanClass(AbstractBeanFactory.java:1267) ~[spring-beans-3.2.3.RELEASE.jar:3.2.3.RELEASE]
	... 65 common frames omitted
09:40:29.484 [main] WARN  o.s.modules.utils.Reflections - AccountService$$EnhancerByCGLIB$$3b888db9's superclass not ParameterizedType
09:40:33.421 [main] WARN  o.s.modules.utils.Reflections - MenuService$$EnhancerByCGLIB$$2e12f559's superclass not ParameterizedType
09:41:04.093 [6833966@qtp-32714846-1] ERROR 500.jsp - /WEB-INF/views/login.jsp(6,0) PWC6296: The function getRequest must be used with a prefix when a default namespace is not specified
org.apache.jasper.JasperException: /WEB-INF/views/login.jsp(6,0) PWC6296: The function getRequest must be used with a prefix when a default namespace is not specified
	at org.apache.jasper.compiler.DefaultErrorHandler.jspError(DefaultErrorHandler.java:78) ~[jsp-2.1-glassfish-2.1.v20091210.jar:na]
	at org.apache.jasper.compiler.ErrorDispatcher.dispatch(ErrorDispatcher.java:373) ~[jsp-2.1-glassfish-2.1.v20091210.jar:na]
	at org.apache.jasper.compiler.ErrorDispatcher.jspError(ErrorDispatcher.java:201) ~[jsp-2.1-glassfish-2.1.v20091210.jar:na]
	at org.apache.jasper.compiler.Validator$ValidateVisitor$1FVVisitor.visit(Validator.java:1590) ~[jsp-2.1-glassfish-2.1.v20091210.jar:na]
	at org.apache.jasper.compiler.ELNode$Function.accept(ELNode.java:164) ~[jsp-2.1-glassfish-2.1.v20091210.jar:na]
	at org.apache.jasper.compiler.ELNode$Nodes.visit(ELNode.java:235) ~[jsp-2.1-glassfish-2.1.v20091210.jar:na]
	at org.apache.jasper.compiler.ELNode$Visitor.visit(ELNode.java:302) ~[jsp-2.1-glassfish-2.1.v20091210.jar:na]
	at org.apache.jasper.compiler.ELNode$Root.accept(ELNode.java:95) ~[jsp-2.1-glassfish-2.1.v20091210.jar:na]
	at org.apache.jasper.compiler.ELNode$Nodes.visit(ELNode.java:235) ~[jsp-2.1-glassfish-2.1.v20091210.jar:na]
	at org.apache.jasper.compiler.Validator$ValidateVisitor.validateFunctions(Validator.java:1613) ~[jsp-2.1-glassfish-2.1.v20091210.jar:na]
	at org.apache.jasper.compiler.Validator$ValidateVisitor.getJspAttribute(Validator.java:1356) ~[jsp-2.1-glassfish-2.1.v20091210.jar:na]
	at org.apache.jasper.compiler.Validator$ValidateVisitor.checkXmlAttributes(Validator.java:1133) ~[jsp-2.1-glassfish-2.1.v20091210.jar:na]
	at org.apache.jasper.compiler.Validator$ValidateVisitor.visit(Validator.java:850) ~[jsp-2.1-glassfish-2.1.v20091210.jar:na]
	at org.apache.jasper.compiler.Node$CustomTag.accept(Node.java:1501) ~[jsp-2.1-glassfish-2.1.v20091210.jar:na]
	at org.apache.jasper.compiler.Node$Nodes.visit(Node.java:2291) ~[jsp-2.1-glassfish-2.1.v20091210.jar:na]
	at org.apache.jasper.compiler.Node$Visitor.visitBody(Node.java:2341) ~[jsp-2.1-glassfish-2.1.v20091210.jar:na]
	at org.apache.jasper.compiler.Node$Visitor.visit(Node.java:2347) ~[jsp-2.1-glassfish-2.1.v20091210.jar:na]
	at org.apache.jasper.compiler.Node$Root.accept(Node.java:498) ~[jsp-2.1-glassfish-2.1.v20091210.jar:na]
	at org.apache.jasper.compiler.Node$Nodes.visit(Node.java:2291) ~[jsp-2.1-glassfish-2.1.v20091210.jar:na]
	at org.apache.jasper.compiler.Validator.validate(Validator.java:1853) ~[jsp-2.1-glassfish-2.1.v20091210.jar:na]
	at org.apache.jasper.compiler.Compiler.generateJava(Compiler.java:210) ~[jsp-2.1-glassfish-2.1.v20091210.jar:na]
	at org.apache.jasper.compiler.Compiler.compile(Compiler.java:435) ~[jsp-2.1-glassfish-2.1.v20091210.jar:na]
	at org.apache.jasper.JspCompilationContext.compile(JspCompilationContext.java:608) ~[jsp-2.1-glassfish-2.1.v20091210.jar:na]
	at org.apache.jasper.servlet.JspServletWrapper.service(JspServletWrapper.java:360) ~[jsp-2.1-glassfish-2.1.v20091210.jar:na]
	at org.apache.jasper.servlet.JspServlet.serviceJspFile(JspServlet.java:486) ~[jsp-2.1-glassfish-2.1.v20091210.jar:na]
	at org.apache.jasper.servlet.JspServlet.service(JspServlet.java:380) ~[jsp-2.1-glassfish-2.1.v20091210.jar:na]
	at javax.servlet.http.HttpServlet.service(HttpServlet.java:728) ~[servlet-api.jar:na]
	at org.mortbay.jetty.servlet.ServletHolder.handle(ServletHolder.java:511) ~[jetty-6.1.25.jar:6.1.25]
	at org.mortbay.jetty.servlet.ServletHandler.handle(ServletHandler.java:390) ~[jetty-6.1.25.jar:6.1.25]
	at org.mortbay.jetty.security.SecurityHandler.handle(SecurityHandler.java:216) [jetty-6.1.25.jar:6.1.25]
	at org.mortbay.jetty.servlet.SessionHandler.handle(SessionHandler.java:182) [jetty-6.1.25.jar:6.1.25]
	at org.mortbay.jetty.handler.ContextHandler.handle(ContextHandler.java:765) [jetty-6.1.25.jar:6.1.25]
	at org.mortbay.jetty.webapp.WebAppContext.handle(WebAppContext.java:440) [jetty-6.1.25.jar:6.1.25]
	at org.mortbay.jetty.servlet.Dispatcher.forward(Dispatcher.java:327) ~[jetty-6.1.25.jar:6.1.25]
	at org.mortbay.jetty.servlet.Dispatcher.forward(Dispatcher.java:126) ~[jetty-6.1.25.jar:6.1.25]
	at org.springframework.web.servlet.view.InternalResourceView.renderMergedOutputModel(InternalResourceView.java:238) ~[spring-webmvc-3.2.3.RELEASE.jar:3.2.3.RELEASE]
	at org.springframework.web.servlet.view.AbstractView.render(AbstractView.java:263) ~[spring-webmvc-3.2.3.RELEASE.jar:3.2.3.RELEASE]
	at org.springframework.web.servlet.DispatcherServlet.render(DispatcherServlet.java:1208) ~[spring-webmvc-3.2.3.RELEASE.jar:3.2.3.RELEASE]
	at org.springframework.web.servlet.DispatcherServlet.processDispatchResult(DispatcherServlet.java:992) ~[spring-webmvc-3.2.3.RELEASE.jar:3.2.3.RELEASE]
	at org.springframework.web.servlet.DispatcherServlet.doDispatch(DispatcherServlet.java:939) ~[spring-webmvc-3.2.3.RELEASE.jar:3.2.3.RELEASE]
	at org.springframework.web.servlet.DispatcherServlet.doService(DispatcherServlet.java:856) ~[spring-webmvc-3.2.3.RELEASE.jar:3.2.3.RELEASE]
	at org.springframework.web.servlet.FrameworkServlet.processRequest(FrameworkServlet.java:936) ~[spring-webmvc-3.2.3.RELEASE.jar:3.2.3.RELEASE]
	at org.springframework.web.servlet.FrameworkServlet.doGet(FrameworkServlet.java:827) ~[spring-webmvc-3.2.3.RELEASE.jar:3.2.3.RELEASE]
	at javax.servlet.http.HttpServlet.service(HttpServlet.java:621) ~[servlet-api.jar:na]
	at org.springframework.web.servlet.FrameworkServlet.service(FrameworkServlet.java:812) ~[spring-webmvc-3.2.3.RELEASE.jar:3.2.3.RELEASE]
	at javax.servlet.http.HttpServlet.service(HttpServlet.java:728) ~[servlet-api.jar:na]
	at org.mortbay.jetty.servlet.ServletHolder.handle(ServletHolder.java:511) ~[jetty-6.1.25.jar:6.1.25]
	at org.mortbay.jetty.servlet.ServletHandler$CachedChain.doFilter(ServletHandler.java:1166) ~[jetty-6.1.25.jar:6.1.25]
	at com.opensymphony.sitemesh.webapp.SiteMeshFilter.doFilter(SiteMeshFilter.java:65) ~[sitemesh-2.4.1.jar:na]
	at org.mortbay.jetty.servlet.ServletHandler$CachedChain.doFilter(ServletHandler.java:1157) ~[jetty-6.1.25.jar:6.1.25]
	at org.apache.shiro.web.servlet.ProxiedFilterChain.doFilter(ProxiedFilterChain.java:61) ~[shiro-web-1.2.2.jar:1.2.2]
	at org.apache.shiro.web.servlet.AdviceFilter.executeChain(AdviceFilter.java:108) ~[shiro-web-1.2.2.jar:1.2.2]
	at org.apache.shiro.web.servlet.AdviceFilter.doFilterInternal(AdviceFilter.java:137) ~[shiro-web-1.2.2.jar:1.2.2]
	at org.apache.shiro.web.servlet.OncePerRequestFilter.doFilter(OncePerRequestFilter.java:125) ~[shiro-web-1.2.2.jar:1.2.2]
	at org.apache.shiro.web.servlet.ProxiedFilterChain.doFilter(ProxiedFilterChain.java:66) ~[shiro-web-1.2.2.jar:1.2.2]
	at org.apache.shiro.web.servlet.AbstractShiroFilter.executeChain(AbstractShiroFilter.java:449) ~[shiro-web-1.2.2.jar:1.2.2]
	at org.apache.shiro.web.servlet.AbstractShiroFilter$1.call(AbstractShiroFilter.java:365) ~[shiro-web-1.2.2.jar:1.2.2]
	at org.apache.shiro.subject.support.SubjectCallable.doCall(SubjectCallable.java:90) ~[shiro-core-1.2.2.jar:1.2.2]
	at org.apache.shiro.subject.support.SubjectCallable.call(SubjectCallable.java:83) ~[shiro-core-1.2.2.jar:1.2.2]
	at org.apache.shiro.subject.support.DelegatingSubject.execute(DelegatingSubject.java:383) ~[shiro-core-1.2.2.jar:1.2.2]
	at org.apache.shiro.web.servlet.AbstractShiroFilter.doFilterInternal(AbstractShiroFilter.java:362) ~[shiro-web-1.2.2.jar:1.2.2]
	at org.apache.shiro.web.servlet.OncePerRequestFilter.doFilter(OncePerRequestFilter.java:125) ~[shiro-web-1.2.2.jar:1.2.2]
	at org.springframework.web.filter.DelegatingFilterProxy.invokeDelegate(DelegatingFilterProxy.java:346) ~[spring-web-3.2.3.RELEASE.jar:3.2.3.RELEASE]
	at org.springframework.web.filter.DelegatingFilterProxy.doFilter(DelegatingFilterProxy.java:259) ~[spring-web-3.2.3.RELEASE.jar:3.2.3.RELEASE]
	at org.mortbay.jetty.servlet.ServletHandler$CachedChain.doFilter(ServletHandler.java:1157) ~[jetty-6.1.25.jar:6.1.25]
	at org.springframework.orm.jpa.support.OpenEntityManagerInViewFilter.doFilterInternal(OpenEntityManagerInViewFilter.java:180) ~[spring-orm-3.2.3.RELEASE.jar:3.2.3.RELEASE]
	at org.springframework.web.filter.OncePerRequestFilter.doFilter(OncePerRequestFilter.java:107) ~[spring-web-3.2.3.RELEASE.jar:3.2.3.RELEASE]
	at org.mortbay.jetty.servlet.ServletHandler$CachedChain.doFilter(ServletHandler.java:1157) ~[jetty-6.1.25.jar:6.1.25]
	at org.springframework.web.filter.CharacterEncodingFilter.doFilterInternal(CharacterEncodingFilter.java:88) ~[spring-web-3.2.3.RELEASE.jar:3.2.3.RELEASE]
	at org.springframework.web.filter.OncePerRequestFilter.doFilter(OncePerRequestFilter.java:107) ~[spring-web-3.2.3.RELEASE.jar:3.2.3.RELEASE]
	at org.mortbay.jetty.servlet.ServletHandler$CachedChain.doFilter(ServletHandler.java:1157) ~[jetty-6.1.25.jar:6.1.25]
	at org.mortbay.jetty.servlet.ServletHandler.handle(ServletHandler.java:388) ~[jetty-6.1.25.jar:6.1.25]
	at org.mortbay.jetty.security.SecurityHandler.handle(SecurityHandler.java:216) [jetty-6.1.25.jar:6.1.25]
	at org.mortbay.jetty.servlet.SessionHandler.handle(SessionHandler.java:182) [jetty-6.1.25.jar:6.1.25]
	at org.mortbay.jetty.handler.ContextHandler.handle(ContextHandler.java:765) [jetty-6.1.25.jar:6.1.25]
	at org.mortbay.jetty.webapp.WebAppContext.handle(WebAppContext.java:440) [jetty-6.1.25.jar:6.1.25]
	at org.mortbay.jetty.handler.HandlerWrapper.handle(HandlerWrapper.java:152) [jetty-6.1.25.jar:6.1.25]
	at org.mortbay.jetty.Server.handle(Server.java:326) [jetty-6.1.25.jar:6.1.25]
	at org.mortbay.jetty.HttpConnection.handleRequest(HttpConnection.java:542) [jetty-6.1.25.jar:6.1.25]
	at org.mortbay.jetty.HttpConnection$RequestHandler.headerComplete(HttpConnection.java:926) [jetty-6.1.25.jar:6.1.25]
	at org.mortbay.jetty.HttpParser.parseNext(HttpParser.java:549) [jetty-6.1.25.jar:6.1.25]
	at org.mortbay.jetty.HttpParser.parseAvailable(HttpParser.java:212) [jetty-6.1.25.jar:6.1.25]
	at org.mortbay.jetty.HttpConnection.handle(HttpConnection.java:404) [jetty-6.1.25.jar:6.1.25]
	at org.mortbay.jetty.bio.SocketConnector$Connection.run(SocketConnector.java:228) [jetty-6.1.25.jar:6.1.25]
	at org.mortbay.thread.QueuedThreadPool$PoolThread.run(QueuedThreadPool.java:582) [jetty-util-6.1.25.jar:6.1.25]
