[org.springframework.web.context.ContextLoader.initWebApplicationContext(ContextLoader.java:187)] [2014-06-12 09:06:06,070] :
Root WebApplicationContext: initialization started
[org.springframework.context.support.AbstractApplicationContext.prepareRefresh(AbstractApplicationContext.java:456)] [2014-06-12 09:06:06,102] :
Refreshing Root WebApplicationContext: startup date [Thu Jun 12 09:06:06 CST 2014]; root of context hierarchy
[org.springframework.beans.factory.xml.XmlBeanDefinitionReader.loadBeanDefinitions(XmlBeanDefinitionReader.java:315)] [2014-06-12 09:06:06,133] :
Loading XML bean definitions from URL [file:/D:/project/xctb/trunk/code/xctb/WebRoot/WEB-INF/classes/applicationContext.xml]
[org.springframework.beans.factory.xml.XmlBeanDefinitionReader.loadBeanDefinitions(XmlBeanDefinitionReader.java:315)] [2014-06-12 09:06:06,258] :
Loading XML bean definitions from file [D:\project\xctb\trunk\code\xctb\WebRoot\WEB-INF\classes\biz\app\sp-app.xml]
[org.springframework.beans.factory.xml.XmlBeanDefinitionReader.loadBeanDefinitions(XmlBeanDefinitionReader.java:315)] [2014-06-12 09:06:06,273] :
Loading XML bean definitions from file [D:\project\xctb\trunk\code\xctb\WebRoot\WEB-INF\classes\biz\document\sp-document.xml]
[org.springframework.beans.factory.xml.XmlBeanDefinitionReader.loadBeanDefinitions(XmlBeanDefinitionReader.java:315)] [2014-06-12 09:06:06,290] :
Loading XML bean definitions from file [D:\project\xctb\trunk\code\xctb\WebRoot\WEB-INF\classes\biz\group\sp-group.xml]
[org.springframework.beans.factory.xml.XmlBeanDefinitionReader.loadBeanDefinitions(XmlBeanDefinitionReader.java:315)] [2014-06-12 09:06:06,305] :
Loading XML bean definitions from file [D:\project\xctb\trunk\code\xctb\WebRoot\WEB-INF\classes\biz\log\sp-log.xml]
[org.springframework.beans.factory.xml.XmlBeanDefinitionReader.loadBeanDefinitions(XmlBeanDefinitionReader.java:315)] [2014-06-12 09:06:06,321] :
Loading XML bean definitions from file [D:\project\xctb\trunk\code\xctb\WebRoot\WEB-INF\classes\biz\notice\sp-notice.xml]
[org.springframework.beans.factory.xml.XmlBeanDefinitionReader.loadBeanDefinitions(XmlBeanDefinitionReader.java:315)] [2014-06-12 09:06:06,337] :
Loading XML bean definitions from file [D:\project\xctb\trunk\code\xctb\WebRoot\WEB-INF\classes\biz\sys\sp-sys.xml]
[org.springframework.beans.factory.xml.XmlBeanDefinitionReader.loadBeanDefinitions(XmlBeanDefinitionReader.java:315)] [2014-06-12 09:06:06,352] :
Loading XML bean definitions from file [D:\project\xctb\trunk\code\xctb\WebRoot\WEB-INF\classes\biz\sys\sp-user.xml]
[org.springframework.beans.factory.xml.XmlBeanDefinitionReader.loadBeanDefinitions(XmlBeanDefinitionReader.java:315)] [2014-06-12 09:06:06,368] :
Loading XML bean definitions from file [D:\project\xctb\trunk\code\xctb\WebRoot\WEB-INF\classes\biz\xctb\sp-biz.xml]
[org.springframework.beans.factory.xml.XmlBeanDefinitionReader.loadBeanDefinitions(XmlBeanDefinitionReader.java:315)] [2014-06-12 09:06:06,368] :
Loading XML bean definitions from file [D:\project\xctb\trunk\code\xctb\WebRoot\WEB-INF\classes\biz\xctb\sp-dao.xml]
[org.springframework.beans.factory.xml.XmlBeanDefinitionReader.loadBeanDefinitions(XmlBeanDefinitionReader.java:315)] [2014-06-12 09:06:06,383] :
Loading XML bean definitions from file [D:\project\xctb\trunk\code\xctb\WebRoot\WEB-INF\classes\biz\xctb\sp-xctb-biz.xml]
[org.springframework.beans.factory.xml.XmlBeanDefinitionReader.loadBeanDefinitions(XmlBeanDefinitionReader.java:315)] [2014-06-12 09:06:06,383] :
Loading XML bean definitions from file [D:\project\xctb\trunk\code\xctb\WebRoot\WEB-INF\classes\biz\xctb\sp-xctb-dao.xml]
[org.springframework.beans.factory.xml.XmlBeanDefinitionReader.loadBeanDefinitions(XmlBeanDefinitionReader.java:315)] [2014-06-12 09:06:06,399] :
Loading XML bean definitions from file [D:\project\xctb\trunk\code\xctb\WebRoot\WEB-INF\classes\biz\xctb\sp-xtcb-action.xml]
[org.springframework.beans.factory.xml.XmlBeanDefinitionReader.loadBeanDefinitions(XmlBeanDefinitionReader.java:315)] [2014-06-12 09:06:06,415] :
Loading XML bean definitions from file [D:\project\xctb\trunk\code\xctb\WebRoot\WEB-INF\classes\webservice\sp-service.xml]
[org.springframework.beans.factory.xml.XmlBeanDefinitionReader.loadBeanDefinitions(XmlBeanDefinitionReader.java:315)] [2014-06-12 09:06:06,415] :
Loading XML bean definitions from class path resource [org/codehaus/xfire/spring/xfire.xml]
[org.springframework.beans.factory.xml.XmlBeanDefinitionReader.loadBeanDefinitions(XmlBeanDefinitionReader.java:315)] [2014-06-12 09:06:06,430] :
Loading XML bean definitions from class path resource [org/codehaus/xfire/spring/customEditors.xml]
[org.springframework.beans.factory.xml.XmlBeanDefinitionReader.loadBeanDefinitions(XmlBeanDefinitionReader.java:315)] [2014-06-12 09:06:06,477] :
Loading XML bean definitions from URL [jar:file:/D:/project/xctb/trunk/code/xctb/WebRoot/WEB-INF/lib/xfire-all-1.2.6.jar!/org/codehaus/xfire/spring/xfire.xml]
[org.springframework.beans.factory.xml.XmlBeanDefinitionReader.loadBeanDefinitions(XmlBeanDefinitionReader.java:315)] [2014-06-12 09:06:06,477] :
Loading XML bean definitions from URL [jar:file:/D:/project/xctb/trunk/code/xctb/WebRoot/WEB-INF/lib/xfire-all-1.2.6.jar!/org/codehaus/xfire/spring/customEditors.xml]
[org.springframework.beans.factory.support.DefaultListableBeanFactory.registerBeanDefinition(DefaultListableBeanFactory.java:618)] [2014-06-12 09:06:06,493] :
Overriding bean definition for bean 'xfire.customEditorConfigurer': replacing [Generic bean: class [org.springframework.beans.factory.config.CustomEditorConfigurer]; scope=; abstract=false; lazyInit=false; autowireMode=0; dependencyCheck=0; autowireCandidate=true; primary=false; factoryBeanName=null; factoryMethodName=null; initMethodName=null; destroyMethodName=null; defined in class path resource [org/codehaus/xfire/spring/customEditors.xml]] with [Generic bean: class [org.springframework.beans.factory.config.CustomEditorConfigurer]; scope=; abstract=false; lazyInit=false; autowireMode=0; dependencyCheck=0; autowireCandidate=true; primary=false; factoryBeanName=null; factoryMethodName=null; initMethodName=null; destroyMethodName=null; defined in URL [jar:file:/D:/project/xctb/trunk/code/xctb/WebRoot/WEB-INF/lib/xfire-all-1.2.6.jar!/org/codehaus/xfire/spring/customEditors.xml]]
[org.springframework.beans.factory.support.DefaultListableBeanFactory.registerBeanDefinition(DefaultListableBeanFactory.java:618)] [2014-06-12 09:06:06,493] :
Overriding bean definition for bean 'xfire.serviceRegistry': replacing [Generic bean: class [org.codehaus.xfire.service.DefaultServiceRegistry]; scope=singleton; abstract=false; lazyInit=false; autowireMode=0; dependencyCheck=0; autowireCandidate=true; primary=false; factoryBeanName=null; factoryMethodName=null; initMethodName=null; destroyMethodName=null; defined in class path resource [org/codehaus/xfire/spring/xfire.xml]] with [Generic bean: class [org.codehaus.xfire.service.DefaultServiceRegistry]; scope=singleton; abstract=false; lazyInit=false; autowireMode=0; dependencyCheck=0; autowireCandidate=true; primary=false; factoryBeanName=null; factoryMethodName=null; initMethodName=null; destroyMethodName=null; defined in URL [jar:file:/D:/project/xctb/trunk/code/xctb/WebRoot/WEB-INF/lib/xfire-all-1.2.6.jar!/org/codehaus/xfire/spring/xfire.xml]]
[org.springframework.beans.factory.support.DefaultListableBeanFactory.registerBeanDefinition(DefaultListableBeanFactory.java:618)] [2014-06-12 09:06:06,493] :
Overriding bean definition for bean 'xfire.transportManager': replacing [Generic bean: class [org.codehaus.xfire.transport.DefaultTransportManager]; scope=singleton; abstract=false; lazyInit=false; autowireMode=0; dependencyCheck=0; autowireCandidate=true; primary=false; factoryBeanName=null; factoryMethodName=null; initMethodName=initialize; destroyMethodName=dispose; defined in class path resource [org/codehaus/xfire/spring/xfire.xml]] with [Generic bean: class [org.codehaus.xfire.transport.DefaultTransportManager]; scope=singleton; abstract=false; lazyInit=false; autowireMode=0; dependencyCheck=0; autowireCandidate=true; primary=false; factoryBeanName=null; factoryMethodName=null; initMethodName=initialize; destroyMethodName=dispose; defined in URL [jar:file:/D:/project/xctb/trunk/code/xctb/WebRoot/WEB-INF/lib/xfire-all-1.2.6.jar!/org/codehaus/xfire/spring/xfire.xml]]
[org.springframework.beans.factory.support.DefaultListableBeanFactory.registerBeanDefinition(DefaultListableBeanFactory.java:618)] [2014-06-12 09:06:06,493] :
Overriding bean definition for bean 'xfire': replacing [Generic bean: class [org.codehaus.xfire.DefaultXFire]; scope=singleton; abstract=false; lazyInit=false; autowireMode=0; dependencyCheck=0; autowireCandidate=true; primary=false; factoryBeanName=null; factoryMethodName=null; initMethodName=null; destroyMethodName=null; defined in class path resource [org/codehaus/xfire/spring/xfire.xml]] with [Generic bean: class [org.codehaus.xfire.DefaultXFire]; scope=singleton; abstract=false; lazyInit=false; autowireMode=0; dependencyCheck=0; autowireCandidate=true; primary=false; factoryBeanName=null; factoryMethodName=null; initMethodName=null; destroyMethodName=null; defined in URL [jar:file:/D:/project/xctb/trunk/code/xctb/WebRoot/WEB-INF/lib/xfire-all-1.2.6.jar!/org/codehaus/xfire/spring/xfire.xml]]
[org.springframework.beans.factory.support.DefaultListableBeanFactory.registerBeanDefinition(DefaultListableBeanFactory.java:618)] [2014-06-12 09:06:06,493] :
Overriding bean definition for bean 'xfire.typeMappingRegistry': replacing [Generic bean: class [org.codehaus.xfire.aegis.type.DefaultTypeMappingRegistry]; scope=singleton; abstract=false; lazyInit=false; autowireMode=0; dependencyCheck=0; autowireCandidate=true; primary=false; factoryBeanName=null; factoryMethodName=null; initMethodName=createDefaultMappings; destroyMethodName=null; defined in class path resource [org/codehaus/xfire/spring/xfire.xml]] with [Generic bean: class [org.codehaus.xfire.aegis.type.DefaultTypeMappingRegistry]; scope=singleton; abstract=false; lazyInit=false; autowireMode=0; dependencyCheck=0; autowireCandidate=true; primary=false; factoryBeanName=null; factoryMethodName=null; initMethodName=createDefaultMappings; destroyMethodName=null; defined in URL [jar:file:/D:/project/xctb/trunk/code/xctb/WebRoot/WEB-INF/lib/xfire-all-1.2.6.jar!/org/codehaus/xfire/spring/xfire.xml]]
[org.springframework.beans.factory.support.DefaultListableBeanFactory.registerBeanDefinition(DefaultListableBeanFactory.java:618)] [2014-06-12 09:06:06,493] :
Overriding bean definition for bean 'xfire.aegisBindingProvider': replacing [Generic bean: class [org.codehaus.xfire.aegis.AegisBindingProvider]; scope=singleton; abstract=false; lazyInit=false; autowireMode=0; dependencyCheck=0; autowireCandidate=true; primary=false; factoryBeanName=null; factoryMethodName=null; initMethodName=null; destroyMethodName=null; defined in class path resource [org/codehaus/xfire/spring/xfire.xml]] with [Generic bean: class [org.codehaus.xfire.aegis.AegisBindingProvider]; scope=singleton; abstract=false; lazyInit=false; autowireMode=0; dependencyCheck=0; autowireCandidate=true; primary=false; factoryBeanName=null; factoryMethodName=null; initMethodName=null; destroyMethodName=null; defined in URL [jar:file:/D:/project/xctb/trunk/code/xctb/WebRoot/WEB-INF/lib/xfire-all-1.2.6.jar!/org/codehaus/xfire/spring/xfire.xml]]
[org.springframework.beans.factory.support.DefaultListableBeanFactory.registerBeanDefinition(DefaultListableBeanFactory.java:618)] [2014-06-12 09:06:06,493] :
Overriding bean definition for bean 'xfire.serviceFactory': replacing [Generic bean: class [org.codehaus.xfire.service.binding.ObjectServiceFactory]; scope=singleton; abstract=false; lazyInit=false; autowireMode=0; dependencyCheck=0; autowireCandidate=true; primary=false; factoryBeanName=null; factoryMethodName=null; initMethodName=null; destroyMethodName=null; defined in class path resource [org/codehaus/xfire/spring/xfire.xml]] with [Generic bean: class [org.codehaus.xfire.service.binding.ObjectServiceFactory]; scope=singleton; abstract=false; lazyInit=false; autowireMode=0; dependencyCheck=0; autowireCandidate=true; primary=false; factoryBeanName=null; factoryMethodName=null; initMethodName=null; destroyMethodName=null; defined in URL [jar:file:/D:/project/xctb/trunk/code/xctb/WebRoot/WEB-INF/lib/xfire-all-1.2.6.jar!/org/codehaus/xfire/spring/xfire.xml]]
[org.springframework.beans.factory.support.DefaultListableBeanFactory.registerBeanDefinition(DefaultListableBeanFactory.java:618)] [2014-06-12 09:06:06,493] :
Overriding bean definition for bean 'xfire.servletController': replacing [Generic bean: class [org.codehaus.xfire.transport.http.XFireServletController]; scope=singleton; abstract=false; lazyInit=false; autowireMode=0; dependencyCheck=0; autowireCandidate=true; primary=false; factoryBeanName=null; factoryMethodName=null; initMethodName=null; destroyMethodName=null; defined in class path resource [org/codehaus/xfire/spring/xfire.xml]] with [Generic bean: class [org.codehaus.xfire.transport.http.XFireServletController]; scope=singleton; abstract=false; lazyInit=false; autowireMode=0; dependencyCheck=0; autowireCandidate=true; primary=false; factoryBeanName=null; factoryMethodName=null; initMethodName=null; destroyMethodName=null; defined in URL [jar:file:/D:/project/xctb/trunk/code/xctb/WebRoot/WEB-INF/lib/xfire-all-1.2.6.jar!/org/codehaus/xfire/spring/xfire.xml]]
[org.springframework.beans.factory.support.DefaultListableBeanFactory.registerBeanDefinition(DefaultListableBeanFactory.java:618)] [2014-06-12 09:06:06,493] :
Overriding bean definition for bean 'xfire.messageServiceFactory': replacing [Generic bean: class [org.codehaus.xfire.service.binding.ObjectServiceFactory]; scope=; abstract=false; lazyInit=false; autowireMode=0; dependencyCheck=0; autowireCandidate=true; primary=false; factoryBeanName=null; factoryMethodName=null; initMethodName=null; destroyMethodName=null; defined in class path resource [org/codehaus/xfire/spring/xfire.xml]] with [Generic bean: class [org.codehaus.xfire.service.binding.ObjectServiceFactory]; scope=; abstract=false; lazyInit=false; autowireMode=0; dependencyCheck=0; autowireCandidate=true; primary=false; factoryBeanName=null; factoryMethodName=null; initMethodName=null; destroyMethodName=null; defined in URL [jar:file:/D:/project/xctb/trunk/code/xctb/WebRoot/WEB-INF/lib/xfire-all-1.2.6.jar!/org/codehaus/xfire/spring/xfire.xml]]
[org.springframework.beans.factory.support.DefaultListableBeanFactory.registerBeanDefinition(DefaultListableBeanFactory.java:618)] [2014-06-12 09:06:06,493] :
Overriding bean definition for bean 'xfire.messageBindingProvider': replacing [Generic bean: class [org.codehaus.xfire.service.binding.MessageBindingProvider]; scope=; abstract=false; lazyInit=false; autowireMode=0; dependencyCheck=0; autowireCandidate=true; primary=false; factoryBeanName=null; factoryMethodName=null; initMethodName=null; destroyMethodName=null; defined in class path resource [org/codehaus/xfire/spring/xfire.xml]] with [Generic bean: class [org.codehaus.xfire.service.binding.MessageBindingProvider]; scope=; abstract=false; lazyInit=false; autowireMode=0; dependencyCheck=0; autowireCandidate=true; primary=false; factoryBeanName=null; factoryMethodName=null; initMethodName=null; destroyMethodName=null; defined in URL [jar:file:/D:/project/xctb/trunk/code/xctb/WebRoot/WEB-INF/lib/xfire-all-1.2.6.jar!/org/codehaus/xfire/spring/xfire.xml]]
[org.springframework.beans.factory.xml.XmlBeanDefinitionReader.loadBeanDefinitions(XmlBeanDefinitionReader.java:315)] [2014-06-12 09:06:06,493] :
Loading XML bean definitions from URL [jar:file:/D:/project/xctb/trunk/code/xctb/WebRoot/WEB-INF/lib/xfire-spring-1.2.6.jar!/org/codehaus/xfire/spring/xfire.xml]
[org.springframework.beans.factory.xml.XmlBeanDefinitionReader.loadBeanDefinitions(XmlBeanDefinitionReader.java:315)] [2014-06-12 09:06:06,493] :
Loading XML bean definitions from URL [jar:file:/D:/project/xctb/trunk/code/xctb/WebRoot/WEB-INF/lib/xfire-spring-1.2.6.jar!/org/codehaus/xfire/spring/customEditors.xml]
[org.springframework.beans.factory.support.DefaultListableBeanFactory.registerBeanDefinition(DefaultListableBeanFactory.java:618)] [2014-06-12 09:06:06,508] :
Overriding bean definition for bean 'xfire.customEditorConfigurer': replacing [Generic bean: class [org.springframework.beans.factory.config.CustomEditorConfigurer]; scope=; abstract=false; lazyInit=false; autowireMode=0; dependencyCheck=0; autowireCandidate=true; primary=false; factoryBeanName=null; factoryMethodName=null; initMethodName=null; destroyMethodName=null; defined in URL [jar:file:/D:/project/xctb/trunk/code/xctb/WebRoot/WEB-INF/lib/xfire-all-1.2.6.jar!/org/codehaus/xfire/spring/customEditors.xml]] with [Generic bean: class [org.springframework.beans.factory.config.CustomEditorConfigurer]; scope=; abstract=false; lazyInit=false; autowireMode=0; dependencyCheck=0; autowireCandidate=true; primary=false; factoryBeanName=null; factoryMethodName=null; initMethodName=null; destroyMethodName=null; defined in URL [jar:file:/D:/project/xctb/trunk/code/xctb/WebRoot/WEB-INF/lib/xfire-spring-1.2.6.jar!/org/codehaus/xfire/spring/customEditors.xml]]
[org.springframework.beans.factory.support.DefaultListableBeanFactory.registerBeanDefinition(DefaultListableBeanFactory.java:618)] [2014-06-12 09:06:06,508] :
Overriding bean definition for bean 'xfire.serviceRegistry': replacing [Generic bean: class [org.codehaus.xfire.service.DefaultServiceRegistry]; scope=singleton; abstract=false; lazyInit=false; autowireMode=0; dependencyCheck=0; autowireCandidate=true; primary=false; factoryBeanName=null; factoryMethodName=null; initMethodName=null; destroyMethodName=null; defined in URL [jar:file:/D:/project/xctb/trunk/code/xctb/WebRoot/WEB-INF/lib/xfire-all-1.2.6.jar!/org/codehaus/xfire/spring/xfire.xml]] with [Generic bean: class [org.codehaus.xfire.service.DefaultServiceRegistry]; scope=singleton; abstract=false; lazyInit=false; autowireMode=0; dependencyCheck=0; autowireCandidate=true; primary=false; factoryBeanName=null; factoryMethodName=null; initMethodName=null; destroyMethodName=null; defined in URL [jar:file:/D:/project/xctb/trunk/code/xctb/WebRoot/WEB-INF/lib/xfire-spring-1.2.6.jar!/org/codehaus/xfire/spring/xfire.xml]]
[org.springframework.beans.factory.support.DefaultListableBeanFactory.registerBeanDefinition(DefaultListableBeanFactory.java:618)] [2014-06-12 09:06:06,508] :
Overriding bean definition for bean 'xfire.transportManager': replacing [Generic bean: class [org.codehaus.xfire.transport.DefaultTransportManager]; scope=singleton; abstract=false; lazyInit=false; autowireMode=0; dependencyCheck=0; autowireCandidate=true; primary=false; factoryBeanName=null; factoryMethodName=null; initMethodName=initialize; destroyMethodName=dispose; defined in URL [jar:file:/D:/project/xctb/trunk/code/xctb/WebRoot/WEB-INF/lib/xfire-all-1.2.6.jar!/org/codehaus/xfire/spring/xfire.xml]] with [Generic bean: class [org.codehaus.xfire.transport.DefaultTransportManager]; scope=singleton; abstract=false; lazyInit=false; autowireMode=0; dependencyCheck=0; autowireCandidate=true; primary=false; factoryBeanName=null; factoryMethodName=null; initMethodName=initialize; destroyMethodName=dispose; defined in URL [jar:file:/D:/project/xctb/trunk/code/xctb/WebRoot/WEB-INF/lib/xfire-spring-1.2.6.jar!/org/codehaus/xfire/spring/xfire.xml]]
[org.springframework.beans.factory.support.DefaultListableBeanFactory.registerBeanDefinition(DefaultListableBeanFactory.java:618)] [2014-06-12 09:06:06,508] :
Overriding bean definition for bean 'xfire': replacing [Generic bean: class [org.codehaus.xfire.DefaultXFire]; scope=singleton; abstract=false; lazyInit=false; autowireMode=0; dependencyCheck=0; autowireCandidate=true; primary=false; factoryBeanName=null; factoryMethodName=null; initMethodName=null; destroyMethodName=null; defined in URL [jar:file:/D:/project/xctb/trunk/code/xctb/WebRoot/WEB-INF/lib/xfire-all-1.2.6.jar!/org/codehaus/xfire/spring/xfire.xml]] with [Generic bean: class [org.codehaus.xfire.DefaultXFire]; scope=singleton; abstract=false; lazyInit=false; autowireMode=0; dependencyCheck=0; autowireCandidate=true; primary=false; factoryBeanName=null; factoryMethodName=null; initMethodName=null; destroyMethodName=null; defined in URL [jar:file:/D:/project/xctb/trunk/code/xctb/WebRoot/WEB-INF/lib/xfire-spring-1.2.6.jar!/org/codehaus/xfire/spring/xfire.xml]]
[org.springframework.beans.factory.support.DefaultListableBeanFactory.registerBeanDefinition(DefaultListableBeanFactory.java:618)] [2014-06-12 09:06:06,508] :
Overriding bean definition for bean 'xfire.typeMappingRegistry': replacing [Generic bean: class [org.codehaus.xfire.aegis.type.DefaultTypeMappingRegistry]; scope=singleton; abstract=false; lazyInit=false; autowireMode=0; dependencyCheck=0; autowireCandidate=true; primary=false; factoryBeanName=null; factoryMethodName=null; initMethodName=createDefaultMappings; destroyMethodName=null; defined in URL [jar:file:/D:/project/xctb/trunk/code/xctb/WebRoot/WEB-INF/lib/xfire-all-1.2.6.jar!/org/codehaus/xfire/spring/xfire.xml]] with [Generic bean: class [org.codehaus.xfire.aegis.type.DefaultTypeMappingRegistry]; scope=singleton; abstract=false; lazyInit=false; autowireMode=0; dependencyCheck=0; autowireCandidate=true; primary=false; factoryBeanName=null; factoryMethodName=null; initMethodName=createDefaultMappings; destroyMethodName=null; defined in URL [jar:file:/D:/project/xctb/trunk/code/xctb/WebRoot/WEB-INF/lib/xfire-spring-1.2.6.jar!/org/codehaus/xfire/spring/xfire.xml]]
[org.springframework.beans.factory.support.DefaultListableBeanFactory.registerBeanDefinition(DefaultListableBeanFactory.java:618)] [2014-06-12 09:06:06,508] :
Overriding bean definition for bean 'xfire.aegisBindingProvider': replacing [Generic bean: class [org.codehaus.xfire.aegis.AegisBindingProvider]; scope=singleton; abstract=false; lazyInit=false; autowireMode=0; dependencyCheck=0; autowireCandidate=true; primary=false; factoryBeanName=null; factoryMethodName=null; initMethodName=null; destroyMethodName=null; defined in URL [jar:file:/D:/project/xctb/trunk/code/xctb/WebRoot/WEB-INF/lib/xfire-all-1.2.6.jar!/org/codehaus/xfire/spring/xfire.xml]] with [Generic bean: class [org.codehaus.xfire.aegis.AegisBindingProvider]; scope=singleton; abstract=false; lazyInit=false; autowireMode=0; dependencyCheck=0; autowireCandidate=true; primary=false; factoryBeanName=null; factoryMethodName=null; initMethodName=null; destroyMethodName=null; defined in URL [jar:file:/D:/project/xctb/trunk/code/xctb/WebRoot/WEB-INF/lib/xfire-spring-1.2.6.jar!/org/codehaus/xfire/spring/xfire.xml]]
[org.springframework.beans.factory.support.DefaultListableBeanFactory.registerBeanDefinition(DefaultListableBeanFactory.java:618)] [2014-06-12 09:06:06,508] :
Overriding bean definition for bean 'xfire.serviceFactory': replacing [Generic bean: class [org.codehaus.xfire.service.binding.ObjectServiceFactory]; scope=singleton; abstract=false; lazyInit=false; autowireMode=0; dependencyCheck=0; autowireCandidate=true; primary=false; factoryBeanName=null; factoryMethodName=null; initMethodName=null; destroyMethodName=null; defined in URL [jar:file:/D:/project/xctb/trunk/code/xctb/WebRoot/WEB-INF/lib/xfire-all-1.2.6.jar!/org/codehaus/xfire/spring/xfire.xml]] with [Generic bean: class [org.codehaus.xfire.service.binding.ObjectServiceFactory]; scope=singleton; abstract=false; lazyInit=false; autowireMode=0; dependencyCheck=0; autowireCandidate=true; primary=false; factoryBeanName=null; factoryMethodName=null; initMethodName=null; destroyMethodName=null; defined in URL [jar:file:/D:/project/xctb/trunk/code/xctb/WebRoot/WEB-INF/lib/xfire-spring-1.2.6.jar!/org/codehaus/xfire/spring/xfire.xml]]
[org.springframework.beans.factory.support.DefaultListableBeanFactory.registerBeanDefinition(DefaultListableBeanFactory.java:618)] [2014-06-12 09:06:06,508] :
Overriding bean definition for bean 'xfire.servletController': replacing [Generic bean: class [org.codehaus.xfire.transport.http.XFireServletController]; scope=singleton; abstract=false; lazyInit=false; autowireMode=0; dependencyCheck=0; autowireCandidate=true; primary=false; factoryBeanName=null; factoryMethodName=null; initMethodName=null; destroyMethodName=null; defined in URL [jar:file:/D:/project/xctb/trunk/code/xctb/WebRoot/WEB-INF/lib/xfire-all-1.2.6.jar!/org/codehaus/xfire/spring/xfire.xml]] with [Generic bean: class [org.codehaus.xfire.transport.http.XFireServletController]; scope=singleton; abstract=false; lazyInit=false; autowireMode=0; dependencyCheck=0; autowireCandidate=true; primary=false; factoryBeanName=null; factoryMethodName=null; initMethodName=null; destroyMethodName=null; defined in URL [jar:file:/D:/project/xctb/trunk/code/xctb/WebRoot/WEB-INF/lib/xfire-spring-1.2.6.jar!/org/codehaus/xfire/spring/xfire.xml]]
[org.springframework.beans.factory.support.DefaultListableBeanFactory.registerBeanDefinition(DefaultListableBeanFactory.java:618)] [2014-06-12 09:06:06,508] :
Overriding bean definition for bean 'xfire.messageServiceFactory': replacing [Generic bean: class [org.codehaus.xfire.service.binding.ObjectServiceFactory]; scope=; abstract=false; lazyInit=false; autowireMode=0; dependencyCheck=0; autowireCandidate=true; primary=false; factoryBeanName=null; factoryMethodName=null; initMethodName=null; destroyMethodName=null; defined in URL [jar:file:/D:/project/xctb/trunk/code/xctb/WebRoot/WEB-INF/lib/xfire-all-1.2.6.jar!/org/codehaus/xfire/spring/xfire.xml]] with [Generic bean: class [org.codehaus.xfire.service.binding.ObjectServiceFactory]; scope=; abstract=false; lazyInit=false; autowireMode=0; dependencyCheck=0; autowireCandidate=true; primary=false; factoryBeanName=null; factoryMethodName=null; initMethodName=null; destroyMethodName=null; defined in URL [jar:file:/D:/project/xctb/trunk/code/xctb/WebRoot/WEB-INF/lib/xfire-spring-1.2.6.jar!/org/codehaus/xfire/spring/xfire.xml]]
[org.springframework.beans.factory.support.DefaultListableBeanFactory.registerBeanDefinition(DefaultListableBeanFactory.java:618)] [2014-06-12 09:06:06,508] :
Overriding bean definition for bean 'xfire.messageBindingProvider': replacing [Generic bean: class [org.codehaus.xfire.service.binding.MessageBindingProvider]; scope=; abstract=false; lazyInit=false; autowireMode=0; dependencyCheck=0; autowireCandidate=true; primary=false; factoryBeanName=null; factoryMethodName=null; initMethodName=null; destroyMethodName=null; defined in URL [jar:file:/D:/project/xctb/trunk/code/xctb/WebRoot/WEB-INF/lib/xfire-all-1.2.6.jar!/org/codehaus/xfire/spring/xfire.xml]] with [Generic bean: class [org.codehaus.xfire.service.binding.MessageBindingProvider]; scope=; abstract=false; lazyInit=false; autowireMode=0; dependencyCheck=0; autowireCandidate=true; primary=false; factoryBeanName=null; factoryMethodName=null; initMethodName=null; destroyMethodName=null; defined in URL [jar:file:/D:/project/xctb/trunk/code/xctb/WebRoot/WEB-INF/lib/xfire-spring-1.2.6.jar!/org/codehaus/xfire/spring/xfire.xml]]
[org.springframework.core.io.support.PropertiesLoaderSupport.loadProperties(PropertiesLoaderSupport.java:177)] [2014-06-12 09:06:06,649] :
Loading properties file from class path resource [jdbc.properties]
[org.springframework.beans.factory.config.CustomEditorConfigurer.postProcessBeanFactory(CustomEditorConfigurer.java:187)] [2014-06-12 09:06:06,680] :
Passing PropertyEditor instances into CustomEditorConfigurer is deprecated: use PropertyEditorRegistrars or PropertyEditor class names instead. Offending key [org.codehaus.xfire.service.ServiceFactory; offending editor instance: org.codehaus.xfire.spring.editors.ServiceFactoryEditor@5f1c48
[org.springframework.beans.factory.support.DefaultListableBeanFactory.preInstantiateSingletons(DefaultListableBeanFactory.java:555)] [2014-06-12 09:06:06,711] :
Pre-instantiating singletons in org.springframework.beans.factory.support.DefaultListableBeanFactory@8497f6: defining beans [indexAction,authorizationInterceptor,docDao,docBiz,docAction,groupDao,groupBiz,groupAction,logDao,logReviewDao,logTransmitDao,logBiz,logAction,noticeDao,noticeBiz,noticeAction,loginAction,menuDao,roleDao,moudleDao,moudleBiz,moudleAction,departmentDao,deptManagerDao,departmentBiz,departmentAction,moudleButtonDao,moudleButtonBiz,moudleButtonAction,roleBiz,roleAction,userDao,userBiz,userAction,userManagerBiz,userManagerDao,xctbManagerBiz,updateFileSync,xctbManagerDao,xctbManagerAction,xfire.customEditorConfigurer,xfire.serviceRegistry,xfire.transportManager,xfire,xfire.typeMappingRegistry,xfire.aegisBindingProvider,xfire.serviceFactory,xfire.servletController,xfire.messageServiceFactory,xfire.messageBindingProvider,xctbServiceImpl,xctbService,addressingHandler,springContextHolder,config,dataSource,sessionFactory,jdbcTemplate,transactionManager,org.springframework.aop.config.internalAutoProxyCreator,org.springframework.transaction.annotation.AnnotationTransactionAttributeSource#0,org.springframework.transaction.interceptor.TransactionInterceptor#0,org.springframework.transaction.config.internalTransactionAdvisor]; root of factory hierarchy
[org.hibernate.cfg.annotations.Version.<clinit>(Version.java:43)] [2014-06-12 09:06:06,820] :
Hibernate Annotations 3.5.5-Final
[org.hibernate.cfg.Environment.<clinit>(Environment.java:570)] [2014-06-12 09:06:06,836] :
Hibernate 3.5.5-Final
[org.hibernate.cfg.Environment.<clinit>(Environment.java:603)] [2014-06-12 09:06:06,836] :
hibernate.properties not found
[org.hibernate.cfg.Environment.buildBytecodeProvider(Environment.java:781)] [2014-06-12 09:06:06,836] :
Bytecode provider name : javassist
[org.hibernate.cfg.Environment.<clinit>(Environment.java:662)] [2014-06-12 09:06:06,836] :
using JDK 1.4 java.sql.Timestamp handling
[org.hibernate.annotations.common.Version.<clinit>(Version.java:37)] [2014-06-12 09:06:06,898] :
Hibernate Commons Annotations 3.2.0.Final
[org.hibernate.cfg.AnnotationBinder.bindClass(AnnotationBinder.java:529)] [2014-06-12 09:06:07,023] :
Binding entity from annotated class: com.microxt.entity.Button
[org.hibernate.cfg.annotations.EntityBinder.bindTable(EntityBinder.java:501)] [2014-06-12 09:06:07,039] :
Bind entity com.microxt.entity.Button on table t_button
[org.hibernate.cfg.AnnotationBinder.bindClass(AnnotationBinder.java:529)] [2014-06-12 09:06:07,085] :
Binding entity from annotated class: com.microxt.entity.BuzzAuth
[org.hibernate.cfg.annotations.EntityBinder.bindTable(EntityBinder.java:501)] [2014-06-12 09:06:07,085] :
Bind entity com.microxt.entity.BuzzAuth on table t_buzz_auth
[org.hibernate.cfg.AnnotationBinder.bindClass(AnnotationBinder.java:529)] [2014-06-12 09:06:07,101] :
Binding entity from annotated class: com.microxt.entity.BuzzAuthUser
[org.hibernate.cfg.annotations.EntityBinder.bindTable(EntityBinder.java:501)] [2014-06-12 09:06:07,101] :
Bind entity com.microxt.entity.BuzzAuthUser on table t_buzz_auth_user
[org.hibernate.cfg.AnnotationBinder.bindClass(AnnotationBinder.java:529)] [2014-06-12 09:06:07,101] :
Binding entity from annotated class: com.microxt.entity.Department
[org.hibernate.cfg.annotations.EntityBinder.bindTable(EntityBinder.java:501)] [2014-06-12 09:06:07,101] :
Bind entity com.microxt.entity.Department on table t_department
[org.hibernate.cfg.AnnotationBinder.bindClass(AnnotationBinder.java:529)] [2014-06-12 09:06:07,117] :
Binding entity from annotated class: com.microxt.entity.DeptManager
[org.hibernate.cfg.annotations.EntityBinder.bindTable(EntityBinder.java:501)] [2014-06-12 09:06:07,117] :
Bind entity com.microxt.entity.DeptManager on table t_dept_manager
[org.hibernate.cfg.AnnotationBinder.bindClass(AnnotationBinder.java:529)] [2014-06-12 09:06:07,117] :
Binding entity from annotated class: com.microxt.entity.Dict
[org.hibernate.cfg.annotations.EntityBinder.bindTable(EntityBinder.java:501)] [2014-06-12 09:06:07,117] :
Bind entity com.microxt.entity.Dict on table t_dict
[org.hibernate.cfg.AnnotationBinder.bindClass(AnnotationBinder.java:529)] [2014-06-12 09:06:07,117] :
Binding entity from annotated class: com.microxt.entity.DocAttach
[org.hibernate.cfg.annotations.EntityBinder.bindTable(EntityBinder.java:501)] [2014-06-12 09:06:07,117] :
Bind entity com.microxt.entity.DocAttach on table t_doc_attach
[org.hibernate.cfg.AnnotationBinder.bindClass(AnnotationBinder.java:529)] [2014-06-12 09:06:07,117] :
Binding entity from annotated class: com.microxt.entity.Group
[org.hibernate.cfg.annotations.EntityBinder.bindTable(EntityBinder.java:501)] [2014-06-12 09:06:07,117] :
Bind entity com.microxt.entity.Group on table t_group
[org.hibernate.cfg.AnnotationBinder.bindClass(AnnotationBinder.java:529)] [2014-06-12 09:06:07,117] :
Binding entity from annotated class: com.microxt.entity.Log
[org.hibernate.cfg.annotations.EntityBinder.bindTable(EntityBinder.java:501)] [2014-06-12 09:06:07,132] :
Bind entity com.microxt.entity.Log on table t_log
[org.hibernate.cfg.AnnotationBinder.bindClass(AnnotationBinder.java:529)] [2014-06-12 09:06:07,132] :
Binding entity from annotated class: com.microxt.entity.LogReview
[org.hibernate.cfg.annotations.EntityBinder.bindTable(EntityBinder.java:501)] [2014-06-12 09:06:07,132] :
Bind entity com.microxt.entity.LogReview on table t_log_review
[org.hibernate.cfg.AnnotationBinder.bindClass(AnnotationBinder.java:529)] [2014-06-12 09:06:07,132] :
Binding entity from annotated class: com.microxt.entity.LogTransmit
[org.hibernate.cfg.annotations.EntityBinder.bindTable(EntityBinder.java:501)] [2014-06-12 09:06:07,132] :
Bind entity com.microxt.entity.LogTransmit on table t_log_transmit
[org.hibernate.cfg.AnnotationBinder.bindClass(AnnotationBinder.java:529)] [2014-06-12 09:06:07,132] :
Binding entity from annotated class: com.microxt.entity.Moudle
[org.hibernate.cfg.annotations.EntityBinder.bindTable(EntityBinder.java:501)] [2014-06-12 09:06:07,132] :
Bind entity com.microxt.entity.Moudle on table t_moudle
[org.hibernate.cfg.AnnotationBinder.bindClass(AnnotationBinder.java:529)] [2014-06-12 09:06:07,148] :
Binding entity from annotated class: com.microxt.entity.Notice
[org.hibernate.cfg.annotations.EntityBinder.bindTable(EntityBinder.java:501)] [2014-06-12 09:06:07,148] :
Bind entity com.microxt.entity.Notice on table t_notice
[org.hibernate.cfg.AnnotationBinder.bindClass(AnnotationBinder.java:529)] [2014-06-12 09:06:07,163] :
Binding entity from annotated class: com.microxt.entity.Role
[org.hibernate.cfg.annotations.EntityBinder.bindTable(EntityBinder.java:501)] [2014-06-12 09:06:07,163] :
Bind entity com.microxt.entity.Role on table t_role
[org.hibernate.cfg.AnnotationBinder.bindClass(AnnotationBinder.java:529)] [2014-06-12 09:06:07,179] :
Binding entity from annotated class: com.microxt.entity.User
[org.hibernate.cfg.annotations.EntityBinder.bindTable(EntityBinder.java:501)] [2014-06-12 09:06:07,179] :
Bind entity com.microxt.entity.User on table t_user
[org.hibernate.cfg.AnnotationBinder.bindClass(AnnotationBinder.java:529)] [2014-06-12 09:06:07,179] :
Binding entity from annotated class: com.microxt.entity.UserSjxx
[org.hibernate.cfg.annotations.EntityBinder.bindTable(EntityBinder.java:501)] [2014-06-12 09:06:07,179] :
Bind entity com.microxt.entity.UserSjxx on table t_user_sjxx
[org.hibernate.cfg.annotations.CollectionBinder.bindOneToManySecondPass(CollectionBinder.java:729)] [2014-06-12 09:06:07,195] :
Mapping collection: com.microxt.entity.Department.deptManagers -> t_dept_manager
[org.hibernate.cfg.annotations.CollectionBinder.bindOneToManySecondPass(CollectionBinder.java:729)] [2014-06-12 09:06:07,195] :
Mapping collection: com.microxt.entity.Department.users -> t_user
[org.hibernate.cfg.annotations.CollectionBinder.bindOneToManySecondPass(CollectionBinder.java:729)] [2014-06-12 09:06:07,195] :
Mapping collection: com.microxt.entity.Log.logReviews -> t_log_review
[org.hibernate.cfg.annotations.CollectionBinder.bindOneToManySecondPass(CollectionBinder.java:729)] [2014-06-12 09:06:07,195] :
Mapping collection: com.microxt.entity.Log.logTransmits -> t_log_transmit
[org.hibernate.cfg.annotations.CollectionBinder.bindOneToManySecondPass(CollectionBinder.java:729)] [2014-06-12 09:06:07,210] :
Mapping collection: com.microxt.entity.Moudle.buttons -> t_button
[org.hibernate.cfg.annotations.CollectionBinder.bindOneToManySecondPass(CollectionBinder.java:729)] [2014-06-12 09:06:07,210] :
Mapping collection: com.microxt.entity.Moudle.moudles -> t_moudle
[org.hibernate.cfg.AnnotationConfiguration.applyHibernateValidatorLegacyConstraintsOnDDL(AnnotationConfiguration.java:450)] [2014-06-12 09:06:07,210] :
Hibernate Validator not found: ignoring
[org.springframework.orm.hibernate3.LocalSessionFactoryBean.buildSessionFactory(LocalSessionFactoryBean.java:772)] [2014-06-12 09:06:07,210] :
Building new Hibernate SessionFactory
[org.hibernate.cfg.search.HibernateSearchEventListenerRegister.enableHibernateSearch(HibernateSearchEventListenerRegister.java:75)] [2014-06-12 09:06:07,226] :
Unable to find org.hibernate.search.event.FullTextIndexEventListener on the classpath. Hibernate Search is not enabled.
[org.hibernate.connection.ConnectionProviderFactory.initializeConnectionProviderFromConfig(ConnectionProviderFactory.java:173)] [2014-06-12 09:06:07,241] :
Initializing connection provider: org.springframework.orm.hibernate3.LocalDataSourceConnectionProvider
[org.hibernate.cfg.SettingsFactory.buildSettings(SettingsFactory.java:117)] [2014-06-12 09:06:42,950] :
RDBMS: Oracle, version: Oracle Database 11g Release 11.1.0.0.0 - Production
[org.hibernate.cfg.SettingsFactory.buildSettings(SettingsFactory.java:118)] [2014-06-12 09:06:42,950] :
JDBC driver: Oracle JDBC driver, version: 10.2.0.4.0
[org.hibernate.dialect.Dialect.<init>(Dialect.java:206)] [2014-06-12 09:06:42,981] :
Using dialect: org.hibernate.dialect.Oracle10gDialect
[org.hibernate.engine.jdbc.JdbcSupportLoader.useContextualLobCreation(JdbcSupportLoader.java:108)] [2014-06-12 09:06:42,981] :
Disabling contextual LOB creation as createClob() method threw error : java.lang.reflect.InvocationTargetException
[org.hibernate.transaction.TransactionFactoryFactory.buildTransactionFactory(TransactionFactoryFactory.java:62)] [2014-06-12 09:06:42,981] :
Transaction strategy: org.springframework.orm.hibernate3.SpringTransactionFactory
[org.hibernate.transaction.TransactionManagerLookupFactory.getTransactionManagerLookup(TransactionManagerLookupFactory.java:80)] [2014-06-12 09:06:42,981] :
No TransactionManagerLookup configured (in JTA environment, use of read-write or transactional second-level cache is not recommended)
[org.hibernate.cfg.SettingsFactory.buildSettings(SettingsFactory.java:169)] [2014-06-12 09:06:42,997] :
Automatic flush during beforeCompletion(): disabled
[org.hibernate.cfg.SettingsFactory.buildSettings(SettingsFactory.java:173)] [2014-06-12 09:06:42,997] :
Automatic session close at end of transaction: disabled
[org.hibernate.cfg.SettingsFactory.buildSettings(SettingsFactory.java:180)] [2014-06-12 09:06:42,997] :
JDBC batch size: 15
[org.hibernate.cfg.SettingsFactory.buildSettings(SettingsFactory.java:183)] [2014-06-12 09:06:42,997] :
JDBC batch updates for versioned data: disabled
[org.hibernate.cfg.SettingsFactory.buildSettings(SettingsFactory.java:188)] [2014-06-12 09:06:42,997] :
Scrollable result sets: enabled
[org.hibernate.cfg.SettingsFactory.buildSettings(SettingsFactory.java:196)] [2014-06-12 09:06:42,997] :
JDBC3 getGeneratedKeys(): disabled
[org.hibernate.cfg.SettingsFactory.buildSettings(SettingsFactory.java:204)] [2014-06-12 09:06:42,997] :
Connection release mode: auto
[org.hibernate.cfg.SettingsFactory.buildSettings(SettingsFactory.java:228)] [2014-06-12 09:06:42,997] :
Maximum outer join fetch depth: 0
[org.hibernate.cfg.SettingsFactory.buildSettings(SettingsFactory.java:231)] [2014-06-12 09:06:42,997] :
Default batch fetch size: 4
[org.hibernate.cfg.SettingsFactory.buildSettings(SettingsFactory.java:235)] [2014-06-12 09:06:42,997] :
Generate SQL with comments: disabled
[org.hibernate.cfg.SettingsFactory.buildSettings(SettingsFactory.java:239)] [2014-06-12 09:06:42,997] :
Order SQL updates by primary key: disabled
[org.hibernate.cfg.SettingsFactory.buildSettings(SettingsFactory.java:243)] [2014-06-12 09:06:42,997] :
Order SQL inserts for batching: disabled
[org.hibernate.cfg.SettingsFactory.createQueryTranslatorFactory(SettingsFactory.java:410)] [2014-06-12 09:06:42,997] :
Query translator: org.hibernate.hql.ast.ASTQueryTranslatorFactory
[org.hibernate.hql.ast.ASTQueryTranslatorFactory.<init>(ASTQueryTranslatorFactory.java:47)] [2014-06-12 09:06:42,997] :
Using ASTQueryTranslatorFactory
[org.hibernate.cfg.SettingsFactory.buildSettings(SettingsFactory.java:251)] [2014-06-12 09:06:42,997] :
Query language substitutions: {}
[org.hibernate.cfg.SettingsFactory.buildSettings(SettingsFactory.java:256)] [2014-06-12 09:06:42,997] :
JPA-QL strict compliance: disabled
[org.hibernate.cfg.SettingsFactory.buildSettings(SettingsFactory.java:261)] [2014-06-12 09:06:42,997] :
Second-level cache: enabled
[org.hibernate.cfg.SettingsFactory.buildSettings(SettingsFactory.java:265)] [2014-06-12 09:06:42,997] :
Query cache: disabled
[org.hibernate.cfg.SettingsFactory.createRegionFactory(SettingsFactory.java:395)] [2014-06-12 09:06:42,997] :
Cache region factory : org.hibernate.cache.impl.NoCachingRegionFactory
[org.hibernate.cfg.SettingsFactory.buildSettings(SettingsFactory.java:275)] [2014-06-12 09:06:42,997] :
Optimize cache for minimal puts: disabled
[org.hibernate.cfg.SettingsFactory.buildSettings(SettingsFactory.java:284)] [2014-06-12 09:06:42,997] :
Structured second-level cache entries: disabled
[org.hibernate.cfg.SettingsFactory.buildSettings(SettingsFactory.java:304)] [2014-06-12 09:06:42,997] :
Echoing all SQL to stdout
[org.hibernate.cfg.SettingsFactory.buildSettings(SettingsFactory.java:313)] [2014-06-12 09:06:42,997] :
Statistics: enabled
[org.hibernate.cfg.SettingsFactory.buildSettings(SettingsFactory.java:317)] [2014-06-12 09:06:42,997] :
Deleted entity synthetic identifier rollback: disabled
[org.hibernate.cfg.SettingsFactory.buildSettings(SettingsFactory.java:332)] [2014-06-12 09:06:42,997] :
Default entity-mode: pojo
[org.hibernate.cfg.SettingsFactory.buildSettings(SettingsFactory.java:336)] [2014-06-12 09:06:42,997] :
Named query checking : enabled
[org.hibernate.cfg.SettingsFactory.buildSettings(SettingsFactory.java:340)] [2014-06-12 09:06:42,997] :
Check Nullability in Core (should be disabled when Bean Validation is on): enabled
[org.hibernate.impl.SessionFactoryImpl.<init>(SessionFactoryImpl.java:199)] [2014-06-12 09:06:43,029] :
building session factory
[org.hibernate.impl.SessionFactoryObjectFactory.addInstance(SessionFactoryObjectFactory.java:105)] [2014-06-12 09:06:43,279] :
Not binding factory to JNDI, no JNDI name configured
[org.codehaus.xfire.spring.ServiceBean.afterPropertiesSet(ServiceBean.java:190)] [2014-06-12 09:06:43,871] :
Exposing service with name {http://service.xctb.microxt.com}XctbService
[org.springframework.orm.hibernate3.HibernateTransactionManager.afterPropertiesSet(HibernateTransactionManager.java:415)] [2014-06-12 09:06:43,887] :
Using DataSource [org.apache.commons.dbcp.BasicDataSource@f82fe7] of Hibernate SessionFactory for HibernateTransactionManager
[org.springframework.web.context.ContextLoader.initWebApplicationContext(ContextLoader.java:214)] [2014-06-12 09:06:43,887] :
Root WebApplicationContext: initialization completed in 37817 ms
[com.opensymphony.xwork2.util.logging.commons.CommonsLogger.info(CommonsLogger.java:42)] [2014-06-12 09:06:43,981] :
Parsing configuration file [struts-default.xml]
[com.opensymphony.xwork2.util.logging.commons.CommonsLogger.info(CommonsLogger.java:42)] [2014-06-12 09:06:44,060] :
Parsing configuration file [struts-plugin.xml]
[com.opensymphony.xwork2.util.logging.commons.CommonsLogger.info(CommonsLogger.java:42)] [2014-06-12 09:06:44,122] :
Parsing configuration file [struts.xml]
[com.opensymphony.xwork2.util.logging.commons.CommonsLogger.info(CommonsLogger.java:42)] [2014-06-12 09:06:44,138] :
Loading global messages from globalMessages
[com.opensymphony.xwork2.util.logging.commons.CommonsLogger.info(CommonsLogger.java:42)] [2014-06-12 09:06:44,184] :
Initializing Struts-Spring integration...
[com.opensymphony.xwork2.util.logging.commons.CommonsLogger.info(CommonsLogger.java:42)] [2014-06-12 09:06:44,184] :
Setting autowire strategy to name
[com.opensymphony.xwork2.util.logging.commons.CommonsLogger.info(CommonsLogger.java:42)] [2014-06-12 09:06:44,184] :
... initialized Struts-Spring integration successfully
[com.opensymphony.xwork2.util.logging.commons.CommonsLogger.warn(CommonsLogger.java:56)] [2014-06-12 09:06:44,434] :
no default parameter defined for result of type json
[com.opensymphony.xwork2.util.logging.commons.CommonsLogger.warn(CommonsLogger.java:56)] [2014-06-12 09:06:44,434] :
no default parameter defined for result of type json
[com.opensymphony.xwork2.util.logging.commons.CommonsLogger.warn(CommonsLogger.java:56)] [2014-06-12 09:06:44,434] :
no default parameter defined for result of type json
[com.opensymphony.xwork2.util.logging.commons.CommonsLogger.warn(CommonsLogger.java:56)] [2014-06-12 09:06:44,434] :
no default parameter defined for result of type json
[org.springframework.beans.factory.xml.XmlBeanDefinitionReader.loadBeanDefinitions(XmlBeanDefinitionReader.java:315)] [2014-06-12 09:06:44,496] :
Loading XML bean definitions from class path resource [org/codehaus/xfire/spring/customEditors.xml]
[org.springframework.beans.factory.xml.XmlBeanDefinitionReader.loadBeanDefinitions(XmlBeanDefinitionReader.java:315)] [2014-06-12 09:06:44,512] :
Loading XML bean definitions from class path resource [META-INF/xfire/services.xml]
[org.springframework.context.support.AbstractApplicationContext.prepareRefresh(AbstractApplicationContext.java:456)] [2014-06-12 09:06:44,512] :
Refreshing org.codehaus.xfire.spring.GenericApplicationContext@1427e6e: startup date [Thu Jun 12 09:06:44 CST 2014]; parent: Root WebApplicationContext
[org.springframework.beans.factory.config.CustomEditorConfigurer.postProcessBeanFactory(CustomEditorConfigurer.java:187)] [2014-06-12 09:06:44,512] :
Passing PropertyEditor instances into CustomEditorConfigurer is deprecated: use PropertyEditorRegistrars or PropertyEditor class names instead. Offending key [org.codehaus.xfire.service.ServiceFactory; offending editor instance: org.codehaus.xfire.spring.editors.ServiceFactoryEditor@a7d968
[org.springframework.beans.factory.support.DefaultListableBeanFactory.preInstantiateSingletons(DefaultListableBeanFactory.java:555)] [2014-06-12 09:06:44,512] :
Pre-instantiating singletons in org.springframework.beans.factory.support.DefaultListableBeanFactory@7dac02: defining beans [xfire.customEditorConfigurer]; parent: org.springframework.beans.factory.support.DefaultListableBeanFactory@8497f6
[org.hibernate.stat.ConcurrentStatisticsImpl.queryExecuted(ConcurrentStatisticsImpl.java:316)] [2014-06-12 09:20:22,936] :
HQL: null, time: 94ms, rows: 1
[org.hibernate.stat.ConcurrentStatisticsImpl.queryExecuted(ConcurrentStatisticsImpl.java:316)] [2014-06-12 09:20:23,011] :
HQL: null, time: 5ms, rows: 1
[org.hibernate.stat.ConcurrentStatisticsImpl.queryExecuted(ConcurrentStatisticsImpl.java:316)] [2014-06-12 09:20:23,308] :
HQL: select new map(a.id as userId,a.logno as logno,a.userno as userno,a.logpass as logpass,a.jyxm as username,a.depId as depId,b.depName as depName,b.code as code,c.sjch as sjch,a.areaId as areaId) from User a left join a.department b,UserSjxx c  where a.logno = ? and a.logpass = ? and a.userno=c.userno, time: 10ms, rows: 1
[org.hibernate.stat.ConcurrentStatisticsImpl.queryExecuted(ConcurrentStatisticsImpl.java:316)] [2014-06-12 09:20:23,800] :
HQL: null, time: 21ms, rows: 6
[org.hibernate.stat.ConcurrentStatisticsImpl.queryExecuted(ConcurrentStatisticsImpl.java:316)] [2014-06-12 09:20:29,220] :
HQL: select new map(id as id,depName as name,code as code,isParent as isParent) from Department where parentId is null and isdel = 1, time: 3ms, rows: 1
[org.hibernate.stat.ConcurrentStatisticsImpl.queryExecuted(ConcurrentStatisticsImpl.java:316)] [2014-06-12 09:20:30,564] :
HQL: select new map(id as id,depName as name,code as code,isParent as isParent) from Department where parentId = ? and isdel = 1, time: 5ms, rows: 38
[org.hibernate.stat.ConcurrentStatisticsImpl.queryExecuted(ConcurrentStatisticsImpl.java:316)] [2014-06-12 09:20:30,586] :
HQL: select new map(u.id as id,u.jyxm as name,d.code||'_'||u.logno as code,'false' as isParent,u.depId as depId) from User u , Department d where u.depId = ? and u.isdel = 1 and u.depId=d.id, time: 9ms, rows: 18
[org.hibernate.stat.ConcurrentStatisticsImpl.queryExecuted(ConcurrentStatisticsImpl.java:316)] [2014-06-12 09:20:31,290] :
HQL: select new map(id as id,depName as name,code as code,isParent as isParent) from Department where parentId = ? and isdel = 1, time: 4ms, rows: 8
[org.hibernate.stat.ConcurrentStatisticsImpl.queryExecuted(ConcurrentStatisticsImpl.java:316)] [2014-06-12 09:20:31,298] :
HQL: select new map(u.id as id,u.jyxm as name,d.code||'_'||u.logno as code,'false' as isParent,u.depId as depId) from User u , Department d where u.depId = ? and u.isdel = 1 and u.depId=d.id, time: 6ms, rows: 0
[org.hibernate.stat.ConcurrentStatisticsImpl.queryExecuted(ConcurrentStatisticsImpl.java:316)] [2014-06-12 09:20:32,016] :
HQL: select new map(id as id,depName as name,code as code,isParent as isParent) from Department where parentId = ? and isdel = 1, time: 2ms, rows: 1
[org.hibernate.stat.ConcurrentStatisticsImpl.queryExecuted(ConcurrentStatisticsImpl.java:316)] [2014-06-12 09:20:32,024] :
HQL: select new map(u.id as id,u.jyxm as name,d.code||'_'||u.logno as code,'false' as isParent,u.depId as depId) from User u , Department d where u.depId = ? and u.isdel = 1 and u.depId=d.id, time: 6ms, rows: 0
[org.hibernate.stat.ConcurrentStatisticsImpl.queryExecuted(ConcurrentStatisticsImpl.java:316)] [2014-06-12 09:20:32,859] :
HQL: select new map(id as id,depName as name,code as code,isParent as isParent) from Department where parentId = ? and isdel = 1, time: 2ms, rows: 0
[org.hibernate.stat.ConcurrentStatisticsImpl.queryExecuted(ConcurrentStatisticsImpl.java:316)] [2014-06-12 09:20:32,868] :
HQL: select new map(u.id as id,u.jyxm as name,d.code||'_'||u.logno as code,'false' as isParent,u.depId as depId) from User u , Department d where u.depId = ? and u.isdel = 1 and u.depId=d.id, time: 7ms, rows: 0
[org.hibernate.stat.ConcurrentStatisticsImpl.queryExecuted(ConcurrentStatisticsImpl.java:316)] [2014-06-12 09:20:36,704] :
HQL: select new map(id as id,depName as name,code as code,isParent as isParent) from Department where parentId is null and isdel = 1, time: 2ms, rows: 1
[org.hibernate.stat.ConcurrentStatisticsImpl.queryExecuted(ConcurrentStatisticsImpl.java:316)] [2014-06-12 09:20:37,990] :
HQL: select new map(id as id,depName as name,code as code,isParent as isParent) from Department where parentId = ? and isdel = 1, time: 4ms, rows: 38
[org.hibernate.stat.ConcurrentStatisticsImpl.queryExecuted(ConcurrentStatisticsImpl.java:316)] [2014-06-12 09:20:38,806] :
HQL: select new map(id as id,depName as name,code as code,isParent as isParent) from Department where parentId = ? and isdel = 1, time: 3ms, rows: 8
[com.microxt.interceptor.ExceptionMappingInterceptor.intercept(ExceptionMappingInterceptor.java:38)] [2014-06-12 09:21:16,431] :
Action run error
com.microxt.xctb.util.exception.biz.UserException: /
	at com.microxt.xctb.web.xctbmanager.XctbManagerAction.addXctb(XctbManagerAction.java:178)
	at sun.reflect.NativeMethodAccessorImpl.invoke0(Native Method)
	at sun.reflect.NativeMethodAccessorImpl.invoke(NativeMethodAccessorImpl.java:39)
	at sun.reflect.DelegatingMethodAccessorImpl.invoke(DelegatingMethodAccessorImpl.java:25)
	at java.lang.reflect.Method.invoke(Method.java:597)
	at com.opensymphony.xwork2.DefaultActionInvocation.invokeAction(DefaultActionInvocation.java:452)
	at com.opensymphony.xwork2.DefaultActionInvocation.invokeActionOnly(DefaultActionInvocation.java:291)
	at com.opensymphony.xwork2.DefaultActionInvocation.invoke(DefaultActionInvocation.java:254)
	at com.opensymphony.xwork2.interceptor.DefaultWorkflowInterceptor.doIntercept(DefaultWorkflowInterceptor.java:176)
	at com.opensymphony.xwork2.interceptor.MethodFilterInterceptor.intercept(MethodFilterInterceptor.java:98)
	at com.opensymphony.xwork2.DefaultActionInvocation.invoke(DefaultActionInvocation.java:248)
	at com.opensymphony.xwork2.validator.ValidationInterceptor.doIntercept(ValidationInterceptor.java:263)
	at org.apache.struts2.interceptor.validation.AnnotationValidationInterceptor.doIntercept(AnnotationValidationInterceptor.java:68)
	at com.opensymphony.xwork2.interceptor.MethodFilterInterceptor.intercept(MethodFilterInterceptor.java:98)
	at com.opensymphony.xwork2.DefaultActionInvocation.invoke(DefaultActionInvocation.java:248)
	at com.opensymphony.xwork2.interceptor.ConversionErrorInterceptor.intercept(ConversionErrorInterceptor.java:133)
	at com.opensymphony.xwork2.DefaultActionInvocation.invoke(DefaultActionInvocation.java:248)
	at com.opensymphony.xwork2.interceptor.ParametersInterceptor.doIntercept(ParametersInterceptor.java:207)
	at com.opensymphony.xwork2.interceptor.MethodFilterInterceptor.intercept(MethodFilterInterceptor.java:98)
	at com.opensymphony.xwork2.DefaultActionInvocation.invoke(DefaultActionInvocation.java:248)
	at com.opensymphony.xwork2.interceptor.ParametersInterceptor.doIntercept(ParametersInterceptor.java:207)
	at com.opensymphony.xwork2.interceptor.MethodFilterInterceptor.intercept(MethodFilterInterceptor.java:98)
	at com.opensymphony.xwork2.DefaultActionInvocation.invoke(DefaultActionInvocation.java:248)
	at com.opensymphony.xwork2.interceptor.StaticParametersInterceptor.intercept(StaticParametersInterceptor.java:190)
	at com.opensymphony.xwork2.DefaultActionInvocation.invoke(DefaultActionInvocation.java:248)
	at org.apache.struts2.interceptor.MultiselectInterceptor.intercept(MultiselectInterceptor.java:75)
	at com.opensymphony.xwork2.DefaultActionInvocation.invoke(DefaultActionInvocation.java:248)
	at org.apache.struts2.interceptor.CheckboxInterceptor.intercept(CheckboxInterceptor.java:94)
	at com.opensymphony.xwork2.DefaultActionInvocation.invoke(DefaultActionInvocation.java:248)
	at org.apache.struts2.interceptor.FileUploadInterceptor.intercept(FileUploadInterceptor.java:243)
	at com.opensymphony.xwork2.DefaultActionInvocation.invoke(DefaultActionInvocation.java:248)
	at com.opensymphony.xwork2.interceptor.ModelDrivenInterceptor.intercept(ModelDrivenInterceptor.java:100)
	at com.opensymphony.xwork2.DefaultActionInvocation.invoke(DefaultActionInvocation.java:248)
	at com.opensymphony.xwork2.interceptor.ScopedModelDrivenInterceptor.intercept(ScopedModelDrivenInterceptor.java:141)
	at com.opensymphony.xwork2.DefaultActionInvocation.invoke(DefaultActionInvocation.java:248)
	at org.apache.struts2.interceptor.debugging.DebuggingInterceptor.intercept(DebuggingInterceptor.java:267)
	at com.opensymphony.xwork2.DefaultActionInvocation.invoke(DefaultActionInvocation.java:248)
	at com.opensymphony.xwork2.interceptor.ChainingInterceptor.intercept(ChainingInterceptor.java:142)
	at com.opensymphony.xwork2.DefaultActionInvocation.invoke(DefaultActionInvocation.java:248)
	at com.opensymphony.xwork2.interceptor.PrepareInterceptor.doIntercept(PrepareInterceptor.java:166)
	at com.opensymphony.xwork2.interceptor.MethodFilterInterceptor.intercept(MethodFilterInterceptor.java:98)
	at com.opensymphony.xwork2.DefaultActionInvocation.invoke(DefaultActionInvocation.java:248)
	at com.opensymphony.xwork2.interceptor.I18nInterceptor.intercept(I18nInterceptor.java:176)
	at com.opensymphony.xwork2.DefaultActionInvocation.invoke(DefaultActionInvocation.java:248)
	at org.apache.struts2.interceptor.ServletConfigInterceptor.intercept(ServletConfigInterceptor.java:164)
	at com.opensymphony.xwork2.DefaultActionInvocation.invoke(DefaultActionInvocation.java:248)
	at com.opensymphony.xwork2.interceptor.AliasInterceptor.intercept(AliasInterceptor.java:190)
	at com.opensymphony.xwork2.DefaultActionInvocation.invoke(DefaultActionInvocation.java:248)
	at com.opensymphony.xwork2.interceptor.ExceptionMappingInterceptor.intercept(ExceptionMappingInterceptor.java:187)
	at com.opensymphony.xwork2.DefaultActionInvocation.invoke(DefaultActionInvocation.java:248)
	at com.opensymphony.xwork2.interceptor.DefaultWorkflowInterceptor.doIntercept(DefaultWorkflowInterceptor.java:176)
	at com.opensymphony.xwork2.interceptor.MethodFilterInterceptor.intercept(MethodFilterInterceptor.java:98)
	at com.opensymphony.xwork2.DefaultActionInvocation.invoke(DefaultActionInvocation.java:248)
	at com.opensymphony.xwork2.validator.ValidationInterceptor.doIntercept(ValidationInterceptor.java:263)
	at org.apache.struts2.interceptor.validation.AnnotationValidationInterceptor.doIntercept(AnnotationValidationInterceptor.java:68)
	at com.opensymphony.xwork2.interceptor.MethodFilterInterceptor.intercept(MethodFilterInterceptor.java:98)
	at com.opensymphony.xwork2.DefaultActionInvocation.invoke(DefaultActionInvocation.java:248)
	at com.opensymphony.xwork2.interceptor.ConversionErrorInterceptor.intercept(ConversionErrorInterceptor.java:133)
	at com.opensymphony.xwork2.DefaultActionInvocation.invoke(DefaultActionInvocation.java:248)
	at com.opensymphony.xwork2.interceptor.ParametersInterceptor.doIntercept(ParametersInterceptor.java:207)
	at com.opensymphony.xwork2.interceptor.MethodFilterInterceptor.intercept(MethodFilterInterceptor.java:98)
	at com.opensymphony.xwork2.DefaultActionInvocation.invoke(DefaultActionInvocation.java:248)
	at com.opensymphony.xwork2.interceptor.ParametersInterceptor.doIntercept(ParametersInterceptor.java:207)
	at com.opensymphony.xwork2.interceptor.MethodFilterInterceptor.intercept(MethodFilterInterceptor.java:98)
	at com.opensymphony.xwork2.DefaultActionInvocation.invoke(DefaultActionInvocation.java:248)
	at com.opensymphony.xwork2.interceptor.StaticParametersInterceptor.intercept(StaticParametersInterceptor.java:190)
	at com.opensymphony.xwork2.DefaultActionInvocation.invoke(DefaultActionInvocation.java:248)
	at org.apache.struts2.interceptor.FileUploadInterceptor.intercept(FileUploadInterceptor.java:243)
	at com.opensymphony.xwork2.DefaultActionInvocation.invoke(DefaultActionInvocation.java:248)
	at com.opensymphony.xwork2.interceptor.ModelDrivenInterceptor.intercept(ModelDrivenInterceptor.java:100)
	at com.opensymphony.xwork2.DefaultActionInvocation.invoke(DefaultActionInvocation.java:248)
	at com.opensymphony.xwork2.interceptor.ChainingInterceptor.intercept(ChainingInterceptor.java:142)
	at com.opensymphony.xwork2.DefaultActionInvocation.invoke(DefaultActionInvocation.java:248)
	at com.opensymphony.xwork2.interceptor.PrepareInterceptor.doIntercept(PrepareInterceptor.java:166)
	at com.opensymphony.xwork2.interceptor.MethodFilterInterceptor.intercept(MethodFilterInterceptor.java:98)
	at com.opensymphony.xwork2.DefaultActionInvocation.invoke(DefaultActionInvocation.java:248)
	at org.apache.struts2.interceptor.ServletConfigInterceptor.intercept(ServletConfigInterceptor.java:164)
	at com.opensymphony.xwork2.DefaultActionInvocation.invoke(DefaultActionInvocation.java:248)
	at com.opensymphony.xwork2.interceptor.ParametersInterceptor.doIntercept(ParametersInterceptor.java:207)
	at com.opensymphony.xwork2.interceptor.MethodFilterInterceptor.intercept(MethodFilterInterceptor.java:98)
	at com.opensymphony.xwork2.DefaultActionInvocation.invoke(DefaultActionInvocation.java:248)
	at org.apache.struts2.interceptor.MultiselectInterceptor.intercept(MultiselectInterceptor.java:75)
	at com.opensymphony.xwork2.DefaultActionInvocation.invoke(DefaultActionInvocation.java:248)
	at org.apache.struts2.interceptor.CheckboxInterceptor.intercept(CheckboxInterceptor.java:94)
	at com.opensymphony.xwork2.DefaultActionInvocation.invoke(DefaultActionInvocation.java:248)
	at com.opensymphony.xwork2.interceptor.I18nInterceptor.intercept(I18nInterceptor.java:176)
	at com.opensymphony.xwork2.DefaultActionInvocation.invoke(DefaultActionInvocation.java:248)
	at com.opensymphony.xwork2.interceptor.AliasInterceptor.intercept(AliasInterceptor.java:190)
	at com.opensymphony.xwork2.DefaultActionInvocation.invoke(DefaultActionInvocation.java:248)
	at com.opensymphony.xwork2.interceptor.ExceptionMappingInterceptor.intercept(ExceptionMappingInterceptor.java:187)
	at com.opensymphony.xwork2.DefaultActionInvocation.invoke(DefaultActionInvocation.java:248)
	at org.apache.struts2.interceptor.MessageStoreInterceptor.intercept(MessageStoreInterceptor.java:204)
	at com.opensymphony.xwork2.DefaultActionInvocation.invoke(DefaultActionInvocation.java:248)
	at com.microxt.interceptor.ExceptionMappingInterceptor.intercept(ExceptionMappingInterceptor.java:35)
	at com.opensymphony.xwork2.DefaultActionInvocation.invoke(DefaultActionInvocation.java:248)
	at com.microxt.interceptor.AuthorizationInterceptor.intercept(AuthorizationInterceptor.java:54)
	at com.opensymphony.xwork2.DefaultActionInvocation.invoke(DefaultActionInvocation.java:248)
	at org.apache.struts2.impl.StrutsActionProxy.execute(StrutsActionProxy.java:52)
	at org.apache.struts2.dispatcher.Dispatcher.serviceAction(Dispatcher.java:485)
	at org.apache.struts2.dispatcher.ng.ExecuteOperations.executeAction(ExecuteOperations.java:77)
	at org.apache.struts2.dispatcher.ng.filter.StrutsPrepareAndExecuteFilter.doFilter(StrutsPrepareAndExecuteFilter.java:91)
	at org.mortbay.jetty.servlet.ServletHandler$CachedChain.doFilter(ServletHandler.java:1157)
	at org.apache.struts2.dispatcher.ActionContextCleanUp.doFilter(ActionContextCleanUp.java:102)
	at org.mortbay.jetty.servlet.ServletHandler$CachedChain.doFilter(ServletHandler.java:1157)
	at org.springframework.web.filter.AbstractRequestLoggingFilter.doFilterInternal(AbstractRequestLoggingFilter.java:193)
	at org.springframework.web.filter.OncePerRequestFilter.doFilter(OncePerRequestFilter.java:76)
	at org.mortbay.jetty.servlet.ServletHandler$CachedChain.doFilter(ServletHandler.java:1157)
	at org.mortbay.jetty.servlet.ServletHandler.handle(ServletHandler.java:388)
	at org.mortbay.jetty.security.SecurityHandler.handle(SecurityHandler.java:216)
	at org.mortbay.jetty.servlet.SessionHandler.handle(SessionHandler.java:182)
	at org.mortbay.jetty.handler.ContextHandler.handle(ContextHandler.java:765)
	at org.mortbay.jetty.webapp.WebAppContext.handle(WebAppContext.java:440)
	at org.mortbay.jetty.handler.HandlerWrapper.handle(HandlerWrapper.java:152)
	at org.mortbay.jetty.Server.handle(Server.java:326)
	at org.mortbay.jetty.HttpConnection.handleRequest(HttpConnection.java:542)
	at org.mortbay.jetty.HttpConnection$RequestHandler.content(HttpConnection.java:943)
	at org.mortbay.jetty.HttpParser.parseNext(HttpParser.java:756)
	at org.mortbay.jetty.HttpParser.parseAvailable(HttpParser.java:218)
	at org.mortbay.jetty.HttpConnection.handle(HttpConnection.java:404)
	at org.mortbay.jetty.bio.SocketConnector$Connection.run(SocketConnector.java:228)
	at org.mortbay.thread.QueuedThreadPool$PoolThread.run(QueuedThreadPool.java:582)
[org.hibernate.stat.ConcurrentStatisticsImpl.queryExecuted(ConcurrentStatisticsImpl.java:316)] [2014-06-12 09:55:33,196] :
HQL: null, time: 9ms, rows: 1
[org.hibernate.stat.ConcurrentStatisticsImpl.queryExecuted(ConcurrentStatisticsImpl.java:316)] [2014-06-12 09:55:38,027] :
HQL: null, time: 9ms, rows: 1
