[org.springframework.web.context.ContextLoader.initWebApplicationContext(ContextLoader.java:187)] [2014-06-09 09:21:32,021] :
Root WebApplicationContext: initialization started
[org.springframework.context.support.AbstractApplicationContext.prepareRefresh(AbstractApplicationContext.java:456)] [2014-06-09 09:21:32,052] :
Refreshing Root WebApplicationContext: startup date [Mon Jun 09 09:21:32 CST 2014]; root of context hierarchy
[org.springframework.beans.factory.xml.XmlBeanDefinitionReader.loadBeanDefinitions(XmlBeanDefinitionReader.java:315)] [2014-06-09 09:21:32,099] :
Loading XML bean definitions from URL [file:/D:/project/xctb/trunk/code/xctb/WebRoot/WEB-INF/classes/applicationContext.xml]
[org.springframework.beans.factory.xml.XmlBeanDefinitionReader.loadBeanDefinitions(XmlBeanDefinitionReader.java:315)] [2014-06-09 09:21:32,208] :
Loading XML bean definitions from file [D:\project\xctb\trunk\code\xctb\WebRoot\WEB-INF\classes\biz\app\sp-app.xml]
[org.springframework.beans.factory.xml.XmlBeanDefinitionReader.loadBeanDefinitions(XmlBeanDefinitionReader.java:315)] [2014-06-09 09:21:32,240] :
Loading XML bean definitions from file [D:\project\xctb\trunk\code\xctb\WebRoot\WEB-INF\classes\biz\document\sp-document.xml]
[org.springframework.beans.factory.xml.XmlBeanDefinitionReader.loadBeanDefinitions(XmlBeanDefinitionReader.java:315)] [2014-06-09 09:21:32,255] :
Loading XML bean definitions from file [D:\project\xctb\trunk\code\xctb\WebRoot\WEB-INF\classes\biz\group\sp-group.xml]
[org.springframework.beans.factory.xml.XmlBeanDefinitionReader.loadBeanDefinitions(XmlBeanDefinitionReader.java:315)] [2014-06-09 09:21:32,271] :
Loading XML bean definitions from file [D:\project\xctb\trunk\code\xctb\WebRoot\WEB-INF\classes\biz\log\sp-log.xml]
[org.springframework.beans.factory.xml.XmlBeanDefinitionReader.loadBeanDefinitions(XmlBeanDefinitionReader.java:315)] [2014-06-09 09:21:32,286] :
Loading XML bean definitions from file [D:\project\xctb\trunk\code\xctb\WebRoot\WEB-INF\classes\biz\notice\sp-notice.xml]
[org.springframework.beans.factory.xml.XmlBeanDefinitionReader.loadBeanDefinitions(XmlBeanDefinitionReader.java:315)] [2014-06-09 09:21:32,303] :
Loading XML bean definitions from file [D:\project\xctb\trunk\code\xctb\WebRoot\WEB-INF\classes\biz\sys\sp-sys.xml]
[org.springframework.beans.factory.xml.XmlBeanDefinitionReader.loadBeanDefinitions(XmlBeanDefinitionReader.java:315)] [2014-06-09 09:21:32,319] :
Loading XML bean definitions from file [D:\project\xctb\trunk\code\xctb\WebRoot\WEB-INF\classes\biz\sys\sp-user.xml]
[org.springframework.beans.factory.xml.XmlBeanDefinitionReader.loadBeanDefinitions(XmlBeanDefinitionReader.java:315)] [2014-06-09 09:21:32,334] :
Loading XML bean definitions from file [D:\project\xctb\trunk\code\xctb\WebRoot\WEB-INF\classes\biz\xctb\sp-biz.xml]
[org.springframework.beans.factory.xml.XmlBeanDefinitionReader.loadBeanDefinitions(XmlBeanDefinitionReader.java:315)] [2014-06-09 09:21:32,334] :
Loading XML bean definitions from file [D:\project\xctb\trunk\code\xctb\WebRoot\WEB-INF\classes\biz\xctb\sp-dao.xml]
[org.springframework.beans.factory.xml.XmlBeanDefinitionReader.loadBeanDefinitions(XmlBeanDefinitionReader.java:315)] [2014-06-09 09:21:32,350] :
Loading XML bean definitions from file [D:\project\xctb\trunk\code\xctb\WebRoot\WEB-INF\classes\biz\xctb\sp-xctb-biz.xml]
[org.springframework.beans.factory.xml.XmlBeanDefinitionReader.loadBeanDefinitions(XmlBeanDefinitionReader.java:315)] [2014-06-09 09:21:32,365] :
Loading XML bean definitions from file [D:\project\xctb\trunk\code\xctb\WebRoot\WEB-INF\classes\biz\xctb\sp-xctb-dao.xml]
[org.springframework.beans.factory.xml.XmlBeanDefinitionReader.loadBeanDefinitions(XmlBeanDefinitionReader.java:315)] [2014-06-09 09:21:32,365] :
Loading XML bean definitions from file [D:\project\xctb\trunk\code\xctb\WebRoot\WEB-INF\classes\biz\xctb\sp-xtcb-action.xml]
[org.springframework.core.io.support.PropertiesLoaderSupport.loadProperties(PropertiesLoaderSupport.java:177)] [2014-06-09 09:21:32,537] :
Loading properties file from class path resource [jdbc.properties]
[org.springframework.beans.factory.support.DefaultListableBeanFactory.preInstantiateSingletons(DefaultListableBeanFactory.java:555)] [2014-06-09 09:21:32,553] :
Pre-instantiating singletons in org.springframework.beans.factory.support.DefaultListableBeanFactory@d0f59e: defining beans [indexAction,authorizationInterceptor,docDao,docBiz,docAction,groupDao,groupBiz,groupAction,logDao,logReviewDao,logTransmitDao,logBiz,logAction,noticeDao,noticeBiz,noticeAction,loginAction,menuDao,roleDao,moudleDao,moudleBiz,moudleAction,departmentDao,deptManagerDao,departmentBiz,departmentAction,moudleButtonDao,moudleButtonBiz,moudleButtonAction,roleBiz,roleAction,userDao,userBiz,userAction,userManagerBiz,userManagerDao,xctbManagerBiz,updateFileSync,xctbManagerDao,xctbManagerAction,springContextHolder,config,dataSource,sessionFactory,jdbcTemplate,transactionManager,org.springframework.aop.config.internalAutoProxyCreator,org.springframework.transaction.annotation.AnnotationTransactionAttributeSource#0,org.springframework.transaction.interceptor.TransactionInterceptor#0,org.springframework.transaction.config.internalTransactionAdvisor]; root of factory hierarchy
[org.hibernate.cfg.annotations.Version.<clinit>(Version.java:43)] [2014-06-09 09:21:32,677] :
Hibernate Annotations 3.5.5-Final
[org.hibernate.cfg.Environment.<clinit>(Environment.java:570)] [2014-06-09 09:21:32,677] :
Hibernate 3.5.5-Final
[org.hibernate.cfg.Environment.<clinit>(Environment.java:603)] [2014-06-09 09:21:32,677] :
hibernate.properties not found
[org.hibernate.cfg.Environment.buildBytecodeProvider(Environment.java:781)] [2014-06-09 09:21:32,693] :
Bytecode provider name : javassist
[org.hibernate.cfg.Environment.<clinit>(Environment.java:662)] [2014-06-09 09:21:32,693] :
using JDK 1.4 java.sql.Timestamp handling
[org.hibernate.annotations.common.Version.<clinit>(Version.java:37)] [2014-06-09 09:21:32,755] :
Hibernate Commons Annotations 3.2.0.Final
[org.hibernate.cfg.AnnotationBinder.bindClass(AnnotationBinder.java:529)] [2014-06-09 09:21:32,880] :
Binding entity from annotated class: com.microxt.entity.Button
[org.hibernate.cfg.annotations.EntityBinder.bindTable(EntityBinder.java:501)] [2014-06-09 09:21:32,896] :
Bind entity com.microxt.entity.Button on table t_button
[org.hibernate.cfg.AnnotationBinder.bindClass(AnnotationBinder.java:529)] [2014-06-09 09:21:32,943] :
Binding entity from annotated class: com.microxt.entity.BuzzAuth
[org.hibernate.cfg.annotations.EntityBinder.bindTable(EntityBinder.java:501)] [2014-06-09 09:21:32,943] :
Bind entity com.microxt.entity.BuzzAuth on table t_buzz_auth
[org.hibernate.cfg.AnnotationBinder.bindClass(AnnotationBinder.java:529)] [2014-06-09 09:21:32,958] :
Binding entity from annotated class: com.microxt.entity.BuzzAuthUser
[org.hibernate.cfg.annotations.EntityBinder.bindTable(EntityBinder.java:501)] [2014-06-09 09:21:32,958] :
Bind entity com.microxt.entity.BuzzAuthUser on table t_buzz_auth_user
[org.hibernate.cfg.AnnotationBinder.bindClass(AnnotationBinder.java:529)] [2014-06-09 09:21:32,958] :
Binding entity from annotated class: com.microxt.entity.Department
[org.hibernate.cfg.annotations.EntityBinder.bindTable(EntityBinder.java:501)] [2014-06-09 09:21:32,958] :
Bind entity com.microxt.entity.Department on table t_department
[org.hibernate.cfg.AnnotationBinder.bindClass(AnnotationBinder.java:529)] [2014-06-09 09:21:32,958] :
Binding entity from annotated class: com.microxt.entity.DeptManager
[org.hibernate.cfg.annotations.EntityBinder.bindTable(EntityBinder.java:501)] [2014-06-09 09:21:32,958] :
Bind entity com.microxt.entity.DeptManager on table t_dept_manager
[org.hibernate.cfg.AnnotationBinder.bindClass(AnnotationBinder.java:529)] [2014-06-09 09:21:32,958] :
Binding entity from annotated class: com.microxt.entity.Dict
[org.hibernate.cfg.annotations.EntityBinder.bindTable(EntityBinder.java:501)] [2014-06-09 09:21:32,958] :
Bind entity com.microxt.entity.Dict on table t_dict
[org.hibernate.cfg.AnnotationBinder.bindClass(AnnotationBinder.java:529)] [2014-06-09 09:21:32,974] :
Binding entity from annotated class: com.microxt.entity.DocAttach
[org.hibernate.cfg.annotations.EntityBinder.bindTable(EntityBinder.java:501)] [2014-06-09 09:21:32,974] :
Bind entity com.microxt.entity.DocAttach on table t_doc_attach
[org.hibernate.cfg.AnnotationBinder.bindClass(AnnotationBinder.java:529)] [2014-06-09 09:21:32,974] :
Binding entity from annotated class: com.microxt.entity.Group
[org.hibernate.cfg.annotations.EntityBinder.bindTable(EntityBinder.java:501)] [2014-06-09 09:21:32,974] :
Bind entity com.microxt.entity.Group on table t_group
[org.hibernate.cfg.AnnotationBinder.bindClass(AnnotationBinder.java:529)] [2014-06-09 09:21:32,974] :
Binding entity from annotated class: com.microxt.entity.Log
[org.hibernate.cfg.annotations.EntityBinder.bindTable(EntityBinder.java:501)] [2014-06-09 09:21:32,974] :
Bind entity com.microxt.entity.Log on table t_log
[org.hibernate.cfg.AnnotationBinder.bindClass(AnnotationBinder.java:529)] [2014-06-09 09:21:32,974] :
Binding entity from annotated class: com.microxt.entity.LogReview
[org.hibernate.cfg.annotations.EntityBinder.bindTable(EntityBinder.java:501)] [2014-06-09 09:21:32,989] :
Bind entity com.microxt.entity.LogReview on table t_log_review
[org.hibernate.cfg.AnnotationBinder.bindClass(AnnotationBinder.java:529)] [2014-06-09 09:21:32,989] :
Binding entity from annotated class: com.microxt.entity.LogTransmit
[org.hibernate.cfg.annotations.EntityBinder.bindTable(EntityBinder.java:501)] [2014-06-09 09:21:32,989] :
Bind entity com.microxt.entity.LogTransmit on table t_log_transmit
[org.hibernate.cfg.AnnotationBinder.bindClass(AnnotationBinder.java:529)] [2014-06-09 09:21:32,989] :
Binding entity from annotated class: com.microxt.entity.Moudle
[org.hibernate.cfg.annotations.EntityBinder.bindTable(EntityBinder.java:501)] [2014-06-09 09:21:32,989] :
Bind entity com.microxt.entity.Moudle on table t_moudle
[org.hibernate.cfg.AnnotationBinder.bindClass(AnnotationBinder.java:529)] [2014-06-09 09:21:32,989] :
Binding entity from annotated class: com.microxt.entity.Notice
[org.hibernate.cfg.annotations.EntityBinder.bindTable(EntityBinder.java:501)] [2014-06-09 09:21:32,989] :
Bind entity com.microxt.entity.Notice on table t_notice
[org.hibernate.cfg.AnnotationBinder.bindClass(AnnotationBinder.java:529)] [2014-06-09 09:21:33,021] :
Binding entity from annotated class: com.microxt.entity.Role
[org.hibernate.cfg.annotations.EntityBinder.bindTable(EntityBinder.java:501)] [2014-06-09 09:21:33,021] :
Bind entity com.microxt.entity.Role on table t_role
[org.hibernate.cfg.AnnotationBinder.bindClass(AnnotationBinder.java:529)] [2014-06-09 09:21:33,036] :
Binding entity from annotated class: com.microxt.entity.User
[org.hibernate.cfg.annotations.EntityBinder.bindTable(EntityBinder.java:501)] [2014-06-09 09:21:33,036] :
Bind entity com.microxt.entity.User on table t_user
[org.hibernate.cfg.AnnotationBinder.bindClass(AnnotationBinder.java:529)] [2014-06-09 09:21:33,036] :
Binding entity from annotated class: com.microxt.entity.UserSjxx
[org.hibernate.cfg.annotations.EntityBinder.bindTable(EntityBinder.java:501)] [2014-06-09 09:21:33,036] :
Bind entity com.microxt.entity.UserSjxx on table t_user_sjxx
[org.hibernate.cfg.annotations.CollectionBinder.bindOneToManySecondPass(CollectionBinder.java:729)] [2014-06-09 09:21:33,067] :
Mapping collection: com.microxt.entity.Department.deptManagers -> t_dept_manager
[org.hibernate.cfg.annotations.CollectionBinder.bindOneToManySecondPass(CollectionBinder.java:729)] [2014-06-09 09:21:33,067] :
Mapping collection: com.microxt.entity.Department.users -> t_user
[org.hibernate.cfg.annotations.CollectionBinder.bindOneToManySecondPass(CollectionBinder.java:729)] [2014-06-09 09:21:33,067] :
Mapping collection: com.microxt.entity.Log.logReviews -> t_log_review
[org.hibernate.cfg.annotations.CollectionBinder.bindOneToManySecondPass(CollectionBinder.java:729)] [2014-06-09 09:21:33,067] :
Mapping collection: com.microxt.entity.Log.logTransmits -> t_log_transmit
[org.hibernate.cfg.annotations.CollectionBinder.bindOneToManySecondPass(CollectionBinder.java:729)] [2014-06-09 09:21:33,067] :
Mapping collection: com.microxt.entity.Moudle.buttons -> t_button
[org.hibernate.cfg.annotations.CollectionBinder.bindOneToManySecondPass(CollectionBinder.java:729)] [2014-06-09 09:21:33,067] :
Mapping collection: com.microxt.entity.Moudle.moudles -> t_moudle
[org.hibernate.cfg.AnnotationConfiguration.applyHibernateValidatorLegacyConstraintsOnDDL(AnnotationConfiguration.java:450)] [2014-06-09 09:21:33,067] :
Hibernate Validator not found: ignoring
[org.springframework.orm.hibernate3.LocalSessionFactoryBean.buildSessionFactory(LocalSessionFactoryBean.java:772)] [2014-06-09 09:21:33,067] :
Building new Hibernate SessionFactory
[org.hibernate.cfg.search.HibernateSearchEventListenerRegister.enableHibernateSearch(HibernateSearchEventListenerRegister.java:75)] [2014-06-09 09:21:33,083] :
Unable to find org.hibernate.search.event.FullTextIndexEventListener on the classpath. Hibernate Search is not enabled.
[org.hibernate.connection.ConnectionProviderFactory.initializeConnectionProviderFromConfig(ConnectionProviderFactory.java:173)] [2014-06-09 09:21:33,099] :
Initializing connection provider: org.springframework.orm.hibernate3.LocalDataSourceConnectionProvider
[org.hibernate.cfg.SettingsFactory.buildSettings(SettingsFactory.java:117)] [2014-06-09 09:21:54,065] :
RDBMS: Oracle, version: Oracle Database 11g Release 11.1.0.0.0 - Production
[org.hibernate.cfg.SettingsFactory.buildSettings(SettingsFactory.java:118)] [2014-06-09 09:21:54,065] :
JDBC driver: Oracle JDBC driver, version: 10.2.0.4.0
[org.hibernate.dialect.Dialect.<init>(Dialect.java:206)] [2014-06-09 09:21:54,144] :
Using dialect: org.hibernate.dialect.Oracle10gDialect
[org.hibernate.engine.jdbc.JdbcSupportLoader.useContextualLobCreation(JdbcSupportLoader.java:108)] [2014-06-09 09:21:54,144] :
Disabling contextual LOB creation as createClob() method threw error : java.lang.reflect.InvocationTargetException
[org.hibernate.transaction.TransactionFactoryFactory.buildTransactionFactory(TransactionFactoryFactory.java:62)] [2014-06-09 09:21:54,144] :
Transaction strategy: org.springframework.orm.hibernate3.SpringTransactionFactory
[org.hibernate.transaction.TransactionManagerLookupFactory.getTransactionManagerLookup(TransactionManagerLookupFactory.java:80)] [2014-06-09 09:21:54,144] :
No TransactionManagerLookup configured (in JTA environment, use of read-write or transactional second-level cache is not recommended)
[org.hibernate.cfg.SettingsFactory.buildSettings(SettingsFactory.java:169)] [2014-06-09 09:21:54,144] :
Automatic flush during beforeCompletion(): disabled
[org.hibernate.cfg.SettingsFactory.buildSettings(SettingsFactory.java:173)] [2014-06-09 09:21:54,144] :
Automatic session close at end of transaction: disabled
[org.hibernate.cfg.SettingsFactory.buildSettings(SettingsFactory.java:180)] [2014-06-09 09:21:54,144] :
JDBC batch size: 15
[org.hibernate.cfg.SettingsFactory.buildSettings(SettingsFactory.java:183)] [2014-06-09 09:21:54,144] :
JDBC batch updates for versioned data: disabled
[org.hibernate.cfg.SettingsFactory.buildSettings(SettingsFactory.java:188)] [2014-06-09 09:21:54,160] :
Scrollable result sets: enabled
[org.hibernate.cfg.SettingsFactory.buildSettings(SettingsFactory.java:196)] [2014-06-09 09:21:54,160] :
JDBC3 getGeneratedKeys(): disabled
[org.hibernate.cfg.SettingsFactory.buildSettings(SettingsFactory.java:204)] [2014-06-09 09:21:54,160] :
Connection release mode: auto
[org.hibernate.cfg.SettingsFactory.buildSettings(SettingsFactory.java:228)] [2014-06-09 09:21:54,160] :
Maximum outer join fetch depth: 0
[org.hibernate.cfg.SettingsFactory.buildSettings(SettingsFactory.java:231)] [2014-06-09 09:21:54,160] :
Default batch fetch size: 4
[org.hibernate.cfg.SettingsFactory.buildSettings(SettingsFactory.java:235)] [2014-06-09 09:21:54,160] :
Generate SQL with comments: disabled
[org.hibernate.cfg.SettingsFactory.buildSettings(SettingsFactory.java:239)] [2014-06-09 09:21:54,160] :
Order SQL updates by primary key: disabled
[org.hibernate.cfg.SettingsFactory.buildSettings(SettingsFactory.java:243)] [2014-06-09 09:21:54,160] :
Order SQL inserts for batching: disabled
[org.hibernate.cfg.SettingsFactory.createQueryTranslatorFactory(SettingsFactory.java:410)] [2014-06-09 09:21:54,160] :
Query translator: org.hibernate.hql.ast.ASTQueryTranslatorFactory
[org.hibernate.hql.ast.ASTQueryTranslatorFactory.<init>(ASTQueryTranslatorFactory.java:47)] [2014-06-09 09:21:54,160] :
Using ASTQueryTranslatorFactory
[org.hibernate.cfg.SettingsFactory.buildSettings(SettingsFactory.java:251)] [2014-06-09 09:21:54,160] :
Query language substitutions: {}
[org.hibernate.cfg.SettingsFactory.buildSettings(SettingsFactory.java:256)] [2014-06-09 09:21:54,160] :
JPA-QL strict compliance: disabled
[org.hibernate.cfg.SettingsFactory.buildSettings(SettingsFactory.java:261)] [2014-06-09 09:21:54,160] :
Second-level cache: enabled
[org.hibernate.cfg.SettingsFactory.buildSettings(SettingsFactory.java:265)] [2014-06-09 09:21:54,160] :
Query cache: disabled
[org.hibernate.cfg.SettingsFactory.createRegionFactory(SettingsFactory.java:395)] [2014-06-09 09:21:54,160] :
Cache region factory : org.hibernate.cache.impl.NoCachingRegionFactory
[org.hibernate.cfg.SettingsFactory.buildSettings(SettingsFactory.java:275)] [2014-06-09 09:21:54,160] :
Optimize cache for minimal puts: disabled
[org.hibernate.cfg.SettingsFactory.buildSettings(SettingsFactory.java:284)] [2014-06-09 09:21:54,160] :
Structured second-level cache entries: disabled
[org.hibernate.cfg.SettingsFactory.buildSettings(SettingsFactory.java:304)] [2014-06-09 09:21:54,160] :
Echoing all SQL to stdout
[org.hibernate.cfg.SettingsFactory.buildSettings(SettingsFactory.java:313)] [2014-06-09 09:21:54,160] :
Statistics: enabled
[org.hibernate.cfg.SettingsFactory.buildSettings(SettingsFactory.java:317)] [2014-06-09 09:21:54,160] :
Deleted entity synthetic identifier rollback: disabled
[org.hibernate.cfg.SettingsFactory.buildSettings(SettingsFactory.java:332)] [2014-06-09 09:21:54,160] :
Default entity-mode: pojo
[org.hibernate.cfg.SettingsFactory.buildSettings(SettingsFactory.java:336)] [2014-06-09 09:21:54,160] :
Named query checking : enabled
[org.hibernate.cfg.SettingsFactory.buildSettings(SettingsFactory.java:340)] [2014-06-09 09:21:54,160] :
Check Nullability in Core (should be disabled when Bean Validation is on): enabled
[org.hibernate.impl.SessionFactoryImpl.<init>(SessionFactoryImpl.java:199)] [2014-06-09 09:21:54,191] :
building session factory
[org.hibernate.impl.SessionFactoryObjectFactory.addInstance(SessionFactoryObjectFactory.java:105)] [2014-06-09 09:21:54,456] :
Not binding factory to JNDI, no JNDI name configured
[org.springframework.orm.hibernate3.HibernateTransactionManager.afterPropertiesSet(HibernateTransactionManager.java:415)] [2014-06-09 09:21:54,815] :
Using DataSource [org.apache.commons.dbcp.BasicDataSource@e86f41] of Hibernate SessionFactory for HibernateTransactionManager
[org.springframework.web.context.ContextLoader.initWebApplicationContext(ContextLoader.java:214)] [2014-06-09 09:21:54,815] :
Root WebApplicationContext: initialization completed in 22794 ms
[com.opensymphony.xwork2.util.logging.commons.CommonsLogger.info(CommonsLogger.java:42)] [2014-06-09 09:21:54,924] :
Parsing configuration file [struts-default.xml]
[com.opensymphony.xwork2.util.logging.commons.CommonsLogger.info(CommonsLogger.java:42)] [2014-06-09 09:21:55,064] :
Parsing configuration file [struts-plugin.xml]
[com.opensymphony.xwork2.util.logging.commons.CommonsLogger.info(CommonsLogger.java:42)] [2014-06-09 09:21:55,142] :
Parsing configuration file [struts.xml]
[com.opensymphony.xwork2.util.logging.commons.CommonsLogger.info(CommonsLogger.java:42)] [2014-06-09 09:21:55,142] :
Loading global messages from globalMessages
[com.opensymphony.xwork2.util.logging.commons.CommonsLogger.info(CommonsLogger.java:42)] [2014-06-09 09:21:55,190] :
Initializing Struts-Spring integration...
[com.opensymphony.xwork2.util.logging.commons.CommonsLogger.info(CommonsLogger.java:42)] [2014-06-09 09:21:55,190] :
Setting autowire strategy to name
[com.opensymphony.xwork2.util.logging.commons.CommonsLogger.info(CommonsLogger.java:42)] [2014-06-09 09:21:55,190] :
... initialized Struts-Spring integration successfully
[com.opensymphony.xwork2.util.logging.commons.CommonsLogger.warn(CommonsLogger.java:56)] [2014-06-09 09:21:55,455] :
no default parameter defined for result of type json
[com.opensymphony.xwork2.util.logging.commons.CommonsLogger.warn(CommonsLogger.java:56)] [2014-06-09 09:21:55,455] :
no default parameter defined for result of type json
[com.opensymphony.xwork2.util.logging.commons.CommonsLogger.warn(CommonsLogger.java:56)] [2014-06-09 09:21:55,455] :
no default parameter defined for result of type json
[com.opensymphony.xwork2.util.logging.commons.CommonsLogger.warn(CommonsLogger.java:56)] [2014-06-09 09:21:55,471] :
no default parameter defined for result of type json
[org.springframework.beans.factory.xml.XmlBeanDefinitionReader.loadBeanDefinitions(XmlBeanDefinitionReader.java:315)] [2014-06-09 09:21:55,518] :
Loading XML bean definitions from class path resource [org/codehaus/xfire/spring/xfire.xml]
[org.springframework.beans.factory.xml.XmlBeanDefinitionReader.loadBeanDefinitions(XmlBeanDefinitionReader.java:315)] [2014-06-09 09:21:55,533] :
Loading XML bean definitions from class path resource [org/codehaus/xfire/spring/customEditors.xml]
[org.springframework.beans.factory.xml.XmlBeanDefinitionReader.loadBeanDefinitions(XmlBeanDefinitionReader.java:315)] [2014-06-09 09:21:55,596] :
Loading XML bean definitions from class path resource [META-INF/xfire/services.xml]
[org.codehaus.xfire.transport.http.XFireServlet.init(XFireServlet.java:51)] [2014-06-09 09:21:55,596] :
Error initializing XFireServlet.
org.springframework.beans.factory.BeanDefinitionStoreException: IOException parsing XML document from class path resource [META-INF/xfire/services.xml]; nested exception is java.io.FileNotFoundException: class path resource [META-INF/xfire/services.xml] cannot be opened because it does not exist
	at org.springframework.beans.factory.xml.XmlBeanDefinitionReader.loadBeanDefinitions(XmlBeanDefinitionReader.java:341)
	at org.springframework.beans.factory.xml.XmlBeanDefinitionReader.loadBeanDefinitions(XmlBeanDefinitionReader.java:302)
	at org.codehaus.xfire.spring.XFireConfigLoader.getXFireApplicationContext(XFireConfigLoader.java:103)
	at org.codehaus.xfire.spring.XFireConfigLoader.loadContext(XFireConfigLoader.java:41)
	at org.codehaus.xfire.transport.http.XFireConfigurableServlet.loadConfig(XFireConfigurableServlet.java:86)
	at org.codehaus.xfire.transport.http.XFireConfigurableServlet.createXFire(XFireConfigurableServlet.java:54)
	at org.codehaus.xfire.transport.http.XFireServlet.init(XFireServlet.java:45)
	at javax.servlet.GenericServlet.init(GenericServlet.java:160)
	at org.mortbay.jetty.servlet.ServletHolder.initServlet(ServletHolder.java:440)
	at org.mortbay.jetty.servlet.ServletHolder.doStart(ServletHolder.java:263)
	at org.mortbay.component.AbstractLifeCycle.start(AbstractLifeCycle.java:50)
	at org.mortbay.jetty.servlet.ServletHandler.initialize(ServletHandler.java:685)
	at org.mortbay.jetty.servlet.Context.startContext(Context.java:140)
	at org.mortbay.jetty.webapp.WebAppContext.startContext(WebAppContext.java:1272)
	at org.mortbay.jetty.handler.ContextHandler.doStart(ContextHandler.java:517)
	at org.mortbay.jetty.webapp.WebAppContext.doStart(WebAppContext.java:489)
	at org.mortbay.component.AbstractLifeCycle.start(AbstractLifeCycle.java:50)
	at org.mortbay.jetty.handler.HandlerWrapper.doStart(HandlerWrapper.java:130)
	at org.mortbay.jetty.Server.doStart(Server.java:224)
	at org.mortbay.component.AbstractLifeCycle.start(AbstractLifeCycle.java:50)
	at jetty.service.Xctb.main(Xctb.java:14)
Caused by: java.io.FileNotFoundException: class path resource [META-INF/xfire/services.xml] cannot be opened because it does not exist
	at org.springframework.core.io.ClassPathResource.getInputStream(ClassPathResource.java:158)
	at org.springframework.beans.factory.xml.XmlBeanDefinitionReader.loadBeanDefinitions(XmlBeanDefinitionReader.java:328)
	... 20 more
[org.hibernate.stat.ConcurrentStatisticsImpl.queryExecuted(ConcurrentStatisticsImpl.java:316)] [2014-06-09 09:24:09,042] :
HQL: null, time: 90ms, rows: 1
[org.hibernate.stat.ConcurrentStatisticsImpl.queryExecuted(ConcurrentStatisticsImpl.java:316)] [2014-06-09 09:24:09,127] :
HQL: null, time: 5ms, rows: 1
[org.hibernate.stat.ConcurrentStatisticsImpl.queryExecuted(ConcurrentStatisticsImpl.java:316)] [2014-06-09 09:24:09,428] :
HQL: select new map(a.id as userId,a.logno as logno,a.userno as userno,a.logpass as logpass,a.jyxm as username,a.depId as depId,b.depName as depName,b.code as code,c.sjch as sjch,a.areaId as areaId) from User a left join a.department b,UserSjxx c  where a.logno = ? and a.logpass = ? and a.userno=c.userno, time: 11ms, rows: 1
[org.hibernate.stat.ConcurrentStatisticsImpl.queryExecuted(ConcurrentStatisticsImpl.java:316)] [2014-06-09 09:24:09,673] :
HQL: null, time: 5ms, rows: 1
[org.hibernate.stat.ConcurrentStatisticsImpl.queryExecuted(ConcurrentStatisticsImpl.java:316)] [2014-06-09 09:24:09,695] :
HQL: select new map(a.id as userId,a.logno as logno,a.userno as userno,a.logpass as logpass,a.jyxm as username,a.depId as depId,b.depName as depName,b.code as code,c.sjch as sjch,a.areaId as areaId) from User a left join a.department b,UserSjxx c  where a.logno = ? and a.logpass = ? and a.userno=c.userno, time: 7ms, rows: 1
[org.hibernate.stat.ConcurrentStatisticsImpl.queryExecuted(ConcurrentStatisticsImpl.java:316)] [2014-06-09 09:24:09,933] :
HQL: null, time: 26ms, rows: 6
[org.hibernate.stat.ConcurrentStatisticsImpl.queryExecuted(ConcurrentStatisticsImpl.java:316)] [2014-06-09 09:24:26,180] :
HQL: select new map(id as id,depName as name,code as code,isParent as isParent) from Department where parentId is null and isdel = 1, time: 3ms, rows: 1
[org.hibernate.stat.ConcurrentStatisticsImpl.queryExecuted(ConcurrentStatisticsImpl.java:316)] [2014-06-09 09:24:27,370] :
HQL: select new map(id as id,depName as name,code as code,isParent as isParent) from Department where parentId = ? and isdel = 1, time: 4ms, rows: 38
[org.hibernate.stat.ConcurrentStatisticsImpl.queryExecuted(ConcurrentStatisticsImpl.java:316)] [2014-06-09 09:24:27,407] :
HQL: select new map(u.id as id,u.jyxm as name,d.code||'_'||u.logno as code,'false' as isParent,u.depId as depId) from User u , Department d where u.depId = ? and u.isdel = 1 and u.depId=d.id, time: 10ms, rows: 18
[org.hibernate.stat.ConcurrentStatisticsImpl.queryExecuted(ConcurrentStatisticsImpl.java:316)] [2014-06-09 09:24:28,120] :
HQL: select new map(id as id,depName as name,code as code,isParent as isParent) from Department where parentId = ? and isdel = 1, time: 4ms, rows: 8
[org.hibernate.stat.ConcurrentStatisticsImpl.queryExecuted(ConcurrentStatisticsImpl.java:316)] [2014-06-09 09:24:28,128] :
HQL: select new map(u.id as id,u.jyxm as name,d.code||'_'||u.logno as code,'false' as isParent,u.depId as depId) from User u , Department d where u.depId = ? and u.isdel = 1 and u.depId=d.id, time: 6ms, rows: 0
[org.hibernate.stat.ConcurrentStatisticsImpl.queryExecuted(ConcurrentStatisticsImpl.java:316)] [2014-06-09 09:24:29,188] :
HQL: select new map(id as id,depName as name,code as code,isParent as isParent) from Department where parentId = ? and isdel = 1, time: 3ms, rows: 1
[org.hibernate.stat.ConcurrentStatisticsImpl.queryExecuted(ConcurrentStatisticsImpl.java:316)] [2014-06-09 09:24:29,198] :
HQL: select new map(u.id as id,u.jyxm as name,d.code||'_'||u.logno as code,'false' as isParent,u.depId as depId) from User u , Department d where u.depId = ? and u.isdel = 1 and u.depId=d.id, time: 8ms, rows: 0
[org.hibernate.stat.ConcurrentStatisticsImpl.queryExecuted(ConcurrentStatisticsImpl.java:316)] [2014-06-09 09:24:30,293] :
HQL: select new map(id as id,depName as name,code as code,isParent as isParent) from Department where parentId = ? and isdel = 1, time: 3ms, rows: 0
[org.hibernate.stat.ConcurrentStatisticsImpl.queryExecuted(ConcurrentStatisticsImpl.java:316)] [2014-06-09 09:24:30,301] :
HQL: select new map(u.id as id,u.jyxm as name,d.code||'_'||u.logno as code,'false' as isParent,u.depId as depId) from User u , Department d where u.depId = ? and u.isdel = 1 and u.depId=d.id, time: 6ms, rows: 0
[com.microxt.interceptor.ExceptionMappingInterceptor.intercept(ExceptionMappingInterceptor.java:38)] [2014-06-09 09:24:44,312] :
Action run error
com.microxt.xctb.util.exception.biz.UserException: 增加/更新通知通报失败
	at com.microxt.xctb.web.xctbmanager.XctbManagerAction.addXctb(XctbManagerAction.java:178)
	at sun.reflect.NativeMethodAccessorImpl.invoke0(Native Method)
	at sun.reflect.NativeMethodAccessorImpl.invoke(NativeMethodAccessorImpl.java:39)
	at sun.reflect.DelegatingMethodAccessorImpl.invoke(DelegatingMethodAccessorImpl.java:25)
	at java.lang.reflect.Method.invoke(Method.java:597)
	at com.opensymphony.xwork2.DefaultActionInvocation.invokeAction(DefaultActionInvocation.java:452)
	at com.opensymphony.xwork2.DefaultActionInvocation.invokeActionOnly(DefaultActionInvocation.java:291)
	at com.opensymphony.xwork2.DefaultActionInvocation.invoke(DefaultActionInvocation.java:254)
	at com.opensymphony.xwork2.interceptor.DefaultWorkflowInterceptor.doIntercept(DefaultWorkflowInterceptor.java:176)
	at com.opensymphony.xwork2.interceptor.MethodFilterInterceptor.intercept(MethodFilterInterceptor.java:98)
	at com.opensymphony.xwork2.DefaultActionInvocation.invoke(DefaultActionInvocation.java:248)
	at com.opensymphony.xwork2.validator.ValidationInterceptor.doIntercept(ValidationInterceptor.java:263)
	at org.apache.struts2.interceptor.validation.AnnotationValidationInterceptor.doIntercept(AnnotationValidationInterceptor.java:68)
	at com.opensymphony.xwork2.interceptor.MethodFilterInterceptor.intercept(MethodFilterInterceptor.java:98)
	at com.opensymphony.xwork2.DefaultActionInvocation.invoke(DefaultActionInvocation.java:248)
	at com.opensymphony.xwork2.interceptor.ConversionErrorInterceptor.intercept(ConversionErrorInterceptor.java:133)
	at com.opensymphony.xwork2.DefaultActionInvocation.invoke(DefaultActionInvocation.java:248)
	at com.opensymphony.xwork2.interceptor.ParametersInterceptor.doIntercept(ParametersInterceptor.java:207)
	at com.opensymphony.xwork2.interceptor.MethodFilterInterceptor.intercept(MethodFilterInterceptor.java:98)
	at com.opensymphony.xwork2.DefaultActionInvocation.invoke(DefaultActionInvocation.java:248)
	at com.opensymphony.xwork2.interceptor.ParametersInterceptor.doIntercept(ParametersInterceptor.java:207)
	at com.opensymphony.xwork2.interceptor.MethodFilterInterceptor.intercept(MethodFilterInterceptor.java:98)
	at com.opensymphony.xwork2.DefaultActionInvocation.invoke(DefaultActionInvocation.java:248)
	at com.opensymphony.xwork2.interceptor.StaticParametersInterceptor.intercept(StaticParametersInterceptor.java:190)
	at com.opensymphony.xwork2.DefaultActionInvocation.invoke(DefaultActionInvocation.java:248)
	at org.apache.struts2.interceptor.MultiselectInterceptor.intercept(MultiselectInterceptor.java:75)
	at com.opensymphony.xwork2.DefaultActionInvocation.invoke(DefaultActionInvocation.java:248)
	at org.apache.struts2.interceptor.CheckboxInterceptor.intercept(CheckboxInterceptor.java:94)
	at com.opensymphony.xwork2.DefaultActionInvocation.invoke(DefaultActionInvocation.java:248)
	at org.apache.struts2.interceptor.FileUploadInterceptor.intercept(FileUploadInterceptor.java:243)
	at com.opensymphony.xwork2.DefaultActionInvocation.invoke(DefaultActionInvocation.java:248)
	at com.opensymphony.xwork2.interceptor.ModelDrivenInterceptor.intercept(ModelDrivenInterceptor.java:100)
	at com.opensymphony.xwork2.DefaultActionInvocation.invoke(DefaultActionInvocation.java:248)
	at com.opensymphony.xwork2.interceptor.ScopedModelDrivenInterceptor.intercept(ScopedModelDrivenInterceptor.java:141)
	at com.opensymphony.xwork2.DefaultActionInvocation.invoke(DefaultActionInvocation.java:248)
	at org.apache.struts2.interceptor.debugging.DebuggingInterceptor.intercept(DebuggingInterceptor.java:267)
	at com.opensymphony.xwork2.DefaultActionInvocation.invoke(DefaultActionInvocation.java:248)
	at com.opensymphony.xwork2.interceptor.ChainingInterceptor.intercept(ChainingInterceptor.java:142)
	at com.opensymphony.xwork2.DefaultActionInvocation.invoke(DefaultActionInvocation.java:248)
	at com.opensymphony.xwork2.interceptor.PrepareInterceptor.doIntercept(PrepareInterceptor.java:166)
	at com.opensymphony.xwork2.interceptor.MethodFilterInterceptor.intercept(MethodFilterInterceptor.java:98)
	at com.opensymphony.xwork2.DefaultActionInvocation.invoke(DefaultActionInvocation.java:248)
	at com.opensymphony.xwork2.interceptor.I18nInterceptor.intercept(I18nInterceptor.java:176)
	at com.opensymphony.xwork2.DefaultActionInvocation.invoke(DefaultActionInvocation.java:248)
	at org.apache.struts2.interceptor.ServletConfigInterceptor.intercept(ServletConfigInterceptor.java:164)
	at com.opensymphony.xwork2.DefaultActionInvocation.invoke(DefaultActionInvocation.java:248)
	at com.opensymphony.xwork2.interceptor.AliasInterceptor.intercept(AliasInterceptor.java:190)
	at com.opensymphony.xwork2.DefaultActionInvocation.invoke(DefaultActionInvocation.java:248)
	at com.opensymphony.xwork2.interceptor.ExceptionMappingInterceptor.intercept(ExceptionMappingInterceptor.java:187)
	at com.opensymphony.xwork2.DefaultActionInvocation.invoke(DefaultActionInvocation.java:248)
	at com.opensymphony.xwork2.interceptor.DefaultWorkflowInterceptor.doIntercept(DefaultWorkflowInterceptor.java:176)
	at com.opensymphony.xwork2.interceptor.MethodFilterInterceptor.intercept(MethodFilterInterceptor.java:98)
	at com.opensymphony.xwork2.DefaultActionInvocation.invoke(DefaultActionInvocation.java:248)
	at com.opensymphony.xwork2.validator.ValidationInterceptor.doIntercept(ValidationInterceptor.java:263)
	at org.apache.struts2.interceptor.validation.AnnotationValidationInterceptor.doIntercept(AnnotationValidationInterceptor.java:68)
	at com.opensymphony.xwork2.interceptor.MethodFilterInterceptor.intercept(MethodFilterInterceptor.java:98)
	at com.opensymphony.xwork2.DefaultActionInvocation.invoke(DefaultActionInvocation.java:248)
	at com.opensymphony.xwork2.interceptor.ConversionErrorInterceptor.intercept(ConversionErrorInterceptor.java:133)
	at com.opensymphony.xwork2.DefaultActionInvocation.invoke(DefaultActionInvocation.java:248)
	at com.opensymphony.xwork2.interceptor.ParametersInterceptor.doIntercept(ParametersInterceptor.java:207)
	at com.opensymphony.xwork2.interceptor.MethodFilterInterceptor.intercept(MethodFilterInterceptor.java:98)
	at com.opensymphony.xwork2.DefaultActionInvocation.invoke(DefaultActionInvocation.java:248)
	at com.opensymphony.xwork2.interceptor.ParametersInterceptor.doIntercept(ParametersInterceptor.java:207)
	at com.opensymphony.xwork2.interceptor.MethodFilterInterceptor.intercept(MethodFilterInterceptor.java:98)
	at com.opensymphony.xwork2.DefaultActionInvocation.invoke(DefaultActionInvocation.java:248)
	at com.opensymphony.xwork2.interceptor.StaticParametersInterceptor.intercept(StaticParametersInterceptor.java:190)
	at com.opensymphony.xwork2.DefaultActionInvocation.invoke(DefaultActionInvocation.java:248)
	at org.apache.struts2.interceptor.FileUploadInterceptor.intercept(FileUploadInterceptor.java:243)
	at com.opensymphony.xwork2.DefaultActionInvocation.invoke(DefaultActionInvocation.java:248)
	at com.opensymphony.xwork2.interceptor.ModelDrivenInterceptor.intercept(ModelDrivenInterceptor.java:100)
	at com.opensymphony.xwork2.DefaultActionInvocation.invoke(DefaultActionInvocation.java:248)
	at com.opensymphony.xwork2.interceptor.ChainingInterceptor.intercept(ChainingInterceptor.java:142)
	at com.opensymphony.xwork2.DefaultActionInvocation.invoke(DefaultActionInvocation.java:248)
	at com.opensymphony.xwork2.interceptor.PrepareInterceptor.doIntercept(PrepareInterceptor.java:166)
	at com.opensymphony.xwork2.interceptor.MethodFilterInterceptor.intercept(MethodFilterInterceptor.java:98)
	at com.opensymphony.xwork2.DefaultActionInvocation.invoke(DefaultActionInvocation.java:248)
	at org.apache.struts2.interceptor.ServletConfigInterceptor.intercept(ServletConfigInterceptor.java:164)
	at com.opensymphony.xwork2.DefaultActionInvocation.invoke(DefaultActionInvocation.java:248)
	at com.opensymphony.xwork2.interceptor.ParametersInterceptor.doIntercept(ParametersInterceptor.java:207)
	at com.opensymphony.xwork2.interceptor.MethodFilterInterceptor.intercept(MethodFilterInterceptor.java:98)
	at com.opensymphony.xwork2.DefaultActionInvocation.invoke(DefaultActionInvocation.java:248)
	at org.apache.struts2.interceptor.MultiselectInterceptor.intercept(MultiselectInterceptor.java:75)
	at com.opensymphony.xwork2.DefaultActionInvocation.invoke(DefaultActionInvocation.java:248)
	at org.apache.struts2.interceptor.CheckboxInterceptor.intercept(CheckboxInterceptor.java:94)
	at com.opensymphony.xwork2.DefaultActionInvocation.invoke(DefaultActionInvocation.java:248)
	at com.opensymphony.xwork2.interceptor.I18nInterceptor.intercept(I18nInterceptor.java:176)
	at com.opensymphony.xwork2.DefaultActionInvocation.invoke(DefaultActionInvocation.java:248)
	at com.opensymphony.xwork2.interceptor.AliasInterceptor.intercept(AliasInterceptor.java:190)
	at com.opensymphony.xwork2.DefaultActionInvocation.invoke(DefaultActionInvocation.java:248)
	at com.opensymphony.xwork2.interceptor.ExceptionMappingInterceptor.intercept(ExceptionMappingInterceptor.java:187)
	at com.opensymphony.xwork2.DefaultActionInvocation.invoke(DefaultActionInvocation.java:248)
	at org.apache.struts2.interceptor.MessageStoreInterceptor.intercept(MessageStoreInterceptor.java:204)
	at com.opensymphony.xwork2.DefaultActionInvocation.invoke(DefaultActionInvocation.java:248)
	at com.microxt.interceptor.ExceptionMappingInterceptor.intercept(ExceptionMappingInterceptor.java:35)
	at com.opensymphony.xwork2.DefaultActionInvocation.invoke(DefaultActionInvocation.java:248)
	at com.microxt.interceptor.AuthorizationInterceptor.intercept(AuthorizationInterceptor.java:54)
	at com.opensymphony.xwork2.DefaultActionInvocation.invoke(DefaultActionInvocation.java:248)
	at org.apache.struts2.impl.StrutsActionProxy.execute(StrutsActionProxy.java:52)
	at org.apache.struts2.dispatcher.Dispatcher.serviceAction(Dispatcher.java:485)
	at org.apache.struts2.dispatcher.ng.ExecuteOperations.executeAction(ExecuteOperations.java:77)
	at org.apache.struts2.dispatcher.ng.filter.StrutsPrepareAndExecuteFilter.doFilter(StrutsPrepareAndExecuteFilter.java:91)
	at org.mortbay.jetty.servlet.ServletHandler$CachedChain.doFilter(ServletHandler.java:1157)
	at org.apache.struts2.dispatcher.ActionContextCleanUp.doFilter(ActionContextCleanUp.java:102)
	at org.mortbay.jetty.servlet.ServletHandler$CachedChain.doFilter(ServletHandler.java:1157)
	at org.springframework.web.filter.AbstractRequestLoggingFilter.doFilterInternal(AbstractRequestLoggingFilter.java:193)
	at org.springframework.web.filter.OncePerRequestFilter.doFilter(OncePerRequestFilter.java:76)
	at org.mortbay.jetty.servlet.ServletHandler$CachedChain.doFilter(ServletHandler.java:1157)
	at org.mortbay.jetty.servlet.ServletHandler.handle(ServletHandler.java:388)
	at org.mortbay.jetty.security.SecurityHandler.handle(SecurityHandler.java:216)
	at org.mortbay.jetty.servlet.SessionHandler.handle(SessionHandler.java:182)
	at org.mortbay.jetty.handler.ContextHandler.handle(ContextHandler.java:765)
	at org.mortbay.jetty.webapp.WebAppContext.handle(WebAppContext.java:440)
	at org.mortbay.jetty.handler.HandlerWrapper.handle(HandlerWrapper.java:152)
	at org.mortbay.jetty.Server.handle(Server.java:326)
	at org.mortbay.jetty.HttpConnection.handleRequest(HttpConnection.java:542)
	at org.mortbay.jetty.HttpConnection$RequestHandler.content(HttpConnection.java:943)
	at org.mortbay.jetty.HttpParser.parseNext(HttpParser.java:756)
	at org.mortbay.jetty.HttpParser.parseAvailable(HttpParser.java:218)
	at org.mortbay.jetty.HttpConnection.handle(HttpConnection.java:404)
	at org.mortbay.jetty.bio.SocketConnector$Connection.run(SocketConnector.java:228)
	at org.mortbay.thread.QueuedThreadPool$PoolThread.run(QueuedThreadPool.java:582)
[org.hibernate.stat.ConcurrentStatisticsImpl.queryExecuted(ConcurrentStatisticsImpl.java:316)] [2014-06-09 09:26:53,979] :
HQL: null, time: 3ms, rows: 1
[org.hibernate.stat.ConcurrentStatisticsImpl.queryExecuted(ConcurrentStatisticsImpl.java:316)] [2014-06-09 09:26:53,984] :
HQL: null, time: 4ms, rows: 0
[com.microxt.interceptor.ExceptionMappingInterceptor.intercept(ExceptionMappingInterceptor.java:38)] [2014-06-09 09:26:54,133] :
Action run error
java.io.FileNotFoundException: /xctb/template/group/group_common.jsp
	at org.apache.jasper.servlet.JspServlet.serviceJspFile(JspServlet.java:462)
	at org.apache.jasper.servlet.JspServlet.service(JspServlet.java:380)
	at javax.servlet.http.HttpServlet.service(HttpServlet.java:728)
	at org.mortbay.jetty.servlet.ServletHolder.handle(ServletHolder.java:511)
	at org.mortbay.jetty.servlet.ServletHandler.handle(ServletHandler.java:390)
	at org.mortbay.jetty.security.SecurityHandler.handle(SecurityHandler.java:216)
	at org.mortbay.jetty.servlet.SessionHandler.handle(SessionHandler.java:182)
	at org.mortbay.jetty.handler.ContextHandler.handle(ContextHandler.java:765)
	at org.mortbay.jetty.webapp.WebAppContext.handle(WebAppContext.java:440)
	at org.mortbay.jetty.servlet.Dispatcher.include(Dispatcher.java:192)
	at org.apache.jasper.runtime.JspRuntimeLibrary.include(JspRuntimeLibrary.java:1013)
	at org.apache.jsp.WEB_002dINF.template.group.group_005flist_jsp._jspService(group_005flist_jsp.java:95)
	at org.apache.jasper.runtime.HttpJspBase.service(HttpJspBase.java:109)
	at javax.servlet.http.HttpServlet.service(HttpServlet.java:728)
	at org.apache.jasper.servlet.JspServletWrapper.service(JspServletWrapper.java:389)
	at org.apache.jasper.servlet.JspServlet.serviceJspFile(JspServlet.java:486)
	at org.apache.jasper.servlet.JspServlet.service(JspServlet.java:380)
	at javax.servlet.http.HttpServlet.service(HttpServlet.java:728)
	at org.mortbay.jetty.servlet.ServletHolder.handle(ServletHolder.java:511)
	at org.mortbay.jetty.servlet.ServletHandler.handle(ServletHandler.java:390)
	at org.mortbay.jetty.security.SecurityHandler.handle(SecurityHandler.java:216)
	at org.mortbay.jetty.servlet.SessionHandler.handle(SessionHandler.java:182)
	at org.mortbay.jetty.handler.ContextHandler.handle(ContextHandler.java:765)
	at org.mortbay.jetty.webapp.WebAppContext.handle(WebAppContext.java:440)
	at org.mortbay.jetty.servlet.Dispatcher.forward(Dispatcher.java:327)
	at org.mortbay.jetty.servlet.Dispatcher.forward(Dispatcher.java:126)
	at org.apache.struts2.dispatcher.ServletDispatcherResult.doExecute(ServletDispatcherResult.java:159)
	at org.apache.struts2.dispatcher.StrutsResultSupport.execute(StrutsResultSupport.java:186)
	at com.opensymphony.xwork2.DefaultActionInvocation.executeResult(DefaultActionInvocation.java:373)
	at com.opensymphony.xwork2.DefaultActionInvocation.invoke(DefaultActionInvocation.java:277)
	at com.opensymphony.xwork2.interceptor.DefaultWorkflowInterceptor.doIntercept(DefaultWorkflowInterceptor.java:176)
	at com.opensymphony.xwork2.interceptor.MethodFilterInterceptor.intercept(MethodFilterInterceptor.java:98)
	at com.opensymphony.xwork2.DefaultActionInvocation.invoke(DefaultActionInvocation.java:248)
	at com.opensymphony.xwork2.validator.ValidationInterceptor.doIntercept(ValidationInterceptor.java:263)
	at org.apache.struts2.interceptor.validation.AnnotationValidationInterceptor.doIntercept(AnnotationValidationInterceptor.java:68)
	at com.opensymphony.xwork2.interceptor.MethodFilterInterceptor.intercept(MethodFilterInterceptor.java:98)
	at com.opensymphony.xwork2.DefaultActionInvocation.invoke(DefaultActionInvocation.java:248)
	at com.opensymphony.xwork2.interceptor.ConversionErrorInterceptor.intercept(ConversionErrorInterceptor.java:133)
	at com.opensymphony.xwork2.DefaultActionInvocation.invoke(DefaultActionInvocation.java:248)
	at com.opensymphony.xwork2.interceptor.ParametersInterceptor.doIntercept(ParametersInterceptor.java:207)
	at com.opensymphony.xwork2.interceptor.MethodFilterInterceptor.intercept(MethodFilterInterceptor.java:98)
	at com.opensymphony.xwork2.DefaultActionInvocation.invoke(DefaultActionInvocation.java:248)
	at com.opensymphony.xwork2.interceptor.ParametersInterceptor.doIntercept(ParametersInterceptor.java:207)
	at com.opensymphony.xwork2.interceptor.MethodFilterInterceptor.intercept(MethodFilterInterceptor.java:98)
	at com.opensymphony.xwork2.DefaultActionInvocation.invoke(DefaultActionInvocation.java:248)
	at com.opensymphony.xwork2.interceptor.StaticParametersInterceptor.intercept(StaticParametersInterceptor.java:190)
	at com.opensymphony.xwork2.DefaultActionInvocation.invoke(DefaultActionInvocation.java:248)
	at org.apache.struts2.interceptor.MultiselectInterceptor.intercept(MultiselectInterceptor.java:75)
	at com.opensymphony.xwork2.DefaultActionInvocation.invoke(DefaultActionInvocation.java:248)
	at org.apache.struts2.interceptor.CheckboxInterceptor.intercept(CheckboxInterceptor.java:94)
	at com.opensymphony.xwork2.DefaultActionInvocation.invoke(DefaultActionInvocation.java:248)
	at org.apache.struts2.interceptor.FileUploadInterceptor.intercept(FileUploadInterceptor.java:243)
	at com.opensymphony.xwork2.DefaultActionInvocation.invoke(DefaultActionInvocation.java:248)
	at com.opensymphony.xwork2.interceptor.ModelDrivenInterceptor.intercept(ModelDrivenInterceptor.java:100)
	at com.opensymphony.xwork2.DefaultActionInvocation.invoke(DefaultActionInvocation.java:248)
	at com.opensymphony.xwork2.interceptor.ScopedModelDrivenInterceptor.intercept(ScopedModelDrivenInterceptor.java:141)
	at com.opensymphony.xwork2.DefaultActionInvocation.invoke(DefaultActionInvocation.java:248)
	at org.apache.struts2.interceptor.debugging.DebuggingInterceptor.intercept(DebuggingInterceptor.java:267)
	at com.opensymphony.xwork2.DefaultActionInvocation.invoke(DefaultActionInvocation.java:248)
	at com.opensymphony.xwork2.interceptor.ChainingInterceptor.intercept(ChainingInterceptor.java:142)
	at com.opensymphony.xwork2.DefaultActionInvocation.invoke(DefaultActionInvocation.java:248)
	at com.opensymphony.xwork2.interceptor.PrepareInterceptor.doIntercept(PrepareInterceptor.java:166)
	at com.opensymphony.xwork2.interceptor.MethodFilterInterceptor.intercept(MethodFilterInterceptor.java:98)
	at com.opensymphony.xwork2.DefaultActionInvocation.invoke(DefaultActionInvocation.java:248)
	at com.opensymphony.xwork2.interceptor.I18nInterceptor.intercept(I18nInterceptor.java:176)
	at com.opensymphony.xwork2.DefaultActionInvocation.invoke(DefaultActionInvocation.java:248)
	at org.apache.struts2.interceptor.ServletConfigInterceptor.intercept(ServletConfigInterceptor.java:164)
	at com.opensymphony.xwork2.DefaultActionInvocation.invoke(DefaultActionInvocation.java:248)
	at com.opensymphony.xwork2.interceptor.AliasInterceptor.intercept(AliasInterceptor.java:190)
	at com.opensymphony.xwork2.DefaultActionInvocation.invoke(DefaultActionInvocation.java:248)
	at com.opensymphony.xwork2.interceptor.ExceptionMappingInterceptor.intercept(ExceptionMappingInterceptor.java:187)
	at com.opensymphony.xwork2.DefaultActionInvocation.invoke(DefaultActionInvocation.java:248)
	at com.opensymphony.xwork2.interceptor.DefaultWorkflowInterceptor.doIntercept(DefaultWorkflowInterceptor.java:176)
	at com.opensymphony.xwork2.interceptor.MethodFilterInterceptor.intercept(MethodFilterInterceptor.java:98)
	at com.opensymphony.xwork2.DefaultActionInvocation.invoke(DefaultActionInvocation.java:248)
	at com.opensymphony.xwork2.validator.ValidationInterceptor.doIntercept(ValidationInterceptor.java:263)
	at org.apache.struts2.interceptor.validation.AnnotationValidationInterceptor.doIntercept(AnnotationValidationInterceptor.java:68)
	at com.opensymphony.xwork2.interceptor.MethodFilterInterceptor.intercept(MethodFilterInterceptor.java:98)
	at com.opensymphony.xwork2.DefaultActionInvocation.invoke(DefaultActionInvocation.java:248)
	at com.opensymphony.xwork2.interceptor.ConversionErrorInterceptor.intercept(ConversionErrorInterceptor.java:133)
	at com.opensymphony.xwork2.DefaultActionInvocation.invoke(DefaultActionInvocation.java:248)
	at com.opensymphony.xwork2.interceptor.ParametersInterceptor.doIntercept(ParametersInterceptor.java:207)
	at com.opensymphony.xwork2.interceptor.MethodFilterInterceptor.intercept(MethodFilterInterceptor.java:98)
	at com.opensymphony.xwork2.DefaultActionInvocation.invoke(DefaultActionInvocation.java:248)
	at com.opensymphony.xwork2.interceptor.ParametersInterceptor.doIntercept(ParametersInterceptor.java:207)
	at com.opensymphony.xwork2.interceptor.MethodFilterInterceptor.intercept(MethodFilterInterceptor.java:98)
	at com.opensymphony.xwork2.DefaultActionInvocation.invoke(DefaultActionInvocation.java:248)
	at com.opensymphony.xwork2.interceptor.StaticParametersInterceptor.intercept(StaticParametersInterceptor.java:190)
	at com.opensymphony.xwork2.DefaultActionInvocation.invoke(DefaultActionInvocation.java:248)
	at org.apache.struts2.interceptor.FileUploadInterceptor.intercept(FileUploadInterceptor.java:243)
	at com.opensymphony.xwork2.DefaultActionInvocation.invoke(DefaultActionInvocation.java:248)
	at com.opensymphony.xwork2.interceptor.ModelDrivenInterceptor.intercept(ModelDrivenInterceptor.java:100)
	at com.opensymphony.xwork2.DefaultActionInvocation.invoke(DefaultActionInvocation.java:248)
	at com.opensymphony.xwork2.interceptor.ChainingInterceptor.intercept(ChainingInterceptor.java:142)
	at com.opensymphony.xwork2.DefaultActionInvocation.invoke(DefaultActionInvocation.java:248)
	at com.opensymphony.xwork2.interceptor.PrepareInterceptor.doIntercept(PrepareInterceptor.java:166)
	at com.opensymphony.xwork2.interceptor.MethodFilterInterceptor.intercept(MethodFilterInterceptor.java:98)
	at com.opensymphony.xwork2.DefaultActionInvocation.invoke(DefaultActionInvocation.java:248)
	at org.apache.struts2.interceptor.ServletConfigInterceptor.intercept(ServletConfigInterceptor.java:164)
	at com.opensymphony.xwork2.DefaultActionInvocation.invoke(DefaultActionInvocation.java:248)
	at com.opensymphony.xwork2.interceptor.ParametersInterceptor.doIntercept(ParametersInterceptor.java:207)
	at com.opensymphony.xwork2.interceptor.MethodFilterInterceptor.intercept(MethodFilterInterceptor.java:98)
	at com.opensymphony.xwork2.DefaultActionInvocation.invoke(DefaultActionInvocation.java:248)
	at org.apache.struts2.interceptor.MultiselectInterceptor.intercept(MultiselectInterceptor.java:75)
	at com.opensymphony.xwork2.DefaultActionInvocation.invoke(DefaultActionInvocation.java:248)
	at org.apache.struts2.interceptor.CheckboxInterceptor.intercept(CheckboxInterceptor.java:94)
	at com.opensymphony.xwork2.DefaultActionInvocation.invoke(DefaultActionInvocation.java:248)
	at com.opensymphony.xwork2.interceptor.I18nInterceptor.intercept(I18nInterceptor.java:176)
	at com.opensymphony.xwork2.DefaultActionInvocation.invoke(DefaultActionInvocation.java:248)
	at com.opensymphony.xwork2.interceptor.AliasInterceptor.intercept(AliasInterceptor.java:190)
	at com.opensymphony.xwork2.DefaultActionInvocation.invoke(DefaultActionInvocation.java:248)
	at com.opensymphony.xwork2.interceptor.ExceptionMappingInterceptor.intercept(ExceptionMappingInterceptor.java:187)
	at com.opensymphony.xwork2.DefaultActionInvocation.invoke(DefaultActionInvocation.java:248)
	at org.apache.struts2.interceptor.MessageStoreInterceptor.intercept(MessageStoreInterceptor.java:204)
	at com.opensymphony.xwork2.DefaultActionInvocation.invoke(DefaultActionInvocation.java:248)
	at com.microxt.interceptor.ExceptionMappingInterceptor.intercept(ExceptionMappingInterceptor.java:35)
	at com.opensymphony.xwork2.DefaultActionInvocation.invoke(DefaultActionInvocation.java:248)
	at com.microxt.interceptor.AuthorizationInterceptor.intercept(AuthorizationInterceptor.java:54)
	at com.opensymphony.xwork2.DefaultActionInvocation.invoke(DefaultActionInvocation.java:248)
	at org.apache.struts2.impl.StrutsActionProxy.execute(StrutsActionProxy.java:52)
	at org.apache.struts2.dispatcher.Dispatcher.serviceAction(Dispatcher.java:485)
	at org.apache.struts2.dispatcher.ng.ExecuteOperations.executeAction(ExecuteOperations.java:77)
	at org.apache.struts2.dispatcher.ng.filter.StrutsPrepareAndExecuteFilter.doFilter(StrutsPrepareAndExecuteFilter.java:91)
	at org.mortbay.jetty.servlet.ServletHandler$CachedChain.doFilter(ServletHandler.java:1157)
	at org.apache.struts2.dispatcher.ActionContextCleanUp.doFilter(ActionContextCleanUp.java:102)
	at org.mortbay.jetty.servlet.ServletHandler$CachedChain.doFilter(ServletHandler.java:1157)
	at org.springframework.web.filter.AbstractRequestLoggingFilter.doFilterInternal(AbstractRequestLoggingFilter.java:193)
	at org.springframework.web.filter.OncePerRequestFilter.doFilter(OncePerRequestFilter.java:76)
	at org.mortbay.jetty.servlet.ServletHandler$CachedChain.doFilter(ServletHandler.java:1157)
	at org.mortbay.jetty.servlet.ServletHandler.handle(ServletHandler.java:388)
	at org.mortbay.jetty.security.SecurityHandler.handle(SecurityHandler.java:216)
	at org.mortbay.jetty.servlet.SessionHandler.handle(SessionHandler.java:182)
	at org.mortbay.jetty.handler.ContextHandler.handle(ContextHandler.java:765)
	at org.mortbay.jetty.webapp.WebAppContext.handle(WebAppContext.java:440)
	at org.mortbay.jetty.handler.HandlerWrapper.handle(HandlerWrapper.java:152)
	at org.mortbay.jetty.Server.handle(Server.java:326)
	at org.mortbay.jetty.HttpConnection.handleRequest(HttpConnection.java:542)
	at org.mortbay.jetty.HttpConnection$RequestHandler.content(HttpConnection.java:943)
	at org.mortbay.jetty.HttpParser.parseNext(HttpParser.java:756)
	at org.mortbay.jetty.HttpParser.parseAvailable(HttpParser.java:218)
	at org.mortbay.jetty.HttpConnection.handle(HttpConnection.java:404)
	at org.mortbay.jetty.bio.SocketConnector$Connection.run(SocketConnector.java:228)
	at org.mortbay.thread.QueuedThreadPool$PoolThread.run(QueuedThreadPool.java:582)
[org.hibernate.stat.ConcurrentStatisticsImpl.queryExecuted(ConcurrentStatisticsImpl.java:316)] [2014-06-09 09:26:56,798] :
HQL: select new map(a.id as userId,a.logno as logno,a.userno as userno,a.logpass as logpass,a.jyxm as username,a.depId as depId,b.depName as depName,b.code as code,c.sjch as sjch,a.areaId as areaId) from User a left join a.department b,UserSjxx c  where a.logno = ? and a.logpass = ? and a.userno=c.userno, time: 10ms, rows: 1
[org.hibernate.stat.ConcurrentStatisticsImpl.queryExecuted(ConcurrentStatisticsImpl.java:316)] [2014-06-09 09:26:56,894] :
HQL: null, time: 17ms, rows: 6
[org.hibernate.stat.ConcurrentStatisticsImpl.queryExecuted(ConcurrentStatisticsImpl.java:316)] [2014-06-09 12:00:40,476] :
HQL: null, time: 10ms, rows: 1
[org.hibernate.stat.ConcurrentStatisticsImpl.queryExecuted(ConcurrentStatisticsImpl.java:316)] [2014-06-09 12:00:40,595] :
HQL: null, time: 5ms, rows: 1
[org.hibernate.stat.ConcurrentStatisticsImpl.queryExecuted(ConcurrentStatisticsImpl.java:316)] [2014-06-09 12:00:40,619] :
HQL: select new map(a.id as userId,a.logno as logno,a.userno as userno,a.logpass as logpass,a.jyxm as username,a.depId as depId,b.depName as depName,b.code as code,c.sjch as sjch,a.areaId as areaId) from User a left join a.department b,UserSjxx c  where a.logno = ? and a.logpass = ? and a.userno=c.userno, time: 6ms, rows: 1
[org.hibernate.stat.ConcurrentStatisticsImpl.queryExecuted(ConcurrentStatisticsImpl.java:316)] [2014-06-09 12:00:40,690] :
HQL: null, time: 5ms, rows: 6
[org.hibernate.stat.ConcurrentStatisticsImpl.queryExecuted(ConcurrentStatisticsImpl.java:316)] [2014-06-09 12:00:57,099] :
HQL: select new map(id as id,depName as name,code as code,isParent as isParent) from Department where parentId is null and isdel = 1, time: 3ms, rows: 1
[org.hibernate.stat.ConcurrentStatisticsImpl.queryExecuted(ConcurrentStatisticsImpl.java:316)] [2014-06-09 12:02:02,524] :
HQL: select new map(id as id,depName as name,code as code,isParent as isParent) from Department where parentId is null and isdel = 1, time: 4ms, rows: 1
[org.springframework.web.context.ContextLoader.initWebApplicationContext(ContextLoader.java:187)] [2014-06-09 12:07:34,117] :
Root WebApplicationContext: initialization started
[org.springframework.context.support.AbstractApplicationContext.prepareRefresh(AbstractApplicationContext.java:456)] [2014-06-09 12:07:34,150] :
Refreshing Root WebApplicationContext: startup date [Mon Jun 09 12:07:34 CST 2014]; root of context hierarchy
[org.springframework.beans.factory.xml.XmlBeanDefinitionReader.loadBeanDefinitions(XmlBeanDefinitionReader.java:315)] [2014-06-09 12:07:34,194] :
Loading XML bean definitions from URL [file:/D:/project/xctb/trunk/code/xctb/WebRoot/WEB-INF/classes/applicationContext.xml]
[org.springframework.beans.factory.xml.XmlBeanDefinitionReader.loadBeanDefinitions(XmlBeanDefinitionReader.java:315)] [2014-06-09 12:07:34,283] :
Loading XML bean definitions from file [D:\project\xctb\trunk\code\xctb\WebRoot\WEB-INF\classes\biz\app\sp-app.xml]
[org.springframework.beans.factory.xml.XmlBeanDefinitionReader.loadBeanDefinitions(XmlBeanDefinitionReader.java:315)] [2014-06-09 12:07:34,308] :
Loading XML bean definitions from file [D:\project\xctb\trunk\code\xctb\WebRoot\WEB-INF\classes\biz\document\sp-document.xml]
[org.springframework.beans.factory.xml.XmlBeanDefinitionReader.loadBeanDefinitions(XmlBeanDefinitionReader.java:315)] [2014-06-09 12:07:34,328] :
Loading XML bean definitions from file [D:\project\xctb\trunk\code\xctb\WebRoot\WEB-INF\classes\biz\group\sp-group.xml]
[org.springframework.beans.factory.xml.XmlBeanDefinitionReader.loadBeanDefinitions(XmlBeanDefinitionReader.java:315)] [2014-06-09 12:07:34,343] :
Loading XML bean definitions from file [D:\project\xctb\trunk\code\xctb\WebRoot\WEB-INF\classes\biz\log\sp-log.xml]
[org.springframework.beans.factory.xml.XmlBeanDefinitionReader.loadBeanDefinitions(XmlBeanDefinitionReader.java:315)] [2014-06-09 12:07:34,359] :
Loading XML bean definitions from file [D:\project\xctb\trunk\code\xctb\WebRoot\WEB-INF\classes\biz\notice\sp-notice.xml]
[org.springframework.beans.factory.xml.XmlBeanDefinitionReader.loadBeanDefinitions(XmlBeanDefinitionReader.java:315)] [2014-06-09 12:07:34,370] :
Loading XML bean definitions from file [D:\project\xctb\trunk\code\xctb\WebRoot\WEB-INF\classes\biz\sys\sp-sys.xml]
[org.springframework.beans.factory.xml.XmlBeanDefinitionReader.loadBeanDefinitions(XmlBeanDefinitionReader.java:315)] [2014-06-09 12:07:34,387] :
Loading XML bean definitions from file [D:\project\xctb\trunk\code\xctb\WebRoot\WEB-INF\classes\biz\sys\sp-user.xml]
[org.springframework.beans.factory.xml.XmlBeanDefinitionReader.loadBeanDefinitions(XmlBeanDefinitionReader.java:315)] [2014-06-09 12:07:34,400] :
Loading XML bean definitions from file [D:\project\xctb\trunk\code\xctb\WebRoot\WEB-INF\classes\biz\xctb\sp-biz.xml]
[org.springframework.beans.factory.xml.XmlBeanDefinitionReader.loadBeanDefinitions(XmlBeanDefinitionReader.java:315)] [2014-06-09 12:07:34,410] :
Loading XML bean definitions from file [D:\project\xctb\trunk\code\xctb\WebRoot\WEB-INF\classes\biz\xctb\sp-dao.xml]
[org.springframework.beans.factory.xml.XmlBeanDefinitionReader.loadBeanDefinitions(XmlBeanDefinitionReader.java:315)] [2014-06-09 12:07:34,420] :
Loading XML bean definitions from file [D:\project\xctb\trunk\code\xctb\WebRoot\WEB-INF\classes\biz\xctb\sp-xctb-biz.xml]
[org.springframework.beans.factory.xml.XmlBeanDefinitionReader.loadBeanDefinitions(XmlBeanDefinitionReader.java:315)] [2014-06-09 12:07:34,430] :
Loading XML bean definitions from file [D:\project\xctb\trunk\code\xctb\WebRoot\WEB-INF\classes\biz\xctb\sp-xctb-dao.xml]
[org.springframework.beans.factory.xml.XmlBeanDefinitionReader.loadBeanDefinitions(XmlBeanDefinitionReader.java:315)] [2014-06-09 12:07:34,439] :
Loading XML bean definitions from file [D:\project\xctb\trunk\code\xctb\WebRoot\WEB-INF\classes\biz\xctb\sp-xtcb-action.xml]
[org.springframework.core.io.support.PropertiesLoaderSupport.loadProperties(PropertiesLoaderSupport.java:177)] [2014-06-09 12:07:34,596] :
Loading properties file from class path resource [jdbc.properties]
[org.springframework.beans.factory.support.DefaultListableBeanFactory.preInstantiateSingletons(DefaultListableBeanFactory.java:555)] [2014-06-09 12:07:34,624] :
Pre-instantiating singletons in org.springframework.beans.factory.support.DefaultListableBeanFactory@d36ff3: defining beans [indexAction,authorizationInterceptor,docDao,docBiz,docAction,groupDao,groupBiz,groupAction,logDao,logReviewDao,logTransmitDao,logBiz,logAction,noticeDao,noticeBiz,noticeAction,loginAction,menuDao,roleDao,moudleDao,moudleBiz,moudleAction,departmentDao,deptManagerDao,departmentBiz,departmentAction,moudleButtonDao,moudleButtonBiz,moudleButtonAction,roleBiz,roleAction,userDao,userBiz,userAction,userManagerBiz,userManagerDao,xctbManagerBiz,updateFileSync,xctbManagerDao,xctbManagerAction,springContextHolder,config,dataSource,sessionFactory,jdbcTemplate,transactionManager,org.springframework.aop.config.internalAutoProxyCreator,org.springframework.transaction.annotation.AnnotationTransactionAttributeSource#0,org.springframework.transaction.interceptor.TransactionInterceptor#0,org.springframework.transaction.config.internalTransactionAdvisor]; root of factory hierarchy
[org.hibernate.cfg.annotations.Version.<clinit>(Version.java:43)] [2014-06-09 12:07:34,735] :
Hibernate Annotations 3.5.5-Final
[org.hibernate.cfg.Environment.<clinit>(Environment.java:570)] [2014-06-09 12:07:34,744] :
Hibernate 3.5.5-Final
[org.hibernate.cfg.Environment.<clinit>(Environment.java:603)] [2014-06-09 12:07:34,745] :
hibernate.properties not found
[org.hibernate.cfg.Environment.buildBytecodeProvider(Environment.java:781)] [2014-06-09 12:07:34,748] :
Bytecode provider name : javassist
[org.hibernate.cfg.Environment.<clinit>(Environment.java:662)] [2014-06-09 12:07:34,751] :
using JDK 1.4 java.sql.Timestamp handling
[org.hibernate.annotations.common.Version.<clinit>(Version.java:37)] [2014-06-09 12:07:34,818] :
Hibernate Commons Annotations 3.2.0.Final
[org.hibernate.cfg.AnnotationBinder.bindClass(AnnotationBinder.java:529)] [2014-06-09 12:07:34,930] :
Binding entity from annotated class: com.microxt.entity.Button
[org.hibernate.cfg.annotations.EntityBinder.bindTable(EntityBinder.java:501)] [2014-06-09 12:07:34,949] :
Bind entity com.microxt.entity.Button on table t_button
[org.hibernate.cfg.AnnotationBinder.bindClass(AnnotationBinder.java:529)] [2014-06-09 12:07:35,006] :
Binding entity from annotated class: com.microxt.entity.BuzzAuth
[org.hibernate.cfg.annotations.EntityBinder.bindTable(EntityBinder.java:501)] [2014-06-09 12:07:35,007] :
Bind entity com.microxt.entity.BuzzAuth on table t_buzz_auth
[org.hibernate.cfg.AnnotationBinder.bindClass(AnnotationBinder.java:529)] [2014-06-09 12:07:35,013] :
Binding entity from annotated class: com.microxt.entity.BuzzAuthUser
[org.hibernate.cfg.annotations.EntityBinder.bindTable(EntityBinder.java:501)] [2014-06-09 12:07:35,013] :
Bind entity com.microxt.entity.BuzzAuthUser on table t_buzz_auth_user
[org.hibernate.cfg.AnnotationBinder.bindClass(AnnotationBinder.java:529)] [2014-06-09 12:07:35,015] :
Binding entity from annotated class: com.microxt.entity.Department
[org.hibernate.cfg.annotations.EntityBinder.bindTable(EntityBinder.java:501)] [2014-06-09 12:07:35,016] :
Bind entity com.microxt.entity.Department on table t_department
[org.hibernate.cfg.AnnotationBinder.bindClass(AnnotationBinder.java:529)] [2014-06-09 12:07:35,022] :
Binding entity from annotated class: com.microxt.entity.DeptManager
[org.hibernate.cfg.annotations.EntityBinder.bindTable(EntityBinder.java:501)] [2014-06-09 12:07:35,022] :
Bind entity com.microxt.entity.DeptManager on table t_dept_manager
[org.hibernate.cfg.AnnotationBinder.bindClass(AnnotationBinder.java:529)] [2014-06-09 12:07:35,025] :
Binding entity from annotated class: com.microxt.entity.Dict
[org.hibernate.cfg.annotations.EntityBinder.bindTable(EntityBinder.java:501)] [2014-06-09 12:07:35,025] :
Bind entity com.microxt.entity.Dict on table t_dict
[org.hibernate.cfg.AnnotationBinder.bindClass(AnnotationBinder.java:529)] [2014-06-09 12:07:35,028] :
Binding entity from annotated class: com.microxt.entity.DocAttach
[org.hibernate.cfg.annotations.EntityBinder.bindTable(EntityBinder.java:501)] [2014-06-09 12:07:35,028] :
Bind entity com.microxt.entity.DocAttach on table t_doc_attach
[org.hibernate.cfg.AnnotationBinder.bindClass(AnnotationBinder.java:529)] [2014-06-09 12:07:35,031] :
Binding entity from annotated class: com.microxt.entity.Group
[org.hibernate.cfg.annotations.EntityBinder.bindTable(EntityBinder.java:501)] [2014-06-09 12:07:35,032] :
Bind entity com.microxt.entity.Group on table t_group
[org.hibernate.cfg.AnnotationBinder.bindClass(AnnotationBinder.java:529)] [2014-06-09 12:07:35,038] :
Binding entity from annotated class: com.microxt.entity.Log
[org.hibernate.cfg.annotations.EntityBinder.bindTable(EntityBinder.java:501)] [2014-06-09 12:07:35,038] :
Bind entity com.microxt.entity.Log on table t_log
[org.hibernate.cfg.AnnotationBinder.bindClass(AnnotationBinder.java:529)] [2014-06-09 12:07:35,043] :
Binding entity from annotated class: com.microxt.entity.LogReview
[org.hibernate.cfg.annotations.EntityBinder.bindTable(EntityBinder.java:501)] [2014-06-09 12:07:35,046] :
Bind entity com.microxt.entity.LogReview on table t_log_review
[org.hibernate.cfg.AnnotationBinder.bindClass(AnnotationBinder.java:529)] [2014-06-09 12:07:35,050] :
Binding entity from annotated class: com.microxt.entity.LogTransmit
[org.hibernate.cfg.annotations.EntityBinder.bindTable(EntityBinder.java:501)] [2014-06-09 12:07:35,051] :
Bind entity com.microxt.entity.LogTransmit on table t_log_transmit
[org.hibernate.cfg.AnnotationBinder.bindClass(AnnotationBinder.java:529)] [2014-06-09 12:07:35,053] :
Binding entity from annotated class: com.microxt.entity.Moudle
[org.hibernate.cfg.annotations.EntityBinder.bindTable(EntityBinder.java:501)] [2014-06-09 12:07:35,054] :
Bind entity com.microxt.entity.Moudle on table t_moudle
[org.hibernate.cfg.AnnotationBinder.bindClass(AnnotationBinder.java:529)] [2014-06-09 12:07:35,058] :
Binding entity from annotated class: com.microxt.entity.Notice
[org.hibernate.cfg.annotations.EntityBinder.bindTable(EntityBinder.java:501)] [2014-06-09 12:07:35,059] :
Bind entity com.microxt.entity.Notice on table t_notice
[org.hibernate.cfg.AnnotationBinder.bindClass(AnnotationBinder.java:529)] [2014-06-09 12:07:35,082] :
Binding entity from annotated class: com.microxt.entity.Role
[org.hibernate.cfg.annotations.EntityBinder.bindTable(EntityBinder.java:501)] [2014-06-09 12:07:35,083] :
Bind entity com.microxt.entity.Role on table t_role
[org.hibernate.cfg.AnnotationBinder.bindClass(AnnotationBinder.java:529)] [2014-06-09 12:07:35,086] :
Binding entity from annotated class: com.microxt.entity.User
[org.hibernate.cfg.annotations.EntityBinder.bindTable(EntityBinder.java:501)] [2014-06-09 12:07:35,087] :
Bind entity com.microxt.entity.User on table t_user
[org.hibernate.cfg.AnnotationBinder.bindClass(AnnotationBinder.java:529)] [2014-06-09 12:07:35,091] :
Binding entity from annotated class: com.microxt.entity.UserSjxx
[org.hibernate.cfg.annotations.EntityBinder.bindTable(EntityBinder.java:501)] [2014-06-09 12:07:35,092] :
Bind entity com.microxt.entity.UserSjxx on table t_user_sjxx
[org.hibernate.cfg.annotations.CollectionBinder.bindOneToManySecondPass(CollectionBinder.java:729)] [2014-06-09 12:07:35,120] :
Mapping collection: com.microxt.entity.Department.deptManagers -> t_dept_manager
[org.hibernate.cfg.annotations.CollectionBinder.bindOneToManySecondPass(CollectionBinder.java:729)] [2014-06-09 12:07:35,120] :
Mapping collection: com.microxt.entity.Department.users -> t_user
[org.hibernate.cfg.annotations.CollectionBinder.bindOneToManySecondPass(CollectionBinder.java:729)] [2014-06-09 12:07:35,120] :
Mapping collection: com.microxt.entity.Log.logReviews -> t_log_review
[org.hibernate.cfg.annotations.CollectionBinder.bindOneToManySecondPass(CollectionBinder.java:729)] [2014-06-09 12:07:35,121] :
Mapping collection: com.microxt.entity.Log.logTransmits -> t_log_transmit
[org.hibernate.cfg.annotations.CollectionBinder.bindOneToManySecondPass(CollectionBinder.java:729)] [2014-06-09 12:07:35,121] :
Mapping collection: com.microxt.entity.Moudle.buttons -> t_button
[org.hibernate.cfg.annotations.CollectionBinder.bindOneToManySecondPass(CollectionBinder.java:729)] [2014-06-09 12:07:35,121] :
Mapping collection: com.microxt.entity.Moudle.moudles -> t_moudle
[org.hibernate.cfg.AnnotationConfiguration.applyHibernateValidatorLegacyConstraintsOnDDL(AnnotationConfiguration.java:450)] [2014-06-09 12:07:35,126] :
Hibernate Validator not found: ignoring
[org.springframework.orm.hibernate3.LocalSessionFactoryBean.buildSessionFactory(LocalSessionFactoryBean.java:772)] [2014-06-09 12:07:35,127] :
Building new Hibernate SessionFactory
[org.hibernate.cfg.search.HibernateSearchEventListenerRegister.enableHibernateSearch(HibernateSearchEventListenerRegister.java:75)] [2014-06-09 12:07:35,131] :
Unable to find org.hibernate.search.event.FullTextIndexEventListener on the classpath. Hibernate Search is not enabled.
[org.hibernate.connection.ConnectionProviderFactory.initializeConnectionProviderFromConfig(ConnectionProviderFactory.java:173)] [2014-06-09 12:07:35,151] :
Initializing connection provider: org.springframework.orm.hibernate3.LocalDataSourceConnectionProvider
[org.hibernate.cfg.SettingsFactory.buildSettings(SettingsFactory.java:117)] [2014-06-09 12:07:57,085] :
RDBMS: Oracle, version: Oracle Database 11g Release 11.1.0.0.0 - Production
[org.hibernate.cfg.SettingsFactory.buildSettings(SettingsFactory.java:118)] [2014-06-09 12:07:57,085] :
JDBC driver: Oracle JDBC driver, version: 10.2.0.4.0
[org.hibernate.dialect.Dialect.<init>(Dialect.java:206)] [2014-06-09 12:07:57,157] :
Using dialect: org.hibernate.dialect.Oracle10gDialect
[org.hibernate.engine.jdbc.JdbcSupportLoader.useContextualLobCreation(JdbcSupportLoader.java:108)] [2014-06-09 12:07:57,163] :
Disabling contextual LOB creation as createClob() method threw error : java.lang.reflect.InvocationTargetException
[org.hibernate.transaction.TransactionFactoryFactory.buildTransactionFactory(TransactionFactoryFactory.java:62)] [2014-06-09 12:07:57,164] :
Transaction strategy: org.springframework.orm.hibernate3.SpringTransactionFactory
[org.hibernate.transaction.TransactionManagerLookupFactory.getTransactionManagerLookup(TransactionManagerLookupFactory.java:80)] [2014-06-09 12:07:57,165] :
No TransactionManagerLookup configured (in JTA environment, use of read-write or transactional second-level cache is not recommended)
[org.hibernate.cfg.SettingsFactory.buildSettings(SettingsFactory.java:169)] [2014-06-09 12:07:57,165] :
Automatic flush during beforeCompletion(): disabled
[org.hibernate.cfg.SettingsFactory.buildSettings(SettingsFactory.java:173)] [2014-06-09 12:07:57,165] :
Automatic session close at end of transaction: disabled
[org.hibernate.cfg.SettingsFactory.buildSettings(SettingsFactory.java:180)] [2014-06-09 12:07:57,166] :
JDBC batch size: 15
[org.hibernate.cfg.SettingsFactory.buildSettings(SettingsFactory.java:183)] [2014-06-09 12:07:57,166] :
JDBC batch updates for versioned data: disabled
[org.hibernate.cfg.SettingsFactory.buildSettings(SettingsFactory.java:188)] [2014-06-09 12:07:57,167] :
Scrollable result sets: enabled
[org.hibernate.cfg.SettingsFactory.buildSettings(SettingsFactory.java:196)] [2014-06-09 12:07:57,167] :
JDBC3 getGeneratedKeys(): disabled
[org.hibernate.cfg.SettingsFactory.buildSettings(SettingsFactory.java:204)] [2014-06-09 12:07:57,167] :
Connection release mode: auto
[org.hibernate.cfg.SettingsFactory.buildSettings(SettingsFactory.java:228)] [2014-06-09 12:07:57,168] :
Maximum outer join fetch depth: 0
[org.hibernate.cfg.SettingsFactory.buildSettings(SettingsFactory.java:231)] [2014-06-09 12:07:57,168] :
Default batch fetch size: 4
[org.hibernate.cfg.SettingsFactory.buildSettings(SettingsFactory.java:235)] [2014-06-09 12:07:57,168] :
Generate SQL with comments: disabled
[org.hibernate.cfg.SettingsFactory.buildSettings(SettingsFactory.java:239)] [2014-06-09 12:07:57,169] :
Order SQL updates by primary key: disabled
[org.hibernate.cfg.SettingsFactory.buildSettings(SettingsFactory.java:243)] [2014-06-09 12:07:57,169] :
Order SQL inserts for batching: disabled
[org.hibernate.cfg.SettingsFactory.createQueryTranslatorFactory(SettingsFactory.java:410)] [2014-06-09 12:07:57,169] :
Query translator: org.hibernate.hql.ast.ASTQueryTranslatorFactory
[org.hibernate.hql.ast.ASTQueryTranslatorFactory.<init>(ASTQueryTranslatorFactory.java:47)] [2014-06-09 12:07:57,171] :
Using ASTQueryTranslatorFactory
[org.hibernate.cfg.SettingsFactory.buildSettings(SettingsFactory.java:251)] [2014-06-09 12:07:57,171] :
Query language substitutions: {}
[org.hibernate.cfg.SettingsFactory.buildSettings(SettingsFactory.java:256)] [2014-06-09 12:07:57,171] :
JPA-QL strict compliance: disabled
[org.hibernate.cfg.SettingsFactory.buildSettings(SettingsFactory.java:261)] [2014-06-09 12:07:57,172] :
Second-level cache: enabled
[org.hibernate.cfg.SettingsFactory.buildSettings(SettingsFactory.java:265)] [2014-06-09 12:07:57,172] :
Query cache: disabled
[org.hibernate.cfg.SettingsFactory.createRegionFactory(SettingsFactory.java:395)] [2014-06-09 12:07:57,172] :
Cache region factory : org.hibernate.cache.impl.NoCachingRegionFactory
[org.hibernate.cfg.SettingsFactory.buildSettings(SettingsFactory.java:275)] [2014-06-09 12:07:57,172] :
Optimize cache for minimal puts: disabled
[org.hibernate.cfg.SettingsFactory.buildSettings(SettingsFactory.java:284)] [2014-06-09 12:07:57,173] :
Structured second-level cache entries: disabled
[org.hibernate.cfg.SettingsFactory.buildSettings(SettingsFactory.java:304)] [2014-06-09 12:07:57,176] :
Echoing all SQL to stdout
[org.hibernate.cfg.SettingsFactory.buildSettings(SettingsFactory.java:313)] [2014-06-09 12:07:57,176] :
Statistics: enabled
[org.hibernate.cfg.SettingsFactory.buildSettings(SettingsFactory.java:317)] [2014-06-09 12:07:57,177] :
Deleted entity synthetic identifier rollback: disabled
[org.hibernate.cfg.SettingsFactory.buildSettings(SettingsFactory.java:332)] [2014-06-09 12:07:57,177] :
Default entity-mode: pojo
[org.hibernate.cfg.SettingsFactory.buildSettings(SettingsFactory.java:336)] [2014-06-09 12:07:57,179] :
Named query checking : enabled
[org.hibernate.cfg.SettingsFactory.buildSettings(SettingsFactory.java:340)] [2014-06-09 12:07:57,179] :
Check Nullability in Core (should be disabled when Bean Validation is on): enabled
[org.hibernate.impl.SessionFactoryImpl.<init>(SessionFactoryImpl.java:199)] [2014-06-09 12:07:57,201] :
building session factory
[org.hibernate.impl.SessionFactoryObjectFactory.addInstance(SessionFactoryObjectFactory.java:105)] [2014-06-09 12:07:57,467] :
Not binding factory to JNDI, no JNDI name configured
[org.springframework.orm.hibernate3.HibernateTransactionManager.afterPropertiesSet(HibernateTransactionManager.java:415)] [2014-06-09 12:07:57,846] :
Using DataSource [org.apache.commons.dbcp.BasicDataSource@e5307e] of Hibernate SessionFactory for HibernateTransactionManager
[org.springframework.web.context.ContextLoader.initWebApplicationContext(ContextLoader.java:214)] [2014-06-09 12:07:57,850] :
Root WebApplicationContext: initialization completed in 23731 ms
[com.opensymphony.xwork2.util.logging.commons.CommonsLogger.info(CommonsLogger.java:42)] [2014-06-09 12:07:57,939] :
Parsing configuration file [struts-default.xml]
[com.opensymphony.xwork2.util.logging.commons.CommonsLogger.info(CommonsLogger.java:42)] [2014-06-09 12:07:58,084] :
Parsing configuration file [struts-plugin.xml]
[com.opensymphony.xwork2.util.logging.commons.CommonsLogger.info(CommonsLogger.java:42)] [2014-06-09 12:07:58,150] :
Parsing configuration file [struts.xml]
[com.opensymphony.xwork2.util.logging.commons.CommonsLogger.info(CommonsLogger.java:42)] [2014-06-09 12:07:58,156] :
Loading global messages from globalMessages
[com.opensymphony.xwork2.util.logging.commons.CommonsLogger.info(CommonsLogger.java:42)] [2014-06-09 12:07:58,210] :
Initializing Struts-Spring integration...
[com.opensymphony.xwork2.util.logging.commons.CommonsLogger.info(CommonsLogger.java:42)] [2014-06-09 12:07:58,211] :
Setting autowire strategy to name
[com.opensymphony.xwork2.util.logging.commons.CommonsLogger.info(CommonsLogger.java:42)] [2014-06-09 12:07:58,211] :
... initialized Struts-Spring integration successfully
[com.opensymphony.xwork2.util.logging.commons.CommonsLogger.warn(CommonsLogger.java:56)] [2014-06-09 12:07:58,491] :
no default parameter defined for result of type json
[com.opensymphony.xwork2.util.logging.commons.CommonsLogger.warn(CommonsLogger.java:56)] [2014-06-09 12:07:58,492] :
no default parameter defined for result of type json
[com.opensymphony.xwork2.util.logging.commons.CommonsLogger.warn(CommonsLogger.java:56)] [2014-06-09 12:07:58,493] :
no default parameter defined for result of type json
[com.opensymphony.xwork2.util.logging.commons.CommonsLogger.warn(CommonsLogger.java:56)] [2014-06-09 12:07:58,495] :
no default parameter defined for result of type json
[org.springframework.beans.factory.xml.XmlBeanDefinitionReader.loadBeanDefinitions(XmlBeanDefinitionReader.java:315)] [2014-06-09 12:07:58,549] :
Loading XML bean definitions from class path resource [org/codehaus/xfire/spring/xfire.xml]
[org.springframework.beans.factory.xml.XmlBeanDefinitionReader.loadBeanDefinitions(XmlBeanDefinitionReader.java:315)] [2014-06-09 12:07:58,566] :
Loading XML bean definitions from class path resource [org/codehaus/xfire/spring/customEditors.xml]
[org.springframework.beans.factory.xml.XmlBeanDefinitionReader.loadBeanDefinitions(XmlBeanDefinitionReader.java:315)] [2014-06-09 12:07:58,629] :
Loading XML bean definitions from class path resource [META-INF/xfire/services.xml]
[org.codehaus.xfire.transport.http.XFireServlet.init(XFireServlet.java:51)] [2014-06-09 12:07:58,630] :
Error initializing XFireServlet.
org.springframework.beans.factory.BeanDefinitionStoreException: IOException parsing XML document from class path resource [META-INF/xfire/services.xml]; nested exception is java.io.FileNotFoundException: class path resource [META-INF/xfire/services.xml] cannot be opened because it does not exist
	at org.springframework.beans.factory.xml.XmlBeanDefinitionReader.loadBeanDefinitions(XmlBeanDefinitionReader.java:341)
	at org.springframework.beans.factory.xml.XmlBeanDefinitionReader.loadBeanDefinitions(XmlBeanDefinitionReader.java:302)
	at org.codehaus.xfire.spring.XFireConfigLoader.getXFireApplicationContext(XFireConfigLoader.java:103)
	at org.codehaus.xfire.spring.XFireConfigLoader.loadContext(XFireConfigLoader.java:41)
	at org.codehaus.xfire.transport.http.XFireConfigurableServlet.loadConfig(XFireConfigurableServlet.java:86)
	at org.codehaus.xfire.transport.http.XFireConfigurableServlet.createXFire(XFireConfigurableServlet.java:54)
	at org.codehaus.xfire.transport.http.XFireServlet.init(XFireServlet.java:45)
	at javax.servlet.GenericServlet.init(GenericServlet.java:160)
	at org.mortbay.jetty.servlet.ServletHolder.initServlet(ServletHolder.java:440)
	at org.mortbay.jetty.servlet.ServletHolder.doStart(ServletHolder.java:263)
	at org.mortbay.component.AbstractLifeCycle.start(AbstractLifeCycle.java:50)
	at org.mortbay.jetty.servlet.ServletHandler.initialize(ServletHandler.java:685)
	at org.mortbay.jetty.servlet.Context.startContext(Context.java:140)
	at org.mortbay.jetty.webapp.WebAppContext.startContext(WebAppContext.java:1272)
	at org.mortbay.jetty.handler.ContextHandler.doStart(ContextHandler.java:517)
	at org.mortbay.jetty.webapp.WebAppContext.doStart(WebAppContext.java:489)
	at org.mortbay.component.AbstractLifeCycle.start(AbstractLifeCycle.java:50)
	at org.mortbay.jetty.handler.HandlerWrapper.doStart(HandlerWrapper.java:130)
	at org.mortbay.jetty.Server.doStart(Server.java:224)
	at org.mortbay.component.AbstractLifeCycle.start(AbstractLifeCycle.java:50)
	at jetty.service.Xctb.main(Xctb.java:14)
Caused by: java.io.FileNotFoundException: class path resource [META-INF/xfire/services.xml] cannot be opened because it does not exist
	at org.springframework.core.io.ClassPathResource.getInputStream(ClassPathResource.java:158)
	at org.springframework.beans.factory.xml.XmlBeanDefinitionReader.loadBeanDefinitions(XmlBeanDefinitionReader.java:328)
	... 20 more
[org.hibernate.stat.ConcurrentStatisticsImpl.queryExecuted(ConcurrentStatisticsImpl.java:316)] [2014-06-09 15:23:30,639] :
HQL: null, time: 90ms, rows: 1
[org.hibernate.stat.ConcurrentStatisticsImpl.queryExecuted(ConcurrentStatisticsImpl.java:316)] [2014-06-09 15:26:09,291] :
HQL: null, time: 8ms, rows: 1
[org.hibernate.stat.ConcurrentStatisticsImpl.queryExecuted(ConcurrentStatisticsImpl.java:316)] [2014-06-09 15:48:23,737] :
HQL: null, time: 8ms, rows: 1
[org.hibernate.stat.ConcurrentStatisticsImpl.queryExecuted(ConcurrentStatisticsImpl.java:316)] [2014-06-09 15:50:12,898] :
HQL: null, time: 9ms, rows: 1
[org.hibernate.stat.ConcurrentStatisticsImpl.queryExecuted(ConcurrentStatisticsImpl.java:316)] [2014-06-09 15:50:13,473] :
HQL: null, time: 6ms, rows: 1
[org.hibernate.stat.ConcurrentStatisticsImpl.queryExecuted(ConcurrentStatisticsImpl.java:316)] [2014-06-09 15:52:48,118] :
HQL: null, time: 10ms, rows: 1
[org.hibernate.stat.ConcurrentStatisticsImpl.queryExecuted(ConcurrentStatisticsImpl.java:316)] [2014-06-09 15:52:58,668] :
HQL: null, time: 9ms, rows: 1
[org.hibernate.stat.ConcurrentStatisticsImpl.queryExecuted(ConcurrentStatisticsImpl.java:316)] [2014-06-09 15:53:00,334] :
HQL: null, time: 8ms, rows: 1
[org.hibernate.stat.ConcurrentStatisticsImpl.queryExecuted(ConcurrentStatisticsImpl.java:316)] [2014-06-09 15:53:28,848] :
HQL: null, time: 8ms, rows: 1
[org.hibernate.stat.ConcurrentStatisticsImpl.queryExecuted(ConcurrentStatisticsImpl.java:316)] [2014-06-09 16:01:08,587] :
HQL: null, time: 10ms, rows: 1
[org.hibernate.stat.ConcurrentStatisticsImpl.queryExecuted(ConcurrentStatisticsImpl.java:316)] [2014-06-09 16:27:42,287] :
HQL: null, time: 8ms, rows: 1
[org.hibernate.stat.ConcurrentStatisticsImpl.queryExecuted(ConcurrentStatisticsImpl.java:316)] [2014-06-09 16:27:42,581] :
HQL: null, time: 5ms, rows: 1
[org.hibernate.stat.ConcurrentStatisticsImpl.queryExecuted(ConcurrentStatisticsImpl.java:316)] [2014-06-09 16:52:17,425] :
HQL: null, time: 8ms, rows: 1
[org.hibernate.stat.ConcurrentStatisticsImpl.queryExecuted(ConcurrentStatisticsImpl.java:316)] [2014-06-09 16:53:09,516] :
HQL: null, time: 10ms, rows: 1
[org.hibernate.stat.ConcurrentStatisticsImpl.queryExecuted(ConcurrentStatisticsImpl.java:316)] [2014-06-09 16:53:21,811] :
HQL: null, time: 10ms, rows: 1
[org.hibernate.stat.ConcurrentStatisticsImpl.queryExecuted(ConcurrentStatisticsImpl.java:316)] [2014-06-09 17:05:52,640] :
HQL: null, time: 9ms, rows: 1
[org.hibernate.stat.ConcurrentStatisticsImpl.queryExecuted(ConcurrentStatisticsImpl.java:316)] [2014-06-09 17:11:31,455] :
HQL: null, time: 8ms, rows: 1
[org.hibernate.stat.ConcurrentStatisticsImpl.queryExecuted(ConcurrentStatisticsImpl.java:316)] [2014-06-09 17:14:10,402] :
HQL: null, time: 9ms, rows: 1
[org.hibernate.stat.ConcurrentStatisticsImpl.queryExecuted(ConcurrentStatisticsImpl.java:316)] [2014-06-09 17:14:10,503] :
HQL: null, time: 4ms, rows: 1
[org.hibernate.stat.ConcurrentStatisticsImpl.queryExecuted(ConcurrentStatisticsImpl.java:316)] [2014-06-09 17:14:10,663] :
HQL: select new map(a.id as userId,a.logno as logno,a.userno as userno,a.logpass as logpass,a.jyxm as username,a.depId as depId,b.depName as depName,b.code as code,c.sjch as sjch,a.areaId as areaId) from User a left join a.department b,UserSjxx c  where a.logno = ? and a.logpass = ? and a.userno=c.userno, time: 8ms, rows: 1
[org.hibernate.stat.ConcurrentStatisticsImpl.queryExecuted(ConcurrentStatisticsImpl.java:316)] [2014-06-09 17:14:10,914] :
HQL: null, time: 5ms, rows: 1
[org.hibernate.stat.ConcurrentStatisticsImpl.queryExecuted(ConcurrentStatisticsImpl.java:316)] [2014-06-09 17:14:10,932] :
HQL: select new map(a.id as userId,a.logno as logno,a.userno as userno,a.logpass as logpass,a.jyxm as username,a.depId as depId,b.depName as depName,b.code as code,c.sjch as sjch,a.areaId as areaId) from User a left join a.department b,UserSjxx c  where a.logno = ? and a.logpass = ? and a.userno=c.userno, time: 5ms, rows: 1
[org.hibernate.stat.ConcurrentStatisticsImpl.queryExecuted(ConcurrentStatisticsImpl.java:316)] [2014-06-09 17:14:11,222] :
HQL: null, time: 28ms, rows: 6
[org.hibernate.stat.ConcurrentStatisticsImpl.queryExecuted(ConcurrentStatisticsImpl.java:316)] [2014-06-09 17:14:15,475] :
HQL: select new map(id as id,depName as name,code as code,isParent as isParent) from Department where parentId is null and isdel = 1, time: 2ms, rows: 1
[org.hibernate.stat.ConcurrentStatisticsImpl.queryExecuted(ConcurrentStatisticsImpl.java:316)] [2014-06-09 17:14:17,239] :
HQL: select new map(id as id,depName as name,code as code,isParent as isParent) from Department where parentId = ? and isdel = 1, time: 5ms, rows: 38
[org.hibernate.stat.ConcurrentStatisticsImpl.queryExecuted(ConcurrentStatisticsImpl.java:316)] [2014-06-09 17:14:23,859] :
HQL: select new map(id as id,depName as name,code as code,isParent as isParent) from Department where parentId is null and isdel = 1, time: 3ms, rows: 1
[org.hibernate.stat.ConcurrentStatisticsImpl.queryExecuted(ConcurrentStatisticsImpl.java:316)] [2014-06-09 17:14:25,402] :
HQL: select new map(id as id,depName as name,code as code,isParent as isParent) from Department where parentId = ? and isdel = 1, time: 5ms, rows: 38
[org.hibernate.stat.ConcurrentStatisticsImpl.queryExecuted(ConcurrentStatisticsImpl.java:316)] [2014-06-09 17:14:25,427] :
HQL: select new map(u.id as id,u.jyxm as name,d.code||'_'||u.logno as code,'false' as isParent,u.depId as depId) from User u , Department d where u.depId = ? and u.isdel = 1 and u.depId=d.id, time: 10ms, rows: 18
[org.hibernate.stat.ConcurrentStatisticsImpl.queryExecuted(ConcurrentStatisticsImpl.java:316)] [2014-06-09 17:14:26,365] :
HQL: select new map(id as id,depName as name,code as code,isParent as isParent) from Department where parentId = ? and isdel = 1, time: 3ms, rows: 8
[org.hibernate.stat.ConcurrentStatisticsImpl.queryExecuted(ConcurrentStatisticsImpl.java:316)] [2014-06-09 17:14:26,371] :
HQL: select new map(u.id as id,u.jyxm as name,d.code||'_'||u.logno as code,'false' as isParent,u.depId as depId) from User u , Department d where u.depId = ? and u.isdel = 1 and u.depId=d.id, time: 5ms, rows: 0
[org.hibernate.stat.ConcurrentStatisticsImpl.queryExecuted(ConcurrentStatisticsImpl.java:316)] [2014-06-09 17:14:27,700] :
HQL: select new map(id as id,depName as name,code as code,isParent as isParent) from Department where parentId = ? and isdel = 1, time: 2ms, rows: 1
[org.hibernate.stat.ConcurrentStatisticsImpl.queryExecuted(ConcurrentStatisticsImpl.java:316)] [2014-06-09 17:14:27,708] :
HQL: select new map(u.id as id,u.jyxm as name,d.code||'_'||u.logno as code,'false' as isParent,u.depId as depId) from User u , Department d where u.depId = ? and u.isdel = 1 and u.depId=d.id, time: 7ms, rows: 0
[org.hibernate.stat.ConcurrentStatisticsImpl.queryExecuted(ConcurrentStatisticsImpl.java:316)] [2014-06-09 17:14:28,588] :
HQL: select new map(id as id,depName as name,code as code,isParent as isParent) from Department where parentId = ? and isdel = 1, time: 3ms, rows: 0
[org.hibernate.stat.ConcurrentStatisticsImpl.queryExecuted(ConcurrentStatisticsImpl.java:316)] [2014-06-09 17:14:28,595] :
HQL: select new map(u.id as id,u.jyxm as name,d.code||'_'||u.logno as code,'false' as isParent,u.depId as depId) from User u , Department d where u.depId = ? and u.isdel = 1 and u.depId=d.id, time: 7ms, rows: 0
[org.hibernate.stat.ConcurrentStatisticsImpl.queryExecuted(ConcurrentStatisticsImpl.java:316)] [2014-06-09 17:14:30,411] :
HQL: select new map(id as id,depName as name,code as code,isParent as isParent) from Department where parentId = ? and isdel = 1, time: 2ms, rows: 0
[org.hibernate.stat.ConcurrentStatisticsImpl.queryExecuted(ConcurrentStatisticsImpl.java:316)] [2014-06-09 17:14:30,418] :
HQL: select new map(u.id as id,u.jyxm as name,d.code||'_'||u.logno as code,'false' as isParent,u.depId as depId) from User u , Department d where u.depId = ? and u.isdel = 1 and u.depId=d.id, time: 6ms, rows: 0
[org.hibernate.stat.ConcurrentStatisticsImpl.queryExecuted(ConcurrentStatisticsImpl.java:316)] [2014-06-09 17:14:33,908] :
HQL: select distinct new map(g.id as id,g.name as name,'true' as isParent) from Group g  where g.userId=?, time: 2ms, rows: 0
[org.hibernate.stat.ConcurrentStatisticsImpl.queryExecuted(ConcurrentStatisticsImpl.java:316)] [2014-06-09 17:14:36,538] :
HQL: select new map(id as id,depName as name,code as code,isParent as isParent) from Department where parentId is null and isdel = 1, time: 5ms, rows: 1
[org.hibernate.stat.ConcurrentStatisticsImpl.queryExecuted(ConcurrentStatisticsImpl.java:316)] [2014-06-09 17:14:37,012] :
HQL: select new map(id as id,depName as name,code as code,isParent as isParent) from Department where parentId is null and isdel = 1, time: 2ms, rows: 1
[org.hibernate.stat.ConcurrentStatisticsImpl.queryExecuted(ConcurrentStatisticsImpl.java:316)] [2014-06-09 17:14:38,557] :
HQL: select distinct new map(g.id as id,g.name as name,'true' as isParent) from Group g  where g.userId=?, time: 2ms, rows: 0
[org.hibernate.stat.ConcurrentStatisticsImpl.queryExecuted(ConcurrentStatisticsImpl.java:316)] [2014-06-09 17:14:40,404] :
HQL: select new map(id as id,depName as name,code as code,isParent as isParent) from Department where parentId is null and isdel = 1, time: 2ms, rows: 1
[org.hibernate.stat.ConcurrentStatisticsImpl.queryExecuted(ConcurrentStatisticsImpl.java:316)] [2014-06-09 17:14:42,091] :
HQL: select new map(id as id,depName as name,code as code,isParent as isParent) from Department where parentId is null and isdel = 1, time: 2ms, rows: 1
[org.hibernate.stat.ConcurrentStatisticsImpl.queryExecuted(ConcurrentStatisticsImpl.java:316)] [2014-06-09 17:14:47,036] :
HQL: select new map(id as id,depName as name,code as code,isParent as isParent) from Department where parentId is null and isdel = 1, time: 2ms, rows: 1
[org.hibernate.stat.ConcurrentStatisticsImpl.queryExecuted(ConcurrentStatisticsImpl.java:316)] [2014-06-09 17:14:49,166] :
HQL: select new map(id as id,depName as name,code as code,isParent as isParent) from Department where parentId is null and isdel = 1, time: 2ms, rows: 1
[org.hibernate.stat.ConcurrentStatisticsImpl.queryExecuted(ConcurrentStatisticsImpl.java:316)] [2014-06-09 17:41:40,343] :
HQL: select new map(id as id,depName as name,code as code,isParent as isParent) from Department where parentId = ? and isdel = 1, time: 5ms, rows: 38
[org.hibernate.stat.ConcurrentStatisticsImpl.queryExecuted(ConcurrentStatisticsImpl.java:316)] [2014-06-09 17:41:41,995] :
HQL: select new map(id as id,depName as name,code as code,isParent as isParent) from Department where parentId = ? and isdel = 1, time: 2ms, rows: 5
[org.hibernate.stat.ConcurrentStatisticsImpl.queryExecuted(ConcurrentStatisticsImpl.java:316)] [2014-06-09 17:41:43,331] :
HQL: select new map(id as id,depName as name,code as code,isParent as isParent) from Department where parentId = ? and isdel = 1, time: 1ms, rows: 0
[org.hibernate.stat.ConcurrentStatisticsImpl.queryExecuted(ConcurrentStatisticsImpl.java:316)] [2014-06-09 17:41:52,204] :
HQL: select new map(id as id,depName as name,code as code,isParent as isParent) from Department where parentId = ? and isdel = 1, time: 3ms, rows: 8
[org.hibernate.stat.ConcurrentStatisticsImpl.queryExecuted(ConcurrentStatisticsImpl.java:316)] [2014-06-09 17:42:04,446] :
HQL: select new map(id as id,depName as name,code as code,isParent as isParent) from Department where parentId = ? and isdel = 1, time: 4ms, rows: 8
[org.hibernate.stat.ConcurrentStatisticsImpl.queryExecuted(ConcurrentStatisticsImpl.java:316)] [2014-06-09 17:42:30,237] :
HQL: select new map(id as id,depName as name,code as code,isParent as isParent) from Department where parentId = ? and isdel = 1, time: 3ms, rows: 6
[org.hibernate.stat.ConcurrentStatisticsImpl.queryExecuted(ConcurrentStatisticsImpl.java:316)] [2014-06-09 17:43:43,621] :
HQL: select new map(id as id,depName as name,code as code,isParent as isParent) from Department where parentId = ? and isdel = 1, time: 2ms, rows: 1
[org.hibernate.stat.ConcurrentStatisticsImpl.queryExecuted(ConcurrentStatisticsImpl.java:316)] [2014-06-09 17:43:44,763] :
HQL: select new map(id as id,depName as name,code as code,isParent as isParent) from Department where parentId = ? and isdel = 1, time: 2ms, rows: 0
[org.hibernate.stat.ConcurrentStatisticsImpl.queryExecuted(ConcurrentStatisticsImpl.java:316)] [2014-06-09 18:07:44,768] :
HQL: null, time: 9ms, rows: 6
