[org.hibernate.stat.ConcurrentStatisticsImpl.queryExecuted(ConcurrentStatisticsImpl.java:316)] [2014-06-28 08:43:46,031] :
HQL: null, time: 20ms, rows: 1
[org.hibernate.stat.ConcurrentStatisticsImpl.queryExecuted(ConcurrentStatisticsImpl.java:316)] [2014-06-28 08:43:46,100] :
HQL: null, time: 2ms, rows: 1
[org.hibernate.stat.ConcurrentStatisticsImpl.queryExecuted(ConcurrentStatisticsImpl.java:316)] [2014-06-28 08:43:46,200] :
HQL: select new map(a.id as userId,a.logno as logno,a.userno as userno,a.logpass as logpass,a.jyxm as username,a.depId as depId,b.depName as depName,b.code as code,c.sjch as sjch,a.areaId as areaId) from User a left join a.department b,UserSjxx c  where a.logno = ? and a.logpass = ? and a.userno=c.userno, time: 81ms, rows: 1
[com.microxt.xctb.web.webservice.WebServiceSendImpl.getOnlineJyxxByDwid(WebServiceSendImpl.java:423)] [2014-06-28 08:43:46,219] :
receive start......................
[com.microxt.xctb.web.webservice.WebServiceSendImpl.getOnlineJyxxByDwid(WebServiceSendImpl.java:443)] [2014-06-28 08:43:46,229] :
start to connect ......
[org.hibernate.stat.ConcurrentStatisticsImpl.queryExecuted(ConcurrentStatisticsImpl.java:316)] [2014-06-28 08:43:46,356] :
HQL: null, time: 7ms, rows: 4
[org.hibernate.stat.ConcurrentStatisticsImpl.queryExecuted(ConcurrentStatisticsImpl.java:316)] [2014-06-28 08:44:05,163] :
HQL: null, time: 81ms, rows: 1
[org.hibernate.stat.ConcurrentStatisticsImpl.queryExecuted(ConcurrentStatisticsImpl.java:316)] [2014-06-28 08:44:05,198] :
HQL: null, time: 33ms, rows: 20
[org.hibernate.stat.ConcurrentStatisticsImpl.queryExecuted(ConcurrentStatisticsImpl.java:316)] [2014-06-28 08:44:16,084] :
HQL: from Moudle m where isdel=1 order by m.parentId asc, time: 57ms, rows: 5
[org.hibernate.stat.ConcurrentStatisticsImpl.queryExecuted(ConcurrentStatisticsImpl.java:316)] [2014-06-28 08:44:16,112] :
HQL: from Button b where b.moudle.id=? and isdel=1, time: 6ms, rows: 0
[org.hibernate.stat.ConcurrentStatisticsImpl.queryExecuted(ConcurrentStatisticsImpl.java:316)] [2014-06-28 08:44:16,138] :
HQL: from Moudle m where m.code like ? and m.isdel=1, time: 2ms, rows: 0
[org.hibernate.stat.ConcurrentStatisticsImpl.queryExecuted(ConcurrentStatisticsImpl.java:316)] [2014-06-28 08:44:16,140] :
HQL: from Button b where b.moudle.id=? and isdel=1, time: 1ms, rows: 0
[org.hibernate.stat.ConcurrentStatisticsImpl.queryExecuted(ConcurrentStatisticsImpl.java:316)] [2014-06-28 08:44:16,142] :
HQL: from Moudle m where m.code like ? and m.isdel=1, time: 1ms, rows: 0
[org.hibernate.stat.ConcurrentStatisticsImpl.queryExecuted(ConcurrentStatisticsImpl.java:316)] [2014-06-28 08:44:16,144] :
HQL: from Button b where b.moudle.id=? and isdel=1, time: 1ms, rows: 0
[org.hibernate.stat.ConcurrentStatisticsImpl.queryExecuted(ConcurrentStatisticsImpl.java:316)] [2014-06-28 08:44:16,146] :
HQL: from Moudle m where m.code like ? and m.isdel=1, time: 1ms, rows: 1
[org.hibernate.stat.ConcurrentStatisticsImpl.queryExecuted(ConcurrentStatisticsImpl.java:316)] [2014-06-28 08:44:16,148] :
HQL: from Button b where b.moudle.id=? and isdel=1, time: 1ms, rows: 0
[org.hibernate.stat.ConcurrentStatisticsImpl.queryExecuted(ConcurrentStatisticsImpl.java:316)] [2014-06-28 08:44:16,150] :
HQL: from Moudle m where m.code like ? and m.isdel=1, time: 1ms, rows: 0
[org.hibernate.stat.ConcurrentStatisticsImpl.queryExecuted(ConcurrentStatisticsImpl.java:316)] [2014-06-28 08:44:16,152] :
HQL: from Button b where b.moudle.id=? and isdel=1, time: 1ms, rows: 0
[org.hibernate.stat.ConcurrentStatisticsImpl.queryExecuted(ConcurrentStatisticsImpl.java:316)] [2014-06-28 08:44:16,154] :
HQL: from Moudle m where m.code like ? and m.isdel=1, time: 1ms, rows: 0
[org.hibernate.stat.ConcurrentStatisticsImpl.queryExecuted(ConcurrentStatisticsImpl.java:316)] [2014-06-28 08:44:37,712] :
HQL: null, time: 3ms, rows: 4
[com.microxt.xctb.web.webservice.WebServiceSendImpl.sendMessage(WebServiceSendImpl.java:137)] [2014-06-28 08:55:39,364] :
start......................
[com.microxt.xctb.web.webservice.WebServiceSendImpl.sendMessage(WebServiceSendImpl.java:183)] [2014-06-28 08:55:39,371] :
start to connect ......
[org.hibernate.stat.ConcurrentStatisticsImpl.queryExecuted(ConcurrentStatisticsImpl.java:316)] [2014-06-28 08:55:53,596] :
HQL: select new map(id as id,depName as name,code as code,isParent as isParent) from Department where parentId is null and isdel = 1, time: 4ms, rows: 1
[com.microxt.interceptor.ExceptionMappingInterceptor.intercept(ExceptionMappingInterceptor.java:38)] [2014-06-28 08:56:00,387] :
Action run error
com.microxt.xctb.util.exception.biz.UserException: 重发失败--->原因：1、调用消息推送接口出错2、保存明细出错
	at com.microxt.xctb.web.xctbmanager.XctbManagerAction.queryCfExamineXctb(XctbManagerAction.java:470)
	at sun.reflect.NativeMethodAccessorImpl.invoke0(Native Method)
	at sun.reflect.NativeMethodAccessorImpl.invoke(NativeMethodAccessorImpl.java:39)
	at sun.reflect.DelegatingMethodAccessorImpl.invoke(DelegatingMethodAccessorImpl.java:25)
	at java.lang.reflect.Method.invoke(Method.java:597)
	at com.opensymphony.xwork2.DefaultActionInvocation.invokeAction(DefaultActionInvocation.java:452)
	at com.opensymphony.xwork2.DefaultActionInvocation.invokeActionOnly(DefaultActionInvocation.java:291)
	at com.opensymphony.xwork2.DefaultActionInvocation.invoke(DefaultActionInvocation.java:254)
	at com.opensymphony.xwork2.interceptor.DefaultWorkflowInterceptor.doIntercept(DefaultWorkflowInterceptor.java:176)
	at com.opensymphony.xwork2.interceptor.MethodFilterInterceptor.intercept(MethodFilterInterceptor.java:98)
	at com.opensymphony.xwork2.DefaultActionInvocation.invoke(DefaultActionInvocation.java:248)
	at com.opensymphony.xwork2.validator.ValidationInterceptor.doIntercept(ValidationInterceptor.java:263)
	at org.apache.struts2.interceptor.validation.AnnotationValidationInterceptor.doIntercept(AnnotationValidationInterceptor.java:68)
	at com.opensymphony.xwork2.interceptor.MethodFilterInterceptor.intercept(MethodFilterInterceptor.java:98)
	at com.opensymphony.xwork2.DefaultActionInvocation.invoke(DefaultActionInvocation.java:248)
	at com.opensymphony.xwork2.interceptor.ConversionErrorInterceptor.intercept(ConversionErrorInterceptor.java:133)
	at com.opensymphony.xwork2.DefaultActionInvocation.invoke(DefaultActionInvocation.java:248)
	at com.opensymphony.xwork2.interceptor.ParametersInterceptor.doIntercept(ParametersInterceptor.java:207)
	at com.opensymphony.xwork2.interceptor.MethodFilterInterceptor.intercept(MethodFilterInterceptor.java:98)
	at com.opensymphony.xwork2.DefaultActionInvocation.invoke(DefaultActionInvocation.java:248)
	at com.opensymphony.xwork2.interceptor.ParametersInterceptor.doIntercept(ParametersInterceptor.java:207)
	at com.opensymphony.xwork2.interceptor.MethodFilterInterceptor.intercept(MethodFilterInterceptor.java:98)
	at com.opensymphony.xwork2.DefaultActionInvocation.invoke(DefaultActionInvocation.java:248)
	at com.opensymphony.xwork2.interceptor.StaticParametersInterceptor.intercept(StaticParametersInterceptor.java:190)
	at com.opensymphony.xwork2.DefaultActionInvocation.invoke(DefaultActionInvocation.java:248)
	at org.apache.struts2.interceptor.MultiselectInterceptor.intercept(MultiselectInterceptor.java:75)
	at com.opensymphony.xwork2.DefaultActionInvocation.invoke(DefaultActionInvocation.java:248)
	at org.apache.struts2.interceptor.CheckboxInterceptor.intercept(CheckboxInterceptor.java:94)
	at com.opensymphony.xwork2.DefaultActionInvocation.invoke(DefaultActionInvocation.java:248)
	at org.apache.struts2.interceptor.FileUploadInterceptor.intercept(FileUploadInterceptor.java:243)
	at com.opensymphony.xwork2.DefaultActionInvocation.invoke(DefaultActionInvocation.java:248)
	at com.opensymphony.xwork2.interceptor.ModelDrivenInterceptor.intercept(ModelDrivenInterceptor.java:100)
	at com.opensymphony.xwork2.DefaultActionInvocation.invoke(DefaultActionInvocation.java:248)
	at com.opensymphony.xwork2.interceptor.ScopedModelDrivenInterceptor.intercept(ScopedModelDrivenInterceptor.java:141)
	at com.opensymphony.xwork2.DefaultActionInvocation.invoke(DefaultActionInvocation.java:248)
	at org.apache.struts2.interceptor.debugging.DebuggingInterceptor.intercept(DebuggingInterceptor.java:267)
	at com.opensymphony.xwork2.DefaultActionInvocation.invoke(DefaultActionInvocation.java:248)
	at com.opensymphony.xwork2.interceptor.ChainingInterceptor.intercept(ChainingInterceptor.java:142)
	at com.opensymphony.xwork2.DefaultActionInvocation.invoke(DefaultActionInvocation.java:248)
	at com.opensymphony.xwork2.interceptor.PrepareInterceptor.doIntercept(PrepareInterceptor.java:166)
	at com.opensymphony.xwork2.interceptor.MethodFilterInterceptor.intercept(MethodFilterInterceptor.java:98)
	at com.opensymphony.xwork2.DefaultActionInvocation.invoke(DefaultActionInvocation.java:248)
	at com.opensymphony.xwork2.interceptor.I18nInterceptor.intercept(I18nInterceptor.java:176)
	at com.opensymphony.xwork2.DefaultActionInvocation.invoke(DefaultActionInvocation.java:248)
	at org.apache.struts2.interceptor.ServletConfigInterceptor.intercept(ServletConfigInterceptor.java:164)
	at com.opensymphony.xwork2.DefaultActionInvocation.invoke(DefaultActionInvocation.java:248)
	at com.opensymphony.xwork2.interceptor.AliasInterceptor.intercept(AliasInterceptor.java:190)
	at com.opensymphony.xwork2.DefaultActionInvocation.invoke(DefaultActionInvocation.java:248)
	at com.opensymphony.xwork2.interceptor.ExceptionMappingInterceptor.intercept(ExceptionMappingInterceptor.java:187)
	at com.opensymphony.xwork2.DefaultActionInvocation.invoke(DefaultActionInvocation.java:248)
	at com.opensymphony.xwork2.interceptor.DefaultWorkflowInterceptor.doIntercept(DefaultWorkflowInterceptor.java:176)
	at com.opensymphony.xwork2.interceptor.MethodFilterInterceptor.intercept(MethodFilterInterceptor.java:98)
	at com.opensymphony.xwork2.DefaultActionInvocation.invoke(DefaultActionInvocation.java:248)
	at com.opensymphony.xwork2.validator.ValidationInterceptor.doIntercept(ValidationInterceptor.java:263)
	at org.apache.struts2.interceptor.validation.AnnotationValidationInterceptor.doIntercept(AnnotationValidationInterceptor.java:68)
	at com.opensymphony.xwork2.interceptor.MethodFilterInterceptor.intercept(MethodFilterInterceptor.java:98)
	at com.opensymphony.xwork2.DefaultActionInvocation.invoke(DefaultActionInvocation.java:248)
	at com.opensymphony.xwork2.interceptor.ConversionErrorInterceptor.intercept(ConversionErrorInterceptor.java:133)
	at com.opensymphony.xwork2.DefaultActionInvocation.invoke(DefaultActionInvocation.java:248)
	at com.opensymphony.xwork2.interceptor.ParametersInterceptor.doIntercept(ParametersInterceptor.java:207)
	at com.opensymphony.xwork2.interceptor.MethodFilterInterceptor.intercept(MethodFilterInterceptor.java:98)
	at com.opensymphony.xwork2.DefaultActionInvocation.invoke(DefaultActionInvocation.java:248)
	at com.opensymphony.xwork2.interceptor.ParametersInterceptor.doIntercept(ParametersInterceptor.java:207)
	at com.opensymphony.xwork2.interceptor.MethodFilterInterceptor.intercept(MethodFilterInterceptor.java:98)
	at com.opensymphony.xwork2.DefaultActionInvocation.invoke(DefaultActionInvocation.java:248)
	at com.opensymphony.xwork2.interceptor.StaticParametersInterceptor.intercept(StaticParametersInterceptor.java:190)
	at com.opensymphony.xwork2.DefaultActionInvocation.invoke(DefaultActionInvocation.java:248)
	at org.apache.struts2.interceptor.FileUploadInterceptor.intercept(FileUploadInterceptor.java:243)
	at com.opensymphony.xwork2.DefaultActionInvocation.invoke(DefaultActionInvocation.java:248)
	at com.opensymphony.xwork2.interceptor.ModelDrivenInterceptor.intercept(ModelDrivenInterceptor.java:100)
	at com.opensymphony.xwork2.DefaultActionInvocation.invoke(DefaultActionInvocation.java:248)
	at com.opensymphony.xwork2.interceptor.ChainingInterceptor.intercept(ChainingInterceptor.java:142)
	at com.opensymphony.xwork2.DefaultActionInvocation.invoke(DefaultActionInvocation.java:248)
	at com.opensymphony.xwork2.interceptor.PrepareInterceptor.doIntercept(PrepareInterceptor.java:166)
	at com.opensymphony.xwork2.interceptor.MethodFilterInterceptor.intercept(MethodFilterInterceptor.java:98)
	at com.opensymphony.xwork2.DefaultActionInvocation.invoke(DefaultActionInvocation.java:248)
	at org.apache.struts2.interceptor.ServletConfigInterceptor.intercept(ServletConfigInterceptor.java:164)
	at com.opensymphony.xwork2.DefaultActionInvocation.invoke(DefaultActionInvocation.java:248)
	at com.opensymphony.xwork2.interceptor.ParametersInterceptor.doIntercept(ParametersInterceptor.java:207)
	at com.opensymphony.xwork2.interceptor.MethodFilterInterceptor.intercept(MethodFilterInterceptor.java:98)
	at com.opensymphony.xwork2.DefaultActionInvocation.invoke(DefaultActionInvocation.java:248)
	at org.apache.struts2.interceptor.MultiselectInterceptor.intercept(MultiselectInterceptor.java:75)
	at com.opensymphony.xwork2.DefaultActionInvocation.invoke(DefaultActionInvocation.java:248)
	at org.apache.struts2.interceptor.CheckboxInterceptor.intercept(CheckboxInterceptor.java:94)
	at com.opensymphony.xwork2.DefaultActionInvocation.invoke(DefaultActionInvocation.java:248)
	at com.opensymphony.xwork2.interceptor.I18nInterceptor.intercept(I18nInterceptor.java:176)
	at com.opensymphony.xwork2.DefaultActionInvocation.invoke(DefaultActionInvocation.java:248)
	at com.opensymphony.xwork2.interceptor.AliasInterceptor.intercept(AliasInterceptor.java:190)
	at com.opensymphony.xwork2.DefaultActionInvocation.invoke(DefaultActionInvocation.java:248)
	at com.opensymphony.xwork2.interceptor.ExceptionMappingInterceptor.intercept(ExceptionMappingInterceptor.java:187)
	at com.opensymphony.xwork2.DefaultActionInvocation.invoke(DefaultActionInvocation.java:248)
	at org.apache.struts2.interceptor.MessageStoreInterceptor.intercept(MessageStoreInterceptor.java:204)
	at com.opensymphony.xwork2.DefaultActionInvocation.invoke(DefaultActionInvocation.java:248)
	at com.microxt.interceptor.ExceptionMappingInterceptor.intercept(ExceptionMappingInterceptor.java:35)
	at com.opensymphony.xwork2.DefaultActionInvocation.invoke(DefaultActionInvocation.java:248)
	at com.microxt.interceptor.AuthorizationInterceptor.intercept(AuthorizationInterceptor.java:54)
	at com.opensymphony.xwork2.DefaultActionInvocation.invoke(DefaultActionInvocation.java:248)
	at org.apache.struts2.impl.StrutsActionProxy.execute(StrutsActionProxy.java:52)
	at org.apache.struts2.dispatcher.Dispatcher.serviceAction(Dispatcher.java:485)
	at org.apache.struts2.dispatcher.ng.ExecuteOperations.executeAction(ExecuteOperations.java:77)
	at org.apache.struts2.dispatcher.ng.filter.StrutsPrepareAndExecuteFilter.doFilter(StrutsPrepareAndExecuteFilter.java:91)
	at org.mortbay.jetty.servlet.ServletHandler$CachedChain.doFilter(ServletHandler.java:1157)
	at org.apache.struts2.dispatcher.ActionContextCleanUp.doFilter(ActionContextCleanUp.java:102)
	at org.mortbay.jetty.servlet.ServletHandler$CachedChain.doFilter(ServletHandler.java:1157)
	at org.springframework.web.filter.AbstractRequestLoggingFilter.doFilterInternal(AbstractRequestLoggingFilter.java:193)
	at org.springframework.web.filter.OncePerRequestFilter.doFilter(OncePerRequestFilter.java:76)
	at org.mortbay.jetty.servlet.ServletHandler$CachedChain.doFilter(ServletHandler.java:1157)
	at org.mortbay.jetty.servlet.ServletHandler.handle(ServletHandler.java:388)
	at org.mortbay.jetty.security.SecurityHandler.handle(SecurityHandler.java:216)
	at org.mortbay.jetty.servlet.SessionHandler.handle(SessionHandler.java:182)
	at org.mortbay.jetty.handler.ContextHandler.handle(ContextHandler.java:765)
	at org.mortbay.jetty.webapp.WebAppContext.handle(WebAppContext.java:440)
	at org.mortbay.jetty.handler.HandlerWrapper.handle(HandlerWrapper.java:152)
	at org.mortbay.jetty.Server.handle(Server.java:326)
	at org.mortbay.jetty.HttpConnection.handleRequest(HttpConnection.java:542)
	at org.mortbay.jetty.HttpConnection$RequestHandler.headerComplete(HttpConnection.java:926)
	at org.mortbay.jetty.HttpParser.parseNext(HttpParser.java:549)
	at org.mortbay.jetty.HttpParser.parseAvailable(HttpParser.java:212)
	at org.mortbay.jetty.HttpConnection.handle(HttpConnection.java:404)
	at org.mortbay.jetty.bio.SocketConnector$Connection.run(SocketConnector.java:228)
	at org.mortbay.thread.QueuedThreadPool$PoolThread.run(QueuedThreadPool.java:582)
[org.hibernate.stat.ConcurrentStatisticsImpl.queryExecuted(ConcurrentStatisticsImpl.java:316)] [2014-06-28 08:56:15,026] :
HQL: null, time: 6ms, rows: 4
[org.hibernate.stat.ConcurrentStatisticsImpl.queryExecuted(ConcurrentStatisticsImpl.java:316)] [2014-06-28 08:56:15,871] :
HQL: null, time: 5ms, rows: 1
[org.hibernate.stat.ConcurrentStatisticsImpl.queryExecuted(ConcurrentStatisticsImpl.java:316)] [2014-06-28 08:56:15,906] :
HQL: null, time: 34ms, rows: 20
[org.hibernate.stat.ConcurrentStatisticsImpl.queryExecuted(ConcurrentStatisticsImpl.java:316)] [2014-06-28 08:56:17,146] :
HQL: from Moudle m where isdel=1 order by m.parentId asc, time: 2ms, rows: 5
[org.hibernate.stat.ConcurrentStatisticsImpl.queryExecuted(ConcurrentStatisticsImpl.java:316)] [2014-06-28 08:56:17,149] :
HQL: from Button b where b.moudle.id=? and isdel=1, time: 1ms, rows: 0
[org.hibernate.stat.ConcurrentStatisticsImpl.queryExecuted(ConcurrentStatisticsImpl.java:316)] [2014-06-28 08:56:17,151] :
HQL: from Moudle m where m.code like ? and m.isdel=1, time: 1ms, rows: 0
[org.hibernate.stat.ConcurrentStatisticsImpl.queryExecuted(ConcurrentStatisticsImpl.java:316)] [2014-06-28 08:56:17,153] :
HQL: from Button b where b.moudle.id=? and isdel=1, time: 1ms, rows: 0
[org.hibernate.stat.ConcurrentStatisticsImpl.queryExecuted(ConcurrentStatisticsImpl.java:316)] [2014-06-28 08:56:17,156] :
HQL: from Moudle m where m.code like ? and m.isdel=1, time: 1ms, rows: 0
[org.hibernate.stat.ConcurrentStatisticsImpl.queryExecuted(ConcurrentStatisticsImpl.java:316)] [2014-06-28 08:56:17,158] :
HQL: from Button b where b.moudle.id=? and isdel=1, time: 1ms, rows: 0
[org.hibernate.stat.ConcurrentStatisticsImpl.queryExecuted(ConcurrentStatisticsImpl.java:316)] [2014-06-28 08:56:17,160] :
HQL: from Moudle m where m.code like ? and m.isdel=1, time: 1ms, rows: 1
[org.hibernate.stat.ConcurrentStatisticsImpl.queryExecuted(ConcurrentStatisticsImpl.java:316)] [2014-06-28 08:56:17,162] :
HQL: from Button b where b.moudle.id=? and isdel=1, time: 1ms, rows: 0
[org.hibernate.stat.ConcurrentStatisticsImpl.queryExecuted(ConcurrentStatisticsImpl.java:316)] [2014-06-28 08:56:17,164] :
HQL: from Moudle m where m.code like ? and m.isdel=1, time: 1ms, rows: 0
[org.hibernate.stat.ConcurrentStatisticsImpl.queryExecuted(ConcurrentStatisticsImpl.java:316)] [2014-06-28 08:56:17,166] :
HQL: from Button b where b.moudle.id=? and isdel=1, time: 1ms, rows: 0
[org.hibernate.stat.ConcurrentStatisticsImpl.queryExecuted(ConcurrentStatisticsImpl.java:316)] [2014-06-28 08:56:17,168] :
HQL: from Moudle m where m.code like ? and m.isdel=1, time: 1ms, rows: 0
[org.hibernate.stat.ConcurrentStatisticsImpl.queryExecuted(ConcurrentStatisticsImpl.java:316)] [2014-06-28 08:56:31,180] :
HQL: from Moudle m where isdel=1 order by m.parentId asc, time: 2ms, rows: 5
[org.hibernate.stat.ConcurrentStatisticsImpl.queryExecuted(ConcurrentStatisticsImpl.java:316)] [2014-06-28 08:56:31,185] :
HQL: from Button b where b.moudle.id=? and isdel=1, time: 1ms, rows: 0
[org.hibernate.stat.ConcurrentStatisticsImpl.queryExecuted(ConcurrentStatisticsImpl.java:316)] [2014-06-28 08:56:31,188] :
HQL: from Moudle m where m.code like ? and m.isdel=1, time: 1ms, rows: 0
[org.hibernate.stat.ConcurrentStatisticsImpl.queryExecuted(ConcurrentStatisticsImpl.java:316)] [2014-06-28 08:56:31,191] :
HQL: from Button b where b.moudle.id=? and isdel=1, time: 2ms, rows: 0
[org.hibernate.stat.ConcurrentStatisticsImpl.queryExecuted(ConcurrentStatisticsImpl.java:316)] [2014-06-28 08:56:31,193] :
HQL: from Moudle m where m.code like ? and m.isdel=1, time: 1ms, rows: 0
[org.hibernate.stat.ConcurrentStatisticsImpl.queryExecuted(ConcurrentStatisticsImpl.java:316)] [2014-06-28 08:56:31,195] :
HQL: from Button b where b.moudle.id=? and isdel=1, time: 1ms, rows: 0
[org.hibernate.stat.ConcurrentStatisticsImpl.queryExecuted(ConcurrentStatisticsImpl.java:316)] [2014-06-28 08:56:31,197] :
HQL: from Moudle m where m.code like ? and m.isdel=1, time: 1ms, rows: 1
[org.hibernate.stat.ConcurrentStatisticsImpl.queryExecuted(ConcurrentStatisticsImpl.java:316)] [2014-06-28 08:56:31,199] :
HQL: from Button b where b.moudle.id=? and isdel=1, time: 1ms, rows: 0
[org.hibernate.stat.ConcurrentStatisticsImpl.queryExecuted(ConcurrentStatisticsImpl.java:316)] [2014-06-28 08:56:31,201] :
HQL: from Moudle m where m.code like ? and m.isdel=1, time: 1ms, rows: 0
[org.hibernate.stat.ConcurrentStatisticsImpl.queryExecuted(ConcurrentStatisticsImpl.java:316)] [2014-06-28 08:56:31,203] :
HQL: from Button b where b.moudle.id=? and isdel=1, time: 1ms, rows: 0
[org.hibernate.stat.ConcurrentStatisticsImpl.queryExecuted(ConcurrentStatisticsImpl.java:316)] [2014-06-28 08:56:31,205] :
HQL: from Moudle m where m.code like ? and m.isdel=1, time: 1ms, rows: 0
[org.hibernate.stat.ConcurrentStatisticsImpl.queryExecuted(ConcurrentStatisticsImpl.java:316)] [2014-06-28 09:28:43,652] :
HQL: null, time: 1ms, rows: 1
[org.hibernate.stat.ConcurrentStatisticsImpl.queryExecuted(ConcurrentStatisticsImpl.java:316)] [2014-06-28 09:28:43,723] :
HQL: null, time: 1ms, rows: 1
[org.hibernate.stat.ConcurrentStatisticsImpl.queryExecuted(ConcurrentStatisticsImpl.java:316)] [2014-06-28 09:28:43,755] :
HQL: select new map(a.id as userId,a.logno as logno,a.userno as userno,a.logpass as logpass,a.jyxm as username,a.depId as depId,b.depName as depName,b.code as code,c.sjch as sjch,a.areaId as areaId) from User a left join a.department b,UserSjxx c  where a.logno = ? and a.logpass = ? and a.userno=c.userno, time: 11ms, rows: 1
[com.microxt.xctb.web.webservice.WebServiceSendImpl.getOnlineJyxxByDwid(WebServiceSendImpl.java:423)] [2014-06-28 09:28:43,765] :
receive start......................
[com.microxt.xctb.web.webservice.WebServiceSendImpl.getOnlineJyxxByDwid(WebServiceSendImpl.java:443)] [2014-06-28 09:28:43,772] :
start to connect ......
[org.hibernate.stat.ConcurrentStatisticsImpl.queryExecuted(ConcurrentStatisticsImpl.java:316)] [2014-06-28 09:28:43,808] :
HQL: null, time: 3ms, rows: 4
[org.hibernate.stat.ConcurrentStatisticsImpl.queryExecuted(ConcurrentStatisticsImpl.java:316)] [2014-06-28 09:28:50,359] :
HQL: null, time: 1ms, rows: 1
[org.hibernate.stat.ConcurrentStatisticsImpl.queryExecuted(ConcurrentStatisticsImpl.java:316)] [2014-06-28 09:28:50,362] :
HQL: null, time: 1ms, rows: 1
[org.hibernate.stat.ConcurrentStatisticsImpl.queryExecuted(ConcurrentStatisticsImpl.java:316)] [2014-06-28 09:28:52,167] :
HQL: null, time: 1ms, rows: 1
[org.hibernate.stat.ConcurrentStatisticsImpl.queryExecuted(ConcurrentStatisticsImpl.java:316)] [2014-06-28 09:28:52,171] :
HQL: null, time: 2ms, rows: 1
[com.microxt.xctb.web.webservice.WebServiceSendImpl.sendMessage(WebServiceSendImpl.java:137)] [2014-06-28 09:34:10,795] :
start......................
[com.microxt.xctb.web.webservice.WebServiceSendImpl.sendMessage(WebServiceSendImpl.java:183)] [2014-06-28 09:34:10,806] :
start to connect ......
[com.microxt.interceptor.ExceptionMappingInterceptor.intercept(ExceptionMappingInterceptor.java:38)] [2014-06-28 09:34:31,823] :
Action run error
com.microxt.xctb.util.exception.biz.UserException: 重发失败--->原因：1、调用消息推送接口出错2、保存明细出错
	at com.microxt.xctb.web.xctbmanager.XctbManagerAction.queryCfExamineXctb(XctbManagerAction.java:470)
	at sun.reflect.NativeMethodAccessorImpl.invoke0(Native Method)
	at sun.reflect.NativeMethodAccessorImpl.invoke(NativeMethodAccessorImpl.java:39)
	at sun.reflect.DelegatingMethodAccessorImpl.invoke(DelegatingMethodAccessorImpl.java:25)
	at java.lang.reflect.Method.invoke(Method.java:597)
	at com.opensymphony.xwork2.DefaultActionInvocation.invokeAction(DefaultActionInvocation.java:452)
	at com.opensymphony.xwork2.DefaultActionInvocation.invokeActionOnly(DefaultActionInvocation.java:291)
	at com.opensymphony.xwork2.DefaultActionInvocation.invoke(DefaultActionInvocation.java:254)
	at com.opensymphony.xwork2.interceptor.DefaultWorkflowInterceptor.doIntercept(DefaultWorkflowInterceptor.java:176)
	at com.opensymphony.xwork2.interceptor.MethodFilterInterceptor.intercept(MethodFilterInterceptor.java:98)
	at com.opensymphony.xwork2.DefaultActionInvocation.invoke(DefaultActionInvocation.java:248)
	at com.opensymphony.xwork2.validator.ValidationInterceptor.doIntercept(ValidationInterceptor.java:263)
	at org.apache.struts2.interceptor.validation.AnnotationValidationInterceptor.doIntercept(AnnotationValidationInterceptor.java:68)
	at com.opensymphony.xwork2.interceptor.MethodFilterInterceptor.intercept(MethodFilterInterceptor.java:98)
	at com.opensymphony.xwork2.DefaultActionInvocation.invoke(DefaultActionInvocation.java:248)
	at com.opensymphony.xwork2.interceptor.ConversionErrorInterceptor.intercept(ConversionErrorInterceptor.java:133)
	at com.opensymphony.xwork2.DefaultActionInvocation.invoke(DefaultActionInvocation.java:248)
	at com.opensymphony.xwork2.interceptor.ParametersInterceptor.doIntercept(ParametersInterceptor.java:207)
	at com.opensymphony.xwork2.interceptor.MethodFilterInterceptor.intercept(MethodFilterInterceptor.java:98)
	at com.opensymphony.xwork2.DefaultActionInvocation.invoke(DefaultActionInvocation.java:248)
	at com.opensymphony.xwork2.interceptor.ParametersInterceptor.doIntercept(ParametersInterceptor.java:207)
	at com.opensymphony.xwork2.interceptor.MethodFilterInterceptor.intercept(MethodFilterInterceptor.java:98)
	at com.opensymphony.xwork2.DefaultActionInvocation.invoke(DefaultActionInvocation.java:248)
	at com.opensymphony.xwork2.interceptor.StaticParametersInterceptor.intercept(StaticParametersInterceptor.java:190)
	at com.opensymphony.xwork2.DefaultActionInvocation.invoke(DefaultActionInvocation.java:248)
	at org.apache.struts2.interceptor.MultiselectInterceptor.intercept(MultiselectInterceptor.java:75)
	at com.opensymphony.xwork2.DefaultActionInvocation.invoke(DefaultActionInvocation.java:248)
	at org.apache.struts2.interceptor.CheckboxInterceptor.intercept(CheckboxInterceptor.java:94)
	at com.opensymphony.xwork2.DefaultActionInvocation.invoke(DefaultActionInvocation.java:248)
	at org.apache.struts2.interceptor.FileUploadInterceptor.intercept(FileUploadInterceptor.java:243)
	at com.opensymphony.xwork2.DefaultActionInvocation.invoke(DefaultActionInvocation.java:248)
	at com.opensymphony.xwork2.interceptor.ModelDrivenInterceptor.intercept(ModelDrivenInterceptor.java:100)
	at com.opensymphony.xwork2.DefaultActionInvocation.invoke(DefaultActionInvocation.java:248)
	at com.opensymphony.xwork2.interceptor.ScopedModelDrivenInterceptor.intercept(ScopedModelDrivenInterceptor.java:141)
	at com.opensymphony.xwork2.DefaultActionInvocation.invoke(DefaultActionInvocation.java:248)
	at org.apache.struts2.interceptor.debugging.DebuggingInterceptor.intercept(DebuggingInterceptor.java:267)
	at com.opensymphony.xwork2.DefaultActionInvocation.invoke(DefaultActionInvocation.java:248)
	at com.opensymphony.xwork2.interceptor.ChainingInterceptor.intercept(ChainingInterceptor.java:142)
	at com.opensymphony.xwork2.DefaultActionInvocation.invoke(DefaultActionInvocation.java:248)
	at com.opensymphony.xwork2.interceptor.PrepareInterceptor.doIntercept(PrepareInterceptor.java:166)
	at com.opensymphony.xwork2.interceptor.MethodFilterInterceptor.intercept(MethodFilterInterceptor.java:98)
	at com.opensymphony.xwork2.DefaultActionInvocation.invoke(DefaultActionInvocation.java:248)
	at com.opensymphony.xwork2.interceptor.I18nInterceptor.intercept(I18nInterceptor.java:176)
	at com.opensymphony.xwork2.DefaultActionInvocation.invoke(DefaultActionInvocation.java:248)
	at org.apache.struts2.interceptor.ServletConfigInterceptor.intercept(ServletConfigInterceptor.java:164)
	at com.opensymphony.xwork2.DefaultActionInvocation.invoke(DefaultActionInvocation.java:248)
	at com.opensymphony.xwork2.interceptor.AliasInterceptor.intercept(AliasInterceptor.java:190)
	at com.opensymphony.xwork2.DefaultActionInvocation.invoke(DefaultActionInvocation.java:248)
	at com.opensymphony.xwork2.interceptor.ExceptionMappingInterceptor.intercept(ExceptionMappingInterceptor.java:187)
	at com.opensymphony.xwork2.DefaultActionInvocation.invoke(DefaultActionInvocation.java:248)
	at com.opensymphony.xwork2.interceptor.DefaultWorkflowInterceptor.doIntercept(DefaultWorkflowInterceptor.java:176)
	at com.opensymphony.xwork2.interceptor.MethodFilterInterceptor.intercept(MethodFilterInterceptor.java:98)
	at com.opensymphony.xwork2.DefaultActionInvocation.invoke(DefaultActionInvocation.java:248)
	at com.opensymphony.xwork2.validator.ValidationInterceptor.doIntercept(ValidationInterceptor.java:263)
	at org.apache.struts2.interceptor.validation.AnnotationValidationInterceptor.doIntercept(AnnotationValidationInterceptor.java:68)
	at com.opensymphony.xwork2.interceptor.MethodFilterInterceptor.intercept(MethodFilterInterceptor.java:98)
	at com.opensymphony.xwork2.DefaultActionInvocation.invoke(DefaultActionInvocation.java:248)
	at com.opensymphony.xwork2.interceptor.ConversionErrorInterceptor.intercept(ConversionErrorInterceptor.java:133)
	at com.opensymphony.xwork2.DefaultActionInvocation.invoke(DefaultActionInvocation.java:248)
	at com.opensymphony.xwork2.interceptor.ParametersInterceptor.doIntercept(ParametersInterceptor.java:207)
	at com.opensymphony.xwork2.interceptor.MethodFilterInterceptor.intercept(MethodFilterInterceptor.java:98)
	at com.opensymphony.xwork2.DefaultActionInvocation.invoke(DefaultActionInvocation.java:248)
	at com.opensymphony.xwork2.interceptor.ParametersInterceptor.doIntercept(ParametersInterceptor.java:207)
	at com.opensymphony.xwork2.interceptor.MethodFilterInterceptor.intercept(MethodFilterInterceptor.java:98)
	at com.opensymphony.xwork2.DefaultActionInvocation.invoke(DefaultActionInvocation.java:248)
	at com.opensymphony.xwork2.interceptor.StaticParametersInterceptor.intercept(StaticParametersInterceptor.java:190)
	at com.opensymphony.xwork2.DefaultActionInvocation.invoke(DefaultActionInvocation.java:248)
	at org.apache.struts2.interceptor.FileUploadInterceptor.intercept(FileUploadInterceptor.java:243)
	at com.opensymphony.xwork2.DefaultActionInvocation.invoke(DefaultActionInvocation.java:248)
	at com.opensymphony.xwork2.interceptor.ModelDrivenInterceptor.intercept(ModelDrivenInterceptor.java:100)
	at com.opensymphony.xwork2.DefaultActionInvocation.invoke(DefaultActionInvocation.java:248)
	at com.opensymphony.xwork2.interceptor.ChainingInterceptor.intercept(ChainingInterceptor.java:142)
	at com.opensymphony.xwork2.DefaultActionInvocation.invoke(DefaultActionInvocation.java:248)
	at com.opensymphony.xwork2.interceptor.PrepareInterceptor.doIntercept(PrepareInterceptor.java:166)
	at com.opensymphony.xwork2.interceptor.MethodFilterInterceptor.intercept(MethodFilterInterceptor.java:98)
	at com.opensymphony.xwork2.DefaultActionInvocation.invoke(DefaultActionInvocation.java:248)
	at org.apache.struts2.interceptor.ServletConfigInterceptor.intercept(ServletConfigInterceptor.java:164)
	at com.opensymphony.xwork2.DefaultActionInvocation.invoke(DefaultActionInvocation.java:248)
	at com.opensymphony.xwork2.interceptor.ParametersInterceptor.doIntercept(ParametersInterceptor.java:207)
	at com.opensymphony.xwork2.interceptor.MethodFilterInterceptor.intercept(MethodFilterInterceptor.java:98)
	at com.opensymphony.xwork2.DefaultActionInvocation.invoke(DefaultActionInvocation.java:248)
	at org.apache.struts2.interceptor.MultiselectInterceptor.intercept(MultiselectInterceptor.java:75)
	at com.opensymphony.xwork2.DefaultActionInvocation.invoke(DefaultActionInvocation.java:248)
	at org.apache.struts2.interceptor.CheckboxInterceptor.intercept(CheckboxInterceptor.java:94)
	at com.opensymphony.xwork2.DefaultActionInvocation.invoke(DefaultActionInvocation.java:248)
	at com.opensymphony.xwork2.interceptor.I18nInterceptor.intercept(I18nInterceptor.java:176)
	at com.opensymphony.xwork2.DefaultActionInvocation.invoke(DefaultActionInvocation.java:248)
	at com.opensymphony.xwork2.interceptor.AliasInterceptor.intercept(AliasInterceptor.java:190)
	at com.opensymphony.xwork2.DefaultActionInvocation.invoke(DefaultActionInvocation.java:248)
	at com.opensymphony.xwork2.interceptor.ExceptionMappingInterceptor.intercept(ExceptionMappingInterceptor.java:187)
	at com.opensymphony.xwork2.DefaultActionInvocation.invoke(DefaultActionInvocation.java:248)
	at org.apache.struts2.interceptor.MessageStoreInterceptor.intercept(MessageStoreInterceptor.java:204)
	at com.opensymphony.xwork2.DefaultActionInvocation.invoke(DefaultActionInvocation.java:248)
	at com.microxt.interceptor.ExceptionMappingInterceptor.intercept(ExceptionMappingInterceptor.java:35)
	at com.opensymphony.xwork2.DefaultActionInvocation.invoke(DefaultActionInvocation.java:248)
	at com.microxt.interceptor.AuthorizationInterceptor.intercept(AuthorizationInterceptor.java:54)
	at com.opensymphony.xwork2.DefaultActionInvocation.invoke(DefaultActionInvocation.java:248)
	at org.apache.struts2.impl.StrutsActionProxy.execute(StrutsActionProxy.java:52)
	at org.apache.struts2.dispatcher.Dispatcher.serviceAction(Dispatcher.java:485)
	at org.apache.struts2.dispatcher.ng.ExecuteOperations.executeAction(ExecuteOperations.java:77)
	at org.apache.struts2.dispatcher.ng.filter.StrutsPrepareAndExecuteFilter.doFilter(StrutsPrepareAndExecuteFilter.java:91)
	at org.mortbay.jetty.servlet.ServletHandler$CachedChain.doFilter(ServletHandler.java:1157)
	at org.apache.struts2.dispatcher.ActionContextCleanUp.doFilter(ActionContextCleanUp.java:102)
	at org.mortbay.jetty.servlet.ServletHandler$CachedChain.doFilter(ServletHandler.java:1157)
	at org.springframework.web.filter.AbstractRequestLoggingFilter.doFilterInternal(AbstractRequestLoggingFilter.java:193)
	at org.springframework.web.filter.OncePerRequestFilter.doFilter(OncePerRequestFilter.java:76)
	at org.mortbay.jetty.servlet.ServletHandler$CachedChain.doFilter(ServletHandler.java:1157)
	at org.mortbay.jetty.servlet.ServletHandler.handle(ServletHandler.java:388)
	at org.mortbay.jetty.security.SecurityHandler.handle(SecurityHandler.java:216)
	at org.mortbay.jetty.servlet.SessionHandler.handle(SessionHandler.java:182)
	at org.mortbay.jetty.handler.ContextHandler.handle(ContextHandler.java:765)
	at org.mortbay.jetty.webapp.WebAppContext.handle(WebAppContext.java:440)
	at org.mortbay.jetty.handler.HandlerWrapper.handle(HandlerWrapper.java:152)
	at org.mortbay.jetty.Server.handle(Server.java:326)
	at org.mortbay.jetty.HttpConnection.handleRequest(HttpConnection.java:542)
	at org.mortbay.jetty.HttpConnection$RequestHandler.headerComplete(HttpConnection.java:926)
	at org.mortbay.jetty.HttpParser.parseNext(HttpParser.java:549)
	at org.mortbay.jetty.HttpParser.parseAvailable(HttpParser.java:212)
	at org.mortbay.jetty.HttpConnection.handle(HttpConnection.java:404)
	at org.mortbay.jetty.bio.SocketConnector$Connection.run(SocketConnector.java:228)
	at org.mortbay.thread.QueuedThreadPool$PoolThread.run(QueuedThreadPool.java:582)
[org.hibernate.stat.ConcurrentStatisticsImpl.queryExecuted(ConcurrentStatisticsImpl.java:316)] [2014-06-28 09:34:49,776] :
HQL: select new map(a.id as userId,a.logno as logno,a.userno as userno,a.logpass as logpass,a.jyxm as username,a.depId as depId,b.depName as depName,b.code as code,c.sjch as sjch,a.areaId as areaId) from User a left join a.department b,UserSjxx c  where a.logno = ? and a.logpass = ? and a.userno=c.userno, time: 24ms, rows: 1
[com.microxt.xctb.web.webservice.WebServiceSendImpl.getOnlineJyxxByDwid(WebServiceSendImpl.java:423)] [2014-06-28 09:34:49,783] :
receive start......................
[com.microxt.xctb.web.webservice.WebServiceSendImpl.getOnlineJyxxByDwid(WebServiceSendImpl.java:443)] [2014-06-28 09:34:49,796] :
start to connect ......
[org.hibernate.stat.ConcurrentStatisticsImpl.queryExecuted(ConcurrentStatisticsImpl.java:316)] [2014-06-28 09:34:49,828] :
HQL: null, time: 3ms, rows: 4
[org.hibernate.stat.ConcurrentStatisticsImpl.queryExecuted(ConcurrentStatisticsImpl.java:316)] [2014-06-28 09:34:59,040] :
HQL: null, time: 3ms, rows: 4
[org.hibernate.stat.ConcurrentStatisticsImpl.queryExecuted(ConcurrentStatisticsImpl.java:316)] [2014-06-28 09:35:07,479] :
HQL: null, time: 1ms, rows: 1
[org.hibernate.stat.ConcurrentStatisticsImpl.queryExecuted(ConcurrentStatisticsImpl.java:316)] [2014-06-28 09:35:07,483] :
HQL: null, time: 2ms, rows: 0
[org.hibernate.stat.ConcurrentStatisticsImpl.queryExecuted(ConcurrentStatisticsImpl.java:316)] [2014-06-28 09:35:23,049] :
HQL: null, time: 3ms, rows: 4
[org.hibernate.stat.ConcurrentStatisticsImpl.queryExecuted(ConcurrentStatisticsImpl.java:316)] [2014-06-28 09:35:36,764] :
HQL: null, time: 3ms, rows: 4
[org.hibernate.stat.ConcurrentStatisticsImpl.queryExecuted(ConcurrentStatisticsImpl.java:316)] [2014-06-28 09:35:44,602] :
HQL: null, time: 3ms, rows: 4
[org.hibernate.stat.ConcurrentStatisticsImpl.queryExecuted(ConcurrentStatisticsImpl.java:316)] [2014-06-28 09:35:50,079] :
HQL: null, time: 3ms, rows: 4
[org.hibernate.stat.ConcurrentStatisticsImpl.queryExecuted(ConcurrentStatisticsImpl.java:316)] [2014-06-28 09:36:12,646] :
HQL: null, time: 8ms, rows: 4
[org.hibernate.stat.ConcurrentStatisticsImpl.queryExecuted(ConcurrentStatisticsImpl.java:316)] [2014-06-28 09:36:15,279] :
HQL: null, time: 2ms, rows: 4
[org.hibernate.stat.ConcurrentStatisticsImpl.queryExecuted(ConcurrentStatisticsImpl.java:316)] [2014-06-28 09:36:21,073] :
HQL: null, time: 2ms, rows: 4
