2013-08-09 16:12:18,922 [main] WARN  [org.springframework.beans.factory.config.PropertyPlaceholderConfigurer] - Could not load properties from URL [file:/var/mini-service/application.server.properties]: \var\mini-service\application.server.properties (系统找不到指定的路径。)
2013-08-09 16:12:19,656 [main] ERROR [org.springframework.web.context.ContextLoader] - Context initialization failed
org.springframework.beans.factory.BeanCreationException: Error creating bean with name 'org.apache.cxf.jaxws.EndpointImpl--1644690022': Cannot resolve reference to bean 'jgzfService' while setting constructor argument; nested exception is org.springframework.beans.factory.BeanCreationException: Error creating bean with name 'jgzfService' defined in URL [file:/D:/workspaces/jgzf/webapp/WEB-INF/classes/applicationContext-ws-server.xml]: Cannot resolve reference to bean 'oracleLobHandler' while setting bean property 'oracleLobHandler'; nested exception is org.springframework.beans.factory.NoSuchBeanDefinitionException: No bean named 'oracleLobHandler' is defined
	at org.springframework.beans.factory.support.BeanDefinitionValueResolver.resolveReference(BeanDefinitionValueResolver.java:328)
	at org.springframework.beans.factory.support.BeanDefinitionValueResolver.resolveValueIfNecessary(BeanDefinitionValueResolver.java:106)
	at org.springframework.beans.factory.support.ConstructorResolver.resolveConstructorArguments(ConstructorResolver.java:630)
	at org.springframework.beans.factory.support.ConstructorResolver.autowireConstructor(ConstructorResolver.java:148)
	at org.springframework.beans.factory.support.AbstractAutowireCapableBeanFactory.autowireConstructor(AbstractAutowireCapableBeanFactory.java:1003)
	at org.springframework.beans.factory.support.AbstractAutowireCapableBeanFactory.createBeanInstance(AbstractAutowireCapableBeanFactory.java:907)
	at org.springframework.beans.factory.support.AbstractAutowireCapableBeanFactory.doCreateBean(AbstractAutowireCapableBeanFactory.java:485)
	at org.springframework.beans.factory.support.AbstractAutowireCapableBeanFactory.createBean(AbstractAutowireCapableBeanFactory.java:456)
	at org.springframework.beans.factory.support.AbstractBeanFactory$1.getObject(AbstractBeanFactory.java:291)
	at org.springframework.beans.factory.support.DefaultSingletonBeanRegistry.getSingleton(DefaultSingletonBeanRegistry.java:222)
	at org.springframework.beans.factory.support.AbstractBeanFactory.doGetBean(AbstractBeanFactory.java:288)
	at org.springframework.beans.factory.support.AbstractBeanFactory.getBean(AbstractBeanFactory.java:190)
	at org.springframework.beans.factory.support.DefaultListableBeanFactory.preInstantiateSingletons(DefaultListableBeanFactory.java:580)
	at org.springframework.context.support.AbstractApplicationContext.finishBeanFactoryInitialization(AbstractApplicationContext.java:895)
	at org.springframework.context.support.AbstractApplicationContext.refresh(AbstractApplicationContext.java:425)
	at org.springframework.web.context.ContextLoader.createWebApplicationContext(ContextLoader.java:276)
	at org.springframework.web.context.ContextLoader.initWebApplicationContext(ContextLoader.java:197)
	at org.springframework.web.context.ContextLoaderListener.contextInitialized(ContextLoaderListener.java:47)
	at org.mortbay.jetty.handler.ContextHandler.startContext(ContextHandler.java:548)
	at org.mortbay.jetty.servlet.Context.startContext(Context.java:136)
	at org.mortbay.jetty.webapp.WebAppContext.startContext(WebAppContext.java:1272)
	at org.mortbay.jetty.handler.ContextHandler.doStart(ContextHandler.java:517)
	at org.mortbay.jetty.webapp.WebAppContext.doStart(WebAppContext.java:489)
	at org.mortbay.component.AbstractLifeCycle.start(AbstractLifeCycle.java:50)
	at org.mortbay.jetty.handler.HandlerWrapper.doStart(HandlerWrapper.java:130)
	at org.mortbay.jetty.Server.doStart(Server.java:224)
	at org.mortbay.component.AbstractLifeCycle.start(AbstractLifeCycle.java:50)
	at com.message.JgzfService.main(JgzfService.java:14)
Caused by: org.springframework.beans.factory.BeanCreationException: Error creating bean with name 'jgzfService' defined in URL [file:/D:/workspaces/jgzf/webapp/WEB-INF/classes/applicationContext-ws-server.xml]: Cannot resolve reference to bean 'oracleLobHandler' while setting bean property 'oracleLobHandler'; nested exception is org.springframework.beans.factory.NoSuchBeanDefinitionException: No bean named 'oracleLobHandler' is defined
	at org.springframework.beans.factory.support.BeanDefinitionValueResolver.resolveReference(BeanDefinitionValueResolver.java:328)
	at org.springframework.beans.factory.support.BeanDefinitionValueResolver.resolveValueIfNecessary(BeanDefinitionValueResolver.java:106)
	at org.springframework.beans.factory.support.AbstractAutowireCapableBeanFactory.applyPropertyValues(AbstractAutowireCapableBeanFactory.java:1325)
	at org.springframework.beans.factory.support.AbstractAutowireCapableBeanFactory.populateBean(AbstractAutowireCapableBeanFactory.java:1086)
	at org.springframework.beans.factory.support.AbstractAutowireCapableBeanFactory.doCreateBean(AbstractAutowireCapableBeanFactory.java:517)
	at org.springframework.beans.factory.support.AbstractAutowireCapableBeanFactory.createBean(AbstractAutowireCapableBeanFactory.java:456)
	at org.springframework.beans.factory.support.AbstractBeanFactory$1.getObject(AbstractBeanFactory.java:291)
	at org.springframework.beans.factory.support.DefaultSingletonBeanRegistry.getSingleton(DefaultSingletonBeanRegistry.java:222)
	at org.springframework.beans.factory.support.AbstractBeanFactory.doGetBean(AbstractBeanFactory.java:288)
	at org.springframework.beans.factory.support.AbstractBeanFactory.getBean(AbstractBeanFactory.java:190)
	at org.springframework.beans.factory.support.BeanDefinitionValueResolver.resolveReference(BeanDefinitionValueResolver.java:322)
	... 27 more
Caused by: org.springframework.beans.factory.NoSuchBeanDefinitionException: No bean named 'oracleLobHandler' is defined
	at org.springframework.beans.factory.support.DefaultListableBeanFactory.getBeanDefinition(DefaultListableBeanFactory.java:527)
	at org.springframework.beans.factory.support.AbstractBeanFactory.getMergedLocalBeanDefinition(AbstractBeanFactory.java:1068)
	at org.springframework.beans.factory.support.AbstractBeanFactory.doGetBean(AbstractBeanFactory.java:274)
	at org.springframework.beans.factory.support.AbstractBeanFactory.getBean(AbstractBeanFactory.java:190)
	at org.springframework.beans.factory.support.BeanDefinitionValueResolver.resolveReference(BeanDefinitionValueResolver.java:322)
	... 37 more
2013-08-09 16:13:52,946 [main] WARN  [org.springframework.beans.factory.config.PropertyPlaceholderConfigurer] - Could not load properties from URL [file:/var/mini-service/application.server.properties]: \var\mini-service\application.server.properties (系统找不到指定的路径。)
2013-08-09 16:25:07,079 [main] WARN  [org.springframework.beans.factory.config.PropertyPlaceholderConfigurer] - Could not load properties from URL [file:/var/mini-service/application.server.properties]: \var\mini-service\application.server.properties (系统找不到指定的路径。)
2013-08-09 16:28:25,935 [main] WARN  [org.springframework.beans.factory.config.PropertyPlaceholderConfigurer] - Could not load properties from URL [file:/var/mini-service/application.server.properties]: \var\mini-service\application.server.properties (系统找不到指定的路径。)
2013-08-09 16:31:45,586 [main] WARN  [org.springframework.beans.factory.config.PropertyPlaceholderConfigurer] - Could not load properties from URL [file:/var/mini-service/application.server.properties]: \var\mini-service\application.server.properties (系统找不到指定的路径。)
2013-08-09 16:36:07,237 [main] WARN  [org.springframework.beans.factory.config.PropertyPlaceholderConfigurer] - Could not load properties from URL [file:/var/mini-service/application.server.properties]: \var\mini-service\application.server.properties (系统找不到指定的路径。)
2013-08-09 16:46:59,080 [main] WARN  [org.springframework.beans.factory.config.PropertyPlaceholderConfigurer] - Could not load properties from URL [file:/var/mini-service/application.server.properties]: \var\mini-service\application.server.properties (系统找不到指定的路径。)
