11:15:24.359 [main] INFO  o.s.web.context.ContextLoader - Root WebApplicationContext: initialization started
11:15:24.671 [main] INFO  o.s.w.c.s.XmlWebApplicationContext - Refreshing Root WebApplicationContext: startup date [Tue May 06 11:15:24 CST 2014]; root of context hierarchy
11:15:24.859 [main] INFO  o.s.b.f.xml.XmlBeanDefinitionReader - Loading XML bean definitions from URL [file:/D:/project/jgzf/trunk/code/jgzfService/webapp/WEB-INF/classes/applicationContext.xml]
11:15:28.234 [main] INFO  o.s.b.f.xml.XmlBeanDefinitionReader - Loading XML bean definitions from URL [file:/D:/project/jgzf/trunk/code/jgzfService/webapp/WEB-INF/classes/applicationContext-shiro.xml]
11:15:28.296 [main] INFO  o.s.b.f.xml.XmlBeanDefinitionReader - Loading XML bean definitions from URL [file:/D:/project/jgzf/trunk/code/jgzfService/webapp/WEB-INF/classes/ws/applicationContext-ws-server.xml]
11:15:29.296 [main] INFO  o.s.b.f.xml.XmlBeanDefinitionReader - Loading XML bean definitions from URL [file:/D:/project/jgzf/trunk/code/jgzfService/webapp/WEB-INF/classes/quartz/applicationContext-quartz.xml]
11:15:30.109 [main] INFO  o.s.c.s.PropertySourcesPlaceholderConfigurer - Loading properties file from URL [file:/D:/project/jgzf/trunk/code/jgzfService/webapp/WEB-INF/classes/application.properties]
11:15:30.484 [main] INFO  o.s.w.c.s.XmlWebApplicationContext - Bean 'dataSource' of type [class org.apache.tomcat.jdbc.pool.DataSource] is not eligible for getting processed by all BeanPostProcessors (for example: not eligible for auto-proxying)
11:19:32.296 [main] INFO  o.s.w.c.s.XmlWebApplicationContext - Bean 'org.springside.modules.persistence.Hibernates#ef1513' of type [class java.lang.String] is not eligible for getting processed by all BeanPostProcessors (for example: not eligible for auto-proxying)
11:19:32.296 [main] INFO  o.s.w.c.s.XmlWebApplicationContext - Bean 'hibernateJpaVendorAdapter' of type [class org.springframework.orm.jpa.vendor.HibernateJpaVendorAdapter] is not eligible for getting processed by all BeanPostProcessors (for example: not eligible for auto-proxying)
11:19:32.406 [main] INFO  o.s.o.j.LocalContainerEntityManagerFactoryBean - Building JPA container EntityManagerFactory for persistence unit 'default'
11:19:38.625 [main] INFO  o.s.w.c.s.XmlWebApplicationContext - Bean 'entityManagerFactory' of type [class org.springframework.orm.jpa.LocalContainerEntityManagerFactoryBean] is not eligible for getting processed by all BeanPostProcessors (for example: not eligible for auto-proxying)
11:19:38.765 [main] INFO  o.s.w.c.s.XmlWebApplicationContext - Bean 'org.springframework.transaction.annotation.AnnotationTransactionAttributeSource#0' of type [class org.springframework.transaction.annotation.AnnotationTransactionAttributeSource] is not eligible for getting processed by all BeanPostProcessors (for example: not eligible for auto-proxying)
11:19:38.765 [main] INFO  o.s.w.c.s.XmlWebApplicationContext - Bean 'org.springframework.transaction.config.internalTransactionAdvisor' of type [class org.springframework.transaction.interceptor.BeanFactoryTransactionAttributeSourceAdvisor] is not eligible for getting processed by all BeanPostProcessors (for example: not eligible for auto-proxying)
11:19:39.046 [main] INFO  o.s.w.c.s.XmlWebApplicationContext - Bean '(inner bean)' of type [class org.springframework.beans.factory.config.PropertiesFactoryBean] is not eligible for getting processed by all BeanPostProcessors (for example: not eligible for auto-proxying)
11:19:39.046 [main] INFO  o.s.w.c.s.XmlWebApplicationContext - Bean '(inner bean)' of type [class java.util.Properties] is not eligible for getting processed by all BeanPostProcessors (for example: not eligible for auto-proxying)
11:19:39.062 [main] INFO  o.s.w.c.s.XmlWebApplicationContext - Bean '(inner bean)' of type [class org.springframework.data.repository.core.support.PropertiesBasedNamedQueries] is not eligible for getting processed by all BeanPostProcessors (for example: not eligible for auto-proxying)
11:19:39.062 [main] INFO  o.s.w.c.s.XmlWebApplicationContext - Bean 'entityManagerFactory' of type [class com.sun.proxy.$Proxy43] is not eligible for getting processed by all BeanPostProcessors (for example: not eligible for auto-proxying)
11:19:39.109 [main] INFO  o.s.w.c.s.XmlWebApplicationContext - Bean '(inner bean)#1' of type [class com.sun.proxy.$Proxy47] is not eligible for getting processed by all BeanPostProcessors (for example: not eligible for auto-proxying)
11:19:39.421 [main] INFO  o.s.w.c.s.XmlWebApplicationContext - Bean 'userDao' of type [class org.springframework.data.jpa.repository.support.JpaRepositoryFactoryBean] is not eligible for getting processed by all BeanPostProcessors (for example: not eligible for auto-proxying)
11:19:40.203 [main] INFO  o.s.w.c.s.XmlWebApplicationContext - Bean 'userDao' of type [class com.sun.proxy.$Proxy51] is not eligible for getting processed by all BeanPostProcessors (for example: not eligible for auto-proxying)
11:19:40.468 [main] INFO  o.s.w.c.s.XmlWebApplicationContext - Bean 'accountService' of type [class com.epublic.sys.service.AccountService] is not eligible for getting processed by all BeanPostProcessors (for example: not eligible for auto-proxying)
11:19:40.671 [main] INFO  o.s.w.c.s.XmlWebApplicationContext - Bean 'org.springframework.transaction.interceptor.TransactionInterceptor#0' of type [class org.springframework.transaction.interceptor.TransactionInterceptor] is not eligible for getting processed by all BeanPostProcessors (for example: not eligible for auto-proxying)
11:19:40.765 [main] INFO  o.a.shiro.realm.AuthorizingRealm - No cache or cacheManager properties have been set.  Authorization cache cannot be obtained.
11:19:40.765 [main] INFO  o.s.w.c.s.XmlWebApplicationContext - Bean 'shiroDbRealm' of type [class com.epublic.sys.service.ShiroDbRealm] is not eligible for getting processed by all BeanPostProcessors (for example: not eligible for auto-proxying)
11:19:40.921 [main] INFO  o.s.w.c.s.XmlWebApplicationContext - Bean 'shiroEhcacheManager' of type [class org.apache.shiro.cache.ehcache.EhCacheManager] is not eligible for getting processed by all BeanPostProcessors (for example: not eligible for auto-proxying)
11:19:40.921 [main] INFO  o.a.s.cache.ehcache.EhCacheManager - Cache with name 'com.epublic.sys.service.ShiroDbRealm.authorizationCache' does not yet exist.  Creating now.
11:19:41.015 [main] INFO  o.a.s.cache.ehcache.EhCacheManager - Added EhCache named [com.epublic.sys.service.ShiroDbRealm.authorizationCache]
11:19:41.015 [main] INFO  o.s.w.c.s.XmlWebApplicationContext - Bean 'securityManager' of type [class org.apache.shiro.web.mgt.DefaultWebSecurityManager] is not eligible for getting processed by all BeanPostProcessors (for example: not eligible for auto-proxying)
11:19:41.093 [main] INFO  o.s.b.f.s.DefaultListableBeanFactory - Pre-instantiating singletons in org.springframework.beans.factory.support.DefaultListableBeanFactory@d63f65: defining beans [zfdjJdbcDao,zfdjService,jycxcfjdsService,listenerRegisterFactory,documentService,policeService,unitService,jianYiAuditedService,jueDingShuService,weiTingAuditedService,weiTingUnAuditedService,widgetsDao,accountService,menuService,widgetsService,policeSoapService,weiTingSoapService,jgzfWebServiceClient,tmriOutAccess,wftcgzdService,org.springframework.context.annotation.internalConfigurationAnnotationProcessor,org.springframework.context.annotation.internalAutowiredAnnotationProcessor,org.springframework.context.annotation.internalRequiredAnnotationProcessor,org.springframework.context.annotation.internalCommonAnnotationProcessor,org.springframework.context.annotation.internalPersistenceAnnotationProcessor,entityManagerFactory,jdbcTemplate,jdbcDao,oracleLobHandler,nativeJdbcExtractor,hibernateJpaVendorAdapter,roleDao,wftcgzdDao,documentDao,zfdjDao,constDao,menuDao,unitDao,userDao,jycxcfjdsDao,policeDao,org.springframework.data.repository.core.support.RepositoryInterfaceAwareBeanPostProcessor#0,org.springframework.dao.annotation.PersistenceExceptionTranslationPostProcessor#0,transactionManager,org.springframework.aop.config.internalAutoProxyCreator,org.springframework.transaction.annotation.AnnotationTransactionAttributeSource#0,org.springframework.transaction.interceptor.TransactionInterceptor#0,org.springframework.transaction.config.internalTransactionAdvisor,validator,defaultCacheManager,sessionCache,messageCache,org.springframework.context.support.PropertySourcesPlaceholderConfigurer#0,dataSource,namedParameterJdbcTemplate,jgzf_dataSource,jgzfJdbcTemplate,eventBus,securityManager,shiroDbRealm,shiroFilter,shiroEhcacheManager,lifecycleBeanPostProcessor,org.apache.cxf.jaxws.EndpointImpl--564422668,org.apache.cxf.jaxws.EndpointImpl---1836639654,org.apache.cxf.jaxws.EndpointImpl--173282000,commonScheduler,messageCallbackTrigger,messageCallbackDetail,org.springframework.context.annotation.ConfigurationClassPostProcessor.importAwareProcessor]; root of factory hierarchy
11:19:41.937 [main] INFO  o.a.c.s.f.ReflectionServiceFactoryBean - Creating Service {http://jgzf.epublic.com}TmriOutAccess from class com.epublic.ws.service.TmriOutAccess
11:19:43.468 [main] INFO  org.apache.cxf.endpoint.ServerImpl - Setting the server's publish address to be /ws/TmriOutAccess
11:19:43.531 [main] INFO  o.a.c.s.f.ReflectionServiceFactoryBean - Creating Service {http://jgzf.epublic.com}WeiTingSoapService from class com.epublic.ws.aduit.service.WeiTingSoapService
11:19:43.625 [main] INFO  org.apache.cxf.endpoint.ServerImpl - Setting the server's publish address to be /ws/WeiTingSoapService
11:19:43.718 [main] WARN  o.s.modules.utils.Reflections - PoliceService$$EnhancerByCGLIB$$ab090759's superclass not ParameterizedType
11:19:44.000 [main] INFO  o.a.c.s.f.ReflectionServiceFactoryBean - Creating Service {http://jgzf.epublic.com}PoliceSoapService from class com.epublic.ws.aduit.service.PoliceSoapService
11:19:44.046 [main] INFO  org.apache.cxf.endpoint.ServerImpl - Setting the server's publish address to be /ws/PoliceSoapService
11:19:44.359 [main] INFO  org.quartz.impl.StdSchedulerFactory - Using default implementation for ThreadExecutor
11:19:44.453 [main] INFO  o.quartz.core.SchedulerSignalerImpl - Initialized Scheduler Signaller of type: class org.quartz.core.SchedulerSignalerImpl
11:19:44.453 [main] INFO  org.quartz.core.QuartzScheduler - Quartz Scheduler v.2.2.0 created.
11:19:44.453 [main] INFO  org.quartz.simpl.RAMJobStore - RAMJobStore initialized.
11:19:44.453 [main] INFO  org.quartz.core.QuartzScheduler - Scheduler meta-data: Quartz Scheduler (v2.2.0) 'commonScheduler' with instanceId 'NON_CLUSTERED'
  Scheduler class: 'org.quartz.core.QuartzScheduler' - running locally.
  NOT STARTED.
  Currently in standby mode.
  Number of jobs executed: 0
  Using thread pool 'org.quartz.simpl.SimpleThreadPool' - with 2 threads.
  Using job-store 'org.quartz.simpl.RAMJobStore' - which does not support persistence. and is not clustered.

11:19:44.453 [main] INFO  org.quartz.impl.StdSchedulerFactory - Quartz scheduler 'commonScheduler' initialized from an externally provided properties instance.
11:19:44.453 [main] INFO  org.quartz.impl.StdSchedulerFactory - Quartz scheduler version: 2.2.0
11:19:44.468 [main] INFO  org.quartz.core.QuartzScheduler - JobFactory set to: org.springframework.scheduling.quartz.AdaptableJobFactory@16e3363
11:19:44.500 [main] INFO  o.s.c.s.DefaultLifecycleProcessor - Starting beans in phase 2147483647
11:19:44.500 [main] INFO  o.s.s.quartz.SchedulerFactoryBean - Will start Quartz Scheduler [commonScheduler] in 100 seconds
11:19:44.703 [main] WARN  o.s.modules.utils.Reflections - ZfdjService$$EnhancerByCGLIB$$fe0e2a49's superclass not ParameterizedType
11:19:44.765 [main] WARN  o.s.modules.utils.Reflections - JycxcfjdsService$$EnhancerByCGLIB$$bdbb3d4c's superclass not ParameterizedType
11:19:44.828 [main] WARN  o.s.modules.utils.Reflections - WftcgzdService$$EnhancerByCGLIB$$73a7e29d's superclass not ParameterizedType
11:19:44.937 [main] WARN  o.s.aop.framework.CglibAopProxy - Unable to proxy method [public final void org.springframework.jdbc.core.support.JdbcDaoSupport.setDataSource(javax.sql.DataSource)] because it is final: All calls to this method via a proxy will be routed directly to the proxy.
11:19:44.937 [main] WARN  o.s.aop.framework.CglibAopProxy - Unable to proxy method [public final javax.sql.DataSource org.springframework.jdbc.core.support.JdbcDaoSupport.getDataSource()] because it is final: All calls to this method via a proxy will be routed directly to the proxy.
11:19:44.937 [main] WARN  o.s.aop.framework.CglibAopProxy - Unable to proxy method [public final org.springframework.jdbc.core.JdbcTemplate org.springframework.jdbc.core.support.JdbcDaoSupport.getJdbcTemplate()] because it is final: All calls to this method via a proxy will be routed directly to the proxy.
11:19:44.937 [main] WARN  o.s.aop.framework.CglibAopProxy - Unable to proxy method [public final void org.springframework.jdbc.core.support.JdbcDaoSupport.setJdbcTemplate(org.springframework.jdbc.core.JdbcTemplate)] because it is final: All calls to this method via a proxy will be routed directly to the proxy.
11:19:44.937 [main] WARN  o.s.aop.framework.CglibAopProxy - Unable to proxy method [public final void org.springframework.dao.support.DaoSupport.afterPropertiesSet() throws java.lang.IllegalArgumentException,org.springframework.beans.factory.BeanInitializationException] because it is final: All calls to this method via a proxy will be routed directly to the proxy.
11:19:44.968 [main] INFO  o.s.web.context.ContextLoader - Root WebApplicationContext: initialization completed in 260593 ms
11:19:45.390 [main] INFO  o.s.web.servlet.DispatcherServlet - FrameworkServlet 'springServlet': initialization started
11:19:45.390 [main] INFO  o.s.w.c.s.XmlWebApplicationContext - Refreshing WebApplicationContext for namespace 'springServlet-servlet': startup date [Tue May 06 11:19:45 CST 2014]; parent: Root WebApplicationContext
11:19:45.390 [main] INFO  o.s.b.f.xml.XmlBeanDefinitionReader - Loading XML bean definitions from ServletContext resource [/WEB-INF/spring-mvc.xml]
11:19:46.125 [main] INFO  o.s.b.f.s.DefaultListableBeanFactory - Pre-instantiating singletons in org.springframework.beans.factory.support.DefaultListableBeanFactory@15693e1: defining beans [genController,indexController,loginController,logoutController,menuController,widgetsController,wftcgzdController,org.springframework.context.annotation.internalConfigurationAnnotationProcessor,org.springframework.context.annotation.internalAutowiredAnnotationProcessor,org.springframework.context.annotation.internalRequiredAnnotationProcessor,org.springframework.context.annotation.internalCommonAnnotationProcessor,org.springframework.context.annotation.internalPersistenceAnnotationProcessor,mvcContentNegotiationManager,org.springframework.web.servlet.mvc.method.annotation.RequestMappingHandlerMapping#0,org.springframework.format.support.FormattingConversionServiceFactoryBean#0,org.springframework.validation.beanvalidation.LocalValidatorFactoryBean#0,org.springframework.web.servlet.mvc.method.annotation.RequestMappingHandlerAdapter#0,org.springframework.web.servlet.handler.MappedInterceptor#0,org.springframework.web.servlet.mvc.method.annotation.ExceptionHandlerExceptionResolver#0,org.springframework.web.servlet.mvc.annotation.ResponseStatusExceptionResolver#0,org.springframework.web.servlet.mvc.support.DefaultHandlerExceptionResolver#0,org.springframework.web.servlet.handler.BeanNameUrlHandlerMapping,org.springframework.web.servlet.mvc.HttpRequestHandlerAdapter,org.springframework.web.servlet.mvc.SimpleControllerHandlerAdapter,org.springframework.web.servlet.view.InternalResourceViewResolver#0,org.springframework.web.servlet.resource.DefaultServletHttpRequestHandler#0,org.springframework.web.servlet.handler.SimpleUrlHandlerMapping#0,org.springframework.web.servlet.config.viewControllerHandlerMapping,org.springframework.web.servlet.handler.MappedInterceptor#1,org.springframework.web.servlet.handler.SimpleMappingExceptionResolver#0,org.springframework.context.annotation.ConfigurationClassPostProcessor.importAwareProcessor]; parent: org.springframework.beans.factory.support.DefaultListableBeanFactory@d63f65
11:19:46.546 [main] WARN  o.s.modules.utils.Reflections - MenuService$$EnhancerByCGLIB$$e2a674ed's superclass not ParameterizedType
11:19:46.828 [main] INFO  o.s.w.s.m.m.a.RequestMappingHandlerMapping - Mapped "{[/sys/gen/genCode],methods=[POST],params=[],headers=[],consumes=[],produces=[],custom=[]}" onto public com.toolkit.extjs.ExtMessage com.epublic.sys.controller.GenController.genCode()
11:19:46.828 [main] INFO  o.s.w.s.m.m.a.RequestMappingHandlerMapping - Mapped "{[/sys/gen/genMasterSubCode],methods=[POST],params=[],headers=[],consumes=[],produces=[],custom=[]}" onto public com.toolkit.extjs.ExtMessage com.epublic.sys.controller.GenController.genMasterSubCode()
11:19:46.828 [main] INFO  o.s.w.s.m.m.a.RequestMappingHandlerMapping - Mapped "{[/sys/gen/tableExist],methods=[POST],params=[],headers=[],consumes=[],produces=[],custom=[]}" onto public com.toolkit.extjs.ExtMessage com.epublic.sys.controller.GenController.tableExist()
11:19:46.843 [main] INFO  o.s.w.s.m.m.a.RequestMappingHandlerMapping - Mapped "{[/index/{ns1}/{ns2}],methods=[],params=[],headers=[],consumes=[],produces=[],custom=[]}" onto public java.lang.String com.epublic.sys.controller.IndexController.index(java.lang.String,java.lang.String)
11:19:46.843 [main] INFO  o.s.w.s.m.m.a.RequestMappingHandlerMapping - Mapped "{[/index/{ns}],methods=[],params=[],headers=[],consumes=[],produces=[],custom=[]}" onto public java.lang.String com.epublic.sys.controller.IndexController.index(java.lang.String)
11:19:46.843 [main] INFO  o.s.w.s.m.m.a.RequestMappingHandlerMapping - Mapped "{[/index],methods=[],params=[],headers=[],consumes=[],produces=[],custom=[]}" onto public java.lang.String com.epublic.sys.controller.IndexController.index(org.springframework.ui.Model)
11:19:46.843 [main] INFO  o.s.w.s.m.m.a.RequestMappingHandlerMapping - Mapped "{[/login],methods=[POST],params=[],headers=[],consumes=[],produces=[],custom=[]}" onto public java.lang.String com.epublic.sys.controller.LoginController.fail(java.lang.String,org.springframework.ui.Model)
11:19:46.843 [main] INFO  o.s.w.s.m.m.a.RequestMappingHandlerMapping - Mapped "{[/login],methods=[GET],params=[],headers=[],consumes=[],produces=[],custom=[]}" onto public java.lang.String com.epublic.sys.controller.LoginController.login()
11:19:46.843 [main] INFO  o.s.w.s.m.m.a.RequestMappingHandlerMapping - Mapped "{[/logout],methods=[GET],params=[],headers=[],consumes=[],produces=[],custom=[]}" onto public java.lang.String com.epublic.sys.controller.LogoutController.logout()
11:19:46.843 [main] INFO  o.s.w.s.m.m.a.RequestMappingHandlerMapping - Mapped "{[/sys/menu/index],methods=[],params=[],headers=[],consumes=[],produces=[],custom=[]}" onto public java.lang.String com.epublic.sys.controller.MenuController.index()
11:19:46.843 [main] INFO  o.s.w.s.m.m.a.RequestMappingHandlerMapping - Mapped "{[/sys/menu/getMenuTree],methods=[],params=[],headers=[],consumes=[],produces=[],custom=[]}" onto public java.util.List<com.epublic.entity.Menu> com.epublic.sys.controller.MenuController.getMenuTree(java.lang.Long)
11:19:46.843 [main] INFO  o.s.w.s.m.m.a.RequestMappingHandlerMapping - Mapped "{[/sys/menu/deletes],methods=[],params=[],headers=[],consumes=[],produces=[],custom=[]}" onto public com.toolkit.extjs.ExtMessage com.epublic.sys.controller.MenuController.deletes(java.lang.Long[])
11:19:46.843 [main] INFO  o.s.w.s.m.m.a.RequestMappingHandlerMapping - Mapped "{[/sys/menu/saveEditGrid],methods=[],params=[],headers=[],consumes=[],produces=[],custom=[]}" onto public com.toolkit.extjs.ExtMessage com.epublic.sys.controller.MenuController.saveEditGrid(java.lang.String)
11:19:46.843 [main] INFO  o.s.w.s.m.m.a.RequestMappingHandlerMapping - Mapped "{[/sys/menu/saveOrUpdate],methods=[],params=[],headers=[],consumes=[],produces=[],custom=[]}" onto public com.toolkit.extjs.ExtMessage com.epublic.sys.controller.MenuController.saveOrUpdate(com.epublic.entity.Menu) throws java.lang.Exception
11:19:46.843 [main] INFO  o.s.w.s.m.m.a.RequestMappingHandlerMapping - Mapped "{[/sys/menu/page],methods=[],params=[],headers=[],consumes=[],produces=[],custom=[]}" onto public com.toolkit.core.MapBean com.epublic.sys.controller.MenuController.page(java.lang.Long,java.lang.Integer,java.lang.Integer)
11:19:46.843 [main] INFO  o.s.w.s.m.m.a.RequestMappingHandlerMapping - Mapped "{[/sys/menu/findLeftMenuTree],methods=[],params=[],headers=[],consumes=[],produces=[],custom=[]}" onto public java.util.List<com.epublic.entity.Menu> com.epublic.sys.controller.MenuController.findLeftMenuTree(java.lang.Long)
11:19:46.843 [main] INFO  o.s.w.s.m.m.a.RequestMappingHandlerMapping - Mapped "{[/sys/widgets/getCombo],methods=[],params=[],headers=[],consumes=[],produces=[],custom=[]}" onto public com.toolkit.extjs.ExtMessage com.epublic.sys.controller.WidgetsController.getCombo()
11:19:46.843 [main] INFO  o.s.w.s.m.m.a.RequestMappingHandlerMapping - Mapped "{[/sys/widgets/excel],methods=[],params=[],headers=[],consumes=[],produces=[],custom=[]}" onto public void com.epublic.sys.controller.WidgetsController.excel(javax.servlet.http.HttpServletRequest,javax.servlet.http.HttpServletResponse)
11:19:46.843 [main] INFO  o.s.w.s.m.m.a.RequestMappingHandlerMapping - Mapped "{[/wt/tzd/index],methods=[],params=[],headers=[],consumes=[],produces=[],custom=[]}" onto public java.lang.String com.epublic.wt.controller.WftcgzdController.index()
11:19:46.843 [main] INFO  o.s.w.s.m.m.a.RequestMappingHandlerMapping - Mapped "{[/wt/tzd/deletes],methods=[],params=[],headers=[],consumes=[],produces=[],custom=[]}" onto public com.toolkit.extjs.ExtMessage com.epublic.wt.controller.WftcgzdController.deletes(java.lang.String[])
11:19:46.843 [main] INFO  o.s.w.s.m.m.a.RequestMappingHandlerMapping - Mapped "{[/wt/tzd/saveEditGrid],methods=[],params=[],headers=[],consumes=[],produces=[],custom=[]}" onto public com.toolkit.extjs.ExtMessage com.epublic.wt.controller.WftcgzdController.saveEditGrid(java.lang.String)
11:19:46.859 [main] INFO  o.s.w.s.m.m.a.RequestMappingHandlerMapping - Mapped "{[/wt/tzd/saveOrUpdate],methods=[],params=[],headers=[],consumes=[],produces=[],custom=[]}" onto public com.toolkit.extjs.ExtMessage com.epublic.wt.controller.WftcgzdController.saveOrUpdate(com.epublic.entity.Wftcgzd)
11:19:48.343 [main] INFO  o.s.w.s.h.SimpleUrlHandlerMapping - Mapped URL path [/**] onto handler 'org.springframework.web.servlet.resource.DefaultServletHttpRequestHandler#0'
11:19:48.390 [main] INFO  o.s.w.s.h.SimpleUrlHandlerMapping - Root mapping to handler of type [class org.springframework.web.servlet.mvc.ParameterizableViewController]
11:19:48.484 [main] INFO  o.s.web.servlet.DispatcherServlet - FrameworkServlet 'springServlet': initialization completed in 3094 ms
11:21:22.843 [17077622@qtp-6508395-0] ERROR 500.jsp - null
org.mortbay.jetty.EofException: null
	at org.mortbay.jetty.HttpGenerator.flush(HttpGenerator.java:789) ~[jetty-6.1.25.jar:6.1.25]
	at org.mortbay.jetty.HttpGenerator.complete(HttpGenerator.java:676) ~[jetty-6.1.25.jar:6.1.25]
	at org.mortbay.jetty.HttpConnection.commitResponse(HttpConnection.java:653) [jetty-6.1.25.jar:6.1.25]
	at org.mortbay.jetty.HttpConnection$Output.sendContent(HttpConnection.java:1097) ~[jetty-6.1.25.jar:6.1.25]
	at org.mortbay.jetty.servlet.DefaultServlet.sendData(DefaultServlet.java:710) ~[jetty-6.1.25.jar:6.1.25]
	at org.mortbay.jetty.servlet.DefaultServlet.doGet(DefaultServlet.java:454) ~[jetty-6.1.25.jar:6.1.25]
	at javax.servlet.http.HttpServlet.service(HttpServlet.java:621) [servlet-api.jar:na]
	at javax.servlet.http.HttpServlet.service(HttpServlet.java:728) [servlet-api.jar:na]
	at org.mortbay.jetty.servlet.ServletHolder.handle(ServletHolder.java:511) [jetty-6.1.25.jar:6.1.25]
	at org.mortbay.jetty.servlet.ServletHandler.handle(ServletHandler.java:390) [jetty-6.1.25.jar:6.1.25]
	at org.mortbay.jetty.security.SecurityHandler.handle(SecurityHandler.java:216) [jetty-6.1.25.jar:6.1.25]
	at org.mortbay.jetty.servlet.SessionHandler.handle(SessionHandler.java:182) [jetty-6.1.25.jar:6.1.25]
	at org.mortbay.jetty.handler.ContextHandler.handle(ContextHandler.java:765) [jetty-6.1.25.jar:6.1.25]
	at org.mortbay.jetty.webapp.WebAppContext.handle(WebAppContext.java:440) [jetty-6.1.25.jar:6.1.25]
	at org.mortbay.jetty.servlet.Dispatcher.forward(Dispatcher.java:224) ~[jetty-6.1.25.jar:6.1.25]
	at org.mortbay.jetty.servlet.Dispatcher.forward(Dispatcher.java:126) ~[jetty-6.1.25.jar:6.1.25]
	at org.springframework.web.servlet.resource.DefaultServletHttpRequestHandler.handleRequest(DefaultServletHttpRequestHandler.java:120) ~[spring-webmvc-3.2.3.RELEASE.jar:3.2.3.RELEASE]
	at org.springframework.web.servlet.mvc.HttpRequestHandlerAdapter.handle(HttpRequestHandlerAdapter.java:49) ~[spring-webmvc-3.2.3.RELEASE.jar:3.2.3.RELEASE]
	at org.springframework.web.servlet.DispatcherServlet.doDispatch(DispatcherServlet.java:925) [spring-webmvc-3.2.3.RELEASE.jar:3.2.3.RELEASE]
	at org.springframework.web.servlet.DispatcherServlet.doService(DispatcherServlet.java:856) [spring-webmvc-3.2.3.RELEASE.jar:3.2.3.RELEASE]
	at org.springframework.web.servlet.FrameworkServlet.processRequest(FrameworkServlet.java:936) [spring-webmvc-3.2.3.RELEASE.jar:3.2.3.RELEASE]
	at org.springframework.web.servlet.FrameworkServlet.doGet(FrameworkServlet.java:827) [spring-webmvc-3.2.3.RELEASE.jar:3.2.3.RELEASE]
	at javax.servlet.http.HttpServlet.service(HttpServlet.java:621) [servlet-api.jar:na]
	at org.springframework.web.servlet.FrameworkServlet.service(FrameworkServlet.java:812) [spring-webmvc-3.2.3.RELEASE.jar:3.2.3.RELEASE]
	at javax.servlet.http.HttpServlet.service(HttpServlet.java:728) [servlet-api.jar:na]
	at org.mortbay.jetty.servlet.ServletHolder.handle(ServletHolder.java:511) [jetty-6.1.25.jar:6.1.25]
	at org.mortbay.jetty.servlet.ServletHandler$CachedChain.doFilter(ServletHandler.java:1166) [jetty-6.1.25.jar:6.1.25]
	at com.opensymphony.sitemesh.webapp.SiteMeshFilter.doFilter(SiteMeshFilter.java:65) [sitemesh-2.4.2.jar:na]
	at org.mortbay.jetty.servlet.ServletHandler$CachedChain.doFilter(ServletHandler.java:1157) [jetty-6.1.25.jar:6.1.25]
	at org.apache.shiro.web.servlet.ProxiedFilterChain.doFilter(ProxiedFilterChain.java:61) [shiro-web-1.2.2.jar:1.2.2]
	at org.apache.shiro.web.servlet.AdviceFilter.executeChain(AdviceFilter.java:108) [shiro-web-1.2.2.jar:1.2.2]
	at org.apache.shiro.web.servlet.AdviceFilter.doFilterInternal(AdviceFilter.java:137) [shiro-web-1.2.2.jar:1.2.2]
	at org.apache.shiro.web.servlet.OncePerRequestFilter.doFilter(OncePerRequestFilter.java:125) [shiro-web-1.2.2.jar:1.2.2]
	at org.apache.shiro.web.servlet.ProxiedFilterChain.doFilter(ProxiedFilterChain.java:66) [shiro-web-1.2.2.jar:1.2.2]
	at org.apache.shiro.web.servlet.AbstractShiroFilter.executeChain(AbstractShiroFilter.java:449) [shiro-web-1.2.2.jar:1.2.2]
	at org.apache.shiro.web.servlet.AbstractShiroFilter$1.call(AbstractShiroFilter.java:365) [shiro-web-1.2.2.jar:1.2.2]
	at org.apache.shiro.subject.support.SubjectCallable.doCall(SubjectCallable.java:90) [shiro-core-1.2.2.jar:1.2.2]
	at org.apache.shiro.subject.support.SubjectCallable.call(SubjectCallable.java:83) [shiro-core-1.2.2.jar:1.2.2]
	at org.apache.shiro.subject.support.DelegatingSubject.execute(DelegatingSubject.java:383) [shiro-core-1.2.2.jar:1.2.2]
	at org.apache.shiro.web.servlet.AbstractShiroFilter.doFilterInternal(AbstractShiroFilter.java:362) [shiro-web-1.2.2.jar:1.2.2]
	at org.apache.shiro.web.servlet.OncePerRequestFilter.doFilter(OncePerRequestFilter.java:125) [shiro-web-1.2.2.jar:1.2.2]
	at org.springframework.web.filter.DelegatingFilterProxy.invokeDelegate(DelegatingFilterProxy.java:346) [spring-web-3.2.3.RELEASE.jar:3.2.3.RELEASE]
	at org.springframework.web.filter.DelegatingFilterProxy.doFilter(DelegatingFilterProxy.java:259) [spring-web-3.2.3.RELEASE.jar:3.2.3.RELEASE]
	at org.mortbay.jetty.servlet.ServletHandler$CachedChain.doFilter(ServletHandler.java:1157) [jetty-6.1.25.jar:6.1.25]
	at org.springframework.orm.jpa.support.OpenEntityManagerInViewFilter.doFilterInternal(OpenEntityManagerInViewFilter.java:180) [spring-orm-3.2.3.RELEASE.jar:3.2.3.RELEASE]
	at org.springframework.web.filter.OncePerRequestFilter.doFilter(OncePerRequestFilter.java:107) [spring-web-3.2.3.RELEASE.jar:3.2.3.RELEASE]
	at org.mortbay.jetty.servlet.ServletHandler$CachedChain.doFilter(ServletHandler.java:1157) [jetty-6.1.25.jar:6.1.25]
	at org.springframework.web.filter.CharacterEncodingFilter.doFilterInternal(CharacterEncodingFilter.java:88) [spring-web-3.2.3.RELEASE.jar:3.2.3.RELEASE]
	at org.springframework.web.filter.OncePerRequestFilter.doFilter(OncePerRequestFilter.java:107) [spring-web-3.2.3.RELEASE.jar:3.2.3.RELEASE]
	at org.mortbay.jetty.servlet.ServletHandler$CachedChain.doFilter(ServletHandler.java:1157) [jetty-6.1.25.jar:6.1.25]
	at org.mortbay.jetty.servlet.ServletHandler.handle(ServletHandler.java:388) [jetty-6.1.25.jar:6.1.25]
	at org.mortbay.jetty.security.SecurityHandler.handle(SecurityHandler.java:216) [jetty-6.1.25.jar:6.1.25]
	at org.mortbay.jetty.servlet.SessionHandler.handle(SessionHandler.java:182) [jetty-6.1.25.jar:6.1.25]
	at org.mortbay.jetty.handler.ContextHandler.handle(ContextHandler.java:765) [jetty-6.1.25.jar:6.1.25]
	at org.mortbay.jetty.webapp.WebAppContext.handle(WebAppContext.java:440) [jetty-6.1.25.jar:6.1.25]
	at org.mortbay.jetty.handler.HandlerWrapper.handle(HandlerWrapper.java:152) [jetty-6.1.25.jar:6.1.25]
	at org.mortbay.jetty.Server.handle(Server.java:326) [jetty-6.1.25.jar:6.1.25]
	at org.mortbay.jetty.HttpConnection.handleRequest(HttpConnection.java:542) [jetty-6.1.25.jar:6.1.25]
	at org.mortbay.jetty.HttpConnection$RequestHandler.headerComplete(HttpConnection.java:926) [jetty-6.1.25.jar:6.1.25]
	at org.mortbay.jetty.HttpParser.parseNext(HttpParser.java:549) [jetty-6.1.25.jar:6.1.25]
	at org.mortbay.jetty.HttpParser.parseAvailable(HttpParser.java:212) [jetty-6.1.25.jar:6.1.25]
	at org.mortbay.jetty.HttpConnection.handle(HttpConnection.java:404) [jetty-6.1.25.jar:6.1.25]
	at org.mortbay.jetty.bio.SocketConnector$Connection.run(SocketConnector.java:228) [jetty-6.1.25.jar:6.1.25]
	at org.mortbay.thread.QueuedThreadPool$PoolThread.run(QueuedThreadPool.java:582) [jetty-util-6.1.25.jar:6.1.25]
Caused by: java.net.SocketException: Software caused connection abort: socket write error
	at java.net.SocketOutputStream.socketWrite0(Native Method) ~[na:1.7.0_40]
	at java.net.SocketOutputStream.socketWrite(SocketOutputStream.java:113) ~[na:1.7.0_40]
	at java.net.SocketOutputStream.write(SocketOutputStream.java:159) ~[na:1.7.0_40]
	at org.mortbay.io.AbstractBuffer.writeTo(AbstractBuffer.java:640) ~[jetty-6.1.25.jar:6.1.25]
	at org.mortbay.io.bio.StreamEndPoint.flush(StreamEndPoint.java:122) ~[jetty-6.1.25.jar:6.1.25]
	at org.mortbay.io.bio.StreamEndPoint.flush(StreamEndPoint.java:154) ~[jetty-6.1.25.jar:6.1.25]
	at org.mortbay.jetty.HttpGenerator.flush(HttpGenerator.java:715) ~[jetty-6.1.25.jar:6.1.25]
	... 63 common frames omitted
11:21:24.500 [Quartz Scheduler [commonScheduler]] INFO  o.s.s.quartz.SchedulerFactoryBean - Starting Quartz Scheduler now, after delay of 100 seconds
11:21:24.500 [Quartz Scheduler [commonScheduler]] INFO  org.quartz.core.QuartzScheduler - Scheduler commonScheduler_$_NON_CLUSTERED started.
11:29:53.687 [main] INFO  o.s.web.context.ContextLoader - Root WebApplicationContext: initialization started
11:29:53.890 [main] INFO  o.s.w.c.s.XmlWebApplicationContext - Refreshing Root WebApplicationContext: startup date [Tue May 06 11:29:53 CST 2014]; root of context hierarchy
11:29:54.015 [main] INFO  o.s.b.f.xml.XmlBeanDefinitionReader - Loading XML bean definitions from URL [file:/D:/project/jgzf/trunk/code/jgzfService/webapp/WEB-INF/classes/applicationContext.xml]
11:29:55.687 [main] INFO  o.s.b.f.xml.XmlBeanDefinitionReader - Loading XML bean definitions from URL [file:/D:/project/jgzf/trunk/code/jgzfService/webapp/WEB-INF/classes/applicationContext-shiro.xml]
11:29:55.718 [main] INFO  o.s.b.f.xml.XmlBeanDefinitionReader - Loading XML bean definitions from URL [file:/D:/project/jgzf/trunk/code/jgzfService/webapp/WEB-INF/classes/ws/applicationContext-ws-server.xml]
11:29:56.031 [main] INFO  o.s.b.f.xml.XmlBeanDefinitionReader - Loading XML bean definitions from URL [file:/D:/project/jgzf/trunk/code/jgzfService/webapp/WEB-INF/classes/quartz/applicationContext-quartz.xml]
11:29:56.468 [main] INFO  o.s.c.s.PropertySourcesPlaceholderConfigurer - Loading properties file from URL [file:/D:/project/jgzf/trunk/code/jgzfService/webapp/WEB-INF/classes/application.properties]
11:29:56.703 [main] INFO  o.s.w.c.s.XmlWebApplicationContext - Bean 'dataSource' of type [class org.apache.tomcat.jdbc.pool.DataSource] is not eligible for getting processed by all BeanPostProcessors (for example: not eligible for auto-proxying)
11:35:01.578 [main] INFO  o.s.w.c.s.XmlWebApplicationContext - Bean 'org.springside.modules.persistence.Hibernates#455d96' of type [class java.lang.String] is not eligible for getting processed by all BeanPostProcessors (for example: not eligible for auto-proxying)
11:35:01.578 [main] INFO  o.s.w.c.s.XmlWebApplicationContext - Bean 'hibernateJpaVendorAdapter' of type [class org.springframework.orm.jpa.vendor.HibernateJpaVendorAdapter] is not eligible for getting processed by all BeanPostProcessors (for example: not eligible for auto-proxying)
11:35:01.687 [main] INFO  o.s.o.j.LocalContainerEntityManagerFactoryBean - Building JPA container EntityManagerFactory for persistence unit 'default'
11:35:06.906 [main] INFO  o.s.w.c.s.XmlWebApplicationContext - Bean 'entityManagerFactory' of type [class org.springframework.orm.jpa.LocalContainerEntityManagerFactoryBean] is not eligible for getting processed by all BeanPostProcessors (for example: not eligible for auto-proxying)
11:35:07.031 [main] INFO  o.s.w.c.s.XmlWebApplicationContext - Bean 'org.springframework.transaction.annotation.AnnotationTransactionAttributeSource#0' of type [class org.springframework.transaction.annotation.AnnotationTransactionAttributeSource] is not eligible for getting processed by all BeanPostProcessors (for example: not eligible for auto-proxying)
11:35:07.046 [main] INFO  o.s.w.c.s.XmlWebApplicationContext - Bean 'org.springframework.transaction.config.internalTransactionAdvisor' of type [class org.springframework.transaction.interceptor.BeanFactoryTransactionAttributeSourceAdvisor] is not eligible for getting processed by all BeanPostProcessors (for example: not eligible for auto-proxying)
11:35:07.281 [main] INFO  o.s.w.c.s.XmlWebApplicationContext - Bean '(inner bean)' of type [class org.springframework.beans.factory.config.PropertiesFactoryBean] is not eligible for getting processed by all BeanPostProcessors (for example: not eligible for auto-proxying)
11:35:07.281 [main] INFO  o.s.w.c.s.XmlWebApplicationContext - Bean '(inner bean)' of type [class java.util.Properties] is not eligible for getting processed by all BeanPostProcessors (for example: not eligible for auto-proxying)
11:35:07.312 [main] INFO  o.s.w.c.s.XmlWebApplicationContext - Bean '(inner bean)' of type [class org.springframework.data.repository.core.support.PropertiesBasedNamedQueries] is not eligible for getting processed by all BeanPostProcessors (for example: not eligible for auto-proxying)
11:35:07.312 [main] INFO  o.s.w.c.s.XmlWebApplicationContext - Bean 'entityManagerFactory' of type [class com.sun.proxy.$Proxy43] is not eligible for getting processed by all BeanPostProcessors (for example: not eligible for auto-proxying)
11:35:07.359 [main] INFO  o.s.w.c.s.XmlWebApplicationContext - Bean '(inner bean)#1' of type [class com.sun.proxy.$Proxy47] is not eligible for getting processed by all BeanPostProcessors (for example: not eligible for auto-proxying)
11:35:07.593 [main] INFO  o.s.w.c.s.XmlWebApplicationContext - Bean 'userDao' of type [class org.springframework.data.jpa.repository.support.JpaRepositoryFactoryBean] is not eligible for getting processed by all BeanPostProcessors (for example: not eligible for auto-proxying)
11:35:08.218 [main] INFO  o.s.w.c.s.XmlWebApplicationContext - Bean 'userDao' of type [class com.sun.proxy.$Proxy51] is not eligible for getting processed by all BeanPostProcessors (for example: not eligible for auto-proxying)
11:35:08.421 [main] INFO  o.s.w.c.s.XmlWebApplicationContext - Bean 'accountService' of type [class com.epublic.sys.service.AccountService] is not eligible for getting processed by all BeanPostProcessors (for example: not eligible for auto-proxying)
11:35:08.609 [main] INFO  o.s.w.c.s.XmlWebApplicationContext - Bean 'org.springframework.transaction.interceptor.TransactionInterceptor#0' of type [class org.springframework.transaction.interceptor.TransactionInterceptor] is not eligible for getting processed by all BeanPostProcessors (for example: not eligible for auto-proxying)
11:35:08.656 [main] INFO  o.a.shiro.realm.AuthorizingRealm - No cache or cacheManager properties have been set.  Authorization cache cannot be obtained.
11:35:08.656 [main] INFO  o.s.w.c.s.XmlWebApplicationContext - Bean 'shiroDbRealm' of type [class com.epublic.sys.service.ShiroDbRealm] is not eligible for getting processed by all BeanPostProcessors (for example: not eligible for auto-proxying)
11:35:08.812 [main] INFO  o.s.w.c.s.XmlWebApplicationContext - Bean 'shiroEhcacheManager' of type [class org.apache.shiro.cache.ehcache.EhCacheManager] is not eligible for getting processed by all BeanPostProcessors (for example: not eligible for auto-proxying)
11:35:08.812 [main] INFO  o.a.s.cache.ehcache.EhCacheManager - Cache with name 'com.epublic.sys.service.ShiroDbRealm.authorizationCache' does not yet exist.  Creating now.
11:35:08.890 [main] INFO  o.a.s.cache.ehcache.EhCacheManager - Added EhCache named [com.epublic.sys.service.ShiroDbRealm.authorizationCache]
11:35:08.890 [main] INFO  o.s.w.c.s.XmlWebApplicationContext - Bean 'securityManager' of type [class org.apache.shiro.web.mgt.DefaultWebSecurityManager] is not eligible for getting processed by all BeanPostProcessors (for example: not eligible for auto-proxying)
11:35:08.937 [main] INFO  o.s.b.f.s.DefaultListableBeanFactory - Pre-instantiating singletons in org.springframework.beans.factory.support.DefaultListableBeanFactory@1b445a5: defining beans [zfdjJdbcDao,zfdjService,jycxcfjdsService,listenerRegisterFactory,documentService,policeService,unitService,jianYiAuditedService,jueDingShuService,weiTingAuditedService,weiTingUnAuditedService,widgetsDao,accountService,menuService,widgetsService,policeSoapService,weiTingSoapService,jgzfWebServiceClient,tmriOutAccess,wftcgzdService,org.springframework.context.annotation.internalConfigurationAnnotationProcessor,org.springframework.context.annotation.internalAutowiredAnnotationProcessor,org.springframework.context.annotation.internalRequiredAnnotationProcessor,org.springframework.context.annotation.internalCommonAnnotationProcessor,org.springframework.context.annotation.internalPersistenceAnnotationProcessor,entityManagerFactory,jdbcTemplate,jdbcDao,oracleLobHandler,nativeJdbcExtractor,hibernateJpaVendorAdapter,roleDao,unitDao,wftcgzdDao,constDao,userDao,documentDao,zfdjDao,menuDao,policeDao,jycxcfjdsDao,org.springframework.data.repository.core.support.RepositoryInterfaceAwareBeanPostProcessor#0,org.springframework.dao.annotation.PersistenceExceptionTranslationPostProcessor#0,transactionManager,org.springframework.aop.config.internalAutoProxyCreator,org.springframework.transaction.annotation.AnnotationTransactionAttributeSource#0,org.springframework.transaction.interceptor.TransactionInterceptor#0,org.springframework.transaction.config.internalTransactionAdvisor,validator,defaultCacheManager,sessionCache,messageCache,org.springframework.context.support.PropertySourcesPlaceholderConfigurer#0,dataSource,namedParameterJdbcTemplate,jgzf_dataSource,jgzfJdbcTemplate,eventBus,securityManager,shiroDbRealm,shiroFilter,shiroEhcacheManager,lifecycleBeanPostProcessor,org.apache.cxf.jaxws.EndpointImpl--513249283,org.apache.cxf.jaxws.EndpointImpl---1887813039,org.apache.cxf.jaxws.EndpointImpl--122108615,commonScheduler,messageCallbackTrigger,messageCallbackDetail,org.springframework.context.annotation.ConfigurationClassPostProcessor.importAwareProcessor]; root of factory hierarchy
11:35:09.656 [main] INFO  o.a.c.s.f.ReflectionServiceFactoryBean - Creating Service {http://jgzf.epublic.com}TmriOutAccess from class com.epublic.ws.service.TmriOutAccess
11:35:10.984 [main] INFO  org.apache.cxf.endpoint.ServerImpl - Setting the server's publish address to be /ws/TmriOutAccess
11:35:11.031 [main] INFO  o.a.c.s.f.ReflectionServiceFactoryBean - Creating Service {http://jgzf.epublic.com}WeiTingSoapService from class com.epublic.ws.aduit.service.WeiTingSoapService
11:35:11.125 [main] INFO  org.apache.cxf.endpoint.ServerImpl - Setting the server's publish address to be /ws/WeiTingSoapService
11:35:11.218 [main] WARN  o.s.modules.utils.Reflections - PoliceService$$EnhancerByCGLIB$$af72c5ab's superclass not ParameterizedType
11:35:11.484 [main] INFO  o.a.c.s.f.ReflectionServiceFactoryBean - Creating Service {http://jgzf.epublic.com}PoliceSoapService from class com.epublic.ws.aduit.service.PoliceSoapService
11:35:11.546 [main] INFO  org.apache.cxf.endpoint.ServerImpl - Setting the server's publish address to be /ws/PoliceSoapService
11:35:11.796 [main] INFO  org.quartz.impl.StdSchedulerFactory - Using default implementation for ThreadExecutor
11:35:11.828 [main] INFO  o.quartz.core.SchedulerSignalerImpl - Initialized Scheduler Signaller of type: class org.quartz.core.SchedulerSignalerImpl
11:35:11.828 [main] INFO  org.quartz.core.QuartzScheduler - Quartz Scheduler v.2.2.0 created.
11:35:11.828 [main] INFO  org.quartz.simpl.RAMJobStore - RAMJobStore initialized.
11:35:11.843 [main] INFO  org.quartz.core.QuartzScheduler - Scheduler meta-data: Quartz Scheduler (v2.2.0) 'commonScheduler' with instanceId 'NON_CLUSTERED'
  Scheduler class: 'org.quartz.core.QuartzScheduler' - running locally.
  NOT STARTED.
  Currently in standby mode.
  Number of jobs executed: 0
  Using thread pool 'org.quartz.simpl.SimpleThreadPool' - with 2 threads.
  Using job-store 'org.quartz.simpl.RAMJobStore' - which does not support persistence. and is not clustered.

11:35:11.843 [main] INFO  org.quartz.impl.StdSchedulerFactory - Quartz scheduler 'commonScheduler' initialized from an externally provided properties instance.
11:35:11.843 [main] INFO  org.quartz.impl.StdSchedulerFactory - Quartz scheduler version: 2.2.0
11:35:11.843 [main] INFO  org.quartz.core.QuartzScheduler - JobFactory set to: org.springframework.scheduling.quartz.AdaptableJobFactory@1462562
11:35:11.843 [main] INFO  o.s.c.s.DefaultLifecycleProcessor - Starting beans in phase 2147483647
11:35:11.843 [main] INFO  o.s.s.quartz.SchedulerFactoryBean - Will start Quartz Scheduler [commonScheduler] in 100 seconds
11:35:12.015 [main] WARN  o.s.modules.utils.Reflections - ZfdjService$$EnhancerByCGLIB$$277e89b's superclass not ParameterizedType
11:35:12.078 [main] WARN  o.s.modules.utils.Reflections - JycxcfjdsService$$EnhancerByCGLIB$$c224fb9e's superclass not ParameterizedType
11:35:12.140 [main] WARN  o.s.modules.utils.Reflections - WftcgzdService$$EnhancerByCGLIB$$7811a0ef's superclass not ParameterizedType
11:35:12.250 [main] WARN  o.s.aop.framework.CglibAopProxy - Unable to proxy method [public final void org.springframework.jdbc.core.support.JdbcDaoSupport.setDataSource(javax.sql.DataSource)] because it is final: All calls to this method via a proxy will be routed directly to the proxy.
11:35:12.250 [main] WARN  o.s.aop.framework.CglibAopProxy - Unable to proxy method [public final javax.sql.DataSource org.springframework.jdbc.core.support.JdbcDaoSupport.getDataSource()] because it is final: All calls to this method via a proxy will be routed directly to the proxy.
11:35:12.250 [main] WARN  o.s.aop.framework.CglibAopProxy - Unable to proxy method [public final org.springframework.jdbc.core.JdbcTemplate org.springframework.jdbc.core.support.JdbcDaoSupport.getJdbcTemplate()] because it is final: All calls to this method via a proxy will be routed directly to the proxy.
11:35:12.250 [main] WARN  o.s.aop.framework.CglibAopProxy - Unable to proxy method [public final void org.springframework.jdbc.core.support.JdbcDaoSupport.setJdbcTemplate(org.springframework.jdbc.core.JdbcTemplate)] because it is final: All calls to this method via a proxy will be routed directly to the proxy.
11:35:12.250 [main] WARN  o.s.aop.framework.CglibAopProxy - Unable to proxy method [public final void org.springframework.dao.support.DaoSupport.afterPropertiesSet() throws java.lang.IllegalArgumentException,org.springframework.beans.factory.BeanInitializationException] because it is final: All calls to this method via a proxy will be routed directly to the proxy.
11:35:12.281 [main] INFO  o.s.web.context.ContextLoader - Root WebApplicationContext: initialization completed in 318578 ms
11:35:12.593 [main] INFO  o.s.web.servlet.DispatcherServlet - FrameworkServlet 'springServlet': initialization started
11:35:12.593 [main] INFO  o.s.w.c.s.XmlWebApplicationContext - Refreshing WebApplicationContext for namespace 'springServlet-servlet': startup date [Tue May 06 11:35:12 CST 2014]; parent: Root WebApplicationContext
11:35:12.593 [main] INFO  o.s.b.f.xml.XmlBeanDefinitionReader - Loading XML bean definitions from ServletContext resource [/WEB-INF/spring-mvc.xml]
11:35:13.125 [main] INFO  o.s.b.f.s.DefaultListableBeanFactory - Pre-instantiating singletons in org.springframework.beans.factory.support.DefaultListableBeanFactory@f7ace9: defining beans [genController,indexController,loginController,logoutController,menuController,widgetsController,wftcgzdController,org.springframework.context.annotation.internalConfigurationAnnotationProcessor,org.springframework.context.annotation.internalAutowiredAnnotationProcessor,org.springframework.context.annotation.internalRequiredAnnotationProcessor,org.springframework.context.annotation.internalCommonAnnotationProcessor,org.springframework.context.annotation.internalPersistenceAnnotationProcessor,mvcContentNegotiationManager,org.springframework.web.servlet.mvc.method.annotation.RequestMappingHandlerMapping#0,org.springframework.format.support.FormattingConversionServiceFactoryBean#0,org.springframework.validation.beanvalidation.LocalValidatorFactoryBean#0,org.springframework.web.servlet.mvc.method.annotation.RequestMappingHandlerAdapter#0,org.springframework.web.servlet.handler.MappedInterceptor#0,org.springframework.web.servlet.mvc.method.annotation.ExceptionHandlerExceptionResolver#0,org.springframework.web.servlet.mvc.annotation.ResponseStatusExceptionResolver#0,org.springframework.web.servlet.mvc.support.DefaultHandlerExceptionResolver#0,org.springframework.web.servlet.handler.BeanNameUrlHandlerMapping,org.springframework.web.servlet.mvc.HttpRequestHandlerAdapter,org.springframework.web.servlet.mvc.SimpleControllerHandlerAdapter,org.springframework.web.servlet.view.InternalResourceViewResolver#0,org.springframework.web.servlet.resource.DefaultServletHttpRequestHandler#0,org.springframework.web.servlet.handler.SimpleUrlHandlerMapping#0,org.springframework.web.servlet.config.viewControllerHandlerMapping,org.springframework.web.servlet.handler.MappedInterceptor#1,org.springframework.web.servlet.handler.SimpleMappingExceptionResolver#0,org.springframework.context.annotation.ConfigurationClassPostProcessor.importAwareProcessor]; parent: org.springframework.beans.factory.support.DefaultListableBeanFactory@1b445a5
11:35:13.609 [main] WARN  o.s.modules.utils.Reflections - MenuService$$EnhancerByCGLIB$$e710333f's superclass not ParameterizedType
11:35:13.921 [main] INFO  o.s.w.s.m.m.a.RequestMappingHandlerMapping - Mapped "{[/sys/gen/genMasterSubCode],methods=[POST],params=[],headers=[],consumes=[],produces=[],custom=[]}" onto public com.toolkit.extjs.ExtMessage com.epublic.sys.controller.GenController.genMasterSubCode()
11:35:13.921 [main] INFO  o.s.w.s.m.m.a.RequestMappingHandlerMapping - Mapped "{[/sys/gen/genCode],methods=[POST],params=[],headers=[],consumes=[],produces=[],custom=[]}" onto public com.toolkit.extjs.ExtMessage com.epublic.sys.controller.GenController.genCode()
11:35:13.921 [main] INFO  o.s.w.s.m.m.a.RequestMappingHandlerMapping - Mapped "{[/sys/gen/tableExist],methods=[POST],params=[],headers=[],consumes=[],produces=[],custom=[]}" onto public com.toolkit.extjs.ExtMessage com.epublic.sys.controller.GenController.tableExist()
11:35:13.921 [main] INFO  o.s.w.s.m.m.a.RequestMappingHandlerMapping - Mapped "{[/index/{ns1}/{ns2}],methods=[],params=[],headers=[],consumes=[],produces=[],custom=[]}" onto public java.lang.String com.epublic.sys.controller.IndexController.index(java.lang.String,java.lang.String)
11:35:13.921 [main] INFO  o.s.w.s.m.m.a.RequestMappingHandlerMapping - Mapped "{[/index/{ns}],methods=[],params=[],headers=[],consumes=[],produces=[],custom=[]}" onto public java.lang.String com.epublic.sys.controller.IndexController.index(java.lang.String)
11:35:13.921 [main] INFO  o.s.w.s.m.m.a.RequestMappingHandlerMapping - Mapped "{[/index],methods=[],params=[],headers=[],consumes=[],produces=[],custom=[]}" onto public java.lang.String com.epublic.sys.controller.IndexController.index(org.springframework.ui.Model)
11:35:13.921 [main] INFO  o.s.w.s.m.m.a.RequestMappingHandlerMapping - Mapped "{[/login],methods=[POST],params=[],headers=[],consumes=[],produces=[],custom=[]}" onto public java.lang.String com.epublic.sys.controller.LoginController.fail(java.lang.String,org.springframework.ui.Model)
11:35:13.921 [main] INFO  o.s.w.s.m.m.a.RequestMappingHandlerMapping - Mapped "{[/login],methods=[GET],params=[],headers=[],consumes=[],produces=[],custom=[]}" onto public java.lang.String com.epublic.sys.controller.LoginController.login()
11:35:13.921 [main] INFO  o.s.w.s.m.m.a.RequestMappingHandlerMapping - Mapped "{[/logout],methods=[GET],params=[],headers=[],consumes=[],produces=[],custom=[]}" onto public java.lang.String com.epublic.sys.controller.LogoutController.logout()
11:35:13.921 [main] INFO  o.s.w.s.m.m.a.RequestMappingHandlerMapping - Mapped "{[/sys/menu/index],methods=[],params=[],headers=[],consumes=[],produces=[],custom=[]}" onto public java.lang.String com.epublic.sys.controller.MenuController.index()
11:35:13.921 [main] INFO  o.s.w.s.m.m.a.RequestMappingHandlerMapping - Mapped "{[/sys/menu/saveOrUpdate],methods=[],params=[],headers=[],consumes=[],produces=[],custom=[]}" onto public com.toolkit.extjs.ExtMessage com.epublic.sys.controller.MenuController.saveOrUpdate(com.epublic.entity.Menu) throws java.lang.Exception
11:35:13.921 [main] INFO  o.s.w.s.m.m.a.RequestMappingHandlerMapping - Mapped "{[/sys/menu/page],methods=[],params=[],headers=[],consumes=[],produces=[],custom=[]}" onto public com.toolkit.core.MapBean com.epublic.sys.controller.MenuController.page(java.lang.Long,java.lang.Integer,java.lang.Integer)
11:35:13.921 [main] INFO  o.s.w.s.m.m.a.RequestMappingHandlerMapping - Mapped "{[/sys/menu/deletes],methods=[],params=[],headers=[],consumes=[],produces=[],custom=[]}" onto public com.toolkit.extjs.ExtMessage com.epublic.sys.controller.MenuController.deletes(java.lang.Long[])
11:35:13.921 [main] INFO  o.s.w.s.m.m.a.RequestMappingHandlerMapping - Mapped "{[/sys/menu/getMenuTree],methods=[],params=[],headers=[],consumes=[],produces=[],custom=[]}" onto public java.util.List<com.epublic.entity.Menu> com.epublic.sys.controller.MenuController.getMenuTree(java.lang.Long)
11:35:13.921 [main] INFO  o.s.w.s.m.m.a.RequestMappingHandlerMapping - Mapped "{[/sys/menu/saveEditGrid],methods=[],params=[],headers=[],consumes=[],produces=[],custom=[]}" onto public com.toolkit.extjs.ExtMessage com.epublic.sys.controller.MenuController.saveEditGrid(java.lang.String)
11:35:13.921 [main] INFO  o.s.w.s.m.m.a.RequestMappingHandlerMapping - Mapped "{[/sys/menu/findLeftMenuTree],methods=[],params=[],headers=[],consumes=[],produces=[],custom=[]}" onto public java.util.List<com.epublic.entity.Menu> com.epublic.sys.controller.MenuController.findLeftMenuTree(java.lang.Long)
11:35:13.921 [main] INFO  o.s.w.s.m.m.a.RequestMappingHandlerMapping - Mapped "{[/sys/widgets/getCombo],methods=[],params=[],headers=[],consumes=[],produces=[],custom=[]}" onto public com.toolkit.extjs.ExtMessage com.epublic.sys.controller.WidgetsController.getCombo()
11:35:13.921 [main] INFO  o.s.w.s.m.m.a.RequestMappingHandlerMapping - Mapped "{[/sys/widgets/excel],methods=[],params=[],headers=[],consumes=[],produces=[],custom=[]}" onto public void com.epublic.sys.controller.WidgetsController.excel(javax.servlet.http.HttpServletRequest,javax.servlet.http.HttpServletResponse)
11:35:13.921 [main] INFO  o.s.w.s.m.m.a.RequestMappingHandlerMapping - Mapped "{[/wt/tzd/index],methods=[],params=[],headers=[],consumes=[],produces=[],custom=[]}" onto public java.lang.String com.epublic.wt.controller.WftcgzdController.index()
11:35:13.921 [main] INFO  o.s.w.s.m.m.a.RequestMappingHandlerMapping - Mapped "{[/wt/tzd/saveOrUpdate],methods=[],params=[],headers=[],consumes=[],produces=[],custom=[]}" onto public com.toolkit.extjs.ExtMessage com.epublic.wt.controller.WftcgzdController.saveOrUpdate(com.epublic.entity.Wftcgzd)
11:35:13.921 [main] INFO  o.s.w.s.m.m.a.RequestMappingHandlerMapping - Mapped "{[/wt/tzd/deletes],methods=[],params=[],headers=[],consumes=[],produces=[],custom=[]}" onto public com.toolkit.extjs.ExtMessage com.epublic.wt.controller.WftcgzdController.deletes(java.lang.String[])
11:35:13.921 [main] INFO  o.s.w.s.m.m.a.RequestMappingHandlerMapping - Mapped "{[/wt/tzd/saveEditGrid],methods=[],params=[],headers=[],consumes=[],produces=[],custom=[]}" onto public com.toolkit.extjs.ExtMessage com.epublic.wt.controller.WftcgzdController.saveEditGrid(java.lang.String)
11:35:15.093 [main] INFO  o.s.w.s.h.SimpleUrlHandlerMapping - Mapped URL path [/**] onto handler 'org.springframework.web.servlet.resource.DefaultServletHttpRequestHandler#0'
11:35:15.140 [main] INFO  o.s.w.s.h.SimpleUrlHandlerMapping - Root mapping to handler of type [class org.springframework.web.servlet.mvc.ParameterizableViewController]
11:35:15.250 [main] INFO  o.s.web.servlet.DispatcherServlet - FrameworkServlet 'springServlet': initialization completed in 2657 ms
11:36:51.859 [Quartz Scheduler [commonScheduler]] INFO  o.s.s.quartz.SchedulerFactoryBean - Starting Quartz Scheduler now, after delay of 100 seconds
11:36:51.859 [Quartz Scheduler [commonScheduler]] INFO  org.quartz.core.QuartzScheduler - Scheduler commonScheduler_$_NON_CLUSTERED started.
15:13:30.500 [main] INFO  o.s.web.context.ContextLoader - Root WebApplicationContext: initialization started
15:13:30.687 [main] INFO  o.s.w.c.s.XmlWebApplicationContext - Refreshing Root WebApplicationContext: startup date [Tue May 06 15:13:30 CST 2014]; root of context hierarchy
15:13:30.812 [main] INFO  o.s.b.f.xml.XmlBeanDefinitionReader - Loading XML bean definitions from URL [file:/D:/project/jgzf/trunk/code/jgzfService/webapp/WEB-INF/classes/applicationContext.xml]
15:13:32.406 [main] INFO  o.s.b.f.xml.XmlBeanDefinitionReader - Loading XML bean definitions from URL [file:/D:/project/jgzf/trunk/code/jgzfService/webapp/WEB-INF/classes/applicationContext-shiro.xml]
15:13:32.437 [main] INFO  o.s.b.f.xml.XmlBeanDefinitionReader - Loading XML bean definitions from URL [file:/D:/project/jgzf/trunk/code/jgzfService/webapp/WEB-INF/classes/ws/applicationContext-ws-server.xml]
15:13:32.718 [main] INFO  o.s.b.f.xml.XmlBeanDefinitionReader - Loading XML bean definitions from URL [file:/D:/project/jgzf/trunk/code/jgzfService/webapp/WEB-INF/classes/quartz/applicationContext-quartz.xml]
15:13:33.140 [main] INFO  o.s.c.s.PropertySourcesPlaceholderConfigurer - Loading properties file from URL [file:/D:/project/jgzf/trunk/code/jgzfService/webapp/WEB-INF/classes/application.properties]
15:13:33.359 [main] INFO  o.s.w.c.s.XmlWebApplicationContext - Bean 'dataSource' of type [class org.apache.tomcat.jdbc.pool.DataSource] is not eligible for getting processed by all BeanPostProcessors (for example: not eligible for auto-proxying)
15:18:51.437 [main] INFO  o.s.w.c.s.XmlWebApplicationContext - Bean 'org.springside.modules.persistence.Hibernates#35c6f' of type [class java.lang.String] is not eligible for getting processed by all BeanPostProcessors (for example: not eligible for auto-proxying)
15:18:51.453 [main] INFO  o.s.w.c.s.XmlWebApplicationContext - Bean 'hibernateJpaVendorAdapter' of type [class org.springframework.orm.jpa.vendor.HibernateJpaVendorAdapter] is not eligible for getting processed by all BeanPostProcessors (for example: not eligible for auto-proxying)
15:18:51.546 [main] INFO  o.s.o.j.LocalContainerEntityManagerFactoryBean - Building JPA container EntityManagerFactory for persistence unit 'default'
15:18:56.406 [main] INFO  o.s.w.c.s.XmlWebApplicationContext - Bean 'entityManagerFactory' of type [class org.springframework.orm.jpa.LocalContainerEntityManagerFactoryBean] is not eligible for getting processed by all BeanPostProcessors (for example: not eligible for auto-proxying)
15:18:56.531 [main] INFO  o.s.w.c.s.XmlWebApplicationContext - Bean 'org.springframework.transaction.annotation.AnnotationTransactionAttributeSource#0' of type [class org.springframework.transaction.annotation.AnnotationTransactionAttributeSource] is not eligible for getting processed by all BeanPostProcessors (for example: not eligible for auto-proxying)
15:18:56.531 [main] INFO  o.s.w.c.s.XmlWebApplicationContext - Bean 'org.springframework.transaction.config.internalTransactionAdvisor' of type [class org.springframework.transaction.interceptor.BeanFactoryTransactionAttributeSourceAdvisor] is not eligible for getting processed by all BeanPostProcessors (for example: not eligible for auto-proxying)
15:18:56.765 [main] INFO  o.s.w.c.s.XmlWebApplicationContext - Bean '(inner bean)' of type [class org.springframework.beans.factory.config.PropertiesFactoryBean] is not eligible for getting processed by all BeanPostProcessors (for example: not eligible for auto-proxying)
15:18:56.765 [main] INFO  o.s.w.c.s.XmlWebApplicationContext - Bean '(inner bean)' of type [class java.util.Properties] is not eligible for getting processed by all BeanPostProcessors (for example: not eligible for auto-proxying)
15:18:56.781 [main] INFO  o.s.w.c.s.XmlWebApplicationContext - Bean '(inner bean)' of type [class org.springframework.data.repository.core.support.PropertiesBasedNamedQueries] is not eligible for getting processed by all BeanPostProcessors (for example: not eligible for auto-proxying)
15:18:56.796 [main] INFO  o.s.w.c.s.XmlWebApplicationContext - Bean 'entityManagerFactory' of type [class com.sun.proxy.$Proxy43] is not eligible for getting processed by all BeanPostProcessors (for example: not eligible for auto-proxying)
15:18:56.859 [main] INFO  o.s.w.c.s.XmlWebApplicationContext - Bean '(inner bean)#1' of type [class com.sun.proxy.$Proxy47] is not eligible for getting processed by all BeanPostProcessors (for example: not eligible for auto-proxying)
15:18:57.093 [main] INFO  o.s.w.c.s.XmlWebApplicationContext - Bean 'userDao' of type [class org.springframework.data.jpa.repository.support.JpaRepositoryFactoryBean] is not eligible for getting processed by all BeanPostProcessors (for example: not eligible for auto-proxying)
15:18:57.750 [main] INFO  o.s.w.c.s.XmlWebApplicationContext - Bean 'userDao' of type [class com.sun.proxy.$Proxy51] is not eligible for getting processed by all BeanPostProcessors (for example: not eligible for auto-proxying)
15:18:57.937 [main] INFO  o.s.w.c.s.XmlWebApplicationContext - Bean 'accountService' of type [class com.epublic.sys.service.AccountService] is not eligible for getting processed by all BeanPostProcessors (for example: not eligible for auto-proxying)
15:18:58.125 [main] INFO  o.s.w.c.s.XmlWebApplicationContext - Bean 'org.springframework.transaction.interceptor.TransactionInterceptor#0' of type [class org.springframework.transaction.interceptor.TransactionInterceptor] is not eligible for getting processed by all BeanPostProcessors (for example: not eligible for auto-proxying)
15:18:58.171 [main] INFO  o.a.shiro.realm.AuthorizingRealm - No cache or cacheManager properties have been set.  Authorization cache cannot be obtained.
15:18:58.171 [main] INFO  o.s.w.c.s.XmlWebApplicationContext - Bean 'shiroDbRealm' of type [class com.epublic.sys.service.ShiroDbRealm] is not eligible for getting processed by all BeanPostProcessors (for example: not eligible for auto-proxying)
15:18:58.328 [main] INFO  o.s.w.c.s.XmlWebApplicationContext - Bean 'shiroEhcacheManager' of type [class org.apache.shiro.cache.ehcache.EhCacheManager] is not eligible for getting processed by all BeanPostProcessors (for example: not eligible for auto-proxying)
15:18:58.343 [main] INFO  o.a.s.cache.ehcache.EhCacheManager - Cache with name 'com.epublic.sys.service.ShiroDbRealm.authorizationCache' does not yet exist.  Creating now.
15:18:58.421 [main] INFO  o.a.s.cache.ehcache.EhCacheManager - Added EhCache named [com.epublic.sys.service.ShiroDbRealm.authorizationCache]
15:18:58.421 [main] INFO  o.s.w.c.s.XmlWebApplicationContext - Bean 'securityManager' of type [class org.apache.shiro.web.mgt.DefaultWebSecurityManager] is not eligible for getting processed by all BeanPostProcessors (for example: not eligible for auto-proxying)
15:18:58.453 [main] INFO  o.s.b.f.s.DefaultListableBeanFactory - Pre-instantiating singletons in org.springframework.beans.factory.support.DefaultListableBeanFactory@1b445a5: defining beans [zfdjJdbcDao,zfdjService,jycxcfjdsService,listenerRegisterFactory,documentService,policeService,unitService,jianYiAuditedService,jueDingShuService,weiTingAuditedService,weiTingUnAuditedService,widgetsDao,accountService,menuService,widgetsService,policeSoapService,weiTingSoapService,jgzfWebServiceClient,tmriOutAccess,wftcgzdService,org.springframework.context.annotation.internalConfigurationAnnotationProcessor,org.springframework.context.annotation.internalAutowiredAnnotationProcessor,org.springframework.context.annotation.internalRequiredAnnotationProcessor,org.springframework.context.annotation.internalCommonAnnotationProcessor,org.springframework.context.annotation.internalPersistenceAnnotationProcessor,entityManagerFactory,jdbcTemplate,jdbcDao,oracleLobHandler,nativeJdbcExtractor,hibernateJpaVendorAdapter,documentDao,userDao,constDao,roleDao,wftcgzdDao,policeDao,menuDao,jycxcfjdsDao,zfdjDao,unitDao,org.springframework.data.repository.core.support.RepositoryInterfaceAwareBeanPostProcessor#0,org.springframework.dao.annotation.PersistenceExceptionTranslationPostProcessor#0,transactionManager,org.springframework.aop.config.internalAutoProxyCreator,org.springframework.transaction.annotation.AnnotationTransactionAttributeSource#0,org.springframework.transaction.interceptor.TransactionInterceptor#0,org.springframework.transaction.config.internalTransactionAdvisor,validator,defaultCacheManager,sessionCache,messageCache,org.springframework.context.support.PropertySourcesPlaceholderConfigurer#0,dataSource,namedParameterJdbcTemplate,jgzf_dataSource,jgzfJdbcTemplate,eventBus,securityManager,shiroDbRealm,shiroFilter,shiroEhcacheManager,lifecycleBeanPostProcessor,org.apache.cxf.jaxws.EndpointImpl--513249283,org.apache.cxf.jaxws.EndpointImpl---1887813039,org.apache.cxf.jaxws.EndpointImpl--122108615,commonScheduler,messageCallbackTrigger,messageCallbackDetail,org.springframework.context.annotation.ConfigurationClassPostProcessor.importAwareProcessor]; root of factory hierarchy
15:18:59.125 [main] INFO  o.a.c.s.f.ReflectionServiceFactoryBean - Creating Service {http://jgzf.epublic.com}TmriOutAccess from class com.epublic.ws.service.TmriOutAccess
15:19:00.343 [main] INFO  org.apache.cxf.endpoint.ServerImpl - Setting the server's publish address to be /ws/TmriOutAccess
15:19:00.390 [main] INFO  o.a.c.s.f.ReflectionServiceFactoryBean - Creating Service {http://jgzf.epublic.com}WeiTingSoapService from class com.epublic.ws.aduit.service.WeiTingSoapService
15:19:00.500 [main] INFO  org.apache.cxf.endpoint.ServerImpl - Setting the server's publish address to be /ws/WeiTingSoapService
15:19:00.593 [main] WARN  o.s.modules.utils.Reflections - PoliceService$$EnhancerByCGLIB$$3b7eaec1's superclass not ParameterizedType
15:19:00.875 [main] INFO  o.a.c.s.f.ReflectionServiceFactoryBean - Creating Service {http://jgzf.epublic.com}PoliceSoapService from class com.epublic.ws.aduit.service.PoliceSoapService
15:19:00.937 [main] INFO  org.apache.cxf.endpoint.ServerImpl - Setting the server's publish address to be /ws/PoliceSoapService
15:19:01.187 [main] INFO  org.quartz.impl.StdSchedulerFactory - Using default implementation for ThreadExecutor
15:19:01.250 [main] INFO  o.quartz.core.SchedulerSignalerImpl - Initialized Scheduler Signaller of type: class org.quartz.core.SchedulerSignalerImpl
15:19:01.250 [main] INFO  org.quartz.core.QuartzScheduler - Quartz Scheduler v.2.2.0 created.
15:19:01.250 [main] INFO  org.quartz.simpl.RAMJobStore - RAMJobStore initialized.
15:19:01.250 [main] INFO  org.quartz.core.QuartzScheduler - Scheduler meta-data: Quartz Scheduler (v2.2.0) 'commonScheduler' with instanceId 'NON_CLUSTERED'
  Scheduler class: 'org.quartz.core.QuartzScheduler' - running locally.
  NOT STARTED.
  Currently in standby mode.
  Number of jobs executed: 0
  Using thread pool 'org.quartz.simpl.SimpleThreadPool' - with 2 threads.
  Using job-store 'org.quartz.simpl.RAMJobStore' - which does not support persistence. and is not clustered.

15:19:01.250 [main] INFO  org.quartz.impl.StdSchedulerFactory - Quartz scheduler 'commonScheduler' initialized from an externally provided properties instance.
15:19:01.250 [main] INFO  org.quartz.impl.StdSchedulerFactory - Quartz scheduler version: 2.2.0
15:19:01.250 [main] INFO  org.quartz.core.QuartzScheduler - JobFactory set to: org.springframework.scheduling.quartz.AdaptableJobFactory@c4459b
15:19:01.265 [main] INFO  o.s.c.s.DefaultLifecycleProcessor - Starting beans in phase 2147483647
15:19:01.265 [main] INFO  o.s.s.quartz.SchedulerFactoryBean - Will start Quartz Scheduler [commonScheduler] in 100 seconds
15:19:01.437 [main] WARN  o.s.modules.utils.Reflections - ZfdjService$$EnhancerByCGLIB$$8e83d1b1's superclass not ParameterizedType
15:19:01.515 [main] WARN  o.s.modules.utils.Reflections - JycxcfjdsService$$EnhancerByCGLIB$$4e30e4b4's superclass not ParameterizedType
15:19:01.562 [main] WARN  o.s.modules.utils.Reflections - WftcgzdService$$EnhancerByCGLIB$$41d8a05's superclass not ParameterizedType
15:19:01.671 [main] WARN  o.s.aop.framework.CglibAopProxy - Unable to proxy method [public final void org.springframework.jdbc.core.support.JdbcDaoSupport.setDataSource(javax.sql.DataSource)] because it is final: All calls to this method via a proxy will be routed directly to the proxy.
15:19:01.671 [main] WARN  o.s.aop.framework.CglibAopProxy - Unable to proxy method [public final javax.sql.DataSource org.springframework.jdbc.core.support.JdbcDaoSupport.getDataSource()] because it is final: All calls to this method via a proxy will be routed directly to the proxy.
15:19:01.671 [main] WARN  o.s.aop.framework.CglibAopProxy - Unable to proxy method [public final org.springframework.jdbc.core.JdbcTemplate org.springframework.jdbc.core.support.JdbcDaoSupport.getJdbcTemplate()] because it is final: All calls to this method via a proxy will be routed directly to the proxy.
15:19:01.671 [main] WARN  o.s.aop.framework.CglibAopProxy - Unable to proxy method [public final void org.springframework.jdbc.core.support.JdbcDaoSupport.setJdbcTemplate(org.springframework.jdbc.core.JdbcTemplate)] because it is final: All calls to this method via a proxy will be routed directly to the proxy.
15:19:01.671 [main] WARN  o.s.aop.framework.CglibAopProxy - Unable to proxy method [public final void org.springframework.dao.support.DaoSupport.afterPropertiesSet() throws java.lang.IllegalArgumentException,org.springframework.beans.factory.BeanInitializationException] because it is final: All calls to this method via a proxy will be routed directly to the proxy.
15:19:01.703 [main] INFO  o.s.web.context.ContextLoader - Root WebApplicationContext: initialization completed in 331188 ms
15:19:01.968 [main] INFO  o.s.web.servlet.DispatcherServlet - FrameworkServlet 'springServlet': initialization started
15:19:02.000 [main] INFO  o.s.w.c.s.XmlWebApplicationContext - Refreshing WebApplicationContext for namespace 'springServlet-servlet': startup date [Tue May 06 15:19:02 CST 2014]; parent: Root WebApplicationContext
15:19:02.015 [main] INFO  o.s.b.f.xml.XmlBeanDefinitionReader - Loading XML bean definitions from ServletContext resource [/WEB-INF/spring-mvc.xml]
15:19:02.546 [main] INFO  o.s.b.f.s.DefaultListableBeanFactory - Pre-instantiating singletons in org.springframework.beans.factory.support.DefaultListableBeanFactory@1ce8f9f: defining beans [genController,indexController,loginController,logoutController,menuController,widgetsController,wftcgzdController,org.springframework.context.annotation.internalConfigurationAnnotationProcessor,org.springframework.context.annotation.internalAutowiredAnnotationProcessor,org.springframework.context.annotation.internalRequiredAnnotationProcessor,org.springframework.context.annotation.internalCommonAnnotationProcessor,org.springframework.context.annotation.internalPersistenceAnnotationProcessor,mvcContentNegotiationManager,org.springframework.web.servlet.mvc.method.annotation.RequestMappingHandlerMapping#0,org.springframework.format.support.FormattingConversionServiceFactoryBean#0,org.springframework.validation.beanvalidation.LocalValidatorFactoryBean#0,org.springframework.web.servlet.mvc.method.annotation.RequestMappingHandlerAdapter#0,org.springframework.web.servlet.handler.MappedInterceptor#0,org.springframework.web.servlet.mvc.method.annotation.ExceptionHandlerExceptionResolver#0,org.springframework.web.servlet.mvc.annotation.ResponseStatusExceptionResolver#0,org.springframework.web.servlet.mvc.support.DefaultHandlerExceptionResolver#0,org.springframework.web.servlet.handler.BeanNameUrlHandlerMapping,org.springframework.web.servlet.mvc.HttpRequestHandlerAdapter,org.springframework.web.servlet.mvc.SimpleControllerHandlerAdapter,org.springframework.web.servlet.view.InternalResourceViewResolver#0,org.springframework.web.servlet.resource.DefaultServletHttpRequestHandler#0,org.springframework.web.servlet.handler.SimpleUrlHandlerMapping#0,org.springframework.web.servlet.config.viewControllerHandlerMapping,org.springframework.web.servlet.handler.MappedInterceptor#1,org.springframework.web.servlet.handler.SimpleMappingExceptionResolver#0,org.springframework.context.annotation.ConfigurationClassPostProcessor.importAwareProcessor]; parent: org.springframework.beans.factory.support.DefaultListableBeanFactory@1b445a5
15:19:03.296 [main] WARN  o.s.modules.utils.Reflections - MenuService$$EnhancerByCGLIB$$731c1c55's superclass not ParameterizedType
15:19:03.593 [main] INFO  o.s.w.s.m.m.a.RequestMappingHandlerMapping - Mapped "{[/sys/gen/genMasterSubCode],methods=[POST],params=[],headers=[],consumes=[],produces=[],custom=[]}" onto public com.toolkit.extjs.ExtMessage com.epublic.sys.controller.GenController.genMasterSubCode()
15:19:03.593 [main] INFO  o.s.w.s.m.m.a.RequestMappingHandlerMapping - Mapped "{[/sys/gen/genCode],methods=[POST],params=[],headers=[],consumes=[],produces=[],custom=[]}" onto public com.toolkit.extjs.ExtMessage com.epublic.sys.controller.GenController.genCode()
15:19:03.593 [main] INFO  o.s.w.s.m.m.a.RequestMappingHandlerMapping - Mapped "{[/sys/gen/tableExist],methods=[POST],params=[],headers=[],consumes=[],produces=[],custom=[]}" onto public com.toolkit.extjs.ExtMessage com.epublic.sys.controller.GenController.tableExist()
15:19:03.593 [main] INFO  o.s.w.s.m.m.a.RequestMappingHandlerMapping - Mapped "{[/index/{ns1}/{ns2}],methods=[],params=[],headers=[],consumes=[],produces=[],custom=[]}" onto public java.lang.String com.epublic.sys.controller.IndexController.index(java.lang.String,java.lang.String)
15:19:03.593 [main] INFO  o.s.w.s.m.m.a.RequestMappingHandlerMapping - Mapped "{[/index/{ns}],methods=[],params=[],headers=[],consumes=[],produces=[],custom=[]}" onto public java.lang.String com.epublic.sys.controller.IndexController.index(java.lang.String)
15:19:03.593 [main] INFO  o.s.w.s.m.m.a.RequestMappingHandlerMapping - Mapped "{[/index],methods=[],params=[],headers=[],consumes=[],produces=[],custom=[]}" onto public java.lang.String com.epublic.sys.controller.IndexController.index(org.springframework.ui.Model)
15:19:03.593 [main] INFO  o.s.w.s.m.m.a.RequestMappingHandlerMapping - Mapped "{[/login],methods=[POST],params=[],headers=[],consumes=[],produces=[],custom=[]}" onto public java.lang.String com.epublic.sys.controller.LoginController.fail(java.lang.String,org.springframework.ui.Model)
15:19:03.593 [main] INFO  o.s.w.s.m.m.a.RequestMappingHandlerMapping - Mapped "{[/login],methods=[GET],params=[],headers=[],consumes=[],produces=[],custom=[]}" onto public java.lang.String com.epublic.sys.controller.LoginController.login()
15:19:03.593 [main] INFO  o.s.w.s.m.m.a.RequestMappingHandlerMapping - Mapped "{[/logout],methods=[GET],params=[],headers=[],consumes=[],produces=[],custom=[]}" onto public java.lang.String com.epublic.sys.controller.LogoutController.logout()
15:19:03.609 [main] INFO  o.s.w.s.m.m.a.RequestMappingHandlerMapping - Mapped "{[/sys/menu/index],methods=[],params=[],headers=[],consumes=[],produces=[],custom=[]}" onto public java.lang.String com.epublic.sys.controller.MenuController.index()
15:19:03.609 [main] INFO  o.s.w.s.m.m.a.RequestMappingHandlerMapping - Mapped "{[/sys/menu/saveOrUpdate],methods=[],params=[],headers=[],consumes=[],produces=[],custom=[]}" onto public com.toolkit.extjs.ExtMessage com.epublic.sys.controller.MenuController.saveOrUpdate(com.epublic.entity.Menu) throws java.lang.Exception
15:19:03.609 [main] INFO  o.s.w.s.m.m.a.RequestMappingHandlerMapping - Mapped "{[/sys/menu/page],methods=[],params=[],headers=[],consumes=[],produces=[],custom=[]}" onto public com.toolkit.core.MapBean com.epublic.sys.controller.MenuController.page(java.lang.Long,java.lang.Integer,java.lang.Integer)
15:19:03.609 [main] INFO  o.s.w.s.m.m.a.RequestMappingHandlerMapping - Mapped "{[/sys/menu/deletes],methods=[],params=[],headers=[],consumes=[],produces=[],custom=[]}" onto public com.toolkit.extjs.ExtMessage com.epublic.sys.controller.MenuController.deletes(java.lang.Long[])
15:19:03.609 [main] INFO  o.s.w.s.m.m.a.RequestMappingHandlerMapping - Mapped "{[/sys/menu/getMenuTree],methods=[],params=[],headers=[],consumes=[],produces=[],custom=[]}" onto public java.util.List<com.epublic.entity.Menu> com.epublic.sys.controller.MenuController.getMenuTree(java.lang.Long)
15:19:03.609 [main] INFO  o.s.w.s.m.m.a.RequestMappingHandlerMapping - Mapped "{[/sys/menu/saveEditGrid],methods=[],params=[],headers=[],consumes=[],produces=[],custom=[]}" onto public com.toolkit.extjs.ExtMessage com.epublic.sys.controller.MenuController.saveEditGrid(java.lang.String)
15:19:03.609 [main] INFO  o.s.w.s.m.m.a.RequestMappingHandlerMapping - Mapped "{[/sys/menu/findLeftMenuTree],methods=[],params=[],headers=[],consumes=[],produces=[],custom=[]}" onto public java.util.List<com.epublic.entity.Menu> com.epublic.sys.controller.MenuController.findLeftMenuTree(java.lang.Long)
15:19:03.609 [main] INFO  o.s.w.s.m.m.a.RequestMappingHandlerMapping - Mapped "{[/sys/widgets/getCombo],methods=[],params=[],headers=[],consumes=[],produces=[],custom=[]}" onto public com.toolkit.extjs.ExtMessage com.epublic.sys.controller.WidgetsController.getCombo()
15:19:03.609 [main] INFO  o.s.w.s.m.m.a.RequestMappingHandlerMapping - Mapped "{[/sys/widgets/excel],methods=[],params=[],headers=[],consumes=[],produces=[],custom=[]}" onto public void com.epublic.sys.controller.WidgetsController.excel(javax.servlet.http.HttpServletRequest,javax.servlet.http.HttpServletResponse)
15:19:03.609 [main] INFO  o.s.w.s.m.m.a.RequestMappingHandlerMapping - Mapped "{[/wt/tzd/index],methods=[],params=[],headers=[],consumes=[],produces=[],custom=[]}" onto public java.lang.String com.epublic.wt.controller.WftcgzdController.index()
15:19:03.609 [main] INFO  o.s.w.s.m.m.a.RequestMappingHandlerMapping - Mapped "{[/wt/tzd/saveOrUpdate],methods=[],params=[],headers=[],consumes=[],produces=[],custom=[]}" onto public com.toolkit.extjs.ExtMessage com.epublic.wt.controller.WftcgzdController.saveOrUpdate(com.epublic.entity.Wftcgzd)
15:19:03.609 [main] INFO  o.s.w.s.m.m.a.RequestMappingHandlerMapping - Mapped "{[/wt/tzd/deletes],methods=[],params=[],headers=[],consumes=[],produces=[],custom=[]}" onto public com.toolkit.extjs.ExtMessage com.epublic.wt.controller.WftcgzdController.deletes(java.lang.String[])
15:19:03.609 [main] INFO  o.s.w.s.m.m.a.RequestMappingHandlerMapping - Mapped "{[/wt/tzd/saveEditGrid],methods=[],params=[],headers=[],consumes=[],produces=[],custom=[]}" onto public com.toolkit.extjs.ExtMessage com.epublic.wt.controller.WftcgzdController.saveEditGrid(java.lang.String)
15:19:04.765 [main] INFO  o.s.w.s.h.SimpleUrlHandlerMapping - Mapped URL path [/**] onto handler 'org.springframework.web.servlet.resource.DefaultServletHttpRequestHandler#0'
15:19:04.843 [main] INFO  o.s.w.s.h.SimpleUrlHandlerMapping - Root mapping to handler of type [class org.springframework.web.servlet.mvc.ParameterizableViewController]
15:19:04.937 [main] INFO  o.s.web.servlet.DispatcherServlet - FrameworkServlet 'springServlet': initialization completed in 2969 ms
15:20:41.312 [Quartz Scheduler [commonScheduler]] INFO  o.s.s.quartz.SchedulerFactoryBean - Starting Quartz Scheduler now, after delay of 100 seconds
15:20:41.312 [Quartz Scheduler [commonScheduler]] INFO  org.quartz.core.QuartzScheduler - Scheduler commonScheduler_$_NON_CLUSTERED started.
