#
# A fatal error has been detected by the Java Runtime Environment:
#
#  EXCEPTION_ACCESS_VIOLATION (0xc0000005) at pc=0x000000006da582ac, pid=7188, tid=2256
#
# JRE version: 6.0_33-b05
# Java VM: Java HotSpot(TM) 64-Bit Server VM (20.8-b03 mixed mode windows-amd64 compressed oops)
# Problematic frame:
# V  [jvm.dll+0x1a82ac]
#
# If you would like to submit a bug report, please visit:
#   http://java.sun.com/webapps/bugreport/crash.jsp
#

---------------  T H R E A D  ---------------

Current thread (0x0000000009a8e000):  JavaThread "pref8" daemon [_thread_in_vm, id=2256, stack(0x000000000c270000,0x000000000c370000)]

siginfo: ExceptionCode=0xc0000005, reading address 0x0000000000000000

Registers:
RAX=0x0000000000000000, RBX=0x000000000809cfe0, RCX=0x000000006dea3c00, RDX=0x0000000000000000
RSP=0x000000000c36dcd0, RBP=0x0000000000000000, RSI=0x000000000809cfe8, RDI=0x000000000809cfc8
R8 =0x00000000a1ff93a0, R9 =0x000000009ce43398, R10=0x0000000000000000, R11=0x0000000009a8e000
R12=0x000000000c36e100, R13=0x0000000007025780, R14=0x0000000009a8e000, R15=0x0000000000000000
RIP=0x000000006da582ac, EFLAGS=0x0000000000010246

Top of Stack: (sp=0x000000000c36dcd0)
0x000000000c36dcd0:   000000000809cfe0 0000000000000000
0x000000000c36dce0:   000000000809cfe8 000000000809cfc8
0x000000000c36dcf0:   0000000009a8e000 0000000008090012
0x000000000c36dd00:   0000000000000000 000000000992b960
0x000000000c36dd10:   0000000009a77bc0 0000000009a77f48
0x000000000c36dd20:   0000000000000013 000000009d54e5e8
0x000000000c36dd30:   000000009ce06140 000000006d9c9a00
0x000000000c36dd40:   0000000009a8e000 00000000110b4180
0x000000000c36dd50:   0000000000000001 0000000000000000
0x000000000c36dd60:   0000000009a8e000 0000000007025780
0x000000000c36dd70:   000000000809ceb0 000000000809cfe0
0x000000000c36dd80:   00000000080a4e98 000000000c36e698
0x000000000c36dd90:   0000000009a8e000 0000000009a8e000
0x000000000c36dda0:   000000000c36e100 0000000007025720
0x000000000c36ddb0:   000000000764f8e0 00000000a1ffb768
0x000000000c36ddc0:   0000000000000000 0000000009a77b60 

Instructions: (pc=0x000000006da582ac)
0x000000006da5828c:   30 f4 ef ff eb 04 49 89 4d 10 4c 89 38 48 89 84
0x000000006da5829c:   24 28 01 00 00 4c 8b 03 41 8b 50 3c 85 d2 75 0c
0x000000006da582ac:   48 8b 08 41 8b 40 34 89 41 3c eb 06 48 8b 08 89
0x000000006da582bc:   51 3c 4d 8b ae 00 01 00 00 b9 10 00 00 00 49 8b 


Register to memory mapping:

RAX=0x0000000000000000 is an unknown value
RBX=0x000000000809cfe0 is an unknown value
RCX=0x000000006dea3c00 is an unknown value
RDX=0x0000000000000000 is an unknown value
RSP=0x000000000c36dcd0 is pointing into the stack for thread: 0x0000000009a8e000
RBP=0x0000000000000000 is an unknown value
RSI=0x000000000809cfe8 is an unknown value
RDI=0x000000000809cfc8 is an unknown value
R8 =0x00000000a1ff93a0 is an oop

[error occurred during error reporting (printing register info), id 0xe0000000]

Stack: [0x000000000c270000,0x000000000c370000],  sp=0x000000000c36dcd0,  free space=1015k
Native frames: (J=compiled Java code, j=interpreted, Vv=VM code, C=native code)
V  [jvm.dll+0x1a82ac]

[error occurred during error reporting (printing native stack), id 0xc0000005]

Java frames: (J=compiled Java code, j=interpreted, Vv=VM code)
j  org.netbeans.lib.profiler.server.system.Classes.doRedefineClasses([Ljava/lang/Class;[[B)I+0
j  org.netbeans.lib.profiler.server.system.Classes.redefineClasses([Ljava/lang/Class;[[B)V+127
j  org.netbeans.lib.profiler.server.ProfilerInterface.instrumentMethodGroupNow(Lorg/netbeans/lib/profiler/wireprotocol/InstrumentMethodGroupData;)V+235
j  org.netbeans.lib.profiler.server.ProfilerInterface.getAndInstrumentClasses(Z)Z+131
j  org.netbeans.lib.profiler.server.ProfilerInterface.classLoadHook(Ljava/lang/Class;)V+556
v  ~StubRoutines::call_stub
j  java.lang.Class.getDeclaredConstructors0(Z)[Ljava/lang/reflect/Constructor;+0
j  java.lang.Class.privateGetDeclaredConstructors(Z)[Ljava/lang/reflect/Constructor;+95
j  java.lang.Class.getConstructor0([Ljava/lang/Class;I)Ljava/lang/reflect/Constructor;+10
j  java.lang.Class.getConstructor([Ljava/lang/Class;)Ljava/lang/reflect/Constructor;+11
j  java.lang.reflect.Proxy.newProxyInstance(Ljava/lang/ClassLoader;[Ljava/lang/Class;Ljava/lang/reflect/InvocationHandler;)Ljava/lang/Object;+30
j  org.apache.cxf.binding.soap.SOAPBindingUtil.getProxy(Ljava/lang/Class;Ljava/lang/Object;)Ljava/lang/Object;+42
j  org.apache.cxf.binding.soap.SOAPBindingUtil.getSoapBody(Ljava/lang/Object;)Lorg/apache/cxf/binding/soap/wsdl/extensions/SoapBody;+11
j  org.apache.cxf.binding.soap.SOAPBindingUtil.getSoapBody(Ljava/util/List;)Lorg/apache/cxf/binding/soap/wsdl/extensions/SoapBody;+38
j  org.apache.cxf.binding.soap.SoapBindingFactory.initializeMessage(Lorg/apache/cxf/binding/soap/model/SoapBindingInfo;Lorg/apache/cxf/service/model/BindingOperationInfo;Lorg/apache/cxf/service/model/BindingMessageInfo;)V+402
j  org.apache.cxf.binding.soap.SoapBindingFactory.initializeBindingOperation(Lorg/apache/cxf/binding/soap/model/SoapBindingInfo;Lorg/apache/cxf/service/model/BindingOperationInfo;)V+88
j  org.apache.cxf.binding.soap.SoapBindingFactory.createBindingInfo(Lorg/apache/cxf/service/model/ServiceInfo;Ljavax/wsdl/Binding;Ljava/lang/String;)Lorg/apache/cxf/service/model/BindingInfo;+104
j  org.apache.cxf.wsdl11.WSDLServiceBuilder.buildBinding(Lorg/apache/cxf/service/model/ServiceInfo;Ljavax/wsdl/Binding;)Lorg/apache/cxf/service/model/BindingInfo;+57
j  org.apache.cxf.wsdl11.WSDLServiceBuilder.buildServices(Ljavax/wsdl/Definition;Ljavax/wsdl/Service;Ljavax/xml/namespace/QName;Lorg/apache/cxf/service/model/DescriptionInfo;)Ljava/util/List;+676
j  org.apache.cxf.wsdl11.WSDLServiceBuilder.buildServices(Ljavax/wsdl/Definition;Ljavax/xml/namespace/QName;Ljavax/xml/namespace/QName;Lorg/apache/cxf/service/model/DescriptionInfo;)Ljava/util/List;+77
j  org.apache.cxf.wsdl11.WSDLServiceBuilder.buildServices(Ljavax/wsdl/Definition;)Ljava/util/List;+134
j  org.apache.cxf.wsdl11.WSDLServiceFactory.create()Lorg/apache/cxf/service/Service;+40
j  org.apache.cxf.endpoint.dynamic.DynamicClientFactory.createClient(Ljava/lang/String;Ljavax/xml/namespace/QName;Ljava/lang/ClassLoader;Ljavax/xml/namespace/QName;Ljava/util/List;)Lorg/apache/cxf/endpoint/Client;+108
j  org.apache.cxf.endpoint.dynamic.DynamicClientFactory.createClient(Ljava/lang/String;Ljavax/xml/namespace/QName;Ljava/lang/ClassLoader;Ljavax/xml/namespace/QName;)Lorg/apache/cxf/endpoint/Client;+7
j  org.apache.cxf.endpoint.dynamic.DynamicClientFactory.createClient(Ljava/lang/String;Ljavax/xml/namespace/QName;Ljavax/xml/namespace/QName;)Lorg/apache/cxf/endpoint/Client;+5
j  org.apache.cxf.endpoint.dynamic.DynamicClientFactory.createClient(Ljava/lang/String;)Lorg/apache/cxf/endpoint/Client;+10
j  com.ep.messageservice.net.ServerVisit.visitWebService(Ljava/lang/String;Ljava/lang/String;[Ljava/lang/Object;)Ljava/lang/String;+6
j  com.ep.messageservice.timertask.CircleMessageTask$CircleMessage.run()V+763
j  java.util.concurrent.ThreadPoolExecutor$Worker.runTask(Ljava/lang/Runnable;)V+59
j  java.util.concurrent.ThreadPoolExecutor$Worker.run()V+28
j  java.lang.Thread.run()V+11
v  ~StubRoutines::call_stub

---------------  P R O C E S S  ---------------

Java Threads: ( => current thread )
  0x0000000009a90800 JavaThread "RMI TCP Connection(12)-192.168.0.36" daemon [_thread_blocked, id=7516, stack(0x000000000c770000,0x000000000c870000)]
  0x000000000e92c800 JavaThread "Thread-15" daemon [_thread_blocked, id=7456, stack(0x000000000ec10000,0x000000000ed10000)]
  0x0000000009a94000 JavaThread "RMI TCP Connection(idle)" daemon [_thread_blocked, id=8044, stack(0x000000000eb10000,0x000000000ec10000)]
  0x000000000e938800 JavaThread "*** Profiler Agent Special Execution Thread 3" daemon [_thread_blocked, id=7720, stack(0x0000000010410000,0x0000000010510000)]
  0x000000000e7ad000 JavaThread "*** Profiler Agent Special Execution Thread 6" daemon [_thread_blocked, id=1280, stack(0x00000000100e0000,0x00000000101e0000)]
  0x000000000e7ac000 JavaThread "*** JFluid Monitor thread ***" daemon [_thread_blocked, id=7120, stack(0x000000000ffe0000,0x00000000100e0000)]
  0x0000000009a98000 JavaThread "*** Profiler Agent Communication Thread" daemon [_thread_in_native, id=5496, stack(0x000000000ee10000,0x000000000ef10000)]
  0x0000000009a97800 JavaThread "RMI TCP Connection(idle)" daemon [_thread_blocked, id=4752, stack(0x00000000091b0000,0x00000000092b0000)]
  0x0000000009a96000 JavaThread "RMI TCP Connection(idle)" daemon [_thread_blocked, id=7016, stack(0x000000000ca70000,0x000000000cb70000)]
  0x0000000009a95800 JavaThread "JMX server connection timeout 33" daemon [_thread_blocked, id=4796, stack(0x000000000c970000,0x000000000ca70000)]
  0x0000000009a94800 JavaThread "RMI Scheduler(0)" daemon [_thread_blocked, id=3552, stack(0x000000000c870000,0x000000000c970000)]
  0x0000000009a92800 JavaThread "RMI TCP Accept-0" daemon [_thread_blocked, id=7712, stack(0x000000000c670000,0x000000000c770000)]
  0x0000000009a8f800 JavaThread "pref10" daemon [_thread_blocked, id=7376, stack(0x000000000c470000,0x000000000c570000)]
  0x0000000009a8f000 JavaThread "pref9" daemon [_thread_blocked, id=6388, stack(0x000000000c370000,0x000000000c470000)]
=>0x0000000009a8e000 JavaThread "pref8" daemon [_thread_in_vm, id=2256, stack(0x000000000c270000,0x000000000c370000)]
  0x0000000009a8d800 JavaThread "pref7" daemon [_thread_blocked, id=5408, stack(0x000000000c170000,0x000000000c270000)]
  0x0000000009a8c800 JavaThread "pref6" daemon [_thread_blocked, id=5492, stack(0x000000000c070000,0x000000000c170000)]
  0x0000000009a8c000 JavaThread "pref5" daemon [_thread_blocked, id=8088, stack(0x000000000bf70000,0x000000000c070000)]
  0x0000000009a8b000 JavaThread "pref4" daemon [_thread_blocked, id=1792, stack(0x000000000be70000,0x000000000bf70000)]
  0x0000000009a8a800 JavaThread "pref3" daemon [_thread_blocked, id=5328, stack(0x000000000bd70000,0x000000000be70000)]
  0x0000000008bbf800 JavaThread "pref2" daemon [_thread_blocked, id=7088, stack(0x000000000bc70000,0x000000000bd70000)]
  0x000000000818e000 JavaThread "pool-3-thread-1" [_thread_blocked, id=6880, stack(0x000000000bb70000,0x000000000bc70000)]
  0x0000000008c6a800 JavaThread "Timer-2" [_thread_blocked, id=4936, stack(0x000000000ba70000,0x000000000bb70000)]
  0x000000000a5c7800 JavaThread "pool-2-thread-1" [_thread_blocked, id=6752, stack(0x000000000b970000,0x000000000ba70000)]
  0x000000000aa08800 JavaThread "pref1" daemon [_thread_blocked, id=6284, stack(0x000000000b7a0000,0x000000000b8a0000)]
  0x000000000855a800 JavaThread "Timer-1" [_thread_blocked, id=6236, stack(0x000000000a280000,0x000000000a380000)]
  0x0000000007988000 JavaThread "GC Daemon" daemon [_thread_blocked, id=7932, stack(0x0000000008d70000,0x0000000008e70000)]
  0x0000000007b34000 JavaThread "Timer-0" daemon [_thread_blocked, id=7076, stack(0x0000000008c70000,0x0000000008d70000)]
  0x000000000676f800 JavaThread "580487944@qtp-860080307-1 - Acceptor0 SocketConnector@0.0.0.0:8004" [_thread_in_native, id=5956, stack(0x00000000073a0000,0x00000000074a0000)]
  0x0000000006eaa800 JavaThread "447267976@qtp-860080307-0" [_thread_blocked, id=7180, stack(0x00000000072a0000,0x00000000073a0000)]
  0x0000000006609800 JavaThread "Low Memory Detector" daemon [_thread_blocked, id=6216, stack(0x0000000006ca0000,0x0000000006da0000)]
  0x0000000006606000 JavaThread "C2 CompilerThread1" daemon [_thread_blocked, id=1236, stack(0x0000000006ba0000,0x0000000006ca0000)]
  0x0000000006601000 JavaThread "C2 CompilerThread0" daemon [_thread_blocked, id=7240, stack(0x0000000006aa0000,0x0000000006ba0000)]
  0x00000000065b7800 JavaThread "Attach Listener" daemon [_thread_blocked, id=7940, stack(0x00000000069a0000,0x0000000006aa0000)]
  0x00000000065b6800 JavaThread "Signal Dispatcher" daemon [_thread_blocked, id=5840, stack(0x00000000068a0000,0x00000000069a0000)]
  0x00000000065a5800 JavaThread "Finalizer" daemon [_thread_blocked, id=5264, stack(0x00000000067a0000,0x00000000068a0000)]
  0x000000000052a800 JavaThread "Reference Handler" daemon [_thread_blocked, id=7748, stack(0x00000000064a0000,0x00000000065a0000)]
  0x000000000024c800 JavaThread "main" [_thread_in_native, id=5692, stack(0x0000000002430000,0x0000000002530000)]

Other Threads:
  0x0000000000525000 VMThread [stack: 0x00000000063a0000,0x00000000064a0000] [id=6332]
  0x0000000006628000 WatcherThread [stack: 0x0000000006da0000,0x0000000006ea0000] [id=6196]

VM state:not at safepoint (normal execution)

VM Mutex/Monitor currently owned by a thread: None

Heap
 PSYoungGen      total 444928K, used 1192K [0x00000000e0ab0000, 0x00000000fbd70000, 0x0000000100000000)
  eden space 444800K, 0% used [0x00000000e0ab0000,0x00000000e0bda150,0x00000000fbd10000)
  from space 128K, 0% used [0x00000000fbd50000,0x00000000fbd50000,0x00000000fbd70000)
  to   space 192K, 0% used [0x00000000fbd10000,0x00000000fbd10000,0x00000000fbd40000)
 PSOldGen        total 1026752K, used 152546K [0x00000000a2000000, 0x00000000e0ab0000, 0x00000000e0ab0000)
  object space 1026752K, 14% used [0x00000000a2000000,0x00000000ab4f8830,0x00000000e0ab0000)
 PSPermGen       total 83968K, used 83967K [0x000000009ce00000, 0x00000000a2000000, 0x00000000a2000000)
  object space 83968K, 99% used [0x000000009ce00000,0x00000000a1fffc60,0x00000000a2000000)

Code Cache  [0x0000000002530000, 0x0000000003030000, 0x0000000005530000)
 total_blobs=2486 nmethods=2139 adapters=300 free_code_cache=40387648 largest_free_block=1446656

Dynamic libraries:
0x0000000000400000 - 0x000000000042f000 	C:\Program Files\Java\jdk1.6.0_33\bin\javaw.exe
0x00000000776d0000 - 0x0000000077879000 	C:\Windows\SYSTEM32\ntdll.dll
0x0000000077470000 - 0x000000007758f000 	C:\Windows\system32\kernel32.dll
0x000007fefdb50000 - 0x000007fefdbbb000 	C:\Windows\system32\KERNELBASE.dll
0x000007fefe0b0000 - 0x000007fefe18b000 	C:\Windows\system32\ADVAPI32.dll
0x000007feff440000 - 0x000007feff4df000 	C:\Windows\system32\msvcrt.dll
0x000007feff9c0000 - 0x000007feff9df000 	C:\Windows\SYSTEM32\sechost.dll
0x000007fefde70000 - 0x000007fefdf9d000 	C:\Windows\system32\RPCRT4.dll
0x0000000077370000 - 0x000000007746a000 	C:\Windows\system32\USER32.dll
0x000007feff0c0000 - 0x000007feff127000 	C:\Windows\system32\GDI32.dll
0x000007feff5e0000 - 0x000007feff5ee000 	C:\Windows\system32\LPK.dll
0x000007feff350000 - 0x000007feff419000 	C:\Windows\system32\USP10.dll
0x000007fefdd70000 - 0x000007fefdd9e000 	C:\Windows\system32\IMM32.DLL
0x000007fefdfa0000 - 0x000007fefe0a9000 	C:\Windows\system32\MSCTF.dll
0x000007fefd8c0000 - 0x000007fefd900000 	C:\Windows\system32\nvinitx.dll
0x000000000f000000 - 0x000000000f006000 	C:\Program Files\NVIDIA Corporation\CoProcManager\_etoured.dll
0x000007fefa470000 - 0x000007fefa4c6000 	C:\Program Files\NVIDIA Corporation\CoProcManager\nvd3d9wrapx.dll
0x000007feff7e0000 - 0x000007feff9b7000 	C:\Windows\system32\SETUPAPI.dll
0x000007fefdaa0000 - 0x000007fefdad6000 	C:\Windows\system32\CFGMGR32.dll
0x000007feff670000 - 0x000007feff747000 	C:\Windows\system32\OLEAUT32.dll
0x000007feff130000 - 0x000007feff333000 	C:\Windows\system32\ole32.dll
0x000007fefdb20000 - 0x000007fefdb3a000 	C:\Windows\system32\DEVOBJ.dll
0x000007fefa430000 - 0x000007fefa46d000 	C:\Program Files\NVIDIA Corporation\CoProcManager\nvdxgiwrapx.dll
0x000000006d8b0000 - 0x000000006e068000 	C:\Program Files\Java\jdk1.6.0_33\jre\bin\server\jvm.dll
0x000007fefdd30000 - 0x000007fefdd6b000 	C:\Windows\system32\WINMM.dll
0x000000006d820000 - 0x000000006d82e000 	C:\Program Files\Java\jdk1.6.0_33\jre\bin\verify.dll
0x000000006d450000 - 0x000000006d477000 	C:\Program Files\Java\jdk1.6.0_33\jre\bin\java.dll
0x000000006d870000 - 0x000000006d882000 	C:\Program Files\Java\jdk1.6.0_33\jre\bin\zip.dll
0x000000006d6b0000 - 0x000000006d6c7000 	C:\Program Files\Java\jdk1.6.0_33\jre\bin\net.dll
0x000007fefdda0000 - 0x000007fefdded000 	C:\Windows\system32\WS2_32.dll
0x000007feff340000 - 0x000007feff348000 	C:\Windows\system32\NSI.dll
0x000007fefd0f0000 - 0x000007fefd145000 	C:\Windows\system32\mswsock.dll
0x000007fefd0e0000 - 0x000007fefd0e7000 	C:\Windows\System32\wship6.dll
0x000007fefca80000 - 0x000007fefca87000 	C:\Windows\System32\wshtcpip.dll
0x000007fefd150000 - 0x000007fefd167000 	C:\Windows\system32\CRYPTSP.dll
0x000007fefce50000 - 0x000007fefce97000 	C:\Windows\system32\rsaenh.dll
0x000007fefcbc0000 - 0x000007fefcbde000 	C:\Windows\system32\USERENV.dll
0x000007fefd900000 - 0x000007fefd90f000 	C:\Windows\system32\profapi.dll
0x000007fefd7b0000 - 0x000007fefd7bf000 	C:\Windows\system32\CRYPTBASE.dll
0x000007fefb940000 - 0x000007fefb955000 	C:\Windows\system32\NLAapi.dll
0x000007fefb210000 - 0x000007fefb225000 	C:\Windows\system32\napinsp.dll
0x000007fefb1f0000 - 0x000007fefb209000 	C:\Windows\system32\pnrpnsp.dll
0x000007fefcf70000 - 0x000007fefcfcb000 	C:\Windows\system32\DNSAPI.dll
0x000007fefb500000 - 0x000007fefb50b000 	C:\Windows\System32\winrnr.dll
0x000007fefb370000 - 0x000007fefb380000 	C:\Windows\system32\wshbth.dll
0x000007fef32b0000 - 0x000007fef32df000 	C:\Program Files\Common Files\Microsoft Shared\Windows Live\WLIDNSP.DLL
0x0000000077890000 - 0x0000000077897000 	C:\Windows\system32\PSAPI.DLL
0x000007feff5f0000 - 0x000007feff661000 	C:\Windows\system32\SHLWAPI.dll
0x000007fefb7b0000 - 0x000007fefb7d7000 	C:\Windows\system32\IPHLPAPI.DLL
0x000007fefb7a0000 - 0x000007fefb7ab000 	C:\Windows\system32\WINNSI.DLL
0x000007fef2e40000 - 0x000007fef2e48000 	C:\Windows\system32\rasadhlp.dll
0x000007fefb5a0000 - 0x000007fefb5f3000 	C:\Windows\System32\fwpuclnt.dll
0x000000006d400000 - 0x000000006d420000 	C:\Program Files\Java\jdk1.6.0_33\jre\bin\instrument.dll
0x000000006d5f0000 - 0x000000006d5fa000 	C:\Program Files\Java\jdk1.6.0_33\jre\bin\management.dll
0x000007fefb620000 - 0x000007fefb631000 	C:\Windows\system32\dhcpcsvc6.DLL
0x000007fefb600000 - 0x000007fefb618000 	C:\Windows\system32\dhcpcsvc.DLL
0x000000006d750000 - 0x000000006d756000 	C:\Program Files\Java\jdk1.6.0_33\jre\bin\rmi.dll
0x000000006f5b0000 - 0x000000006f5bc000 	C:\Program Files\Java\jdk1.7.0_17\lib\visualvm\profiler\lib\deployed\jdk16\windows-amd64\profilerinterface.dll
0x000000006d6d0000 - 0x000000006d6db000 	C:\Program Files\Java\jdk1.6.0_33\jre\bin\nio.dll
0x000007feeb820000 - 0x000007feeb945000 	C:\Windows\system32\dbghelp.dll

VM Arguments:
jvm_args: -Dfile.encoding=UTF-8 -Xbootclasspath:C:\Program Files\Java\jdk1.6.0_33\jre\lib\resources.jar;C:\Program Files\Java\jdk1.6.0_33\jre\lib\rt.jar;C:\Program Files\Java\jdk1.6.0_33\jre\lib\jsse.jar;C:\Program Files\Java\jdk1.6.0_33\jre\lib\jce.jar;C:\Program Files\Java\jdk1.6.0_33\jre\lib\charsets.jar;C:\Program Files\Java\jdk1.6.0_33\lib\tools.jar 
java_command: com.message.CityMessageService
Launcher Type: SUN_STANDARD

Environment Variables:
JAVA_HOME=C:\Program Files\Java\jdk1.7.0_17
PATH=C:\Program Files (x86)\Borland\Delphi7\Bin;C:\Program Files (x86)\Borland\Delphi7\Projects\Bpl\;C:\Program Files\Common Files\Microsoft Shared\Windows Live;C:\Program Files (x86)\Common Files\Microsoft Shared\Windows Live;C:\Program Files (x86)\Common Files\NetSarang;D:\oracle\product\11.2.0\dbserver\bin;C:\Program Files (x86)\Intel\iCLS Client\;C:\Program Files\Intel\iCLS Client\;C:\Windows\system32;C:\Windows;C:\Windows\System32\Wbem;C:\Windows\System32\WindowsPowerShell\v1.0\;C:\Program Files (x86)\Windows Live\Shared;C:\Program Files\MySQL\MySQL Server 5.5\bin;C:\Program Files\TortoiseSVN\bin;C:\Program Files (x86)\Subversion\bin;C:\Program Files (x86)\Common Files\Acronis\SnapAPI\;C:\Program Files\MySQL\MySQL Server 5.1\bin;C:\strawberry\c\bin;C:\strawberry\perl\bin;C:\apache-maven-3.0.4\bin;C:\Program Files (x86)\Microsoft SQL Server\100\Tools\Binn\;C:\Program Files\Microsoft SQL Server\100\Tools\Binn\;C:\Program Files\Microsoft SQL Server\100\DTS\Binn\;C:\Program Files (x86)\Intel\OpenCL SDK\2.0\bin\x86;C:\Program Files (x86)\Intel\OpenCL SDK\2.0\bin\x64;C:\Program Files\Intel\WiFi\bin\;C:\Program Files\Common Files\Intel\WirelessCommon\;C:\apache-ant-1.8.4\bin;C:\Program Files\Java\jdk1.6.0_33\bin;C:\Program Files\TortoiseGit\bin;C:\Program Files\Intel\WiFi\bin\;C:\Program Files\Common Files\Intel\WirelessCommon\;C:\Program Files\Java\jdk1.7.0_17\bin;C:\Program Files (x86)\IDM Computer Solutions\UltraEdit\
USERNAME=CHENLEI
OS=Windows_NT
PROCESSOR_IDENTIFIER=Intel64 Family 6 Model 58 Stepping 9, GenuineIntel



---------------  S Y S T E M  ---------------

OS: Windows 7 , 64 bit Build 7601 Service Pack 1

CPU:total 4 (2 cores per cpu, 2 threads per core) family 6 model 58 stepping 9, cmov, cx8, fxsr, mmx, sse, sse2, sse3, ssse3, sse4.1, sse4.2, popcnt, ht

Memory: 4k page, physical 6157660k(1405064k free), swap 12313456k(5952164k free)

vm_info: Java HotSpot(TM) 64-Bit Server VM (20.8-b03) for windows-amd64 JRE (1.6.0_33-b05), built on Jun 28 2012 18:45:32 by "java_re" with MS VC++ 8.0 (VS2005)

time: Wed Dec 04 09:59:15 2013
elapsed time: 576 seconds

